Legend arrived.
Legend departed
guest-41938 arrived.
guest-41938 departed
Hippo arrived.
Hippo departed
jj arrived.
jj departed
rapidfire arrived.
rapidfire departed
guest-42032 arrived.
Duhmize arrived.
Duhmize departed
guest-42033 arrived.
guest-42033 departed
guest-42036 arrived.
guest-42036 departed
ChrisBachelor23 arrived.
guest-42032 departed
ChrisBachelor23 departed
Legend arrived.
Legend: is there literally
Legend: nobody in here
Legend: but meklin
Legend departed
pre arrived.
pre is cam up
MeKLiN: lol
pre cam down.
pre is cam up
yrrah:thebeach
yrrah arrived.
yrrah departed
pre cam down.
pre is cam up
fyrebawl arrived.
fyrebawl departed
LouisCK:headmoderator
LouisCK arrived.
LouisCK departed
pre cam down.
sasha:sashafloyd
sasha arrived.
pre departed
guest-42251 arrived.
guest-42251 is cam up
justwanking:smiggles
justwanking arrived.
guest-42251 departed
guest-42251 cam down.
Legend arrived.
justwanking departed
Legend: sasha sasha
Legend: https://8kun.top/pnd/res/303165.html do u think this will get the feds at my house
Legend: do i need to get coffee to offer them
WEENIE:weenie
WEENIE arrived.
WEENIE: you think you're so cool sasha...
WEENIE: doxxing me...
WEENIE: threatening to kill me...
WEENIE: threatening to... kill... momo....
MeKLiN: im going to kill everyone
sasha: paranoia chat
MeKLiN: through the internet
sasha: why did mittens just PM me 'lol' then leave
WEENIE: well while you were vaping i've been training in parkour
WEENIE: you cannot escape me in any terrain!
WEENIE: SASHA!~!!
sasha: LOL
MeKLiN: dab
MeKLiN: bong
MeKLiN: weed
WEENIE: *unsheathes KATANA*
MeKLiN: script
MeKLiN: ignoreadd
WEENIE: dabs are not higher heat than bong rips or pipe hits lol
sasha: you cannot penetrate my chainmail... it's finely woven ethernet cables
MeKLiN: lisen here, bong smoker
WEENIE: i can penetrate anything i want sasha don't get me fucking startged
WEENIE: REEEEEEEE
Legend: finely woven ethernet cables
sasha: *holds up a pepe frog*
sasha: would you hurt this frog?
WEENIE: *disarms you*
WEENIE: *BUTTFUCKS YOU*
WEENIE: GET BUTTFUCKED
WEENIE: ! 
WEENIE: FUCK WHY IS UR BUTT SO DRY THE SKIN IS GETTING RIPPED OFF MY CAAAAAAAAAAAAAAAAAAAAAAAAAAACK
Legend: cant believe sasha found my old cache of info on weeniebuttjr
Legend: dannymagick
sasha: weenie is in the desert licking psychoactive frogs hallucinating this whole thing
sasha: sad
WEENIE: legend that was the dorkiest shit i've ever heard i literally post my own instagram and play LoL with other people here
WEENIE: and the info that was archived against me in the past was by samejeff, explicitly leaked by appleton after someone sent me monies on paypal then told appleton the info
PalePeanuts arrived.
Legend: i have eaten an entire watermelon in the past three days
WEENIE: in conclusion you are trying to chase clout for an ancient doxx that u had nothing to do with
Legend: no, im trying to chase sasha
WEENIE: furthermore, you are doomed to be forever maidenless
Legend: now if you'll excuse me, im going to continue reading manga
MeKLiN: stop harassing in the safe zone
WEENIE: sasha is my girlfriend now and there's nothing you can do to stop it
MeKLiN: !nick SAFEZONE
WEENIE: i just found out, myself
Legend: well, then finally you can continue the floydie avi series
WEENIE: and you can go back to sniffing ur sisters panties
WEENIE: retard
PalePeanuts: hey
WEENIE is cam up
Legend: palepeanuts
Legend: is this a sexual inneundo
WEENIE: palepeanuts this room is VIP only get OUT
PalePeanuts: its not
PalePeanuts: oh.. i see
PalePeanuts departed
sasha: on god
edoZ:edos9
edoZ arrived.
edoZ departed
WEENIE: on sight nigga
WEENIE: pull up!!
Legend departed
WEENIE: you think you can't catch these hands???
MeKLiN: lmao
MeKLiN: maori is a mod here
WEENIE: blacks have tails when they're born
MeKLiN: lol
MeKLiN: u guys just missed goufsoup
edoZ:edos9
edoZ arrived.
edoZ departed
birdman73 arrived.
birdman73 departed
MeKLiN: pop goes the nig skull
guest-42407 arrived.
guest-42407 is cam up
guest-42407 departed
guest-42407 cam down.
sasha departed
birdman73 arrived.
birdman73 departed
mellobab arrived.
mellobab departed
WEENIE departed
WEENIE cam down.
WEENIE:weenie
WEENIE arrived.
WEENIE departed
lost arrived.
lost departed
guest-42493 arrived.
guest-42493 departed
silver_muted arrived.
MeKLiN: bwahahaha
gary:trololololol
gary arrived.
gary departed
mimi10000 arrived.
mimi10000 departed
martial_has_monkeypox:oatmealol2
martial_has_monkeypox arrived.
martial_has_monkeypox departed
Hippo arrived.
Hippo departed
guest-42562 arrived.
guest-42562 departed
BLAZEY:blazzzzey
BLAZEY arrived.
silver_muted departed
BLAZEY departed
skyemuted:bitch
skyemuted arrived.
muted arrived.
muted departed
skyemuted departed
guest-42642 arrived.
guest-42642 departed
WEENIE:weenie
WEENIE arrived.
WEENIE departed
LouisCK:headmoderator
LouisCK arrived.
LouisCK departed
Slitty_Muted:porterpotty
Slitty_Muted arrived.
Slitty_Muted departed
CosmicRyder:cosmicryder
CosmicRyder arrived.
guest-42746 arrived.
guest-42746 departed
CosmicRyder departed
yrrah:thebeach
yrrah arrived.
yrrah departed
wutang:jaywalk
wutang arrived.
wutang departed
guest-42833 arrived.
guest-42833 departed
guest-42885 arrived.
guest-42885 departed
MeKLiN: !nick HALLOWEDGROUNDS
WEENIE:weenie
WEENIE arrived.
WEENIE departed
guest-42944 arrived.
guest-42944 departed
justwanking:smiggles
justwanking arrived.
justwanking departed
guest-42963 arrived.
martial_has_monkeypox:oatmealol2
martial_has_monkeypox arrived.
martial_has_monkeypox departed
guest-42963 departed
guest-42999 arrived.
guest-42999 is cam up
guest-42999 cam down.
guest-42999 departed
Ger:figarooo
Ger arrived.
Ger: Fuck you Meklin
Ger: I'm gonna kick your ass
Ger: Skinny little bitch
Ger: I'll break your glasses
Ger: You live in a shed
Ger departed
skyemuted:bitch
skyemuted arrived.
skyemuted departed
guest-43071 arrived.
guest-43071 departed
Pigger arrived.
Pigger departed
MeKLiN: !noguest7 
gary:trololololol
gary arrived.
gary departed
day:letmeseesome
day arrived.
day departed
jason:blazzzzey
jason arrived.
jason departed
silver_muted arrived.
silver_muted is cam up
silver_muted: hola
MeKLiN: hi
jason:blazzzzey
jason arrived.
jason departed
silver_muted: icant waith to evict ppl
silver_muted: lmao
MeKLiN: dont say that word
MeKLiN: they can use it too
silver_muted: ah shit
silver_muted: im sorry
MeKLiN: i can change it if they figure it out
silver_muted: okie
MeKLiN: u should only need to do it if someone is masturbating
silver_muted: sure
silver_muted: and niggers?
MeKLiN: yes
silver_muted: ok
MeKLiN: i am having so much fun
silver_muted: lol
silver_muted: how fun
MeKLiN: for more hours thani can count
guest-43247 arrived.
guest-43247 departed
MeKLiN: they all seem to have given up on me
guest-43262 arrived.
silver_muted: lol
silver_muted: its sunday and im still working
guest-43262 departed
silver_muted: my ass off
MeKLiN: but now i can make a real windows product
silver_muted: thats cool tho
MeKLiN: it will be like windows xp
silver_muted: how long have you work on it
MeKLiN: um this one for 5 or 8 hours
MeKLiN: but its the same thing over and over every day
MeKLiN: if i make one mistake i have to redo it
MeKLiN: i usually dont
MeKLiN: make mistake
MeKLiN: just try experiement that fail
MeKLiN: i could be in game now
MeKLiN: i had it so perfect last night
MeKLiN: then i decide to delete internet
MeKLiN: i think i sved it
MeKLiN: i can reburn that windows to a dvd
MeKLiN: so but its all the same things i do usually
MeKLiN: but sometimes, its tings i never do
MeKLiN: and experiment succeed
MeKLiN: and i lose that succeed if i do  a new windows
MeKLiN: so .. sometimes messing up is good
MeKLiN: cuz i relearn it again and again
guest-43304 arrived.
guest-43304 is cam up
MeKLiN: nice rubbermaid boxes
guest-43304 departed
guest-43304 cam down.
silver_muted: true
MeKLiN: on the other side of his camera was a cage of dead women
silver_muted: lol
silver_muted: wtf
MeKLiN: script
MeKLiN: ignoreadd
please don't spam/flood the chat
bermingxx:bermingxx
bermingxx arrived.
haslegend arrived.
haslegend departed
CW2027 arrived.
CW2027 is cam up
kilmenow arrived.
kilmenow departed
guest-43333 arrived.
bermingxx is cam up
ChanServ: closed bermingxx
bermingxx cam down.
ChanServ: bermingxx is being abused by mods
ChanServ kicked bermingxx
bermingxx departed
CW2027 departed
CW2027 cam down.
guest-43333 departed
gary:trololololol
gary arrived.
gary is cam up
guest-43341 arrived.
guest-43341 departed
gary cam down.
gary departed
MeKLiN: lool
MeKLiN: also it dont work good on anyone with guest- or
MeKLiN: if they have hyphen or underscore - _
bermingxx:bermingxx
bermingxx arrived.
bermingxx is cam up
ChanServ: closed bermingxx
bermingxx cam down.
ChanServ: bermingxx is being abused by mods
ChanServ kicked bermingxx
bermingxx departed
MeKLiN: that masturbator is really tryingot to cam up
MeKLiN: the bot remembers so i dont have to
Nina arrived.
Nina departed
guest-43383 arrived.
gary:trololololol
gary arrived.
gary departed
guest-43383 departed
easya arrived.
easya departed
Jedipiff420 arrived.
Jedipiff420 departed
easya arrived.
guest-43454 arrived.
guest-43454 departed
easya departed
easya arrived.
guest-43464 arrived.
willlllll000 arrived.
willlllll000 departed
guest-43464 departed
easya departed
traystm:traystm
traystm arrived.
traystm: Wats gud yall
traystm departed
guest-43502 arrived.
guest-43502 is cam up
AQUILA arrived.
AQUILA departed
admin: closed guest-43502
guest-43502 cam down.
guest-43502 departed
guest-43513 arrived.
guest-43514 arrived.
guest-43513 is cam up
guest-43514 departed
ChanServ: Account: alexxh713 was trying to get our room closed by the tinychat admins!
ChanServ: closed guest-43513
guest-43513 cam down.
guest-43513 departed
guest-43530:alexxh713
guest-43530 arrived.
guest-43530 is cam up
dbunny3:dbunny3
dbunny3 arrived.
dbunny3 departed
gary:trololololol
gary arrived.
gary departed
guest-43530 departed
guest-43530 cam down.
guest-43571:alexxh713
guest-43571 arrived.
guest-43572 arrived.
guest-43572:1101949 Changed nick to: THEPARTYZONE323
THEPARTYZONE323 is cam up
guest-43571 departed
THEPARTYZONE323: EDC Las Vegas '22 LIVE STREAM
THEPARTYZONE323: TIESTO ON RIGHT NOW
easya arrived.
guest-43579 arrived.
THEPARTYZONE323 departed
THEPARTYZONE323 cam down.
guest-43579 departed
easya is cam up
easya cam down.
day:letmeseesome
day arrived.
day: O.O i find moive
day: i am about to watch
day: i hope it would be good moive
day: Bicentennial Man
day: 1999 i think
roo arrived.
roo departed
day: silver your cam is super laggy
easya is cam up
day: lol
ChanServ: Account: roo was trying to get our room closed by the tinychat admins!
day: silver this dude is jerking
day: to you
easya cam down.
ChanServ: Account: easya was trying to get our room closed by the tinychat admins!
day: this moron try to   get ride on this room
day: fucking loser
easya departed
day: online loser
MeKLiN: u can do it too
MeKLiN: u have to know the secret comand
MeKLiN: to whisper chanserv
MeKLiN: its !evict
day: what would this cammad do
MeKLiN: it wont work underscore or hypens - _
MeKLiN: its camban
MeKLiN: but if ur here, and need it, dont type in main chat
MeKLiN: anyone can use it
MeKLiN: watch
MeKLiN: !evict jim123
ChanServ: Call the shot.
MeKLiN: !evict jim123
ChanServ: Call the shot.
MeKLiN: it is to remove cameras
MeKLiN: u can whisper chanserv that very command i typed
MeKLiN: but not in main chat box
MeKLiN: or someone bad will see it and try to use it
day: like if i      dm to bot
day: n user name
MeKLiN: yep if for some reason u have to usei t
day: like if i see nude cam
day: i will do this
day: but give me full cammand in dm
guest-43634:alexxh713
guest-43634 arrived.
guest-43634 departed
easya:easya
easya arrived.
MeKLiN: that is all there is for guests
MeKLiN: try it
MeKLiN: !acc camban asdf123
MeKLiN: i have other levels
MeKLiN: i cant explain now
day: okay
day: let me try on guest
day: can i try this cammnad here
day: or in dm to bot
day: ?
ChanServ: closed guest
guest cam down.
ChanServ: the secret police have taken away guest
day: yes it work
day: sorry
day: :)
day: it work in dm
day: now i understand
MeKLiN: bitch
day: i dm to bot
day: n it work
ChanServ: guest's was dropped off by a black van.
easya departed
MeKLiN: good i didnt see u type it
MeKLiN: see it is on/off
MeKLiN: i turned it back
day: i typed it in dm
MeKLiN: for e
MeKLiN: me
MeKLiN: thatsm e
guest is cam up
guest cam down.
guest is cam up
GASMAN arrived.
GASMAN departed
day: i played moive of columba picuter
day: i hope it would be good
easya:easya
easya arrived.
day: easya i will gape you
resilience arrived.
resilience departed
day: mentaly
day: you know with super natural power i gonna shake your asshole
easya departed
day: if you again show something
day: lol
day: !clr 
MeKLiN: use my
MeKLiN: new
MeKLiN: its beautiful
MeKLiN: script
MeKLiN: ignoreadd
guest-43734 arrived.
guest-43734 departed
day: done
tism_the_hedgehog:tism
tism_the_hedgehog arrived.
day: now let me refresh
day departed
day:letmeseesome
day arrived.
sasha:sashafloyd
sasha arrived.
day: background trun into yellow
MeKLiN: yeah
sasha departed
MeKLiN: its yuellow so uc an find it
MeKLiN: and change it
MeKLiN: its gold
MeKLiN: gold red blue black white
MeKLiN: i dont know which i did where
MeKLiN: but u can find
day: let me try blue
MeKLiN: look for avatar
MeKLiN: avatar is where the nickname color is
MeKLiN: u haven o way to see who typing
MeKLiN: it took me hours just to ge the c font color
MeKLiN: im telling u
MeKLiN: it was hard
MeKLiN: but i did delete avatar
MeKLiN: look the way i do that
MeKLiN: thenu can font color white
MeKLiN: nickname
MeKLiN: right click inspcet area
MeKLiN: and find where it says peoples name so like, meklin
MeKLiN: or whatever
God:godlyneckbeard
God arrived.
God departed
MeKLiN: its my original work
MeKLiN: from years ago
tism_the_hedgehog departed
day: i am on cts
day: maybe i have to change to your script
day: i can't inspect on anyone name
day: maybe coz i use cts
day: let me swtich to your script
day departed
day:letmeseesome
day arrived.
day: yes
day: now it's more cool
silver_muted: i was working
silver_muted: taking a break now
day: ya i notice your eyes
day: O.O
day: i notice your brain fucations
day: silver
silver_muted: lol
silver_muted: yea
day: n you know i got litlte jelieous or wonder too
day: the way your brain work
silver_muted: i have to ger everything done by end of this one
silver_muted: why
day: coz i can't think smoooth as you
silver_muted: the end of this month
day: i have too much lagg n glitchs
day: in my brain
silver_muted: the meth
silver_muted: lol
day: when i see some normal person
day: i wish maybe i was smooth like them
silver_muted: i dont take any drugs right now
silver_muted: si it's super smooth
day: you understand feeelings
day: n what is happneing
silver_muted: yea
day: in my case i am into wired world
day: you saw rara
silver_muted: my self consious is high
day: when he talk about he is god
silver_muted: lol
silver_muted: yea
day: n when he was into world
day: i am in this place
MeKLiN: the ginkgo is making my brain
silver_muted: damn
MeKLiN: u can snort it
day: how i make fonts bigger
day: it's too small for me
MeKLiN: hh
easya:easya
easya arrived.
The_Fire_Rises:robot9000
The_Fire_Rises arrived.
MeKLiN: see where it says white
MeKLiN: font color white
The_Fire_Rises: meklin
silver_muted: my team are aweful
MeKLiN: i just add those 3 days ago
MeKLiN: ok
MeKLiN: so..
day: yes 2 white colors on top left
The_Fire_Rises: you hate martial right?
MeKLiN: u need to makie it say
silver_muted: like i have to review all of the assignments
silver_muted: and found so many mistakes
MeKLiN: font color white !important
MeKLiN: see how it says that
MeKLiN: but u can saeparete fontsize
MeKLiN: separate it with ;
MeKLiN: so font-color
silver_muted: gotta fire them soon. need to replace em with skillful workers
MeKLiN: whats it even say
SandeshSandyKudla arrived.
MeKLiN: font-sioze: 14px
MeKLiN: ok
silver_muted: and even i had my coffee
MeKLiN: font-size: 14px;font-color:white
MeKLiN: make it like that
silver_muted: im still sleepy
SandeshSandyKudla is cam up
SandeshSandyKudla: Hai
day departed
ChanServ: Call the shot.
day:letmeseesome
day arrived.
day: hi
SandeshSandyKudla cam down.
day: !important 
silver_muted: day
SandeshSandyKudla departed
silver_muted: shall i take more coffee
silver_muted departed
silver_muted cam down.
The_Fire_Rises: The_Fire_Rises1:47:04 AM
today at 6PM PST (west coast time) in robot9000 a group of people will be humiliating Martial. Currently Martial thinks its going to be an hour dedicated to humiliating Littlebunny and he is very excited about that
The_Fire_Rises1:47:14 AM
his whole dox has been posted as well as his families
The_Fire_Rises1:47:22 AM
if you want to partake in this, you should come by at that time
The_Fire_Rises: @meklin
The_Fire_Rises departed
easya departed
easya:easya
easya arrived.
easya departed
day departed
day:letmeseesome
day arrived.
day: O.O
day departed
day:letmeseesome
day arrived.
guest-43823 arrived.
guest-43823 is cam up
gary:trololololol
gary arrived.
gary departed
guest-43823 departed
guest-43823 cam down.
SupaStarr arrived.
SupaStarr is cam up
guest-43868 arrived.
Piffy781 arrived.
guest-43881 arrived.
guest-43881 departed
SupaStarr cam down.
guest-43868 departed
Piffy781 departed
SupaStarr is cam up
justwanking:smiggles
justwanking arrived.
admin: closed SupaStarr
SupaStarr cam down.
luv arrived.
easya:easya
easya arrived.
easya departed
justwanking departed
SupaStarr departed
SupaStarr arrived.
guest-43914:alexxh713
guest-43914 arrived.
guest-43914 departed
guest-43916 arrived.
guest-43916 departed
myusernameisprivate arrived.
myusernameisprivate departed
luv departed
SupaStarr departed
luv arrived.
luv departed
guest-43991:alexxh713
guest-43991 arrived.
guest-43991 departed
luv arrived.
luv departed
guest-44039 arrived.
guest-44039 is cam up
hamburger arrived.
hamburger is cam up
hamburger cam down.
hamburger is cam up
day departed
day:letmeseesome
day arrived.
day departed
luv arrived.
luv departed
2outOF10FaCe:cancers
2outOF10FaCe arrived.
2outOF10FaCe departed
fight_champ arrived.
guest-44072:alexxh713
guest-44072 arrived.
guest-44072 departed
fight_champ departed
sasha:sashafloyd
sasha arrived.
sasha departed
angora:angora
angora arrived.
angora departed
Iurinateonyourmomsface arrived.
Iurinateonyourmomsface departed
Iurinateonyourmomsface arrived.
Iurinateonyourmomsface is cam up
lokevu arrived.
guest-44129:alexxh713
guest-44129 arrived.
guest-44129 departed
lokevu departed
Iurinateonyourmomsface: https://jihadology.net/2022/05/03/new-video-message-from-al-qaidahs-shaykh-abu-yaḥya-al-libi-candles-of-light-10-a-call-for-revenge-for-the-martyr-of-islam/https://jihadology.net/2022/05/03/new-video-message-from-al-qaidahs-shaykh-abu-yaḥya-al-libi-candles-of-light-10-a-call-for-revenge-for-the-martyr-of-islam/https://jihadology.net/2022/05/03/new-video-message-from-al-qaidahs-shaykh-abu-yaḥya-al-libi-candles-of-light-10-a-call-for-revenge-for-the-martyr-of-islam/https://jihadology.net/2022/05/0
DoctorStrange arrived.
DoctorStrange is cam up
DoctorStrange cam down.
Iurinateonyourmomsface: https://jihadology.net/2022/05/03/new-video-message-from-al-qaidahs-shaykh-abu-yaḥya-al-libi-candles-of-light-10-a-call-for-revenge-for-the-martyr-of-islam/https://jihadology.net/2022/05/03/new-video-message-from-al-qaidahs-shaykh-abu-yaḥya-al-libi-candles-of-light-10-a-call-for-revenge-for-the-martyr-of-islam/https://jihadology.net/2022/05/03/new-video-message-from-al-qaidahs-shaykh-abu-yaḥya-al-libi-candles-of-light-10-a-call-for-revenge-for-the-martyr-of-islam/https://jihadology.net/2022/05/0
DoctorStrange is cam up
Iurinateonyourmomsface cam down.
Iurinateonyourmomsface is cam up
Iurinateonyourmomsface cam down.
Iurinateonyourmomsface is cam up
DoctorStrange cam down.
DoctorStrange departed
Iurinateonyourmomsface: https://jihadology.net/2022/05/03/new-video-message-from-al-qaidahs-shaykh-abu-yaḥya-al-libi-candles-of-light-10-a-call-for-revenge-for-the-martyr-of-islam/https://jihadology.net/2022/05/03/new-video-message-from-al-qaidahs-shaykh-abu-yaḥya-al-libi-candles-of-light-10-a-call-for-revenge-for-the-martyr-of-islam/https://jihadology.net/2022/05/03/new-video-message-from-al-qaidahs-shaykh-abu-yaḥya-al-libi-candles-of-light-10-a-call-for-revenge-for-the-martyr-of-islam/https://jihadology.net/2022/05/0
Iurinateonyourmomsface: https://jihadology.net/2022/05/03/new-video-message-from-al-qaidahs-shaykh-abu-yaḥya-al-libi-candles-of-light-10-a-call-for-revenge-for-the-martyr-of-islam/https://jihadology.net/2022/05/03/new-video-message-from-al-qaidahs-shaykh-abu-yaḥya-al-libi-candles-of-light-10-a-call-for-revenge-for-the-martyr-of-islam/https://jihadology.net/2022/05/03/new-video-message-from-al-qaidahs-shaykh-abu-yaḥya-al-libi-candles-of-light-10-a-call-for-revenge-for-the-martyr-of-islam/
Iurinateonyourmomsface: ZEBBY
ChanServ: username21 was eliminated
ChanServ banned Iurinateonyourmomsface
Iurinateonyourmomsface departed
Iurinateonyourmomsface cam down.
Iurinateonyourmomsface arrived.
Iurinateonyourmomsface: DONT LISTEN TO THEMDONT DISUCSS
Iurinateonyourmomsface: ONLY FOLLOW GODS LAWS
Iurinateonyourmomsface: NEVER DISUCSS WITH THEM
Iurinateonyourmomsface is cam up
Slitty_Muted:porterpotty
Slitty_Muted arrived.
Slitty_Muted departed
Iurinateonyourmomsface: https://jihadology.net/2022/05/03/new-video-message-from-al-qaidahs-shaykh-abu-yaḥya-al-libi-candles-of-light-10-a-call-for-revenge-for-the-martyr-of-islam/https://jihadology.net/2022/05/03/new-video-message-from-al-qaidahs-shaykh-abu-yaḥya-al-libi-candles-of-light-10-a-call-for-revenge-for-the-martyr-of-islam/https://jihadology.net/2022/05/03/new-video-message-from-al-qaidahs-shaykh-abu-yaḥya-al-libi-candles-of-light-10-a-call-for-revenge-for-the-martyr-of-islam/
Iurinateonyourmomsface: https://jihadology.net/2022/05/03/new-video-message-from-al-qaidahs-shaykh-abu-yaḥya-al-libi-candles-of-lighttps://jihadology.net/2022/05/03/new-video-message-from-al-qaidahs-shaykh-abu-yaḥya-al-libi-candles-of-light-10-a-call-for-revenge-for-the-martyr-of-islam/https://jihadology.net/2022/05/03/new-video-message-from-al-qaidahs-shaykh-abu-yaḥya-al-libi-candles-of-light-10-a-call-for-revenge-for-the-martyr-of-islam/ht-10-a-call-for-revenge-for-the-martyr-of-islam/
Iurinateonyourmomsface: https://jihadology.net/2022/05/03/new-video-message-from-al-qaidahs-shaykh-abu-yaḥya-al-libi-candles-of-light-10-a-call-for-revenge-for-the-martyr-of-islam/https://jihadology.net/2022/05/03/new-video-message-from-al-qaidahs-shaykh-abu-yaḥya-al-libi-candles-of-light-10-a-call-for-revenge-for-the-martyr-of-islam/https://jihadology.net/2022/05/03/new-video-message-from-al-qaidahs-shaykh-abu-yaḥya-al-libi-candles-of-light-10-a-call-for-revenge-for-the-martyr-of-islam/
Iurinateonyourmomsface: IM GETTING ALOOT OF POINTS
Iurinateonyourmomsface: https://jihadology.net/2022/05/03/new-video-message-from-al-qaidahs-shaykh-abu-yaḥya-al-libi-candles-of-light-10-a-call-for-revenge-for-the-martyr-of-islam/https://jihadology.net/2022/05/03/new-video-message-from-al-qaidahs-shaykh-abu-yaḥya-al-libi-candles-of-light-10-a-call-for-revenge-for-the-martyr-of-islam/https://jihadology.net/2022/05/03/new-video-message-from-al-qaidahs-shaykh-abu-yaḥya-al-libi-candles-of-light-10-a-call-for-revenge-for-the-martyr-of-islam/https://jihadology.net/2022/05/0
Iurinateonyourmomsface: NEver respect thesep eople and their lands
Iurinateonyourmomsface departed
Iurinateonyourmomsface cam down.
hamburger departed
hamburger cam down.
guest-44039 departed
guest-44039 cam down.
guest-44177 arrived.
guest-44177 departed
easya:easya
easya arrived.
easya departed
guest-44226:alexxh713
guest-44226 arrived.
guest-44226 departed
sasha:sashafloyd
sasha arrived.
sasha departed
guest cam down.
MeKLiN cam down.
Logged in as: terran
Client joined the room: Railgun_bot:1106330
Joins: MeKLiN:meklin
Joins moderator: ChanServ:raise
MeKLiN is cam up
guest:oorgle
guest arrived.
guest is cam up
street arrived.
street departed
1:faceheightframe5
1 arrived.
goiga arrived.
goiga departed
goiga arrived.
goiga departed
Twizzy arrived.
Twizzy is cam up
Twizzy departed
Twizzy cam down.
wavellite arrived.
wavellite departed
wavellite arrived.
wavellite departed
Hazey arrived.
Hazey departed
guest-44413 arrived.
guest-44413 departed
walrus arrived.
walrus departed
luv arrived.
luv departed
luv arrived.
luv departed
Hazey arrived.
goiga arrived.
Hazey departed
day:letmeseesome
day arrived.
guest-44624 arrived.
guest-44624:1108618 Changed nick to: REDABACUS
REDABACUS departed
day departed
guest-44649:rightinthekissa
guest-44649 arrived.
guest-44649:1108693 Changed nick to: RIGHTINTHEKISSA
RIGHTINTHEKISSA departed
dbunny3:dbunny3
dbunny3 arrived.
dbunny3 departed
chromehearted:chr0mehearted
chromehearted arrived.
chromehearted departed
MeKLiN: u here for the indows
MeKLiN: windows
kaneluke arrived.
kaneluke departed
day:letmeseesome
day arrived.
day departed
BLAZEY:blazzzzey
BLAZEY arrived.
BLAZEY:1109824 Changed nick to: daisey
daisey departed
robbothedoggo arrived.
robbothedoggo departed
sigga:davidhermanus
sigga arrived.
sigga departed
IIIO_OIII:pathfinder
IIIO_OIII arrived.
IIIO_OIII departed
luv arrived.
luv departed
gunna arrived.
gunna departed
day:letmeseesome
day arrived.
day departed
quay arrived.
quay departed
guest-45055 arrived.
guest-45055 departed
guest-45067:rightinthekissa
guest-45067 arrived.
guest-45067:1111416 Changed nick to: RIGHTINTHEKISSA
RIGHTINTHEKISSA departed
Hazey arrived.
Hazey departed
Cuck arrived.
goiga departed
shhuuuuu arrived.
shhuuuuu departed
Mystic_Tenebris arrived.
Mystic_Tenebris departed
day:letmeseesome
day arrived.
IIIO_OIII:pathfinder
IIIO_OIII arrived.
day departed
Cuck is cam up
Cuck departed
Cuck cam down.
Cuck arrived.
easya:easya
easya arrived.
easya departed
SupaStarr arrived.
SupaStarr: hit me up @ 214-427-1818 so I can shoot this massive load 💦 for you!
SupaStarr departed
Euli:eulalia621
Euli arrived.
Euli departed
easya:easya
easya arrived.
easya departed
IIIO_OIII departed
N arrived.
N departed
luv arrived.
luv departed
vincentamsterdam arrived.
vincentamsterdam departed
Negus arrived.
Negus departed
Naji arrived.
Naji departed
digz arrived.
digz departed
guest-45736 arrived.
guest-45736 departed
vincentamsterdam arrived.
vincentamsterdam departed
Hippo arrived.
Hippo departed
Euli:eulalia621
Euli arrived.
Euli departed
marciel:soyasauce
marciel arrived.
marciel departed
marciel:soyasauce
marciel arrived.
marciel departed
marciel:soyasauce
marciel arrived.
marciel:1116295 Changed nick to: mommy
mommy departed
guest-45861:jewdolan9000
guest-45861 arrived.
wer arrived.
guest-45861 departed
wer departed
Euli:eulalia621
Euli arrived.
Euli departed
edoZ:edos9
edoZ arrived.
edoZ departed
IIIO_OIII:pathfinder
IIIO_OIII arrived.
IIIO_OIII departed
edoZ:edos9
edoZ arrived.
edoZ departed
edoZ:edos9
edoZ arrived.
edoZ departed
jedi:adultvideogames
jedi arrived.
jedi departed
wavellite arrived.
wavellite departed
wavellite arrived.
Euli:eulalia621
Euli arrived.
Euli departed
wavellite departed
chatter arrived.
chatter departed
guest-46158 arrived.
guest-46158 departed
guest-46201 arrived.
guest-46201 departed
chatter arrived.
chatter departed
God:godlyneckbeard
God arrived.
WEENIE:weenie
WEENIE arrived.
WEENIE departed
God departed
Euli:eulalia621
Euli arrived.
Euli departed
goiga arrived.
goiga departed
edoZ:edos9
edoZ arrived.
edoZ departed
chatter arrived.
chatter departed
edoZ:edos9
edoZ arrived.
edoZ departed
WEENIE:weenie
WEENIE arrived.
dc:dcg
dc arrived.
dc departed
edoZ:edos9
edoZ arrived.
edoZ departed
Nig arrived.
Nig departed
guest-46510 arrived.
guest-46510 departed
IIIO_OIII:pathfinder
IIIO_OIII arrived.
vincentamsterdam arrived.
vincentamsterdam departed
IIIO_OIII departed
goiga arrived.
goiga departed
vincentamsterdam arrived.
vincentamsterdam departed
Cuck is cam up
o_o arrived.
o_o departed
guest-46560 arrived.
guest-46560 departed
vincentamsterdam arrived.
vincentamsterdam is cam up
vincentamsterdam cam down.
vincentamsterdam departed
guest-46657:hiitsnick1
guest-46657 arrived.
guest-46657:1122525 Changed nick to: HIITSNICK1
HIITSNICK1 departed
day:letmeseesome
day arrived.
day departed
vincentamsterdam arrived.
vincentamsterdam is cam up
MeKLiN: whatup
MeKLiN: my nigga
MeKLiN: im going to buy it soon.. that
MeKLiN: lol
MeKLiN: lol
MeKLiN: je
MeKLiN: jejjeje
MeKLiN: oogen slagen
MeKLiN: bong
MeKLiN: weed
MeKLiN: dab
MeKLiN: hell y eah
MeKLiN: i need seeds
MeKLiN: im gonna plant them
Legend arrived.
Legend departed
MeKLiN: ONE LOVE MANGO WOMAN
MeKLiN: U SMOKE A SPLIF WITH THE DREADED RHASTHA MAN
MeKLiN: TAKE A DRINK OF FRUIT MAN
MeKLiN: I WORK AT SUNSPLASH
MeKLiN: IN JAMAICA
edoZ:edos9
edoZ arrived.
edoZ departed
edoZ:edos9
edoZ arrived.
edoZ departed
MeKLiN: LE COFFEE
WEENIE departed
vincentamsterdam cam down.
vincentamsterdam departed
guest-46801 arrived.
guest-46801 departed
sigga:davidhermanus
sigga arrived.
sigga: music is p sick meklin ngl
IIIO_OIII:pathfinder
IIIO_OIII arrived.
sigga: what is it
IIIO_OIII departed
vincentamsterdam arrived.
vincentamsterdam is cam up
sigga: kankerlaaier
sigga departed
guest-46914 arrived.
guest-46914:1124063 Changed nick to: BFIGHTER
BFIGHTER departed
MeKLiN: ANNE AZEMA
MeKLiN: GREGIS PASTOR TITYRUS
edoZ:edos9
edoZ arrived.
edoZ departed
Hippo arrived.
Hippo departed
MeKLiN: TOKES777
MeKLiN: !tokes777 
vincentamsterdam departed
vincentamsterdam cam down.
vincentamsterdam arrived.
vincentamsterdam is cam up
vincentamsterdam cam down.
vincentamsterdam departed
martial_has_monkeypox:oatmealol2
martial_has_monkeypox arrived.
martial_has_monkeypox departed
vincentamsterdam arrived.
vincentamsterdam is cam up
WEENIE:weenie
WEENIE arrived.
WEENIE departed
wavellite arrived.
wavellite departed
MeKLiN: !acc ban peroxisomespungent
ChanServ: peroxisomespungent was eliminated
guest-47030 arrived.
guest-47030 departed
MeKLiN: !whiteknight vincentamsterdam
MeKLiN: !whiteknight Cuck
Sunshine_Mute arrived.
Sunshine_Mute departed
vincentamsterdam cam down.
vincentamsterdam departed
The_Fire_Rises:robot9000
The_Fire_Rises arrived.
edoZ:edos9
edoZ arrived.
edoZ departed
The_Fire_Rises departed
TheShadowKnows arrived.
TheShadowKnows departed
normieP arrived.
normieP is cam up
MeKLiN: !nick SEBBY_CHATTER_CLAN_BOT
MeKLiN: LOL
Hi arrived.
Hi:1125485 Changed nick to: NonTOXiC
NonTOXiC departed
day:letmeseesome
day arrived.
day departed
Slitty_Muted:porterpotty
Slitty_Muted arrived.
Slitty_Muted departed
normieP cam down.
normieP is cam up
WEENIE:weenie
WEENIE arrived.
WEENIE departed
normieP: i already forgot that public command
normieP: i need some of those
normieP: *eats pills
MeKLiN: its evict
normieP: yeaaa
MeKLiN: i can only type it cuz no one is here right now
normieP: good memory wow
MeKLiN: but i typed the old cmd right when some lurker joined
MeKLiN: and he typed it the very second i said to everyone not to typeit
MeKLiN: it was funny
normieP: hahah
normieP: yea
normieP: good tunes
God:godlyneckbeard
God arrived.
God departed
MeKLiN: its the folder from mod archive
AFKtv arrived.
MeKLiN: ftp.modland.com\incoming\warehouse\XM\zero degrees.xm
MeKLiN: literally the song right now
normieP: zer degrees
MeKLiN: the warehouse
normieP: zero
MeKLiN: that is where people sent them tunes
MeKLiN: they made it in 1000+ music tracking oprogram like fruity loop
normieP: !evict AFKtv
ChanServ: the secret police have taken away AFKtv
MeKLiN: those programs exist since comodore 64 1980s
normieP: lol
MeKLiN: its not actually music
MeKLiN: music is recorded
MeKLiN: thisi s programmed
normieP: midi ?
MeKLiN: so its not tehere
AFKtv: i can grab anyones IP on tinychaat. i redirect  rtc packets to a fake stun server gives me ur IP even behind a vpn
stinky arrived.
MeKLiN: the music file contains samples
stinky departed
MeKLiN: like really low quality wave files
MeKLiN: they steal them from mp3s
normieP: .evict AFKtv
MeKLiN: or the program can make the nosises itself
MeKLiN: they arent on cam
normieP: oooooo dang
normieP: afk cam up
MeKLiN: isnt that juulpod
AFKtv: i literally get the frames per second and device id ur using as soon as u cam up
MeKLiN: you cant make my chat do anything
normieP: i thinkits uul
MeKLiN: its cosmosist
AFKtv: all rtc and rtcp packets are full unencrypted with my stun server
MeKLiN: ok whats my ip retard
MeKLiN: ill tell u it
MeKLiN: !acc ban afk
ChanServ: afk was eliminated
ChanServ banned AFKtv
AFKtv departed
MeKLiN: thats it
MeKLiN: nigger
MeKLiN: !vip7 
ChanServ: VIPs only: True
MeKLiN: lol
MeKLiN: ez
MeKLiN: !allowcam7 
ChanServ: AFKtv's was dropped off by a black van.
MeKLiN: good
normieP: lol
MeKLiN: that is a nona ccount ban
MeKLiN: the way i just did it, u cant do
MeKLiN: urs is nickname
MeKLiN: it stays on tho
MeKLiN: its powerful
MeKLiN: cuz the other bot
atypical arrived.
atypical departed
MeKLiN: it reset all users on join
MeKLiN: so if i trul want to ban ... with my acc command, i have to add them to the OTHER bots greet list
MeKLiN: when theya re on THAT list, they dont get verfied greet
edoZ:edos9
edoZ arrived.
edoZ departed
MeKLiN: and stay cambanm, etc
MeKLiN: but urs is nickname
MeKLiN: less effective cuz uc an change name
MeKLiN: but it works good
MeKLiN: watch
MeKLiN: !holden guest
ChanServ: guest is being abused by mods
MeKLiN: it will rape all guests
normieP: yeah lol
MeKLiN: but im the guest right now
normieP: thats sic
normieP: oh
MeKLiN: !holden guest
ChanServ: guest's torment has ended
MeKLiN: it will crash if it cant close me
normieP: interesting
guest departed
guest cam down.
guest:oorgle
guest arrived.
guest:1126228 Changed nick to: MeKLiN2
MeKLiN2 is cam up
MeKLiN2 departed
MeKLiN2 cam down.
MeKLiN2:oorgle
MeKLiN2 arrived.
MeKLiN2: script
MeKLiN2: ignoreadd
MeKLiN2 is cam up
MeKLiN: !acc ban robot9000
ChanServ: robot9000 was eliminated
MeKLiN: ez 2 weirdo room admins banned
MeKLiN: !vip7 
ChanServ: VIPs only: False
MeKLiN: ok heres a sweet command
MeKLiN: pm the bot this
MeKLiN: .... !z123
MeKLiN: no periods
yungjoka11 arrived.
yungjoka11 departed
MeKLiN2: send that pm to chanserv
MeKLiN2: also its a hidden command as well
MeKLiN2: pm only
MeKLiN2: do it... the command is:    !z123
MeKLiN2: wait
MeKLiN2: send it to railgun
MeKLiN2: my bad
MeKLiN2: its really ghetto how i have them set up
normieP: railgun
MeKLiN: i dont even think it works
normieP: lol
MeKLiN: but i need u to
MeKLiN: pm railgunbot
MeKLiN: and type !z123
guest-47230 arrived.
guest-47230 departed
normieP: hmm
normieP: dont see them in list
normieP departed
normieP cam down.
normieP arrived.
normieP is cam up
MeKLiN: its sebby
1 departed
MeKLiN: !acc add petepete admin
ChanServ: Account: insufficient privileges. Ask GASMAN!
MeKLiN: !acc add petepete mod
ChanServ: Account: insufficient privileges. Ask GASMAN!
MeKLiN: lol
normieP: lolol
normieP: gasmannnn
MeKLiN: ok send a pm to sebbychatter clan
MeKLiN: send !z123
MeKLiN: i dont see a pm from u
MeKLiN: my 2nd bots name is sebby chatter clan bot
normieP: i send hi and !z123 to sebby chatter
normieP: sent*
vincentamsterdam arrived.
vincentamsterdam is cam up
MeKLiN: hmm
MeKLiN: !z123 
ChanServ: Allow Cams: False
MeKLiN: it turns them on or off for 30 seconds
MeKLiN: depending on its original state
MeKLiN: but it didnt work by pm...
ChanServ: Allow Cams: True
MeKLiN: i also need to make ag ren room
MeKLiN: a green room
normieP: nice
Cuck: jacobs pistol: shoots 6 rounds for 1 round of ammo, 9 round clip, pretty over powered shit
Cuck: thats what i like bout this game
Cuck: if u can detect a powerful gun from jut trying it
Cuck: but theres like 100 gun drops per 2 hours
Cuck: u have to  discern between bad and overpowered
normieP: \m/
guest-47276 arrived.
guest-47276 departed
guest-47281 arrived.
1:faceheightframe5
1 arrived.
guest-47281 departed
vincentamsterdam cam down.
vincentamsterdam departed
King arrived.
King departed
guest arrived.
guest departed
King arrived.
King departed
muted arrived.
muted departed
vincentamsterdam arrived.
vincentamsterdam departed
muted arrived.
muted is cam up
Aestheta arrived.
Aestheta is cam up
Hippo arrived.
Hippo departed
Aestheta departed
Aestheta cam down.
vincentamsterdam arrived.
vincentamsterdam departed
muted departed
muted cam down.
muted:kuri
muted arrived.
muted is cam up
muted cam down.
muted departed
mystic arrived.
mystic departed
muted arrived.
edoZ:edos9
edoZ arrived.
edoZ departed
vincentamsterdam arrived.
vincentamsterdam departed
muted is cam up
guest arrived.
guest departed
justwanking:smiggles
justwanking arrived.
justwanking departed
muted departed
muted cam down.
muted arrived.
muted is cam up
funboy1983 arrived.
funboy1983 departed
guest arrived.
guest departed
GASMAN arrived.
GASMAN departed
MR_SKUFFLES arrived.
MR_SKUFFLES departed
MeKLiN: ok boys im shit at windows
MeKLiN: i tried to do as much as god does in one day
MeKLiN: and i fucked it up again
MeKLiN: but
MeKLiN: i saved it right before i fucked itup
MeKLiN: so right after god fixed it
MeKLiN: god gave us this what im about to upload
MeKLiN: its windows 10 with no remote divers
MeKLiN: nothing
MeKLiN: there is no drivers
MeKLiN: its like wnidows xp
MeKLiN: u just install ur gpu and sound card
MeKLiN: and game
MeKLiN: no nasty nigger cia shit
MeKLiN: i swear
MeKLiN: it took me froever
normieP: yeeeah
MeKLiN: i always fuck uop when im about to go to sleep
MeKLiN: and im like whoa somethingi  always do that fucks up, didnt this time
MeKLiN: that was god
MeKLiN: then i ekpt fucking with it
MeKLiN: instead of saving it
MeKLiN: but i sved the reg
MeKLiN: and repaired it
MeKLiN: i need to check the net to plug it in but
MeKLiN: ill wait till after i save
MeKLiN: so the windows has never seen a nethernet cable eyt
MeKLiN: it has rx570 amd driver in it only
edoZ:edos9
edoZ arrived.
MeKLiN: u can delete easy
edoZ departed
MeKLiN: its my dads iso
MeKLiN: most my windows edits are from downloaded viruse windowses
MeKLiN: that i neve trust
MeKLiN: i have the purple dvd here...
MeKLiN: man there is like 500 .sys files
MeKLiN: a sys file is a driver
MeKLiN: if windows reboots right now im the master..
MeKLiN: last few search
normieP: renovation jobs at my other house in ann arbor
MeKLiN: i love that town
normieP: putting in boiler right now going under house (crawl space)
normieP: next running plenum air intake with all the tubes
easya:easya
easya arrived.
normieP: yeah might have to sell it want to move there
easya departed
normieP: yeah lots of work its fun but not much time these days for that
normieP: m/
MeKLiN: sounds fun
normieP: \m/ yeaaa
funboy1983 arrived.
vincentamsterdam arrived.
vincentamsterdam is cam up
funboy1983 departed
vincentamsterdam departed
vincentamsterdam cam down.
Cuck departed
Cuck cam down.
guest arrived.
guest departed
guest arrived.
guest departed
Zephyr arrived.
Zephyr:1130856 Changed nick to: snigger
snigger departed
guest arrived.
guest is cam up
muted: !ignoreadd sdasgovarr
guest: wtf?
guest departed
guest cam down.
easya:easya
easya arrived.
easya departed
easya:easya
easya arrived.
MeKLiN: it is done
MeKLiN: i am burning this iso
easya departed
MeKLiN: wow this one is god
MeKLiN: goood\
MeKLiN: WINDOWS FOR WORLDOFTANKWARSHIPSDOTA2RUSTQUAKE
MeKLiN: LMAO
MeKLiN: im callingit that
MeKLiN: its saving
MeKLiN: wooooo
vincentamsterdam arrived.
vincentamsterdam is cam up
vincentamsterdam cam down.
vincentamsterdam departed
edoZ:edos9
edoZ arrived.
edoZ departed
vincentamsterdam arrived.
vincentamsterdam is cam up
quail_eggs:fagolini
quail_eggs arrived.
quail_eggs departed
wutang:jaywalk
wutang arrived.
wutang departed
easya:easya
easya arrived.
easya departed
003n arrived.
vincentamsterdam cam down.
vincentamsterdam departed
vincentamsterdam arrived.
vincentamsterdam departed
003n departed
Slitty_Muted:porterpotty
Slitty_Muted arrived.
Slitty_Muted departed
Baron_Padraig_The_Red:baronharkonnen
Baron_Padraig_The_Red arrived.
Baron_Padraig_The_Red:1132570 Changed nick to: Baron_Padraig
Baron_Padraig departed
easya:easya
easya arrived.
easya departed
edoZ:edos9
edoZ arrived.
edoZ departed
love10 arrived.
love10 departed
easya:easya
easya arrived.
easya departed
edoZ:edos9
edoZ arrived.
edoZ departed
1 departed
edoZ:edos9
edoZ arrived.
edoZ departed
MeKLiN cam down.
MeKLiN2 cam down.
MeKLiN: im uploading my windows now
edoZ:edos9
edoZ arrived.
edoZ departed
edoZ:edos9
edoZ arrived.
edoZ departed
Paul arrived.
Paul departed
WEENIE:weenie
WEENIE arrived.
WEENIE departed
guest-48297 arrived.
guest-48297 departed
Harold:pablo70
Harold arrived.
Harold departed
MeKLiN: https://archive.org/details/@meklin
MeKLiN: https://archive.org/details/MEKLINMETHOD
MeKLiN: THE ISO IS ABOUT TH EB HERE
MeKLiN: IM UPLOADING TO https://archive.org/details/MEKLINMETHOD
latinmami69 arrived.
latinmami69 departed
guest-48373 arrived.
guest-48373 departed
normieP departed
normieP cam down.
sticky arrived.
sticky departed
edoZ:edos9
edoZ arrived.
edoZ departed
guest arrived.
guest:1136348 Changed nick to: BFIGHTER
BFIGHTER departed
angora:angora
angora arrived.
angora departed
sticky arrived.
sticky departed
Euli:eulalia621
Euli arrived.
Cuck arrived.
MeKLiN2 is cam up
MeKLiN2 cam down.
MeKLiN2 is cam up
MeKLiN is cam up
MeKLiN: yo download my windows maori
MeKLiN: MEKLINMETHOD
MeKLiN: https://archive.org/details/MEKLINMETHOD
MeKLiN: look at it man
MeKLiN: lol
wutang:jaywalk
wutang arrived.
michal8kolek arrived.
michal8kolek departed
1:faceheightframe5
1 arrived.
wutang departed
Cuck: https://www.youtube.com/watch?v=0-AlqZVS1Yo
edoZ:edos9
edoZ arrived.
edoZ departed
Logged in as: terran
Client joined the room: Railgun_bot:1138418
Joins moderator: ChanServ:raise
Joins: 1:faceheightframe5
Joins: Cuck:donnyquackers
Joins: muted:nzmaori
muted is cam up
MeKLiN:meklin
MeKLiN arrived.
MeKLiN departed
MeKLiN:meklin
MeKLiN arrived.
MeKLiN is cam up
MeKLiN: my windows
MeKLiN: its done
Foreveraloan arrived.
guest:oorgle
guest arrived.
guest departed
guest:oorgle
guest arrived.
guest is cam up
guest departed
guest cam down.
guest:oorgle
guest arrived.
guest is cam up
Cuck departed
Foreveraloan departed
Advantageous_M:advan
Advantageous_M arrived.
Advantageous_M departed
Advantageous_M:advan
Advantageous_M arrived.
Advantageous_M departed
guest-49020 arrived.
guest-49020 departed
easya:easya
easya arrived.
easya departed
MeKLiN: look at the shit
MeKLiN: it comes on the desktop lol
MeKLiN: massive shortcuts to every hackc ontrol app
MeKLiN: lol
MeKLiN: i couldnt play
MeKLiN: i had the winwod wntire to dx levle 9
MeKLiN: that is from like 2005
MeKLiN: pls no crash holy lord in heaven
easya:easya
easya arrived.
easya departed
bullying_victim:allex
bullying_victim arrived.
bullying_victim departed
Maxxx arrived.
Maxxx departed
MeKLiN: give ur mod acc
MeKLiN: to the other bot
MeKLiN: so we are at top of list
MeKLiN: we need 4 mods
MeKLiN: no i told witman to
MeKLiN: tokes777
dbunny3:dbunny3
dbunny3 arrived.
dbunny3 departed
easya:easya
easya arrived.
easya departed
dbunny3:dbunny3
dbunny3 arrived.
dbunny3 departed
newname arrived.
newname departed
Euli:eulalia621
Euli arrived.
guest-49155 arrived.
guest-49155:1140254 Changed nick to: FUCK
Euli departed
FUCK departed
Logged in as: terran
Client joined the room: Railgun_bot:1140578
Joins moderator: ChanServ:raise
Joins: 1:faceheightframe5
Joins: muted:nzmaori
muted is cam up
MeKLiN:meklin
MeKLiN arrived.
MeKLiN departed
MeKLiN:meklin
MeKLiN arrived.
MeKLiN is cam up
guest arrived.
guest is cam up
SCourge arrived.
SCourge departed
MeKLiN: !acc ban spunk4food
ChanServ: spunk4food was eliminated
guest: lol
MeKLiN: homo
guest: gg
MeKLiN: !holden guest
ChanServ: guest is being abused by mods
guest: youre abusing yourself pussy
ChanServ: Account: spunk4food was trying to get our room closed by the tinychat admins!
guest: who the hell cut your hair
guest: did they use a pocket knife
ChanServ: guest's was dropped off by a black van.
ChanServ: guest is not broadcasting.
guest: howd you know
Logged in as: terran
Client joined the room: Railgun_bot:1141030
Joins moderator: ChanServ:raise
Joins: MeKLiN:meklin
Joins: 1:faceheightframe5
Joins: muted:nzmaori
MeKLiN is cam up
muted is cam up
easya:easya
easya arrived.
easya departed
yungjoka11 arrived.
yungjoka11 departed
KR arrived.
KR departed
MeKLiN departed
MeKLiN cam down.
MeKLiN:meklin
MeKLiN arrived.
MeKLiN departed
MeKLiN:meklin
MeKLiN arrived.
MeKLiN is cam up
1 departed
yungjoka11 arrived.
yungjoka11 departed
bigpapi57 arrived.
bigpapi57 departed
Euli:eulalia621
Euli arrived.
Luchk2 arrived.
Luchk2 departed
Euli departed
guest-49400 arrived.
guest-49400 departed
guest arrived.
guest:1142279 Changed nick to: SMOKEANDVAPOR
SMOKEANDVAPOR departed
M_uchLove_Radio:wretchedegen
M_uchLove_Radio arrived.
M_uchLove_Radio: Orthos Dox = Mason Hunter Gavin Calgary AB Canada

soya sauce = Claire Brown Nova Scoctia Canada
M_uchLove_Radio departed
guest arrived.
guest-49455 arrived.
guest is cam up
guest-49455 is cam up
ChanServ: jamesfernandez was eliminated
ChanServ banned guest
guest departed
guest cam down.
ChanServ: minoo was eliminated
ChanServ banned guest-49455
guest-49455 departed
guest-49455 cam down.
MeKLiN: lol
ChanServ: smokeandvapor was eliminated
be arrived.
be departed
Hippo arrived.
Hippo departed
soyasauce:soyasauce
soyasauce arrived.
soyasauce departed
wavellite:peroxisomespungent
wavellite arrived.
wavellite departed
lcs arrived.
lcs: does this room allow doxxing?
yungjoka11 arrived.
yungjoka11 departed
WEENIE:weenie
WEENIE arrived.
WEENIE departed
wutang:jaywalk
wutang arrived.
wutang departed
WEENIE:weenie
WEENIE arrived.
WEENIE departed
silver_muted arrived.
silver_muted is cam up
silver_muted: morning
lcs: hey silver
lcs departed
gap arrived.
gap departed
MeKLiN: !acc ban peroxisomespungent
ChanServ: peroxisomespungent was eliminated
be arrived.
fredddds:fredddds
fredddds arrived.
fredddds departed
be departed
guest-49670 arrived.
Lero arrived.
guest-49670: Ho
Lero departed
guest-49670 is cam up
admin: closed guest-49670
guest-49670 cam down.
guest-49670 departed
yungjoka11 arrived.
yungjoka11 departed
K arrived.
K departed
Dev arrived.
Dev departed
MeKLiN: my gaming pc
MeKLiN: it hasnt crashed in 30s econds
guest:oorgle
guest arrived.
guest departed
guest:oorgle
guest arrived.
guest:1144799 Changed nick to: MeKLiN2
MeKLiN2 departed
MeKLiN2:oorgle
MeKLiN2 arrived.
MeKLiN2 is cam up
yungjoka11 arrived.
yungjoka11 departed
MeKLiN2 cam down.
MeKLiN2 is cam up
MeKLiN2 cam down.
MeKLiN2 is cam up
MeKLiN2 departed
MeKLiN2 cam down.
Yeah:pathfinder
Yeah arrived.
MeKLiN2:oorgle
MeKLiN2 arrived.
MeKLiN2 is cam up
MeKLiN2 departed
MeKLiN2 cam down.
MeKLiN2:oorgle
MeKLiN2 arrived.
MeKLiN2 is cam up
MeKLiN2 cam down.
Yeah departed
MeKLiN2 is cam up
romen1225 arrived.
romen1225 departed
vitalykazak arrived.
vitalykazak is cam up
vitalykazak cam down.
vitalykazak: silver never wear make up
vitalykazak: ur beautiful
vitalykazak is cam up
vitalykazak cam down.
wavellite arrived.
Bighomey arrived.
wavellite departed
vitalykazak is cam up
Bighomey: Meklin is a registered sex offender
romen1225 arrived.
Bighomey: He molested my lil brother
romen1225 departed
guest arrived.
vitalykazak cam down.
guest departed
vitalykazak: iam trying soo hard
vitalykazak: shes mad cute
Bighomey: Meklin rapes lil boys
vitalykazak: no fuck dat i love silver
vitalykazak: shes really mature
vitalykazak: her gaze
Bighomey departed
vitalykazak: wise
vitalykazak: but ur here for who ?
MeKLiN2 cam down.
vitalykazak: u dont type
vitalykazak: mic nothing
vitalykazak: just a pretty innocent face
vitalykazak: which is good enuff
vitalykazak: but like. . .nothing more  ?
yrrah:thebeach
yrrah arrived.
yrrah departed
Barry arrived.
Barry is cam up
guest arrived.
Barry departed
Barry cam down.
guest departed
vitalykazak: silver please say something
vitalykazak: ur amazing
guest arrived.
vitalykazak: i know ur real too
vitalykazak: the best oval shaped face
vitalykazak: kinda peach actually\
vitalykazak: no but ur gorgeous
vitalykazak departed
guest departed
Yeah:pathfinder
Yeah arrived.
Yeah departed
guest arrived.
guest is cam up
ChanServ: mikey9997 was eliminated
guest departed
guest cam down.
MeKLiN2:1144876 Changed nick to: guest
lcs arrived.
lcs: silver what time is it
lcs departed
be arrived.
be departed
aoki arrived.
aoki is cam up
guest: archive.org/details/MEKLINMETHOD
Baron_Padraig:baronharkonnen
Baron_Padraig arrived.
Baron_Padraig departed
GASMAN arrived.
GASMAN departed
guest-49883 arrived.
guest-49883 departed
silver_muted: yo
silver_muted: my god so long
aoki: sup
silver_muted: workin
silver_muted: wbu
aoki: what time is it there?
aoki: I am just browsing youtube
silver_muted: 9.44 am
be arrived.
be departed
GASMAN arrived.
aoki cam down.
GASMAN departed
aoki is cam up
robear arrived.
robear departed
GASMAN arrived.
GASMAN: robot9000 list cleared
GASMAN departed
muted departed
muted cam down.
muted arrived.
muted is cam up
aoki: moshi mosh
soyasauce:soyasauce
soyasauce arrived.
soyasauce departed
guest is cam up
guest cam down.
guest is cam up
Yeah:pathfinder
Yeah arrived.
LouisCK:headmoderator
LouisCK arrived.
LouisCK departed
OUDI arrived.
OUDI departed
Yeah departed
aoki departed
aoki cam down.
aoki arrived.
aoki is cam up
guest: MA WINDOWS IS GOOD
guest: LOOK
guest: SECRET HACK TO STARTUP
guest: HAVE TO PRESS CTRL ALT DELETE
silver_muted: noice
silver_muted: its weirf
aoki: こんにちは
guest departed
guest cam down.
guest:oorgle
guest arrived.
guest is cam up
guest cam down.
guest is cam up
aoki departed
aoki cam down.
aoki arrived.
aoki is cam up
MeKLiN departed
MeKLiN cam down.
MeKLiN:meklin
MeKLiN arrived.
MeKLiN departed
MeKLiN:meklin
MeKLiN arrived.
silver_muted: lol
MeKLiN departed
MeKLiN:meklin
MeKLiN arrived.
MeKLiN departed
MeKLiN:meklin
MeKLiN arrived.
MeKLiN departed
MeKLiN:meklin
MeKLiN arrived.
MeKLiN departed
silver_muted: i love japs food
MeKLiN:meklin
MeKLiN arrived.
MeKLiN is cam up
silver_muted: sashimi, ramen, gyutan
aoki: 美味しい
silver_muted: https://www.trip.com/travel-guide/tokyo-294-restaurant/gyukatsu-motomura-shinjuku-store-78392483/
be arrived.
silver_muted: i went here when i was in tokyo
MeKLiN departed
MeKLiN cam down.
guest departed
guest cam down.
be departed
guest:oorgle
guest arrived.
aoki: 私はそのレストランが好きです
guest is cam up
guest cam down.
guest is cam up
MeKLiN:meklin
MeKLiN arrived.
MeKLiN is cam up
guest-50048 arrived.
guest-50048 is cam up
guest-50048 cam down.
aoki: https://www.gyukatsu-motomura.com/shop/shinjuku-minamiguchi
guest-50052 arrived.
guest-50052 is cam up
guest-50052: Wanna see me cum?
guest-50048 departed
Stanford_Graduate:pussyman
Stanford_Graduate arrived.
silver_muted cam down.
guest-50052 cam down.
guest-50052 departed
silver_muted: your dick is horrible af
silver_muted: fukin nigger
silver_muted is cam up
ChanServ: VIPs only: True
silver_muted: lol
aoki: 褐色人
Aeerie arrived.
Aeerie departed
ChanServ: aeerie is banned account, only known accounts allowed in VIP Mode.
aoki: 美しい着物
guest-50070 arrived.
silver_muted: brb
silver_muted departed
silver_muted cam down.
guest-50070 departed
Stanford_Graduate departed
Logged in as: terran
Client joined the room: Railgun_bot:1147890
Joins moderator: ChanServ:raise
Joins: MeKLiN:meklin
Joins: guest:oorgle
Joins: muted:nzmaori
Joins: aoki:aoki
MeKLiN is cam up
guest is cam up
aoki is cam up
muted is cam up
ChanServ: !:! 
MeKLiN: !noguest 
ChanServ: Allow Cams: False
N arrived.
N departed
ChanServ: Allow Cams: True
003n arrived.
003n departed
003n arrived.
aoki departed
aoki cam down.
skyemuted:bitch
skyemuted arrived.
aoki arrived.
skyemuted departed
aoki is cam up
edoZ:edos9
edoZ arrived.
edoZ departed
Foreveraloan arrived.
yrrah:thebeach
yrrah arrived.
yrrah departed
Foreveraloan departed
guest-50230 arrived.
guest-50230 is cam up
muted: !ignoreadd curl
guest-50248 arrived.
guest-50248 is cam up
muted: !ignoreadd hurl
Alder arrived.
Alder departed
003n departed
KoreanRapper arrived.
KoreanRapper departed
GASMAN arrived.
MeKLiN: !acc ban curl
ChanServ: curl was eliminated
ChanServ banned guest-50230
guest-50230 departed
guest-50230 cam down.
Nig arrived.
ChanServ: hurl was eliminated
ChanServ banned guest-50248
guest-50248 departed
guest-50248 cam down.
ChanServ: Allow Cams: False
Nig departed
ChanServ: VIPs only: True
aoki: unban them
GASMAN departed
Hippo arrived.
Hippo departed
