Logged in as: terran
Client joined the room: Railgun_bot:120748
Joins moderator: ChanServ:raise
Joins: 1:faceheightframe5
GASMAN arrived.
GASMAN departed
edoZ:edos9
edoZ arrived.
edoZ departed
Slitty_Muted:porterpotty
Slitty_Muted arrived.
Slitty_Muted departed
Slitty_Muted:porterpotty
Slitty_Muted arrived.
Slitty_Muted departed
Legend arrived.
Legend departed
Pooer arrived.
Pooer departed
Hippo arrived.
Hippo departed
Yrrah:thebeach
Yrrah arrived.
Yrrah departed
Slitty_Muted:porterpotty
Slitty_Muted arrived.
Slitty_Muted departed
guest-75478 arrived.
guest-75478 departed
1 departed
guest-75509 arrived.
guest-75509 departed
guest-75510 arrived.
guest-75510: Raikg
guest-75510 departed
1:faceheightframe5
1 arrived.
edoZ:edos9
edoZ arrived.
edoZ departed
edoZ:edos9
edoZ arrived.
edoZ departed
easya:easya
easya arrived.
easya departed
uzi arrived.
uzi departed
quail_eggs:fagolini
quail_eggs arrived.
quail_eggs departed
God:godlyneckbeard
God arrived.
God departed
guest-76011 arrived.
guest-76011 departed
Hippo arrived.
Hippo departed
Slitty_Muted:porterpotty
Slitty_Muted arrived.
Slitty_Muted departed
guest:cryoscope
guest arrived.
guest departed
jeblee333:jeblee333
jeblee333 arrived.
jeblee333 departed
jeblee333:jeblee333
jeblee333 arrived.
jeblee333 departed
jeblee333:jeblee333
jeblee333 arrived.
jeblee333 departed
day:letmeseesome
day arrived.
guest-76439 arrived.
guest-76439 departed
wutang:jaywalk
wutang arrived.
wutang: adsfa
wutang departed
wutang:jaywalk
wutang arrived.
wutang departed
shizz arrived.
shizz departed
guest-76617 arrived.
guest-76617 departed
easya:easya
easya arrived.
easya departed
guest-76631 arrived.
guest-76631 departed
dbunny3:dbunny3
dbunny3 arrived.
dbunny3 departed
guest-76717 arrived.
guest-76717 departed
Supastarr arrived.
Supastarr is cam up
ChanServ: Call the shot.
ChanServ: Call the shot.
ChanServ: Call the shot.
ChanServ: Call the shot.
Supastarr cam down.
Supastarr departed
day: !clr 
teenytiny333 arrived.
teenytiny333 departed
teenytiny333 arrived.
teenytiny333 departed
silverb arrived.
silverb departed
day departed
guest-77042 arrived.
guest-77042 departed
guest-77098 arrived.
guest-77098 departed
day:letmeseesome
day arrived.
day departed
day:letmeseesome
day arrived.
day departed
teenytiny333 arrived.
teenytiny333 departed
teenytiny333 arrived.
teenytiny333 departed
demon arrived.
demon departed
guest-77289 arrived.
guest-77289 departed
edoZ:edos9
edoZ arrived.
edoZ departed
sasha:sashafloyd
sasha arrived.
Euli:eulalia621
Euli arrived.
sasha departed
Euli departed
tism_the_hedgehog:tism
tism_the_hedgehog arrived.
tism_the_hedgehog departed
Maori arrived.
Maori departed
kaneluke arrived.
kaneluke departed
guest-77422 arrived.
guest-77422 departed
You_Got_aids arrived.
You_Got_aids departed
goiga_not_working arrived.
goiga_not_working departed
easya:easya
easya arrived.
easya departed
1 departed
Advantageous_M:advan
Advantageous_M arrived.
Advantageous_M departed
Advantageous_M:advan
Advantageous_M arrived.
Advantageous_M departed
1:faceheightframe5
1 arrived.
edoZ:edos9
edoZ arrived.
edoZ departed
Nba arrived.
Nba departed
netsekt arrived.
netsekt departed
neon962 arrived.
neon962 departed
netsekt arrived.
netsekt departed
edoZ:edos9
edoZ arrived.
edoZ departed
day:letmeseesome
day arrived.
day departed
God:godlyneckbeard
God arrived.
God departed
edoZ:edos9
edoZ arrived.
edoZ departed
MeKLiN:meklin
MeKLiN arrived.
MeKLiN departed
MeKLiN:meklin
MeKLiN arrived.
Advantageous_M:advan
Advantageous_M arrived.
Advantageous_M departed
MeKLiN departed
MeKLiN:meklin
MeKLiN arrived.
MeKLiN departed
MeKLiN:meklin
MeKLiN arrived.
MeKLiN is cam up
dbunny3:dbunny3
dbunny3 arrived.
dbunny3 departed
soyasauce:soyasauce
soyasauce arrived.
soyasauce departed
silverb arrived.
silverb departed
guest arrived.
guest:147269 Changed nick to: ted
ted departed
chromehearted:chr0mehearted
chromehearted arrived.
chromehearted departed
edoZ:edos9
edoZ arrived.
edoZ departed
guest-79064 arrived.
guest-79064 departed
fyrebawls arrived.
fyrebawls departed
rob arrived.
rob departed
MasterP:petepete
MasterP arrived.
MasterP is cam up
MeKLiN: whatup
MasterP: Hey
guest:oorgle
guest arrived.
guest departed
guest:oorgle
guest arrived.
guest departed
guest:oorgle
guest arrived.
guest departed
guest:oorgle
guest arrived.
guest departed
guest:oorgle
guest arrived.
guest departed
guest:oorgle
guest arrived.
guest departed
guest:oorgle
guest arrived.
guest is cam up
guest: lol
MasterP departed
MasterP cam down.
MeKLiN cam down.
MeKLiN is cam up
MeKLiN departed
MeKLiN cam down.
MeKLiN:meklin
MeKLiN arrived.
MeKLiN is cam up
MeKLiN departed
MeKLiN cam down.
MeKLiN:meklin
MeKLiN arrived.
MeKLiN is cam up
MeKLiN cam down.
MeKLiN is cam up
MasterP:petepete
MasterP arrived.
MasterP is cam up
MeKLiN: tokes777
MasterP: Cheers
MasterP: Thursday
MasterP: Kick their ass
Ape:hitier
Ape arrived.
Ape departed
MasterP departed
MasterP cam down.
damage arrived.
damage departed
squirtle arrived.
squirtle departed
angora:angora
angora arrived.
angora departed
Advantageous_M:advan
Advantageous_M arrived.
feelio arrived.
Advantageous_M departed
feelio departed
YIGUN25 arrived.
YIGUN25 is cam up
MeKLiN: lol
MeKLiN: wow triangle head man
MeKLiN: how did you find me
YIGUN25 departed
YIGUN25 cam down.
God:godlyneckbeard
God arrived.
God departed
dbunny3:dbunny3
dbunny3 arrived.
dbunny3 departed
guest-79668 arrived.
guest-79668 departed
Legend arrived.
Legend departed
edoZ:edos9
edoZ arrived.
edoZ departed
guest-79900:cryoscope
guest-79900 arrived.
guest-79900 departed
Euli:eulalia621
Euli arrived.
Euli departed
Hippo arrived.
Hippo departed
niceguy:notagoodperson
niceguy arrived.
niceguy departed
IIIO_OIII:pathfinder
IIIO_OIII arrived.
IIIO_OIII departed
Godless arrived.
Godless departed
fyrebawl arrived.
fyrebawl departed
easya:easya
easya arrived.
easya departed
1 departed
coolguy26 arrived.
coolguy26 departed
easya:easya
easya arrived.
easya departed
guest-80241 arrived.
guest-80241 departed
ave arrived.
ave departed
day:letmeseesome
day arrived.
day: today here was dude showing me pp i try to command on him
day: buts not work
day: on him
day: bot said police take him
coolguy26 arrived.
day: but his cam was up
coolguy26 departed
day departed
day:letmeseesome
day arrived.
day is cam up
day cam down.
MeKLiN cam down.
MeKLiN departed
guest departed
guest cam down.
edoZ:edos9
edoZ arrived.
edoZ departed
day departed
easya:easya
easya arrived.
easya departed
fyrebawl arrived.
fyrebawl departed
Advantageous_M:advan
Advantageous_M arrived.
Advantageous_M departed
IIIO_OIII:pathfinder
IIIO_OIII arrived.
IIIO_OIII departed
Slitty_Muted:porterpotty
Slitty_Muted arrived.
Slitty_Muted departed
Hashbash arrived.
Hashbash departed
003n arrived.
003n departed
IIIO_OIII:pathfinder
IIIO_OIII arrived.
IIIO_OIII departed
Advantageous_M:advan
Advantageous_M arrived.
Advantageous_M departed
guest-80737 arrived.
guest-80737 departed
rec arrived.
rec departed
Advantageous_M:advan
Advantageous_M arrived.
Advantageous_M departed
IIIO_OIII:pathfinder
IIIO_OIII arrived.
IIIO_OIII departed
Hashbash arrived.
Hashbash departed
wutang:jaywalk
wutang arrived.
wutang departed
easya:easya
easya arrived.
easya departed
day:letmeseesome
day arrived.
day departed
edoZ:edos9
edoZ arrived.
edoZ departed
Slitty_Muted:porterpotty
Slitty_Muted arrived.
Slitty_Muted departed
K arrived.
K departed
Slitty_Muted:porterpotty
Slitty_Muted arrived.
Slitty_Muted is cam up
Negus arrived.
Negus: lol
Negus: why are you cammed up
Negus is cam up
Pooer arrived.
dylan arrived.
dylan: based
dylan departed
Pooer: Wow very alive room
Pooer: Lol
Pooer departed
CONQUEST arrived.
CONQUEST: go to r9k
CONQUEST: bitch
CONQUEST is cam up
CONQUEST cam down.
CONQUEST is cam up
CONQUEST: No slitty
Pooer arrived.
Pooer: Tene schizo?
Slitty_Muted departed
Slitty_Muted cam down.
CONQUEST: I'm a schizo hello
Pooer: Tene why are you throwing away your social life
CONQUEST: i do wat i want
soyasauce:soyasauce
soyasauce arrived.
soyasauce is cam up
soyasauce cam down.
soyasauce departed
Pooer: The entire thing was done by johnnote
Pooer: Btw
CONQUEST: who ^
Pooer: He's on an alt account
Pooer: Don't you guys think this is a little dramatic
ChanServ: Allow Cams: False
ChanServ: VIPs only: True
angora:angora
angora arrived.
angora is cam up
ChanServ: closed angora
angora cam down.
ChanServ: ASK A MOD TO TYPE !ALLOWCAM7 or whisper the secret password to Railgun_bot
ChanServ: Allow Cams: True
angora: sup bro
Pooer: Nobodies life was ruined
angora: Love you guys
angora: itll all be okay
guest arrived.
ChanServ banned guest
guest departed
ChanServ banned Railgun_bot
You have been banned from the room.
Logged in as: terran
Client joined the room: Railgun_bot:164903
Joins: mrsdick:sertucanalabay
Joins: guest:oorgle
Joins: MeKLiN:meklin
Joins: negativereality:bitch
Joins moderator: ChanServ:raise
Joins: angora:angora
Joins: Pooer:coleburn
Joins: CONQUEST:theanimal
Joins: Negus:dorko123
guest is cam up
MeKLiN is cam up
negativereality is cam up
angora is cam up
CONQUEST is cam up
Negus is cam up
Pooer: I'm recording right now
mrsdick is cam up
negativereality: report abuse
negativereality: on the cam
ChanServ: Account: sertucanalabay was trying to get our room closed by the tinychat admins!
ChanServ: closed mrsdick
mrsdick cam down.
mrsdick departed
negativereality departed
negativereality cam down.
Negus departed
Negus cam down.
angora departed
angora cam down.
guest: mitttens is in ezcapechat
guest: go back to the other room
CONQUEST: Nah
CONQUEST: Why
CONQUEST: We vibin in here
guest: lol
CONQUEST: we family
guest: i look at the other room sometimes
guest: its weird
CONQUEST: oh yes
CONQUEST: definitely
guest: some fat kid trying to beat someone up in their car
CONQUEST: Outside?
CONQUEST: Oh damn
guest: so funny he walked away then when i sat down i heard him in their car again
guest: and the little kid yelling
lwaberyf arrived.
lwaberyf departed
jedi:adultvideogames
jedi arrived.
jedi departed
CONQUEST: lol Mek
lwaberyf arrived.
lwaberyf departed
Maori arrived.
Maori departed
You_Got_aids arrived.
You_Got_aids is cam up
You_Got_aids cam down.
CONQUEST departed
CONQUEST cam down.
guest-81493 arrived.
guest-81493:165725 Changed nick to: SERF
You_Got_aids departed
SERF is cam up
SERF departed
SERF cam down.
You_Got_aids arrived.
You_Got_aids departed
Terminus arrived.
Terminus departed
why_am_i_here arrived.
why_am_i_here departed
MeliMel arrived.
MeliMel departed
MeliMel arrived.
MeliMel departed
edoZ:edos9
edoZ arrived.
edoZ departed
edoZ:edos9
edoZ arrived.
edoZ departed
fyrebawl arrived.
fyrebawl departed
Pooer departed
Hippo arrived.
Hippo departed
IIIO_OIII:pathfinder
IIIO_OIII arrived.
why_am_i_here arrived.
why_am_i_here: I need a permaban
guest: im not a mod
Ape:hitier
Ape arrived.
Ape departed
guest-81723 arrived.
guest-81723 departed
IIIO_OIII: Why do you need a permaban, brother?
IIIO_OIII: Are you addicted to Meklin's gaming?
God:godlyneckbeard
God arrived.
God departed
why_am_i_here: yes
why_am_i_here: i need to be banned
guest: why areu  here
edoZ:edos9
edoZ arrived.
edoZ departed
IIIO_OIII: To violently masturbate over why_am_i_here anime avatar.
AQUILA arrived.
AQUILA departed
IIIO_OIII departed
why_am_i_here: i need to be banned
why_am_i_here is cam up
guest: I CAN Make you a modeartor of the bot then you can ban yourself
why_am_i_here: okay
why_am_i_here: just ban me
guest: what account
why_am_i_here: gettingbetter
why_am_i_here: can you add me to the autoban list
why_am_i_here: i need to quit tc
MeKLiN: no one can do that but me
MeKLiN: yuo can ban yourself
MeKLiN: but you will be able to come back when its cleared
why_am_i_here: whats the comman
why_am_i_here: i will just keep banning myself then
MeKLiN: it will be !acc ban youraccountname
MeKLiN: you have to do it on an account ive added to the 2nd list
why_am_i_here: !acc ban gettingbetter
MeKLiN: to know if u are on that it wiont msg u when u join
why_am_i_here: oh i dont have the script
why_am_i_here: no i refuse to use that malware
MeKLiN: well when u join if ur on the 2nd list it wont say anything
MeKLiN: actually if you ban yourself that account wont be able to come here
MeKLiN: necauise
MeKLiN: to mod you is to add you to both lists
why_am_i_here: well i dont have the script so it wont work
why_am_i_here: just ban me yourself
why_am_i_here: please
MeKLiN: it is done
MeKLiN: you are on both lists and if you refresh ill tell you if you are really a mod of the bot
Euli:eulalia621
Euli arrived.
why_am_i_here: !acc ban gettingbetter
MeKLiN: which then if you ban yourself with !acc ban gettingbetter you will be gone
why_am_i_here departed
why_am_i_here cam down.
MeKLiN: and it wont readd u if u get unbanned
why_am_i_here:gettingbetter
why_am_i_here arrived.
Euli departed
MeKLiN: u will be always banned on that name from ehre
why_am_i_here: !acc ban gettingbetter
why_am_i_here: im oda
why_am_i_here: !acc ban gettingbetter
MeKLiN: i have to referh the bot
ChanServ departed
why_am_i_here is cam up
guest-81841:raise
guest-81841 arrived.
guest-81841 departed
guest-81843:raise
guest-81843 arrived.
guest-81843 departed
guest-81844:raise
guest-81844 arrived.
guest-81844 departed
guest-81849:raise
guest-81849 arrived.
guest-81849 departed
ChanServ:raise
ChanServ arrived.
MeKLiN: refresh
why_am_i_here: !acc ban gettingbetter
why_am_i_here departed
why_am_i_here cam down.
why_am_i_here:gettingbetter
why_am_i_here arrived.
why_am_i_here: !acc ban gettingbetter
ChanServ: gettingbetter was eliminated
MeKLiN: lol
why_am_i_here departed
why_am_i_here:gettingbetter
why_am_i_here arrived.
MeKLiN: remopve udnerscores
MeKLiN: and rfresh
MeKLiN: from your nick
guest-81857 arrived.
guest-81857 departed
guest-81859 arrived.
MeKLiN: it doesnt ban people with underscores in their name
why_am_i_here:168121 Changed nick to: gettingbetter
guest-81859 departed
gettingbetter departed
gettingbetter:gettingbetter
gettingbetter arrived.
MeKLiN: actually i broke the bot
MeKLiN: dont know why
gettingbetter: !acc ban gettingbetter
MeKLiN: try !b
gettingbetter: it is ok
MeKLiN: !b yourself
gettingbetter: i will suffer doom
MeKLiN: type !b
gettingbetter: !b gettingbetter
MeKLiN: hmm
gettingbetter: you troll me
MeKLiN: no u are really a level 2 of it
MeKLiN: u can do !acc holden jimbob1234 now
MeKLiN: if its a naked person
MeKLiN: well u reset urself to elvel 10
MeKLiN: 10 is the old ban level
MeKLiN: i removed it
MeKLiN: so u removed ur own mods
gettingbetter is cam up
gettingbetter: tc is ruining my life
gettingbetter: i need to quit
MeKLiN: how so
gettingbetter: i am not productive when i come here
gettingbetter: it is like a drug
MeKLiN: what else could you be doing
gettingbetter: i have a lot i need to do
gettingbetter: for example the grass in my yard is about 5ft tall
watchmedrinkstout arrived.
MeKLiN: my brother cuts orus
watchmedrinkstout is cam up
guest-81913 arrived.
guest-81913 departed
Herman:staff
Herman arrived.
gettingbetter: im hungry
gettingbetter: but im on a diet
gettingbetter: the meklin diet
gettingbetter: yes
gettingbetter: he is fit
gettingbetter: i have never seen him eat
gettingbetter: so i am nto eating either
Herman is cam up
watchmedrinkstout departed
watchmedrinkstout cam down.
gettingbetter: hey dogmeat
gettingbetter: will you ban me from here please
gettingbetter: i need a permaban
MeKLiN: hesn ot a mod
cowherd arrived.
gettingbetter: he is a mod
cowherd: I wish I could smell odas swear
cowherd: Sweat
gettingbetter: i need to be permabanned
cowherd departed
gettingbetter: chat is ruining my life
MeKLiN: everyones lives were ruined long before they came here
gettingbetter: yes but it is worse being
gettingbetter: it is a drug
gettingbetter: please ban me
gettingbetter: why are you not in robot9000 dogmeat
Herman departed
Herman cam down.
tender arrived.
tender departed
cowherd arrived.
cowherd: I would pay for a vial of odas sweat 
cowherd: Serious
Herman:staff
Herman arrived.
gettingbetter: why
gettingbetter: I am really gross
cowherd: To sniff
cowherd departed
Herman: cowherd
Herman: hey...
gettingbetter: im ugly and fat
gettingbetter: wb dog
Herman is cam up
gettingbetter: why wont you ban me
SHINIGAMI:headmoderator
SHINIGAMI arrived.
Herman: sup c4
SHINIGAMI departed
SHINIGAMI:headmoderator
SHINIGAMI arrived.
SHINIGAMI: hi dog
gettingbetter: lol okay ignore me
Herman: just press x
SHINIGAMI: x
gettingbetter: i am addicted
gettingbetter: it is a drug
SHINIGAMI departed
Herman: its pretty lame and boring lately, no?
gettingbetter: it's never fun
gettingbetter: at least this room isnt toxic atm
gettingbetter: will you summon gasman
Herman: i can try
gettingbetter: unless he is sleeping
SHINIGAMI:headmoderator
SHINIGAMI arrived.
SHINIGAMI departed
Draw arrived.
Draw departed
Herman: no luck he is
fyrebawl arrived.
fyrebawl departed
SHINIGAMI:headmoderator
SHINIGAMI arrived.
SHINIGAMI departed
You_Got_aids arrived.
You_Got_aids departed
Logged in as: terran
Client joined the room: Railgun_bot:171008
Joins moderator: Herman:staff
Joins: gettingbetter:gettingbetter
Joins: guest:oorgle
Joins moderator: ChanServ:raise
Joins: MeKLiN:meklin
Herman is cam up
gettingbetter is cam up
guest is cam up
MeKLiN is cam up
ChanServ: fumulidumdums was eliminated
Yeah:pathfinder
Yeah arrived.
Yeah departed
MeKLiN: ban works fine
Yeah:pathfinder
Yeah arrived.
Yeah departed
MeKLiN: what should i change the secret ban commands to
MeKLiN: !nigger777 
MeKLiN: !nigger guest
MeKLiN: man working on that feature was so fun
GASMAN arrived.
GASMAN: hmmm
GASMAN departed
GASMAN arrived.
gettingbetter: hey
Yeah:pathfinder
Yeah arrived.
GASMAN departed
unbreakab1e arrived.
unbreakab1e departed
gettingbetter departed
gettingbetter cam down.
gettingbetter:gettingbetter
gettingbetter arrived.
gettingbetter is cam up
Yeah departed
Aj arrived.
Aj departed
romantic_vampyre:redditor
romantic_vampyre arrived.
romantic_vampyre departed
gettingbetter departed
gettingbetter cam down.
gettingbetter:gettingbetter
gettingbetter arrived.
gettingbetter is cam up
guest-82377 arrived.
guest-82377 departed
tism_the_hedgehog:tism
tism_the_hedgehog arrived.
GASMAN arrived.
negativereality:bitch
negativereality arrived.
GASMAN departed
negativereality departed
negativereality:bitch
negativereality arrived.
negativereality is cam up
negativereality departed
negativereality cam down.
cowherd arrived.
cowherd departed
