sleeyjoe128845 arrived.
sleeyjoe128845 is cam up
sleeyjoe128845 cam down.
sleeyjoe128845 departed
Patriots96 arrived.
Patriots96 departed
jess arrived.
jess departed
fyrebawl arrived.
fyrebawl departed
fyrebawl arrived.
fyrebawl departed
negativereality:bitch
negativereality arrived.
negativereality departed
fyrebawl arrived.
fyrebawl departed
boogs:smiggles
boogs arrived.
boogs departed
edoZ:edos9
edoZ arrived.
edoZ departed
once arrived.
once departed
Nig arrived.
Nig departed
brad2319 arrived.
brad2319 departed
guest-67506:cryoscope
guest-67506 arrived.
guest-67506 departed
gunna arrived.
guest-67540 arrived.
gunna departed
guest-67540 departed
003n arrived.
003n departed
5thDimensionalBeings arrived.
5thDimensionalBeings departed
guest cam down.
MeKLiN cam down.
MeKLiN departed
guest departed
ChanServ departed
Logged in as: terran
Client joined the room: Railgun_bot:85916
Joins: 1:faceheightframe5
Joins: guest:oorgle
Joins: MeKLiN:meklin
MeKLiN is cam up
Jedi:contentsafari
Jedi arrived.
Jedi departed
guest-70252 arrived.
guest-70252 departed
edoZ:edos9
edoZ arrived.
edoZ departed
edoZ:edos9
edoZ arrived.
edoZ departed
guest-70413 arrived.
guest-70413 departed
guest-70420 arrived.
guest-70420 departed
guest is cam up
guest cam down.
guest is cam up
guest-70445:raise
guest-70445 arrived.
guest-70445 departed
guest-70446:raise
guest-70446 arrived.
guest-70446 departed
guest-70447:raise
guest-70447 arrived.
guest-70447 departed
guest-70449:raise
guest-70449 arrived.
guest-70449 departed
ChanServ:raise
ChanServ arrived.
MeKLiN: !acc 
ChanServ: !:! 
ChanServ: !:! 
neon962 arrived.
neon962 departed
day:letmeseesome
day arrived.
PAPLO_PIGGASO:jewdolan9000
PAPLO_PIGGASO arrived.
day: cow poop you alive
MeKLiN: pp
day: good news
day: meth got more cheep
day: in paki land
MeKLiN: lol
MeKLiN: its made by demons
day: soon i will be abale to buy me meth on my own cash
MeKLiN: u should get seeds
MeKLiN: morning glory seeds
MeKLiN: from flowers
day: i am already demon
day: meth is douing nothg
day: to me
MeKLiN: no, only when u are on meth u can see demons
MeKLiN: they are shadow people
MeKLiN: i am in a game.. in dota now
day: nooo it's just pervert thoughts
day: on wallet
day: on walls
day: showing person booty
day: in my case
day: i was in my freind home n he saw sadows
day: n he told me
day: i was lughing
MeKLiN: abutalabashuneba
day: i saw some lady in tv
day: channcle gon
day: mybrain show in tv
day: what ever was my thought
day: lol
day: but thing is i find one meth person in my town last night
day: when i waso n cam
day: this dude have 2 dealer under him working
day: he can get me meth
day: blazy moron was in BMW
day: blazzy got BMWE
day: BMW
day: lol
MeKLiN: abutalabashuneba
guest-70538 arrived.
day: balzy post his vidoe in snapchat
guest-70538 departed
day: he got nice german dog
day: german shpard
day: i think
jackt1983 arrived.
jackt1983 departed
edoZ:edos9
edoZ arrived.
edoZ departed
Slitty_Muted:porterpotty
Slitty_Muted arrived.
Slitty_Muted departed
KoreanRapper arrived.
KoreanRapper departed
edoZ:edos9
edoZ arrived.
edoZ departed
gunna arrived.
gunna departed
jedi:adultvideogames
jedi arrived.
jedi departed
guest-70684 arrived.
guest-70684 departed
ChanServ departed
ChanServ:raise
ChanServ arrived.
YASUFRMTHE40s arrived.
YASUFRMTHE40s is cam up
YASUFRMTHE40s departed
YASUFRMTHE40s cam down.
edoZ:edos9
edoZ arrived.
edoZ departed
edoZ:edos9
edoZ arrived.
edoZ departed
Mac arrived.
Mac departed
guest-70920 arrived.
guest-70920 departed
evice arrived.
evice departed
eggyBee arrived.
eggyBee departed
guest-70991 arrived.
guest-70991 departed
tism_the_hedgehog:tism
tism_the_hedgehog arrived.
tism_the_hedgehog departed
edoZ:edos9
edoZ arrived.
edoZ departed
edoZ:edos9
edoZ arrived.
edoZ departed
Phil arrived.
Phil departed
guest-71053:cryoscope
guest-71053 arrived.
guest-71053 departed
Beast arrived.
Beast is cam up
guest-71069 arrived.
guest-71069 departed
Beast cam down.
Beast departed
Hippo arrived.
Hippo departed
guest-71121 arrived.
guest-71121: hi
day: hi
guest-71121:94391 Changed nick to: carlita
guest-71155 arrived.
guest-71155 departed
carlita departed
GASMAN:ruin
GASMAN arrived.
GASMAN departed
LollipopTits arrived.
LollipopTits departed
day departed
edoZ:edos9
edoZ arrived.
edoZ departed
kellogg arrived.
kellogg departed
play arrived.
play departed
edoZ:edos9
edoZ arrived.
edoZ departed
edoZ:edos9
edoZ arrived.
edoZ departed
CosmicRyder:cosmicryder
CosmicRyder arrived.
CosmicRyder departed
You_Got_aids arrived.
You_Got_aids departed
edoZ:edos9
edoZ arrived.
edoZ departed
guest-71740 arrived.
guest-71740 departed
guest-71758 arrived.
guest-71758 departed
Advantageous_M:advan
Advantageous_M arrived.
Advantageous_M departed
guest-71833 arrived.
guest-71833 departed
Hippo arrived.
Hippo departed
edoZ:edos9
edoZ arrived.
edoZ departed
guest-71989 arrived.
guest-71989 departed
guest-71991 arrived.
guest-71991 is cam up
MeKLiN: lol
MeKLiN: mohamed jihad
MeKLiN: i didnt know you were special forces
guest-71991: Capping some marines today
MeKLiN: where is tenebris at
guest-71991: He's civilian now
guest-71991: Gtg
guest-71991 departed
guest-71991 cam down.
dbunny3:dbunny3
dbunny3 arrived.
dbunny3 departed
bang arrived.
bang departed
DID_U_DISRESPECT_MY_DADDY:weenie
DID_U_DISRESPECT_MY_DADDY arrived.
DID_U_DISRESPECT_MY_DADDY departed
mystlc arrived.
mystlc departed
GASMAN arrived.
GASMAN departed
flirtingWithGasmanDontBan arrived.
flirtingWithGasmanDontBan departed
guest-72260 arrived.
guest-72260 departed
Oakwise:oakwise
Oakwise arrived.
Oakwise departed
einstein2 arrived.
einstein2 departed
Euli:eulalia621
Euli arrived.
Euli departed
Advantageous_M:advan
Advantageous_M arrived.
Advantageous_M departed
edoZ:edos9
edoZ arrived.
edoZ departed
love10 arrived.
love10 departed
dbunny3:dbunny3
dbunny3 arrived.
dbunny3 departed
edoZ:edos9
edoZ arrived.
edoZ departed
Hippo arrived.
Hippo departed
Advantageous_M:advan
Advantageous_M arrived.
Advantageous_M departed
Stanley arrived.
Stanley departed
easya:easya
easya arrived.
easya departed
Advantageous_M:advan
Advantageous_M arrived.
Advantageous_M departed
edoZ:edos9
edoZ arrived.
edoZ departed
SHINIGAMI:headmoderator
SHINIGAMI arrived.
SHINIGAMI departed
MINTY arrived.
MINTY departed
day:letmeseesome
day arrived.
day departed
day:letmeseesome
day arrived.
day: this all morons move other chat
day: foking
day departed
Slitty_Muted:porterpotty
Slitty_Muted arrived.
Slitty_Muted departed
1 departed
1:faceheightframe5
1 arrived.
MeKLiN: nigga
negativereality:bitch
negativereality arrived.
negativereality departed
easya:easya
easya arrived.
easya departed
negativereality:bitch
negativereality arrived.
negativereality is cam up
negativereality departed
negativereality cam down.
jess arrived.
jess departed
edoZ:edos9
edoZ arrived.
edoZ departed
bang arrived.
bang departed
Slitty_Muted:porterpotty
Slitty_Muted arrived.
Slitty_Muted departed
OG_OG:2020rasta
OG_OG arrived.
OG_OG is cam up
guest-73054 arrived.
guest-73054 departed
Apples arrived.
Apples: LOLOLOLOL
Apples: lmfao
Apples: Nice porno
Apples departed
1 departed
Apples arrived.
Apples: pedo pedo pedo nigger pedo pedo pedo nigger pedo pedo pedo nigger pedo pedo pedo nigger pedo pedo pedo nigger pedo pedo pedo nigger pedo pedo pedo nigger pedo pedo pedo nigger pedo pedo pedo nigger pedo pedo pedo nigger pedo pedo pedo nigger pedo pedo pedo nigger pedo pedo pedo nigger pedo pedo pedo nigger pedo pedo pedo nigger pedo pedo pedo nigger pedo pedo pedo nigger pedo pedo pedo nigger pedo pedo pedo nigger pedo pedo pedo nigger
Apples: pedo pedo pedo nigger pedo pedo pedo nigger pedo pedo pedo nigger pedo pedo pedo nigger pedo pedo pedo nigger pedo pedo pedo nigger pedo pedo pedo nigger pedo pedo pedo nigger pedo pedo pedo nigger pedo pedo pedo nigger pedo pedo pedo nigger pedo pedo pedo nigger pedo pedo pedo nigger pedo pedo pedo nigger pedo pedo pedo nigger pedo pedo pedo nigger pedo pedo pedo nigger pedo pedo pedo nigger pedo pedo pedo nigger pedo pedo pedo nigger pedo pedo pedo nigger pedo pedo pedo nigger pedo pedo pedo n
please don't spam/flood the chat
Apples: pedo pedo pedo nigger pedo pedo pedo nigger pedo pedo pedo nigger pedo pedo pedo nigger pedo pedo pedo nigger pedo pedo pedo nigger pedo pedo pedo nigger pedo pedo pedo nigger pedo pedo pedo nigger pedo pedo pedo nigger pedo pedo pedo nigger pedo pedo pedo nigger pedo pedo pedo nigger pedo pedo pedo nigger pedo pedo pedo nigger pedo pedo pedo nigger pedo pedo pedo nigger pedo pedo pedo nigger pedo pedo pedo nigger pedo pedo pedo nigger pedo pedo pedo nigger pedo pedo pedo nigger pedo pedo pedo n
Apples: pedo pedo pedo nigger pedo pedo pedo nigger pedo pedo pedo nigger pedo pedo pedo nigger pedo pedo pedo nigger pedo pedo pedo nigger pedo pedo pedo nigger pedo pedo pedo nigger pedo pedo pedo nigger pedo pedo pedo nigger pedo pedo pedo nigger pedo pedo pedo nigger pedo pedo pedo nigger pedo pedo pedo nigger pedo pedo pedo nigger pedo pedo pedo nigger pedo pedo pedo nigger pedo pedo pedo nigger pedo pedo pedo nigger pedo pedo pedo nigger pedo pedo pedo nigger pedo pedo pedo nigger pedo pedo pedo n
Apples: pedo pedo pedo nigger pedo pedo pedo nigger pedo pedo pedo nigger pedo pedo pedo nigger pedo pedo pedo nigger pedo pedo pedo nigger pedo pedo pedo nigger pedo pedo pedo nigger pedo pedo pedo nigger pedo pedo pedo nigger pedo pedo pedo nigger pedo pedo pedo nigger pedo pedo pedo nigger pedo pedo pedo nigger pedo pedo pedo nigger pedo pedo pedo nigger pedo pedo pedo nigger pedo pedo pedo nigger pedo pedo pedo nigger pedo pedo pedo nigger pedo pedo pedo nigger pedo pedo pedo nigger pedo pedo pedo n
Apples: pedo pedo pedo nigger pedo pedo pedo nigger pedo pedo pedo nigger pedo pedo pedo nigger pedo pedo pedo nigger pedo pedo pedo nigger pedo pedo pedo nigger pedo pedo pedo nigger pedo pedo pedo nigger pedo pedo pedo nigger pedo pedo pedo nigger pedo pedo pedo nigger pedo pedo pedo nigger pedo pedo pedo nigger pedo pedo pedo nigger pedo pedo pedo nigger pedo pedo pedo nigger pedo pedo pedo nigger pedo pedo pedo nigger pedo pedo pedo nigger pedo pedo pedo nigger pedo pedo pedo nigger pedo pedo pedo n
Apples: pedo pedo pedo nigger pedo pedo pedo nigger pedo pedo pedo nigger pedo pedo pedo nigger pedo pedo pedo nigger pedo pedo pedo nigger pedo pedo pedo nigger pedo pedo pedo nigger pedo pedo pedo nigger pedo pedo pedo nigger pedo pedo pedo nigger pedo pedo pedo nigger pedo pedo pedo nigger pedo pedo pedo nigger pedo pedo pedo nigger pedo pedo pedo nigger pedo pedo pedo nigger pedo pedo pedo nigger pedo pedo pedo nigger pedo pedo pedo nigger pedo pedo pedo nigger pedo pedo pedo nigger pedo pedo pedo n
Apples: pedo pedo pedo nigger pedo pedo pedo nigger pedo pedo pedo nigger pedo pedo pedo nigger pedo pedo pedo nigger pedo pedo pedo nigger pedo pedo pedo nigger pedo pedo pedo nigger pedo pedo pedo nigger pedo pedo pedo nigger pedo pedo pedo nigger pedo pedo pedo nigger pedo pedo pedo nigger pedo pedo pedo nigger pedo pedo pedo nigger pedo pedo pedo nigger pedo pedo pedo nigger pedo pedo pedo nigger pedo pedo pedo nigger pedo pedo pedo nigger pedo pedo pedo nigger pedo pedo pedo nigger pedo pedo pedo n
Apples departed
edoZ:edos9
edoZ arrived.
edoZ departed
why_am_i_here arrived.
admin: closed OG_OG
OG_OG cam down.
OG_OG departed
why_am_i_here is cam up
guest-73117 arrived.
guest-73117 departed
MeKLiN: !acc ban lordbaal
SHINIGAMI:headmoderator
SHINIGAMI arrived.
SHINIGAMI departed
Xallum arrived.
Xallum is cam up
Xallum departed
Xallum cam down.
guest-73229 arrived.
guest-73229 departed
why_am_i_here departed
why_am_i_here cam down.
Advantageous_M:advan
Advantageous_M arrived.
edoZ:edos9
edoZ arrived.
edoZ departed
Advantageous_M: https://music.youtube.com/watch?v=S7uc6DjsvKs&feature=share
Advantageous_M departed
negativereality:bitch
negativereality arrived.
negativereality departed
Advantageous_M:advan
Advantageous_M arrived.
Advantageous_M departed
Legend arrived.
Legend departed
skykingrocklee arrived.
skykingrocklee is cam up
skykingrocklee departed
skykingrocklee cam down.
Advantageous_M:advan
Advantageous_M arrived.
Advantageous_M departed
Swifferbeard arrived.
Euli:eulalia621
Euli arrived.
Euli departed
Swifferbeard departed
newname arrived.
newname departed
Slitty_Muted:porterpotty
Slitty_Muted arrived.
Slitty_Muted departed
soya_was_a_construction_wurker arrived.
guest-73590 arrived.
guest-73590 departed
edoZ:edos9
edoZ arrived.
edoZ departed
Euli:eulalia621
Euli arrived.
day:letmeseesome
day arrived.
Euli departed
day departed
1:faceheightframe5
1 arrived.
MeKLiN: !acc ban alenconscountersigned
guest-73681 arrived.
guest-73681 departed
soya_was_a_construction_wurker:111134 Changed nick to: You_Got_aids
You_Got_aids departed
Logged in as: terran
Client joined the room: Railgun_bot:112329
Joins moderator: ChanServ:raise
Joins: PAPLO_PIGGASO:jewdolan9000
Joins: 1:faceheightframe5
Joins: guest:oorgle
Joins: MeKLiN:meklin
guest is cam up
MeKLiN is cam up
ChanServ: alenconscountersigned was eliminated
ChanServ: Allow Cams: False
ChanServ: Allow Cams: True
ChanServ: VIPs only: True
skykingrocklee arrived.
tender arrived.
skykingrocklee departed
tender departed
ChanServ: alenconscountersigned was eliminated
meansoda arrived.
Advantageous_M:advan
Advantageous_M arrived.
meansoda departed
Advantageous_M departed
Toki40k arrived.
meansoda arrived.
Toki40k departed
meansoda departed
IIIO_OIII:pathfinder
IIIO_OIII arrived.
IIIO_OIII departed
Advantageous_M:advan
Advantageous_M arrived.
AQUILA arrived.
Advantageous_M departed
AQUILA departed
Advantageous_M:advan
Advantageous_M arrived.
Advantageous_M departed
niceguy:notagoodperson
niceguy arrived.
guest-73816 arrived.
niceguy departed
guest-73816 departed
negativereality:bitch
negativereality arrived.
negativereality departed
IIIO_OIII:pathfinder
IIIO_OIII arrived.
negativereality:bitch
negativereality arrived.
chess arrived.
chess departed
negativereality is cam up
negativereality departed
negativereality cam down.
PAPLO_PIGGASO departed
edoZ:edos9
edoZ arrived.
edoZ departed
IIIO_OIII departed
edoZ:edos9
edoZ arrived.
edoZ departed
Euli:eulalia621
Euli arrived.
Euli departed
Patricius_Vulpes:baronharkonnen
Patricius_Vulpes arrived.
Patricius_Vulpes departed
kellogg arrived.
kellogg departed
IIIO_OIII:pathfinder
IIIO_OIII arrived.
IIIO_OIII departed
IIIO_OIII:pathfinder
IIIO_OIII arrived.
IIIO_OIII departed
IIIO_OIII:pathfinder
IIIO_OIII arrived.
IIIO_OIII departed
GASMAN arrived.
GASMAN departed
jedi:adultvideogames
jedi arrived.
jedi departed
pururin arrived.
ChanServ banned pururin
pururin departed
ChanServ: lolienjoyer is banned account, only known accounts allowed in VIP Mode.
Yeah:pathfinder
Yeah arrived.
Yeah departed
MeKLiN cam down.
MeKLiN departed
MeKLiN:meklin
MeKLiN arrived.
MeKLiN departed
MeKLiN:meklin
MeKLiN arrived.
MeKLiN departed
MeKLiN:meklin
MeKLiN arrived.
MeKLiN is cam up
Legend arrived.
Legend departed
edoZ:edos9
edoZ arrived.
edoZ departed
Slitty_Muted:porterpotty
Slitty_Muted arrived.
Slitty_Muted departed
angora:angora
angora arrived.
angora departed
guest-74613 arrived.
guest-74613 departed
blacklivesdontmatter:bongdemon420
blacklivesdontmatter arrived.
blacklivesdontmatter: !whoisbot 
blacklivesdontmatter departed
edoZ:edos9
edoZ arrived.
edoZ departed
junbp arrived.
tism_the_hedgehog:tism
tism_the_hedgehog arrived.
junbp:119366 Changed nick to: pinkdick
pinkdick departed
tism_the_hedgehog departed
guest-74716 arrived.
guest-74716 departed
guest-74774 arrived.
guest-74774 departed
Legend arrived.
Legend departed
