Stanford_Graduate:pussyman
Stanford_Graduate arrived.
Stanford_Graduate departed
Jenny arrived.
Jenny departed
Euli:eulalia621
Euli arrived.
CosmicRyder:cosmicryder
CosmicRyder arrived.
rarawantstobeacheerleader arrived.
rarawantstobeacheerleader departed
Euli departed
CosmicRyder departed
GASMAN arrived.
aoki departed
aoki cam down.
guest-50452 arrived.
guest-50452 is cam up
ChanServ: closed guest-50452
guest-50452 cam down.
ChanServ: ASK A MOD TO TYPE !ALLOWCAM7 or whisper the secret password to Railgun_bot
yungjoka11 arrived.
yungjoka11 departed
guest-50452 departed
aoki arrived.
aoki departed
aoki arrived.
aoki is cam up
ChanServ: closed aoki
aoki cam down.
ChanServ: ASK A MOD TO TYPE !ALLOWCAM7 or whisper the secret password to Railgun_bot
ChanServ: Allow Cams: True
aoki is cam up
GASMAN departed
GASMAN arrived.
GASMAN: who dm'd me
aoki: 秘密を教えてもらえますか？
MeKLiN: not me
MeKLiN: but
ChanServ: Allow Cams: False
MeKLiN: watch this
MeKLiN: !z123 
ChanServ: Allow Cams: True
MeKLiN: 30 second window
ChanServ: Allow Cams: False
illegal_massage arrived.
ChanServ banned illegal_massage
illegal_massage departed
ChanServ: smellslikepubes is banned account, only known accounts allowed in VIP Mode.
guest-50558 arrived.
ChanServ banned guest-50558
guest-50558 departed
ChanServ: michaelvivo is banned account, only known accounts allowed in VIP Mode.
it_doesnt_get_better arrived.
it_doesnt_get_better: this is the better room
guest-50602:cryoscope
guest-50602 arrived.
it_doesnt_get_better departed
guest-50602 departed
skyemuted:bitch
skyemuted arrived.
skyemuted is cam up
ChanServ: closed skyemuted
skyemuted cam down.
ChanServ: ASK A MOD TO TYPE !ALLOWCAM7 or whisper the secret password to Railgun_bot
skyemuted: what hec
Dontay arrived.
Dontay: Meklin can I fuck yo daughter
Dontay: Where that lil bitch at
skyemuted departed
ChanServ: marlo was eliminated
ChanServ banned Dontay
Dontay departed
ChanServ: 
 🍻 1 minute until the cheers.. . type !cheers in the box to still join in!
ChanServ: 
 🍻 MeKLiN, ya called cheers 1 minute ago and nobody joined in.. . oh well *CHEERS*
MeKLiN departed
MeKLiN cam down.
MeKLiN:meklin
MeKLiN arrived.
MeKLiN is cam up
ChanServ: closed MeKLiN
MeKLiN cam down.
ChanServ: ASK A MOD TO TYPE !ALLOWCAM7 or whisper the secret password to Railgun_bot
MeKLiN: !z123 
ChanServ: Allow Cams: True
MeKLiN departed
MeKLiN:meklin
MeKLiN arrived.
MeKLiN is cam up
ChanServ: Allow Cams: False
MeKLiN: !pmme 
MeKLiN: !whiteknight muted
crimson arrived.
ChanServ banned crimson
crimson departed
MeKLiN: oo
ChanServ: crimzimmy is banned account, only known accounts allowed in VIP Mode.
ChanServ: (0) crimson:crimzimmy [4043]
ChanServ: No banlist matches.
MeKLiN: !hyde 
motoaccident arrived.
motoaccident departed
MeKLiN: !nigger aokii
MeKLiN: !nigger aoki
MeKLiN: railgun needs an upgrade
MeKLiN: since it wont accept pms, i am not sure if it ever did
yrrah:thebeach
yrrah arrived.
yrrah departed
CHEN:gatsby
CHEN arrived.
CHEN departed
yrrah:thebeach
yrrah arrived.
yrrah departed
God:godlyneckbeard
God arrived.
God departed
wutang:jaywalk
wutang arrived.
wutang departed
GASMAN departed
aoki departed
aoki cam down.
GASMAN arrived.
Spencer arrived.
Spencer departed
Kamekura:tamotsu
Kamekura arrived.
Kamekura departed
blamekoda arrived.
blamekoda departed
blamekoda arrived.
blamekoda departed
GASMAN departed
guest-51013 arrived.
guest-51013 is cam up
ChanServ: closed guest-51013
guest-51013 cam down.
ChanServ: ASK A MOD TO TYPE !ALLOWCAM7 or whisper the secret password to Railgun_bot
guest-51013 departed
guest-51024 arrived.
guest-51024 departed
Legend arrived.
Legend departed
ChanServ: Allow Cams: True
Legend arrived.
Legend departed
silver_muted arrived.
silver_muted is cam up
silver_muted: i wish i could hire a person to get my job done
silver_muted: or clone myself
silver_muted: if its possible
silver_muted: clone my brain as well
MeKLiN: oh what job
silver_muted: strategic management
silver_muted: i usually do presentation and excel for business plans
silver_muted: something like that
silver_muted: so have to create fresh ideas
silver_muted: and the worse part is - coffee doesnt work anymore
edoZ:edos9
edoZ arrived.
edoZ departed
silver_muted: imma take nootropic pills soon
MeKLiN: sounds gay
silver_muted: lol ikr
MeKLiN: ginkgo is good
silver_muted: lol
silver_muted: we have ginko capsules
silver_muted: but idk, never tried
MeKLiN: its like cocaine a little
silver_muted: ive tried kratom leaves
silver_muted: it's a replacement for opium
silver_muted: and damiana leaves
silver_muted: for anxiety
MeKLiN: i wouldnt mess with it
silver_muted: what are you watching?
MeKLiN: https://www.youtube.com/watch?v=c6tYJW6GGx0
MeKLiN: i do what he does but i yell at a players
MeKLiN: not make video
silver_muted: lol
silver_muted: it looks like walkthru
MeKLiN: yeah but siomple concepts must be relearned sometime
MeKLiN: he can also teach me what i know in a different way
MeKLiN: so i can tell idiots easier
silver_muted: lol
silver_muted: ok
guest-51168 arrived.
guest-51171 arrived.
ChanServ banned guest-51171
guest-51171 departed
ChanServ: shiroza is banned account, only known accounts allowed in VIP Mode.
guest-51168 departed
angelstr arrived.
ChanServ banned angelstr
angelstr departed
ChanServ: angelstr is banned account, only known accounts allowed in VIP Mode.
PalePeanuts arrived.
PalePeanuts departed
guest-51192 arrived.
ChanServ banned guest-51192
guest-51192 departed
ChanServ: thumenorsitopitter is banned account, only known accounts allowed in VIP Mode.
Berserker_King:pickett710
Berserker_King arrived.
Berserker_King: WoW this room is dead because GASMAN sucks off Ortho.
Berserker_King departed
Berserker_King:pickett710
Berserker_King arrived.
Berserker_King: Meklin can't afford child support or headphones...
Berserker_King: Weed or a haircut...
ChanServ: Allow Cams: False
bewitched arrived.
ChanServ banned bewitched
bewitched departed
ChanServ: bewitched is banned account, only known accounts allowed in VIP Mode.
guest-51198 arrived.
ChanServ banned guest-51198
guest-51198 departed
ChanServ: manoj143 is banned account, only known accounts allowed in VIP Mode.
Berserker_King: Meklin owes 30K in child support...
BrooklynEBK arrived.
ChanServ banned BrooklynEBK
BrooklynEBK departed
ChanServ: chisavfth is banned account, only known accounts allowed in VIP Mode.
Berserker_King is cam up
ChanServ: closed Berserker_King
Berserker_King cam down.
Berserker_King: SYSTEM2:03:01 AM
ChanServ: closed Berserker_King
Moonwing arrived.
Berserker_King: Oh no you didn't allow me to cam up in a dead room Meklin...
Berserker_King departed
kilmenow arrived.
kilmenow departed
edoZ:edos9
edoZ arrived.
easya:easya
easya arrived.
edoZ departed
champ420 arrived.
champ420 departed
easya departed
easya:easya
easya arrived.
wer arrived.
wer departed
easya departed
Moonwing departed
guest-51275 arrived.
guest-51275:1157127 Changed nick to: omginterweb
omginterweb: im farde m pant an  pood
omginterweb: :[
omginterweb departed
gary:trololololol
gary arrived.
mystlc arrived.
mystlc departed
gary departed
guest-51305 arrived.
ChanServ banned guest-51305
guest-51305 departed
ChanServ: rishon is banned account, only known accounts allowed in VIP Mode.
Slitty_Muted:porterpotty
Slitty_Muted arrived.
Slitty_Muted departed
guest-51338 arrived.
ChanServ banned guest-51338
guest-51338 departed
ChanServ: torealty is banned account, only known accounts allowed in VIP Mode.
thuglife arrived.
easya:easya
easya arrived.
guest-51375 arrived.
easya departed
thuglife: yo silver you are cute baby
guest-51375 is cam up
ChanServ: closed guest-51375
guest-51375 cam down.
Lero arrived.
ChanServ: ASK A MOD TO TYPE !ALLOWCAM7 or whisper the secret password to Railgun_bot
Lero departed
guest-51375 departed
guest-51382 arrived.
guest-51382 is cam up
ChanServ: closed guest-51382
guest-51382 cam down.
ChanServ: ASK A MOD TO TYPE !ALLOWCAM7 or whisper the secret password to Railgun_bot
guest-51382 departed
thuglife: yo silver
easya:easya
easya arrived.
thuglife: you very cute
easya departed
thuglife: yo silverare you real?
thuglife: is silver real or video?
bermingxx:bermingxx
bermingxx arrived.
bermingxx is cam up
ChanServ: closed bermingxx
bermingxx cam down.
ChanServ: ASK A MOD TO TYPE !ALLOWCAM7 or whisper the secret password to Railgun_bot
guest-51405 arrived.
ChanServ banned guest-51405
guest-51405 departed
ChanServ: jjcool is banned account, only known accounts allowed in VIP Mode.
thuglife: yo chanserv
bermingxx departed
bermingxx:bermingxx
bermingxx arrived.
bermingxx is cam up
ChanServ: closed bermingxx
bermingxx cam down.
ChanServ: ASK A MOD TO TYPE !ALLOWCAM7 or whisper the secret password to Railgun_bot
thuglife departed
bermingxx departed
bermingxx:bermingxx
bermingxx arrived.
bermingxx is cam up
ChanServ: closed bermingxx
bermingxx cam down.
ChanServ: ASK A MOD TO TYPE !ALLOWCAM7 or whisper the secret password to Railgun_bot
bermingxx departed
ChanServ: VIPs only: False
ChanServ: Allow Cams: True
guest-51425 arrived.
guest-51425 departed
it_doesnt_get_better arrived.
BunionSoupMix420 arrived.
BunionSoupMix420 is cam up
guest-51452 arrived.
guest-51452 is cam up
BunionSoupMix420 departed
BunionSoupMix420 cam down.
edoZ:edos9
edoZ arrived.
edoZ departed
guest-51452 departed
guest-51452 cam down.
GASMAN arrived.
it_doesnt_get_better is cam up
bermingxx:bermingxx
bermingxx arrived.
guest-51471 arrived.
guest-51471: Hii
bermingxx is cam up
ChanServ: closed bermingxx
bermingxx cam down.
ChanServ: bermingxx is being abused by mods
ChanServ kicked bermingxx
bermingxx departed
guest-51471 departed
guest-51475 arrived.
guest-51475 is cam up
guest-51475 cam down.
guest-51475 departed
Repopulator arrived.
Repopulator is cam up
guest-51488 arrived.
Repopulator departed
Repopulator cam down.
guest-51488 departed
guest-51496 arrived.
guest-51496 departed
guest-51505:easya
guest-51505 arrived.
CherryPoppa arrived.
guest-51505 departed
guest-51510:easya
guest-51510 arrived.
CherryPoppa: easya is a cam jerker
guest-51512 arrived.
guest-51510 departed
CherryPoppa departed
guest-51512 departed
Ger:figarooo
Ger arrived.
Ger: Fuck you meklin
Ger departed
guest-51561 arrived.
guest-51561 departed
kz arrived.
paxil arrived.
kz departed
Moonwing arrived.
Moonwing departed
003n arrived.
003n departed
paxil departed
it_doesnt_get_better: lmao franklin trying to kill a turkey with electricity
WEENIE:weenie
WEENIE arrived.
bermingxx:bermingxx
bermingxx arrived.
WEENIE departed
bermingxx is cam up
ChanServ: closed bermingxx
bermingxx cam down.
ChanServ: bermingxx is being abused by mods
ChanServ kicked bermingxx
bermingxx departed
it_doesnt_get_better: stop banning sari
MeKLiN: fuck you
it_doesnt_get_better: ?
WEENIE:weenie
WEENIE arrived.
MeKLiN: maori owns this room
WEENIE: lol
WEENIE: i better go then because he hates me!
it_doesnt_get_better: he hates everyone
goodkid16 arrived.
goodkid16 is cam up
goodkid16 cam down.
WEENIE departed
guest-51624 arrived.
guest-51624 departed
goodkid16 departed
letmesolox69 arrived.
letmesolox69 departed
MeKLiN: lol u can move items faster in diablo on my wuidiows
GASMAN: down syndrome
thisisme arrived.
thisisme is cam up
GASMAN departed
guest-51671 arrived.
guest-51671 departed
MeKLiN: what name got banned
guest-51691 arrived.
guest-51691 is cam up
guest-51691 cam down.
guest-51691 is cam up
guest-51691 cam down.
guest-51691 departed
ChanServ: Account: sowek19287 was trying to get our room closed by the tinychat admins!
guest-51708 arrived.
guest-51708 departed
guest-51718 arrived.
guest-51718 departed
bermingxx:bermingxx
bermingxx arrived.
kz arrived.
bermingxx is cam up
ChanServ: closed bermingxx
bermingxx cam down.
ChanServ: bermingxx is being abused by mods
ChanServ kicked bermingxx
bermingxx departed
kz departed
kz arrived.
kz departed
GASMAN arrived.
Salute arrived.
admin: closed thisisme
thisisme cam down.
Salute is cam up
BunionSoupMix420 arrived.
BunionSoupMix420 is cam up
Beerpro arrived.
Beerpro is cam up
it_doesnt_get_better: he is so hot
guest-51778 arrived.
guest-51778 is cam up
it_doesnt_get_better: im n love with him
Salute departed
Salute cam down.
Legend arrived.
guest-51787 arrived.
guest-51787 departed
thisisme departed
Beerpro cam down.
Beerpro departed
guest-51778 cam down.
guest-51778 is cam up
guest-51778 departed
guest-51778 cam down.
BunionSoupMix420 departed
BunionSoupMix420 cam down.
PalePeanuts arrived.
PalePeanuts departed
Legend departed
guest-51823 arrived.
guest-51826 arrived.
Euli:eulalia621
Euli arrived.
guest-51823 is cam up
Euli departed
guest-51826 is cam up
guest-51823 cam down.
guest-51823: Howdy
it_doesnt_get_better: gasman here to flee logic
it_doesnt_get_better: run away
guest-51823 is cam up
guest-51823 departed
guest-51823 cam down.
guest-51837 arrived.
guest-51837 departed
guest-51826 departed
guest-51826 cam down.
guest-51853 arrived.
guest-51853 is cam up
guest-51853 cam down.
guest-51853 departed
it_doesnt_get_better cam down.
crimson arrived.
crimson departed
it_doesnt_get_better is cam up
guest-51875 arrived.
GASMAN: huh
guest-51876 arrived.
silver_muted cam down.
guest-51875 departed
guest-51876 departed
God:godlyneckbeard
God arrived.
God departed
guest-51904 arrived.
guest-51904:1161399 Changed nick to: COTA710
COTA710 departed
guest-51918 arrived.
guest-51918 departed
paxil arrived.
paxil departed
simp arrived.
simp departed
guest-51938 arrived.
guest-51938 is cam up
admin: closed guest-51938
guest-51938 cam down.
guest-51938 departed
guest-51966 arrived.
guest-51966 is cam up
bitionist arrived.
bitionist departed
guest-51966 cam down.
guest-51966 departed
bbc123 arrived.
bbc123 departed
bermingxx:bermingxx
bermingxx arrived.
bermingxx is cam up
ChanServ: closed bermingxx
bermingxx cam down.
ChanServ: bermingxx is being abused by mods
ChanServ kicked bermingxx
bermingxx departed
gooch arrived.
MeKLiN: lol
gooch: this room felll off smh
gooch departed
justwanking:smiggles
justwanking arrived.
justwanking departed
guest-52024 arrived.
guest-52024:1162179 Changed nick to: COTA710
COTA710 departed
cardb69 arrived.
cardb69 departed
bermingxx:bermingxx
bermingxx arrived.
bermingxx departed
guest-52077 arrived.
guest-52077 departed
guest-52107 arrived.
guest-52107 departed
it_doesnt_get_better departed
it_doesnt_get_better cam down.
aoki arrived.
aoki is cam up
silverb arrived.
silverb is cam up
silverb departed
silverb cam down.
tism_the_hedgehog:tism
tism_the_hedgehog arrived.
Euli:eulalia621
Euli arrived.
Euli departed
Euli:eulalia621
Euli arrived.
Euli departed
Stanford_Graduate:pussyman
Stanford_Graduate arrived.
Stanford_Graduate departed
vis10n arrived.
vis10n departed
bedchatter arrived.
bedchatter departed
Euli:eulalia621
Euli arrived.
Euli departed
justwanking:smiggles
justwanking arrived.
justwanking departed
bedchatter arrived.
1:faceheightframe5
1 arrived.
bedchatter is cam up
bedchatter cam down.
Smashy arrived.
Smashy departed
silver_muted departed
honeylian arrived.
honeylian departed
GASMAN departed
bermingxx:bermingxx
bermingxx arrived.
bermingxx departed
bermingxx:bermingxx
bermingxx arrived.
bermingxx departed
dc:dcg
dc arrived.
dc departed
cardb69 arrived.
cardb69 departed
cardb69 arrived.
cardb69 departed
cardb69 arrived.
cardb69 departed
braceface arrived.
braceface departed
Pigger arrived.
Pigger departed
GASMAN arrived.
GASMAN departed
robot9000 arrived.
robot9000 departed
einstein2 arrived.
einstein2 departed
Stanford_Graduate:pussyman
Stanford_Graduate arrived.
Stanford_Graduate departed
Jerk:momus
Jerk arrived.
Jerk departed
tism_the_hedgehog departed
Euli:eulalia621
Euli arrived.
Euli departed
Euli:eulalia621
Euli arrived.
Euli departed
wavellite arrived.
wavellite departed
jeblee333:jeblee333
jeblee333 arrived.
jeblee333 departed
jeblee333:jeblee333
jeblee333 arrived.
jeblee333 departed
yrrah:thebeach
yrrah arrived.
yrrah departed
jeblee333:jeblee333
jeblee333 arrived.
jeblee333 departed
angora:angora
angora arrived.
angora: beep boop
angora departed
Cuck arrived.
IIIO_OIII:pathfinder
IIIO_OIII arrived.
IIIO_OIII departed
guest-53410 arrived.
guest-53410 departed
guest-53413 arrived.
guest-53413 departed
guest-53437 arrived.
guest-53437:1171131 Changed nick to: REDABACUS
REDABACUS departed
paxil arrived.
paxil departed
paxil arrived.
paxil departed
1 departed
DUFUS:jewdolan9000
DUFUS arrived.
IIIO_OIII:pathfinder
IIIO_OIII arrived.
IIIO_OIII departed
DUFUS departed
tism_the_hedgehog:tism
tism_the_hedgehog arrived.
erdingerab arrived.
erdingerab departed
tism_the_hedgehog departed
Nig arrived.
Nig departed
erdingerab arrived.
erdingerab departed
sigga:davidhermanus
sigga arrived.
sigga departed
sigga:davidhermanus
sigga arrived.
sigga departed
1:faceheightframe5
1 arrived.
1 departed
guest-53663 arrived.
guest-53663 departed
ahmadggg arrived.
ahmadggg departed
clear arrived.
clear departed
Uniqlo_model:rightinthekissa
Uniqlo_model arrived.
Uniqlo_model departed
erdingerab arrived.
erdingerab departed
Cuck is cam up
guest-53729 arrived.
yrrah:thebeach
yrrah arrived.
guest-53729 is cam up
guest-53729 cam down.
guest-53729 departed
yrrah departed
angora:angora
angora arrived.
angora departed
erdingerab arrived.
erdingerab departed
guest-53788 arrived.
guest-53788 departed
day:letmeseesome
day arrived.
day: https://9gag.com/gag/aAGmym2
day departed
erdingerab arrived.
erdingerab departed
guest-53845 arrived.
guest-53845 departed
guest-53855 arrived.
guest-53855 departed
guest-53867 arrived.
guest-53867 departed
guest-53912 arrived.
day:letmeseesome
day arrived.
guest-53912 departed
guest-53921 arrived.
day departed
guest-53921: hey guys whats up
guest-53921: when i click start broadcast
guest-53921: it just doesn't load any media settings
guest-53921: just gets stuck
guest-53921: i forgot what i need to do to fix that
guest-53921 departed
guest-53942 arrived.
guest-53942:1174366 Changed nick to: NOHABLOINGLES
NOHABLOINGLES: i installed a script but that didn't help
NOHABLOINGLES: anyone want to help me?
NOHABLOINGLES departed
guest-53948 arrived.
guest-53948: oh really the script is compromised?
guest-53948 departed
guest-53971 arrived.
guest-53971 departed
guest-53981 arrived.
guest-53981 departed
guest-53995 arrived.
guest-53995 departed
guest-54015 arrived.
guest-54015 departed
SANkemadeowmansuiicidesohappy arrived.
SANkemadeowmansuiicidesohappy departed
guest-54084 arrived.
guest-54084 departed
9472 arrived.
9472 departed
GASMAN arrived.
GASMAN departed
guest-54188 arrived.
Euli:eulalia621
Euli arrived.
guest-54188 departed
Euli departed
MasterP:petepete
MasterP arrived.
MasterP is cam up
Slitty_Muted:porterpotty
Slitty_Muted arrived.
Slitty_Muted departed
guest-54229 arrived.
guest-54229 departed
Euli:eulalia621
Euli arrived.
Euli departed
Euli:eulalia621
Euli arrived.
Euli departed
Euli:eulalia621
Euli arrived.
Euli departed
Fuhrer arrived.
Fuhrer departed
Euli:eulalia621
Euli arrived.
Euli departed
IIIO_OIII:pathfinder
IIIO_OIII arrived.
IIIO_OIII departed
bedchatter departed
MasterP departed
MasterP cam down.
Negus arrived.
Negus departed
soyasauce:soyasauce
soyasauce arrived.
soyasauce departed
Euli:eulalia621
Euli arrived.
Euli departed
snoo2 arrived.
snoo2 departed
Cuck cam down.
Cuck is cam up
fyrebawl arrived.
fyrebawl departed
aoki cam down.
aoki departed
guest-54515 arrived.
guest-54515 departed
guest-54525 arrived.
guest-54525 is cam up
guest-54525 departed
guest-54525 cam down.
Pigger arrived.
Pigger departed
IIIO_OIII:pathfinder
IIIO_OIII arrived.
IIIO_OIII departed
Pigger arrived.
Pigger departed
wutang:jaywalk
wutang arrived.
wutang departed
guest-54800 arrived.
guest-54800 departed
day:letmeseesome
day arrived.
day departed
Euli:eulalia621
Euli arrived.
chromehearted:chr0mehearted
chromehearted arrived.
chromehearted: day?
chromehearted: is day here
Euli departed
chromehearted: @ day , im looking for u
chromehearted: also hi meklin hope u have a great day! <3
MeKLiN: ty u2
chromehearted departed
dbunny3:dbunny3
dbunny3 arrived.
dbunny3 departed
dbunny3:dbunny3
dbunny3 arrived.
dbunny3 departed
day:letmeseesome
day arrived.
day departed
forklifter arrived.
forklifter departed
day:letmeseesome
day arrived.
day departed
edoZ:edos9
edoZ arrived.
edoZ departed
ArchieDixon arrived.
ArchieDixon departed
guest-55079 arrived.
guest-55079 departed
day:letmeseesome
day arrived.
guest-55171 arrived.
guest-55171 departed
guest-55174 arrived.
guest-55174 departed
guest-55175 arrived.
guest-55175: Someone tell euphoria and liberty to
guest-55175: Unban me
guest-55175 is cam up
guest-55175: Ur mother
wraipist arrived.
ChanServ: silentrick was eliminated
ChanServ banned guest-55175
guest-55175 departed
guest-55175 cam down.
MeKLiN: wrong answer
wraipist departed
day departed
BigDaddyChill arrived.
BigDaddyChill departed
cosmo arrived.
cosmo departed
d0k arrived.
d0k is cam up
d0k departed
d0k cam down.
Kermit arrived.
Kermit departed
glowtray arrived.
glowtray departed
Slitty_Muted:porterpotty
Slitty_Muted arrived.
Slitty_Muted departed
motoaccident arrived.
motoaccident departed
Icedragon arrived.
Icedragon is cam up
Icedragon departed
Icedragon cam down.
Haak arrived.
Haak departed
MeKLiN: archive.org/details/MEKLINMETHOD
guest-55490:cancers
guest-55490 arrived.
soyasauce:soyasauce
soyasauce arrived.
guest-55490 departed
soyasauce departed
guest-55518 arrived.
guest-55518 is cam up
guest-55518 cam down.
guest-55518 is cam up
guest-55518 departed
guest-55518 cam down.
guest-55575 arrived.
guest-55575 departed
muted departed
muted cam down.
guest-55609 arrived.
guest-55609 departed
sweetbunny arrived.
sweetbunny: What game is this??
sweetbunny: WE HIT 3K!!! ♥ Follow ♥ https://www.twitch.tv/sweetbunnie ♥ Share ♥ 87 followers away from 3.1k!!!
sweetbunny departed
muted arrived.
muted is cam up
Euli:eulalia621
Euli arrived.
Euli departed
Pigger arrived.
Pigger departed
Euli:eulalia621
Euli arrived.
day:letmeseesome
day arrived.
day: https://img-9gag-fun.9cache.com/photo/arndWR5_460svav1.mp4
1:faceheightframe5
1 arrived.
Euli departed
erdingerab arrived.
erdingerab departed
Godless arrived.
Godless departed
edoZ:edos9
edoZ arrived.
edoZ departed
day departed
Euli:eulalia621
Euli arrived.
Euli departed
edoZ:edos9
edoZ arrived.
edoZ departed
niceguy:notagoodperson
niceguy arrived.
Euli:eulalia621
Euli arrived.
niceguy: Fuck, wish I was gaming rn
outofbatteries:adultvideogames
outofbatteries arrived.
paxil arrived.
paxil departed
OSP arrived.
OSP departed
Hippo arrived.
Hippo departed
outofbatteries departed
outofbatteries:adultvideogames
outofbatteries arrived.
outofbatteries:8372 Changed nick to: AedolfHipster
muted departed
muted cam down.
AedolfHipster is cam up
muted arrived.
muted is cam up
IIIO_OIII:pathfinder
IIIO_OIII arrived.
IIIO_OIII departed
Euli departed
day:letmeseesome
day arrived.
AntGangTSGH:white
AntGangTSGH arrived.
AntGangTSGH: Join 10k+ Member Discord Server Huge VCs 10+ packed channels + loads of girls pornstars and troll vibes are allowed. https://discord.gg/YT4H3rcg
AntGangTSGH departed
day departed
ijolly arrived.
ijolly departed
it_doesnt_get_better arrived.
it_doesnt_get_better: hey nigra
it_doesnt_get_better: why are you in here?
niceguy: Don't like the other room
niceguy departed
it_doesnt_get_better: same
it_doesnt_get_better: ortho is a cuck
it_doesnt_get_better: simps all those nasty slags
it_doesnt_get_better is cam up
it_doesnt_get_better cam down.
silverb arrived.
it_doesnt_get_better is cam up
guest-56203 arrived.
silverb is cam up
guest-56203 departed
silverb departed
silverb cam down.
guest-56226 arrived.
guest-56226 departed
wutang:jaywalk
wutang arrived.
wutang is cam up
wutang: lol meklin u look diff
it_doesnt_get_better: sup wutang
it_doesnt_get_better: banned? lol
wutang: hi oda
wutang: no
wutang: ur banned?
it_doesnt_get_better: oh you just come here still
it_doesnt_get_better: based
it_doesnt_get_better: no i dont like it there
wutang: its almost the same but diff
wutang: i liked gasmans room better
wutang: but less people now
it_doesnt_get_better: yeah gasman was a better admin
it_doesnt_get_better: ortho sucks
wutang: there were a few hating on gasman though for idk what reason
it_doesnt_get_better: that retarded humiliation thing was sooo fucking cringe
it_doesnt_get_better: the big reveal
Nig arrived.
it_doesnt_get_better: im not going to chat in a room with an admin with 70 iq
Nig departed
wutang: the only person i cant really stand is weenie
it_doesnt_get_better: lmfaoooo
wutang: hes just cringe
it_doesnt_get_better: i normally have weenie muted
it_doesnt_get_better: yes he is
it_doesnt_get_better: but harmless
it_doesnt_get_better: i mute him instantly lol
it_doesnt_get_better: i mute a lot of people lol
wutang: maori hides everyone than talks to himself
it_doesnt_get_better: i do the same
wutang: no u dont oda lol
it_doesnt_get_better: well i dont talk to myself lol
it_doesnt_get_better: but i muted and hide nearly all cams in the other room
wutang: idk i dont like hiding people
it_doesnt_get_better: lol maori
it_doesnt_get_better: maori is funny
wutang: how so
it_doesnt_get_better: oh jedi is in here too?
it_doesnt_get_better: do you hear maori rn
wutang: hes kind of soft
wutang: am i still on ignore maori?
wutang: he likes to put me on ignore because i trolled him
it_doesnt_get_better: wutang you could kick maori's ass
it_doesnt_get_better: he puts me on ignore for no reason
wutang: it would be a good fight
it_doesnt_get_better: which girl should i date
wutang: u turn lesbian?
it_doesnt_get_better: no i just like dating sims
it_doesnt_get_better: visual novels
wutang: i wonder how koss is doing
it_doesnt_get_better: same
it_doesnt_get_better: wish he would come back to chat
wutang: lol
wutang: u miss him?
it_doesnt_get_better: no lol
it_doesnt_get_better: he is a lolcow
Slitty_Muted:porterpotty
Slitty_Muted arrived.
it_doesnt_get_better: martial tier
Slitty_Muted departed
wutang: idk they went too hard on martial
it_doesnt_get_better: why i left tbh
wutang: he was sperging out on me yesterday
it_doesnt_get_better: i hate martial too but that is too far
it_doesnt_get_better: and to have mods/admins behaving like that.... cringe
wutang: then i went into hell, and cosimic rider that fag said oh look r9k is coming in here then scurrying back to report
it_doesnt_get_better: ortho is a soya simp, the only reason it was allowed
wutang: cosmic isnt even a hell chatter
it_doesnt_get_better: cosmicryder was the only person that i saw say it was wrong
it_doesnt_get_better: everyone else was just laughing
wutang: ortho said something like martial doxed 4 chatters
it_doesnt_get_better: i think cosmic only said it was wrong to look like he is a good person
wutang: idk how valid this is
it_doesnt_get_better: yeah they are making up lies to justify their shitty behavior
wutang: oh whatever oda u have some bad behavior urself
it_doesnt_get_better: it's just cringe
it_doesnt_get_better: ortho dmd about it
it_doesnt_get_better: yes I am guilty of doxxing koss
it_doesnt_get_better: but i did it to be permabanned
it_doesnt_get_better: i didnt send tannies to his house
it_doesnt_get_better: or call his landlord
it_doesnt_get_better: or send food orders
wutang: they didnt do that
it_doesnt_get_better: i didnt show pics of his family either
wutang: yea thats kind of going too far
AedolfHipster: martial threatened to kill multiple people on tinychat and this is probably what's going to push him over the edge
wutang: but u did give out his addy
it_doesnt_get_better: or make my profile pics of his family
wutang: so people could send him stuff
it_doesnt_get_better: yeah he chats under his full name...it was  a google search
it_doesnt_get_better: i mean it doesnt make it right by any means
wutang: martial is unhinged rn
it_doesnt_get_better: but the martial dox and koss dox are not on the same level
wutang: i think he quit tc for a bigt
wutang: lemme check hell
it_doesnt_get_better: he should
wutang departed
wutang cam down.
Legend arrived.
wutang:jaywalk
wutang arrived.
wutang: yup
it_doesnt_get_better: legend which one should i date
wutang: hes not on
it_doesnt_get_better: he's working
wutang: idk if he has a job
wutang: he claims he did but ortho called him out recently on it and when i think about it
wutang: he was always on
it_doesnt_get_better: i like the one with dark hair and big boobs she is shy and smart but i also like the short one because shes tsundere
Legend: https://assets.bwbx.io/images/users/iqjWHBFdfxIU/igWxmNhos.Ro/v1/800x-1.jpg beta
wutang: i miss john note
it_doesnt_get_better: me too
it_doesnt_get_better: i hope he has a comfy bed there
wutang: is he really inside asylum?
it_doesnt_get_better: im guessing he is
it_doesnt_get_better: he would have stopped to chat if he wasnt locked up
AntGangTSGH:white
AntGangTSGH arrived.
AntGangTSGH: Join 10k+ Member Discord Server Huge VCs 10+ packed channels + loads of girls pornstars and troll vibes are allowed. https://discord.gg/YT4H3rcg
AntGangTSGH departed
wutang: is he in jail or asylum?....
wutang: o.o
wutang: id rather him be in assylum.... safer for him
watching_incest_porn:calebmcnamara
watching_incest_porn arrived.
it_doesnt_get_better: i think asylum
watching_incest_porn departed
wutang is cam up
wutang: what is this ero game ur playing
wutang: looks boring
it_doesnt_get_better: i hope it is
it_doesnt_get_better: if its not i will be pissed
it_doesnt_get_better: i want to fuck 2 of them
wutang: fast forward!
it_doesnt_get_better: i have to be careful cos i want to end up with pink haired girl
guest-56432 arrived.
guest-56432 is cam up
Legend departed
guest-56436 arrived.
guest-56436 is cam up
it_doesnt_get_better: this guy will never have a gf like natsuki
guest-56432 departed
guest-56432 cam down.
guest-56436 departed
guest-56436 cam down.
AedolfHipster cam down.
AedolfHipster:8372 Changed nick to: jedi
MeKLiN: ARCHIVE.ORG/DETAILS/MEKLINMETHOD
MeKLiN: archive.org/details/MEKLINMETHOD
MeKLiN: archive.org/details/MEKLINMETHOD
Rule_420 arrived.
Rule_420: ayyyyyy
wavellite arrived.
wavellite departed
ChanServ: narialsuperbitches was eliminated
it_doesnt_get_better: ignore button is powerful
wutang departed
wutang cam down.
Rule_420: On whom?
Rule_420: meklin and railgun bot?
it_doesnt_get_better: this is my gf
guest-56505 arrived.
guest-56505:11098 Changed nick to: BFIGHTER
BFIGHTER departed
erdingerab arrived.
erdingerab departed
Rule_420: lol
Rule_420: Cuwute
Rule_420: I have my hair down
Rule_420: I'm severely stressed rn
Rule_420: I look like coheed and cambria
Rule_420: I also just farted and the whole area stinks
Rule_420: Even the nurses just laughed
Rule_420: I am a loyal hound 0da
Rule_420: I will attack bite
Rule_420: I will jump and bark
Rule_420: I'm not a cat man unless I have others with them
Rule_420: I like dogs
Rule_420: Cats are what gave me mild schizophrenia while I was in elementary school through HS
niceguy:notagoodperson
niceguy arrived.
Rule_420: Great
Rule_420: This guy is going apeshit in here
Rule_420: Batton down the hatches
niceguy is cam up
Rule_420: Barotrauma time
Rule_420: NIGRA
Rule_420: SAY CACA
guest-56577 arrived.
Rule_420: LOL
it_doesnt_get_better: lol
guest-56579 arrived.
Rule_420: Now say
guest-56579 departed
guest-56577: hello chat
guest-56577 departed
Rule_420: Hello guest
niceguy cam down.
guest-56582 arrived.
niceguy departed
guest-56582: Hey mpaa
Rule_420: what about dmca?
niceguy:notagoodperson
niceguy arrived.
niceguy is cam up
guest-56582:11534 Changed nick to: ridic
Rule_420: LOL
ridic: nigra
ridic: show me ur anus
it_doesnt_get_better: where are you going
niceguy: Getting some poke
Rule_420: Some dude from jail is trying to break in
Rule_420: Good lord
Rule_420: Shoot me
Rule_420: I need to vomit
it_doesnt_get_better: wish i wasnt too ugly and fat to go outside
it_doesnt_get_better: looks nice
niceguy: Hi guys
it_doesnt_get_better: hey mb
it_doesnt_get_better: i like when mb has the phone
niceguy: HEHEHHEE
it_doesnt_get_better: omg youre so short
it_doesnt_get_better: lol
it_doesnt_get_better: cute
niceguy: I'm 5'5"
Rule_420: Im definitely moving out to Ohio
Rule_420: People may move out with me
Rule_420: We will have a private detail
niceguy cam down.
niceguy departed
Rule_420: OH snap
Rule_420: Alll night looooong
Rule_420: Allll night
Rule_420: Allll night looooong
Rule_420 departed
Rule_420 arrived.
Rule_420: ♫♪♫♪
Rule_420: Yandere night club 0da?
erdingerab arrived.
Rule_420: k103dotcom
erdingerab departed
Rule_420: ima hit up discord
Rule_420: ttyl <3
Rule_420 departed
order arrived.
order departed
ijolly arrived.
ijolly departed
ridic departed
skyemuted:bitch
skyemuted arrived.
CHEN:gatsby
CHEN arrived.
skyemuted is cam up
CHEN departed
skyemuted: morning
BLAZEY:blazzzzey
BLAZEY arrived.
it_doesnt_get_better: skye
BLAZEY is cam up
it_doesnt_get_better: why did you rip a dog in half?
it_doesnt_get_better: or claim to lol
Cuck: hi syke
BLAZEY: sexy haircut
BLAZEY: melkn
BLAZEY departed
BLAZEY cam down.
MeKLiN: LOL
Cuck: hi syke
Cuck: looking good
it_doesnt_get_better departed
it_doesnt_get_better cam down.
niceguy:notagoodperson
niceguy arrived.
niceguy departed
Nig arrived.
Nig departed
erdingerab arrived.
guest-56719 arrived.
erdingerab departed
guest-56719: You're literally 40
guest-56719 departed
guest-56735 arrived.
imakegob00m911 arrived.
imakegob00m911: aye
skyemuted: oio
Legend arrived.
Legend departed
erdingerab arrived.
guest-56735 departed
erdingerab departed
Rawr arrived.
Rawr departed
guest-56814 arrived.
imakegob00m911 is cam up
guest-56814 departed
wutang:jaywalk
wutang arrived.
wutang is cam up
guest-56871 arrived.
guest-56871 departed
electric_jesus:anymooselol
electric_jesus arrived.
wutang departed
wutang cam down.
electric_jesus is cam up
electric_jesus: someone said there was a beautiful woman on tiny chat
Rawr_LGHDTV105UC9 arrived.
Rawr_LGHDTV105UC9 departed
Cuck: https://www.youtube.com/watch?v=Ij65wvAGX-c
erdingerab arrived.
erdingerab departed
sergioparra arrived.
sergioparra departed
edoZ:edos9
edoZ arrived.
edoZ departed
Advantageous_M:advan
Advantageous_M arrived.
Cuck: micro quality sluts
Cuck: didnt heard a word u said
Cuck: look and learn
Cuck: yeah u wish
Cuck: good luck
ginny arrived.
ginny departed
IIIO_OIII:pathfinder
IIIO_OIII arrived.
Advantageous_M departed
fredddds:fredddds
fredddds arrived.
fredddds departed
Cuck: stupid bitch lets play games
skyemuted: !ingoreadd DONNYQUACKERS
skyemuted: !ignoreadd DONNYQUACKERS
IIIO_OIII: Electric, are you always drunk?
IIIO_OIII: I don't think I've ever seen you sober on here.
skyemuted: no
skyemuted: he's sober rn isn't he
Nig arrived.
IIIO_OIII: Is he?
Hippo arrived.
skyemuted: tokes
Hippo is cam up
MALE_ESCORT arrived.
skyemuted: cheers
imakegob00m911: am rdy
system arrived.
erdingerab arrived.
system departed
Hippo: I think I have quit vaping weed. I'm probably going to do mostly edibles now
erdingerab departed
electric_jesus: https://www.youtube.com/watch?v=T48WTcC243o&list=RDT48WTcC243o&start_radio=1
MALE_ESCORT:13856 Changed nick to: I_AM_THAT_BITCH
I_AM_THAT_BITCH is cam up
I_AM_THAT_BITCH: hi
IIIO_OIII is cam up
Hippo: oh damn, it's brute
guest cam down.
guest departed
I_AM_THAT_BITCH: hello mister
Hippo: do you know about the other room brute? snot goes there also
wavellite:narialsuperbitches
wavellite arrived.
guest-57021 arrived.
soyasauce:soyasauce
soyasauce arrived.
I_AM_THAT_BITCH: what room in your hopuse?
wavellite departed
guest-57021 departed
Hippo: I meant the other chatroom lol
perfect_100_iq arrived.
IIIO_OIII cam down.
IIIO_OIII is cam up
guest arrived.
guest is cam up
soyasauce departed
guest-57032:oorgle
guest-57032 arrived.
muted: !ignoreadd ILOVEGANGS
wavellite:narialsuperbitches
wavellite arrived.
guest-57032 departed
guest-57038:oorgle
guest-57038 arrived.
guest-57038 is cam up
wavellite departed
guest-57038: SCRIPT
Ape:hitier
Ape arrived.
Ape departed
electric_jesus: https://www.youtube.com/watch?v=dX3k_QDnzHE&list=RDT48WTcC243o&index=2
Hippo: is this mong going to ask the same question?
ChanServ: the secret police have taken away guest
guest-57049 arrived.
guest-57049: LOOK AT THIS COMPLETE FAGGOT NIGGER "IMAKEGO911"
guest-57049: HES ALMOST 40 WEARING MASKS AND MAKE UP ON CAM
guest-57049: WHAT A COMPLETE LOSER
edoZ:edos9
edoZ arrived.
edoZ departed
guest-57049: IMAKEGO911 WHY DONT YOU GO PUT ON SOME LIPSTICK AND NAIL POLISH FAGGOT
edoZ:edos9
edoZ arrived.
edoZ departed
guest-57049: LOOK AT THAT FAGGOT BOUNCING ON A DILDO
guest-57049: KEEP BOUNCING AROUND HOMO
MeKLiN: SCRIPT
MeKLiN: ignoreadd
Nig departed
phaser arrived.
Hippo: which are more agressive, aussie women or kiwi women?
phaser departed
phaser arrived.
electric_jesus: i married
electric_jesus: a tongan woman
electric_jesus: https://www.youtube.com/watch?v=SDTZ7iX4vTQ&list=RDT48WTcC243o&index=3
guest-57070 arrived.
guest-57070 is cam up
phaser departed
guest-57038 cam down.
IIIO_OIII: Looks like Birmingham, Guest-57.
IIIO_OIII: Actually, looks better then my home city.
jedi departed
IIIO_OIII: than*
guest-57070: its syria
IIIO_OIII: This isn't Alum Rock?
IIIO_OIII: What!
guest-57070: nope its the battle of aleppo
champ420 arrived.
skyemuted: cheers
champ420 is cam up
Cuck: just because were popping skye doesnt mean i have to satay
telonday arrived.
Cuck departed
Cuck cam down.
telonday is cam up
Dawly arrived.
ChanServ: closed champ420
champ420 cam down.
ChanServ: the secret police have taken away champ420
champ420 departed
guest-57049: MEKLIN YOU WILL NEVER WIN NIGGER
guest-57049: TOODLEZ'
Dawly departed
guest-57049 departed
M_uchLove_Radio:wretchedegen
M_uchLove_Radio arrived.
IIIO_OIII: Hi Martial
M_uchLove_Radio: yo
telonday departed
telonday cam down.
WEENIE:weenie
WEENIE arrived.
MeKLiN: why does every single person i give poweer to abuse it
Hippo: martial, you still banned in robot9k?
M_uchLove_Radio: idk
Logged in as: terran
Client joined the room: Railgun_bot:15060
Joins: WEENIE:weenie
Joins: I_AM_THAT_BITCH:mikhail
Joins: Hippo:spacehippo
Joins: electric_jesus:anymooselol
Joins: imakegob00m911:jakeofmillville
Joins: skyemuted:bitch
Joins: IIIO_OIII:pathfinder
Joins: muted:nzmaori
Joins moderator: ChanServ:raise
Joins: 1:faceheightframe5
Joins: guest-57038:oorgle
Joins: MeKLiN:meklin
guest-57038 is cam up
I_AM_THAT_BITCH is cam up
WEENIE is cam up
IIIO_OIII is cam up
Hippo is cam up
electric_jesus is cam up
imakegob00m911 is cam up
skyemuted is cam up
muted is cam up
MeKLiN is cam up
Hippo: I still wonder how strong you gotta be to rip a dog in half
skyemuted: and didn't go to japan when i was able lol
WEENIE: SKYE HATE ELEVATOR
IIIO_OIII: Yeah, I think Skye talks bollocks sometimes...
WEENIE: HATE STAIRS?
WEENIE: I FORGET THE FUCKING MOVIE
IIIO_OIII: but at least it's somewhat amusing.
skyemuted: lol
WEENIE: yeah
WEENIE: skye is like
WEENIE: my dad works for nintendo
WEENIE: LOL
skyemuted: i wanted to see if someone would call bs
skyemuted: ortho ate it up
WEENIE: no everyone thought it was retarded when u said it trust me
WEENIE: LOL
WEENIE: I RIPPED THE DOG IN HALF
IIIO_OIII: I'll stop laughing, it's mean.
skyemuted: its not hard to rip a dogs 2 front feet apart
WEENIE: her original story?
WEENIE: had to finger the dogs butt
WEENIE: not funny enough
skyemuted: LOL
WEENIE: decided to hulk it
skyemuted: so you know
skyemuted: i've never owned a mini bullterrier
WEENIE: just so you know
WEENIE: i have violently assaulted thousands of men
skyemuted: same
WEENIE: WITH UR HERPES?
WEENIE: HAEUHAEUHERAHUERAYUHEAGHU
MintyFresh arrived.
skyemuted: yes
MintyFresh departed
WEENIE: LOL
WEENIE: MEKLIN BUTS OUT LAUGHING
WEENIE: OVER THE BOT
WEENIE: HAHAHAHAHA
IIIO_OIII: weenie, are you playing borderlands 3?
IIIO_OIII: It's free on Epic games.
WEENIE: i didn't even play it when i purchased it
WEENIE: i have it ons team
skyemuted: so it's just straight up free?
skyemuted: not free to play for a certain time
IIIO_OIII: Yeah
WEENIE: yes
IIIO_OIII: You just need an epic account.
skyemuted: sweet
skyemuted: i bought it
WEENIE: thats how epic game store works
xooowalleooox arrived.
skyemuted: on epic games
WEENIE: they make games free to redeem
IIIO_OIII: It stops on the 26th of May.
IIIO_OIII: Well, it being free.
skyemuted: sweet
xooowalleooox departed
WEENIE: lol
WEENIE: that means u can play with others now? at least?
WEENIE: they will also have it
skyemuted: and i wasn't sure, people have said free to play
WEENIE: free to play for a few more days
IIIO_OIII: Games are free every week on epics
WEENIE: free to keep forever
IIIO_OIII: games.
skyemuted: not just free till may 26th
IIIO_OIII: Most of them are dog shit, but it's free...
skyemuted: epic games just gives out a game till a date and if u didn't get it too bad
WEENIE: yep
skyemuted: if u have world war zi'd be down
WEENIE: every week it changes
IIIO_OIII: I have world war z.
IIIO_OIII: I have it on xbox.
WEENIE: i got  yooka laylee from epic games i'm gonna play through that someday lol
skyemuted: i have it on epic games, cause it was free for a bit like 2 yrs ago
IIIO_OIII: Sorry, on my pc.
skyemuted: and no one else really got it
IIIO_OIII: Yeah, I missed out on that one.
IIIO_OIII: Yeah, we can play one of the days.
ijolly arrived.
skyemuted: i'm just glad people h ave bl3 now
ijolly departed
skyemuted: cause no one wanted to buy it at full price
WEENIE: u know what
WEENIE: if i could have any wish right now
ijolly arrived.
electric_jesus cam down.
Hippo departed
Hippo cam down.
ijolly departed
WEENIE: it would be for me and momo to go the the digital world and him to talk and say "finally! finally! i've been waiting so long for us to get here!"
IIIO_OIII: How many people can team in borderlands?
IIIO_OIII: Just two?
WEENIE: and i'm a digidestined
skyemuted: legit
Hippo arrived.
skyemuted: thats a mood
WEENIE: borderlands is 4
WEENIE: skye
WEENIE: u don't love digimon
wutang:jaywalk
wutang arrived.
wutang departed
skyemuted: i don't
Lord_Chubbz arrived.
WEENIE: i know u don't
Lord_Chubbz departed
IIIO_OIII: Digimon was like a poor man's pokemon.
WEENIE: no it wasn't
skyemuted: it was good in its own right
WEENIE: digimon is better
electric_jesus: youre the cutest thin ive ever seen
WEENIE: digimon is an actual serialized anime
WEENIE: pokemon a children's cartoon
Hippo is cam up
skyemuted: tru
WEENIE: now check out mystuffed animals
skyemuted: still had my s1 box set tho
skyemuted: s1 best season
x arrived.
skyemuted: gay
skyemuted: i recognize all of them cause i did watch digimon
skyemuted: just not by name lol
x departed
skyemuted: and i didn't really get into it like that
guest arrived.
WEENIE: imbaby bought them for me
guest departed
skyemuted: awe
WEENIE: and i didn't delete her
WEENIE: like i deleted u
lost arrived.
electric_jesus: https://www.youtube.com/watch?v=NRtvqT_wMeY&list=RDT48WTcC243o&index=13
WEENIE: you're deleteworthy
imakegob00m911: i had a friend that was really into digimon.. i went to the movie with him in the theater
lost departed
Jedi:contentsafari
Jedi arrived.
WEENIE: nice
WEENIE: that was actually 3 movies
WEENIE: did u know?
electric_jesus: fucken
WEENIE: that's why it has sudden plot swap half way thru
electric_jesus: australlians
imakegob00m911: i did not
guest arrived.
imakegob00m911: i seen the first one
WEENIE: the movie u saw
WEENIE: was 3 japanese movies
WEENIE: combined into 1 american movie
Jedi departed
IIIO_OIII: Do you want to play left 4 dead?
imakegob00m911: ohhhh
WEENIE: that's what i mean
imakegob00m911: okie
WEENIE: the first movie was
IIIO_OIII: Left 4 dead 2?
WEENIE: when they met the digimon as little kids
electric_jesus: melbourne is a realls
electric_jesus: big city
electric_jesus: real big
WEENIE: the second movie was when they fought the virus digimon
WEENIE: then the third one they met that other kid
WEENIE: and there was the digimon that turned evil following him in the real world
WEENIE: who was a twin digimon
erdingerab arrived.
guest departed
WEENIE: 3 diff movies built into 1, i never noticed until i was an adult either
erdingerab departed
WEENIE: when i read it on like a wiki
imakegob00m911: shit im gonna have to rewatch it
WEENIE: digimon adventure reboot is coming out in english soon
WEENIE: it would have been out sooner if it wasn't for the big toei animation studios hack
electric_jesus: cant take the girl away from her home
WEENIE: ok brb 30 minutes gotta go to the pharmacy
WEENIE cam down.
electric_jesus: it nice here
electric_jesus: here it is
electric_jesus: cause im here
electric_jesus: no ttrouible
electric_jesus: never seen a problem
fyrebawl arrived.
fyrebawl departed
fkathatguy arrived.
electric_jesus: https://www.youtube.com/watch?v=w6Q3mHyzn78&list=RDT48WTcC243o&index=14
fkathatguy departed
electric_jesus: people getting murdered
electric_jesus: not here
electric_jesus: it quiet here
electric_jesus: vape fag
electric_jesus: what a girl
MasterP:petepete
MasterP arrived.
MasterP is cam up
electric_jesus: i made it quiet
electric_jesus: its ok
electric_jesus: youll shut up
electric_jesus: https://www.youtube.com/watch?v=H6Mg1oPhPug&list=RDH6Mg1oPhPug&start_radio=1
xooowalleooox arrived.
electric_jesus is cam up
xooowalleooox departed
electric_jesus: i have no idea
electric_jesus: why you like me
minecraft4life arrived.
spilt arrived.
spilt departed
electric_jesus departed
electric_jesus cam down.
minecraft4life departed
IIIO_OIII cam down.
guest-57408 arrived.
guest-57408 departed
IIIO_OIII departed
guest arrived.
skykingrocklee arrived.
skykingrocklee is cam up
skykingrocklee departed
skykingrocklee cam down.
edoZ:edos9
edoZ arrived.
edoZ departed
MasterP departed
MasterP cam down.
Euli:eulalia621
Euli arrived.
IIIO_OIII:pathfinder
IIIO_OIII arrived.
edoZ:edos9
edoZ arrived.
edoZ departed
IIIO_OIII departed
Nig arrived.
Nig departed
Euli departed
Euli:eulalia621
Euli arrived.
electric_jesus:anymooselol
electric_jesus arrived.
electric_jesus is cam up
Euli departed
electric_jesus: https://www.youtube.com/watch?v=HxX7D20Lslc&list=RDHxX7D20Lslc&start_radio=1
Cherry arrived.
Cherry departed
Hippo cam down.
Hippo departed
Euli:eulalia621
Euli arrived.
Hippo arrived.
Hippo is cam up
Hippo cam down.
IIIO_OIII:pathfinder
IIIO_OIII arrived.
IIIO_OIII: Meklin, your hair looks good that length.
Hippo departed
yourboimarcyuh arrived.
yourboimarcyuh departed
Hippo arrived.
King arrived.
Hippo is cam up
IIIO_OIII departed
King departed
edoZ:edos9
edoZ arrived.
electric_jesus cam down.
edoZ departed
Ape:hitier
Ape arrived.
Ape departed
Euli departed
skyemuted cam down.
skyemuted is cam up
wavellite arrived.
wavellite departed
guest is cam up
ChanServ: uremicpuckering was eliminated
KoreanRapper arrived.
KoreanRapper departed
I_AM_THAT_BITCH departed
I_AM_THAT_BITCH cam down.
Euli:eulalia621
Euli arrived.
Hippo departed
Hippo cam down.
Euli departed
MeKLiN: tokes
Patricius_Vulpes:baronharkonnen
Patricius_Vulpes arrived.
jedi:adultvideogames
jedi arrived.
jedi departed
Patricius_Vulpes departed
guest-57658 arrived.
guest-57658:1075 Changed nick to: BFIGHTER
BFIGHTER departed
guest-57681 arrived.
guest-57681: hi
guest-57681: im gay~
guest-57681: ok lol bye )) good day
guest-57681 departed
1 departed
FrodoDabbins arrived.
FrodoDabbins departed
electric_jesus departed
imakegob00m911 cam down.
guest cam down.
guest departed
edoZ:edos9
edoZ arrived.
edoZ departed
guest arrived.
guest is cam up
guest cam down.
guest departed
WEENIE is cam up
angora:angora
angora arrived.
angora: hi boyos
angora departed
Hippo arrived.
Hippo departed
WEENIE departed
WEENIE cam down.
guest-57850 arrived.
guest-57850 departed
guest arrived.
guest: yo
guest departed
Ape:hitier
Ape arrived.
Ape departed
watching_incest_porn:calebmcnamara
watching_incest_porn arrived.
watching_incest_porn departed
tinychatmeetupsimulator:adultvideogames
tinychatmeetupsimulator arrived.
tinychatmeetupsimulator departed
ijolly arrived.
ijolly departed
guest arrived.
guest:2133 Changed nick to: BFIGHTER
BFIGHTER departed
guest-58135 arrived.
guest-58135 is cam up
guest-58135 cam down.
guest-58135 departed
guest-58147 arrived.
guest-58147 is cam up
imakegob00m911 is cam up
admin: closed guest-58147
guest-58147 cam down.
skyemuted: smoke
guest-58147 departed
tay arrived.
tay is cam up
tay departed
tay cam down.
skyemuted: cheers
imakegob00m911: cheers
imakegob00m911: you too yeee
skyemuted:12066 Changed nick to: negativereality
negativereality cam down.
negativereality is cam up
IIIO_OIII:pathfinder
IIIO_OIII arrived.
IIIO_OIII is cam up
newname arrived.
newname is cam up
system arrived.
system departed
Hippo arrived.
Hippo departed
Patricius_Vulpes:baronharkonnen
Patricius_Vulpes arrived.
negativereality: cheers
imakegob00m911: cheers
Patricius_Vulpes departed
WEENIE:weenie
WEENIE arrived.
WEENIE is cam up
IIIO_OIII cam down.
negativereality: https://sync-tube.de/rooms/wNDY9_9nxc
joystick arrived.
joystick departed
newname cam down.
newname departed
IIIO_OIII is cam up
Salute arrived.
Salute is cam up
Salute: sky do u have Good buns?
newname arrived.
ijolly arrived.
newname is cam up
ijolly departed
Salute: that nicee
system arrived.
system departed
Salute departed
Salute cam down.
IIIO_OIII cam down.
IIIO_OIII is cam up
jedi:adultvideogames
jedi arrived.
jedi departed
guest arrived.
guest departed
soyasauce:soyasauce
soyasauce arrived.
soyasauce departed
system arrived.
Shane arrived.
no_guest arrived.
fyrebawl arrived.
fyrebawl departed
guest-58499 arrived.
guest-58499 is cam up
guest-58499 cam down.
guest-58499 departed
guest-58510 arrived.
guest-58510 departed
rick arrived.
edoZ:edos9
edoZ arrived.
edoZ departed
hhhate arrived.
rick: meklin hi
hhhate departed
hhhate arrived.
guest-58537 arrived.
hhhate is cam up
guest-58537 is cam up
newname departed
newname cam down.
guest arrived.
guest departed
Shane:4659 Changed nick to: MeklinLordX
system departed
guest-58537 departed
guest-58537 cam down.
guest arrived.
MeklinLordX: Hows it going guys?
guest is cam up
guest-57038 departed
guest-57038 cam down.
guest cam down.
guest departed
MeKLiN departed
MeKLiN cam down.
ChanServ departed
