Euli departed
Euli cam down.
it_doesnt_get_better: me?
johndir departed
it_doesnt_get_better: you dk me
it_doesnt_get_better: im from robot9000
Richard arrived.
Richard departed
it_doesnt_get_better: i noticed you were banned a lot by lb
it_doesnt_get_better: a few mods are banning you in there
it_doesnt_get_better: they are a betas
it_doesnt_get_better: i wish that pic was you
it_doesnt_get_better: are you black tho?
it_doesnt_get_better: I am a black chinese jew
it_doesnt_get_better: i am 4% black
it_doesnt_get_better: ty
it_doesnt_get_better: i am not sure
it_doesnt_get_better: I think it is from the jewish side
it_doesnt_get_better: are you like johnote?
it_doesnt_get_better: cam up?
it_doesnt_get_better: wow she looks so pretty here
it_doesnt_get_better: the idol
it_doesnt_get_better: kim wan sun
it_doesnt_get_better: she was very young
it_doesnt_get_better: you are korean??
it_doesnt_get_better: i love her so much
Salute departed
Salute cam down.
it_doesnt_get_better: how do you know her ? only grannies and grandpas know her
it_doesnt_get_better: are you like 50?
it_doesnt_get_better: she was really famous
it_doesnt_get_better: no i am young
it_doesnt_get_better: wasnt alive when this came out
it_doesnt_get_better: male
it_doesnt_get_better: incel
it_doesnt_get_better: i am not gay lol
it_doesnt_get_better: unban me from robot9000
it_doesnt_get_better: she even has natural skin tone
it_doesnt_get_better: this is far superior beauty standards
it_doesnt_get_better: why did things change so much
it_doesnt_get_better: white people lol
it_doesnt_get_better: whites have fallen
chickenmeal arrived.
it_doesnt_get_better: i just want to chat in robot9000 already
chickenmeal departed
it_doesnt_get_better: my name is oda btw
muted departed
muted cam down.
muted:kuri
muted arrived.
it_doesnt_get_better: im going to check if i am unbanned yet
muted is cam up
it_doesnt_get_better departed
it_doesnt_get_better cam down.
it_doesnt_get_better arrived.
it_doesnt_get_better is cam up
it_doesnt_get_better: still banned lol
it_doesnt_get_better: i was banned by the 2outof10face
BigBootyPowder departed
BigBootyPowder cam down.
youllcowardsdontevensmokecrack arrived.
it_doesnt_get_better: omel are you banned too?
youllcowardsdontevensmokecrack: yes
youllcowardsdontevensmokecrack: ;(
it_doesnt_get_better: by wittmann?
youllcowardsdontevensmokecrack: yes lol
it_doesnt_get_better: is he drunk banning?
it_doesnt_get_better: LOL
youllcowardsdontevensmokecrack: yes
it_doesnt_get_better: sighs
Legend arrived.
Legend departed
it_doesnt_get_better departed
it_doesnt_get_better cam down.
it_doesnt_get_better arrived.
it_doesnt_get_better is cam up
youllcowardsdontevensmokecrack departed
Euli:eulalia621
Euli arrived.
admin: closed 2outOF10FaCe
2outOF10FaCe cam down.
cocoballz arrived.
cocoballz departed
Jess arrived.
guest-33962 arrived.
Jess departed
guest-33962 is cam up
guest-33962 departed
guest-33962 cam down.
tight_skin:oatmealol2
tight_skin arrived.
Jess arrived.
Jess departed
tight_skin: Meklin uninstalling CIA spyware again
tight_skin departed
gap arrived.
gap departed
ChrisBachelor23 arrived.
ChrisBachelor23 departed
cocoballz arrived.
cocoballz departed
blackbeardflagJROD arrived.
Euli departed
Euli:eulalia621
Euli arrived.
blackbeardflagJROD: 0da
blackbeardflagJROD: wtf
blackbeardflagJROD: BIIIIIIIIIIIIIIIIIIIIIIIIIIIIIIIIIIITCH
Euli is cam up
blackbeardflagJROD: hey euli
blackbeardflagJROD: r9k are cuckolding me
MeKLiN: i can see people on cam when im not looking
Euli: whaddup
MeKLiN: i know their blob shapes
MeKLiN: and colors
blackbeardflagJROD: Yoyo
it_doesnt_get_better: wb
Euli: lol
Euli: ty
MeKLiN: i am always looking forward at my gaming monitor
it_doesnt_get_better: are you still banned?
blackbeardflagJROD: What are you watching 0da?
blackbeardflagJROD: YEah I am
Euli: yes still
Euli: :(
blackbeardflagJROD: Dangit
MeKLiN: but i can see people whom whilst my head is turned the way it is now, out of the corner of my eye
blackbeardflagJROD: We've been cucked
Euli: i hope to get on in the morning
blackbeardflagJROD: at least I don't have to spend $ on nicotine lol
Euli: with my coffee
blackbeardflagJROD: Right on, I'll be online tomorrow too
Euli: lol
blackbeardflagJROD: I'm right said fred
Euli: cool
blackbeardflagJROD: Got all the blue pills
blackbeardflagJROD: I'm done with the red pill
blackbeardflagJROD: Time to enjoy a nice juicy steak
MeKLiN: some people cant have fun unless the intrusion of their path of fun, through you, is uninhibited
blackbeardflagJROD: I have a bunch of white pills too
Euli: i need to rewatch the series
Padraig_The_Red:baronharkonnen
Padraig_The_Red arrived.
blackbeardflagJROD: My Dad flew for a bunch of kpop bands
blackbeardflagJROD: When I get our jetpack developed that's when the fun starts
blackbeardflagJROD: HEy paddy
Jess arrived.
blackbeardflagJROD: Thanks for the kind words
guest-34050 arrived.
Padraig_The_Red: anytime comrade
blackbeardflagJROD: <3
blackbeardflagJROD: For sure
Euli: My name is Eulalia.
Padraig_The_Red: you doing ok ?
Jess departed
blackbeardflagJROD: I am helping Putin
blackbeardflagJROD: Btw
blackbeardflagJROD: My contacts said he needs help
Padraig_The_Red: im backing Putin
Padraig_The_Red: we go way back
blackbeardflagJROD: Red and Blue stay true
blackbeardflagJROD: Sincerely
blackbeardflagJROD: For Space
blackbeardflagJROD: Not war
guest-34050: hi room
blackbeardflagJROD: hello gues
Padraig_The_Red: old KGB die hard
blackbeardflagJROD: For sure
Padraig_The_Red is cam up
blackbeardflagJROD: But realize
it_doesnt_get_better: paddy free us
guest-34050 departed
guest-34057 arrived.
it_doesnt_get_better: unban euli and myself
blackbeardflagJROD: They're infiltrating America to stir up dissenters
God:godlyneckbeard
God arrived.
Euli: hi Red
blackbeardflagJROD: lol
step_sister arrived.
God departed
it_doesnt_get_better: no
Padraig_The_Red: !ignoreclear 
step_sister is cam up
blackbeardflagJROD: LOL
it_doesnt_get_better: I am not on mic
blackbeardflagJROD: oh god damn
it_doesnt_get_better: i am on cam
blackbeardflagJROD: That's fucking hot
blackbeardflagJROD: jfc
blackbeardflagJROD: I have to hide you
blackbeardflagJROD: I'm at the hospital
blackbeardflagJROD: O_O
guest-34057 departed
blackbeardflagJROD: Can we not make me bricked up in my scrubs?
guest-34062 arrived.
step_sister departed
step_sister cam down.
blackbeardflagJROD: I'm so mad at myself lol
skye:bitch
skye arrived.
skye is cam up
blackbeardflagJROD: Hey skye
it_doesnt_get_better: i dk why i was banned either
GASMAN arrived.
GASMAN: hey
blackbeardflagJROD: I wanna stay in PDX really badly
blackbeardflagJROD: Hey gasman
Padraig_The_Red: !ignorelistclear 
blackbeardflagJROD: Gasman do you want to own my house with fogles and chowder?
GASMAN: robot9000 ban list cleared again
it_doesnt_get_better: god shes so hot but i like when she was cyberpunk
blackbeardflagJROD: Okay
guest-34062 departed
Hippo arrived.
guest-34064 arrived.
blackbeardflagJROD: Yeah it's sad how much they ban together
blackbeardflagJROD: Buncha cronies
it_doesnt_get_better cam down.
it_doesnt_get_better departed
GASMAN departed
Hippo departed
guest-34064: Euli love the short hair
D4m arrived.
blackbeardflagJROD: I'm gonna try my hardest to help get you into America paddy
D4m departed
skye: chrs
guest-34064 departed
blackbeardflagJROD: I know the McCoy's paddy
guest-34069 arrived.
blackbeardflagJROD: They are the one's protecting me along with other alphabet orgs
blackbeardflagJROD departed
guest-34069 departed
guest-34081 arrived.
guest-34081 departed
guest-34089 arrived.
MeKLiN: .
it_doesnt_get_better arrived.
MeKLiN: .
reachingbeyondwalls arrived.
it_doesnt_get_better: euli you are unbanned
MeKLiN: its almsot coffee time
it_doesnt_get_better: we are free
Euli: ooooh
it_doesnt_get_better departed
Euli: yipeee
reachingbeyondwalls departed
guest-34089 departed
guest-34101 arrived.
edoZ:edos9
edoZ arrived.
guest-34101: someone please tell my bf to shut up and go to sleep he is drunk
edoZ departed
guest-34101 departed
Padraig_The_Red: Username:
GUEST
Age:
21
Gender:
M
Location:
Mayapur
Biography:
Hare Krishna
guest-34108 arrived.
Logged in as: terran
Client joined the room: Railgun_bot:1035489
Joins moderator: ChanServ:raise
Joins: skye:bitch
Joins moderator: muted:kuri
Joins room owner: 2outOF10FaCe:irony
Joins: guest-22994:
skye is cam up
muted is cam up
MeKLiN:meklin
MeKLiN arrived.
MeKLiN departed
MeKLiN:meklin
MeKLiN arrived.
MeKLiN is cam up
skye departed
skye cam down.
MeKLiN: llol
MeKLiN: churs
MeKLiN: weed
MeKLiN: bong
MeKLiN: dab
ChanServ: Allow Cams: False
muted departed
muted cam down.
rarawantstobeacheerleader arrived.
muted:kuri
muted arrived.
muted is cam up
ChanServ: ASK A MOD TO TYPE !ALLOWCAM7
rarawantstobeacheerleader departed
MeKLiN: did it work
muted: ?
muted: sorry had to refresh
muted: was in chat to long
ChanServ departed
MeKLiN: i sent a pm
MeKLiN: z123
MeKLiN: hmm
MeKLiN: Z123
muted: there is no bot in here?
MeKLiN: IT IS ABOUT TO BE
MeKLiN: i set up a new command
guest-34343 arrived.
guest-34343 departed
Logged in as: terran
Client joined the room: Railgun_bot:1036159
Joins moderator: ChanServ:raise
Joins moderator: muted:kuri
Joins: MeKLiN:meklin
Joins room owner: 2outOF10FaCe:irony
Joins: guest-22994:
muted is cam up
MeKLiN is cam up
ChanServ: Allow Cams: False
MeKLiN: ok read pm one more tmie
MeKLiN: u sent it to the wrong bot
muted departed
muted cam down.
harrison:unicorns93
harrison arrived.
harrison departed
Logged in as: terran
Client joined the room: Railgun_bot:1036514
Joins moderator: ChanServ:raise
Joins: MeKLiN:meklin
Joins room owner: 2outOF10FaCe:irony
Joins: guest-22994:
MeKLiN is cam up
MeKLiN departed
MeKLiN cam down.
MeKLiN:meklin
MeKLiN arrived.
MeKLiN is cam up
ChanServ: closed MeKLiN
MeKLiN cam down.
ChanServ: ASK A MOD TO TYPE !ALLOWCAM7 or whisper the secret password to Railgun_bot
MeKLiN: !allowcam7 
ChanServ: Allow Cams: True
MeKLiN: !z123 
ChanServ: Allow Cams: False
ChanServ: Allow Cams: True
MeKLiN departed
MeKLiN:meklin
MeKLiN arrived.
MeKLiN departed
MeKLiN:meklin
MeKLiN arrived.
MeKLiN is cam up
MeKLiN: !nigger 
MeKLiN: !nigger 2outOF10FaCe
MeKLiN: !z123 
ChanServ: Allow Cams: False
ChanServ: Allow Cams: True
guest-22994 departed
MeKLiN: script
MeKLiN: ignoreadd
edoZ:edos9
edoZ arrived.
edoZ departed
makeLIN_N arrived.
makeLIN_N: nux
makeLIN_N: i port you to 3 bioSes
MeKLiN: https://imgur.com/a/RJ8prjZ u may use my script with ublock origins, goodbye
MeKLiN: https://imgur.com/a/RJ8prjZ u may use my script with ublock origins, goodbye
MeKLiN: https://imgur.com/a/RJ8prjZ u may use my script with ublock origins, goodbye
MeKLiN: https://imgur.com/a/RJ8prjZ u may use my script with ublock origins, goodbye
MeKLiN: https://imgur.com/a/RJ8prjZ u may use my script with ublock origins, goodbye
MeKLiN: script
day:letmeseesome
day arrived.
MeKLiN: ignoreadd
MeKLiN: https://imgur.com/a/RJ8prjZ u may use my script with ublock origins, goodbye
MeKLiN: ok
day departed
makeLIN_N: which one of you is spammi
MeKLiN: all
makeLIN_N: unignore
MeKLiN: weed
MeKLiN: bong
MeKLiN: dab
makeLIN_N: inhaling heat kills bugs
makeLIN_N: drinks boozey
makeLIN_N: lights
makeLIN_N: bright
MeKLiN: churs
guest:oorgle
guest arrived.
guest departed
guest:oorgle
guest arrived.
guest departed
guest:oorgle
guest arrived.
guest departed
guest:oorgle
guest arrived.
guest is cam up
guest departed
guest cam down.
guest:oorgle
guest arrived.
guest is cam up
guest departed
guest cam down.
guest:oorgle
guest arrived.
guest is cam up
makeLIN_N: lol I hacked you with netprocess hacker
makeLIN_N: net process
makeLIN_N: cloud freezers
makeLIN_N: the box switches to fridge by height
makeLIN_N: you could be playin g on the ground
makeLIN_N: haha your name is administrator
EDITINGALLOFMYMUSICLISTEN arrived.
MeKLiN: ignoreadd
MeKLiN: script
please don't spam/flood the chat
makeLIN_N: my name is owner
MeKLiN: of
makeLIN_N: 2010x
MeKLiN: oh the user name
EDITINGALLOFMYMUSICLISTEN departed
edoZ:edos9
edoZ arrived.
edoZ departed
MeKLiN: ok ill add it to the script so it works for u
makeLIN_N: nahsur
makeLIN_N: oh NO
makeLIN_N: i mean like in my windows
makeLIN_N: I'm username - owner
guest-34576 arrived.
guest-34576 departed
makeLIN_N: tilted
makeLIN_N: lolz
makeLIN_N: lelz
tirednormie arrived.
makeLIN_N: lulz
makeLIN_N: hey!
makeLIN_N: like pp poopoo
tirednormie departed
makeLIN_N: sho do the electricians who drill me
makeLIN_N: off to find online pedo rings!
makeLIN_N: gives self warm hug
makeLIN_N: trackback deackbar
makeLIN_N: trickas
makeLIN_N: usp online type prepady
makeLIN_N: they're just satellitesd oing sutuf
makeLIN_N: warmer faster turning tilting looks like a mercury bug
makeLIN_N: she can "call them up" because her parents have a "Tel-e-phone"
makeLIN_N: swoop swoop
MeKLiN: weed
MeKLiN: tokes777
makeLIN_N: ununchatle the son of chronos son cain, is loved to be inside his revered blessed ones
makeLIN_N: the "teonanacatl"
makeLIN_N: mean shroom boys
MeKLiN: weed
MeKLiN: bong
MeKLiN: dab
makeLIN_N: mekka
MeKLiN: dab
MeKLiN: weed bong dab
please don't spam/flood the chat
MeKLiN: bong weed dab
You have been kicked from the room.
Logged in as: terran
Captcha required!
Captcha required! 6Lfg5x4UAAAAADk1zOokp1zPPFD-WtBvpT4HXa0U
Logged in as: terran
Client joined the room: Railgun_bot:1038303
Joins: guest:oorgle
Joins: makeLIN_N:tinichotss
Joins: MeKLiN:meklin
Joins moderator: ChanServ:raise
Joins room owner: 2outOF10FaCe:irony
guest is cam up
MeKLiN is cam up
MeKLiN: ok its u
MeKLiN: we are both muslims
makeLIN_N: mhm nahr that my pressur gocker got the motzah oats
makeLIN_N: huhe
MeKLiN: aloha snackbar
MeKLiN: weed
MeKLiN: tokes777
makeLIN_N: alchy
Logged in as: terran
Client joined the room: Railgun_bot:1038368
Joins: guest:oorgle
Joins: makeLIN_N:tinichotss
Joins: MeKLiN:meklin
Joins moderator: ChanServ:raise
Joins room owner: 2outOF10FaCe:irony
guest is cam up
MeKLiN is cam up
MeKLiN: tokes
makeLIN_N: American Institute of Chemical Engineers, I got a masters in a year cuz  I took so much college at high school
makeLIN_N: I'm now PD
makeLIN_N: or ptsd according to neurosis
MeKLiN: goufsoup wouldnt write that
MeKLiN: comeo n now
makeLIN_N: alchemy
makeLIN_N: ^?anyone
guest-34628 arrived.
makeLIN_N: Illahu Illalai Lihanm
guest-34628 is cam up
MeKLiN: working on windows 10
guest-34628 departed
guest-34628 cam down.
makeLIN_N: taxonomy is not preservation is liberality of spoilless war
BLAZEY:blazzzzey
BLAZEY arrived.
BLAZEY departed
plusvat arrived.
plusvat departed
makeLIN_N: Windows hwere taxed for by the fogv't itn 1500's mexico, so about when my grandparents were around
makeLIN_N: windows=the mexio tax
makeLIN_N: he's bailing you out buyib
makeLIN_N: with craft
makeLIN_N: a process, kilowatt hours pid
makeLIN_N: field mice and meatbot were released into this field
makeLIN_N: with bloodbot
makeLIN_N: r3dblutd
MeKLiN departed
MeKLiN cam down.
MeKLiN:meklin
MeKLiN arrived.
MeKLiN departed
MeKLiN:meklin
MeKLiN arrived.
MeKLiN departed
MeKLiN:meklin
MeKLiN arrived.
MeKLiN departed
MeKLiN:meklin
MeKLiN arrived.
MeKLiN is cam up
makeLIN_N: meklin should ty to get hired by windows
makeLIN_N: lonelyy adventure music
makeLIN_N: that I would day be ripe to leave ield
makeLIN_N: hmmmm
makeLIN_N: mmmmmmh
makeLIN_N: with his known shit asss
MeKLiN: they make it so u cant just remove stuff
MeKLiN: u have to look at its driver file and see where it implants itself
MeKLiN: there is now way to know that when u remove a driver, it was also implanted in bluetooth driver
MeKLiN: i dont full understand it but i will soon
makeLIN_N: you know about overclocking then?
makeLIN_N: or as my ccpu would say
makeLIN_N: Did you mean to ask abut overklocking?k
MeKLiN: i dont do that really
makeLIN_N: hehu
makeLIN_N: huehe/?
MeKLiN: ok all my new scripts running
makeLIN_N: ublock is java block?
MeKLiN: yes
makeLIN_N: ok
makeLIN_N: safe
MeKLiN: i have used it for years to block cameras extra
MeKLiN: when people cam up and down it goes to a DIV
MeKLiN: that div is 'the newest one that cammed up'
MeKLiN: so if us tay on cam, and use a custom script
MeKLiN: u can be the only on cam ever....
MeKLiN: because u will be camnumber1
GASMAN arrived.
MeKLiN: and u wont see urself until
GASMAN departed
MeKLiN: the cam 1 man gets off
MeKLiN: so u can make it
MeKLiN: the top4 cams
MeKLiN: for slow people computer
makeLIN_N: so global positioning satellites but don't say prognosies
makeLIN_N: on
MeKLiN: i dont know
makeLIN_N: AB_3+CB_T
makeLIN_N: = TcB_A
MeKLiN: some peoples wounds is a place for bacteria to get in the blood
MeKLiN: mine are a place for food to get in my blood for my home baceteria
makeLIN_N: meklin syphillis is better thne ruggy cockai
MeKLiN: is this rara
makeLIN_N is cam up
makeLIN_N cam down.
MeKLiN: i will give u my windows
MeKLiN: look at it
MeKLiN: 20 badass scripts right there on screen
makeLIN_N: Totall I need a new disk usb for my uncles cpu
makeLIN_N: i'll know when I see the load
makeLIN_N: ....
yrrah:thebeach
yrrah arrived.
yrrah departed
makeLIN_N: pedo called meklin a pedo
makeLIN_N: steal pedo's computer with nexim
Hippo arrived.
guest-34782 arrived.
makeLIN_N: fills asiaty with cpu's
makeLIN_N: 2.3 million
Hippo departed
guest-34782 departed
MeKLiN: lol
MeKLiN: tokes777
makeLIN_N: tokes
makeLIN_N: cheeeers\
makeLIN_N: laughs, goof
MeKLiN: 20k changes
MeKLiN: my new method
MeKLiN: its usually like 25
MeKLiN: and normal windows install is like 35k
MeKLiN: just things u dont need
MeKLiN: they fuck gamersup
makeLIN_N: sure but apprehensively speaking the code is trim knightlight
WEENIE:weenie
WEENIE arrived.
makeLIN_N: and I don't want do dedope on good process brain
makeLIN_N: also project name?
makeLIN_N: titel
makeLIN_N: sabomis
makeLIN_N: hotel and ous
makeLIN_N: a
makeLIN_N: u
makeLIN_N departed
yrrah:thebeach
yrrah arrived.
yrrah departed
rarawantstobeacheerleader arrived.
rarawantstobeacheerleader departed
ipfreely:smiggles
ipfreely arrived.
guest-34904 arrived.
guest-34904: Iran artis turned Pornstar Mehrnoosh eskandari dancing naked showing off her shaved pussy bigtitsoff.com/tits_xxx_videos/cXEtMTAwNS0xMjM0MTY3Mw==/Iranian-Cougar-Dancing-Naked-Showing-Off-Her-Shaved-Pussy/| namethatporn(dot)com find porn star
guest-34904 departed
ipfreely departed
Mick arrived.
Mick is cam up
MeKLiN: weed
MeKLiN: bong
MeKLiN: dab
MeKLiN: script
MeKLiN: ignoreadd
MeKLiN: !jeopardy 
tism_the_hedgehog:tism
tism_the_hedgehog arrived.
MeKLiN: !what is castrol
MeKLiN: !jeopardy 
Mick departed
Mick cam down.
MeKLiN: script
jokeley32 arrived.
jokeley32 departed
You_never_know_whos_listening:robot9000
You_never_know_whos_listening arrived.
rufio arrived.
You_never_know_whos_listening departed
rufio departed
skye:bitch
skye arrived.
skye departed
WEENIE departed
Alien arrived.
Alien departed
Alien arrived.
Alien departed
WEENIE:weenie
WEENIE arrived.
WEENIE departed
tism_the_hedgehog departed
WEENIE:weenie
WEENIE arrived.
WEENIE departed
day:letmeseesome
day arrived.
day departed
einstein2 arrived.
einstein2 departed
Pigger arrived.
Pigger departed
guest-35229 arrived.
guest-35229 departed
WEENIE:weenie
WEENIE arrived.
sydney arrived.
WEENIE: hi syd
sydney: make tenebris unban me in the other room
sydney departed
WEENIE departed
jedi:adultvideogames
jedi arrived.
jedi departed
WEENIE:weenie
WEENIE arrived.
N_I_S_M_O:nismopower240
N_I_S_M_O arrived.
N_I_S_M_O departed
MYSTIC_TENEBRIS arrived.
MYSTIC_TENEBRIS departed
WEENIE departed
MYSTIC_TENEBRIS arrived.
MYSTIC_TENEBRIS departed
WEENIE:weenie
WEENIE arrived.
Hannah:hannah1555
Hannah arrived.
Hannah is cam up
Hannah departed
Hannah cam down.
MYSTIC_TENEBRIS arrived.
MYSTIC_TENEBRIS departed
TonyMayoral arrived.
TonyMayoral departed
WEENIE departed
guest-35418:rightinthekissa
guest-35418 arrived.
guest-35418:1044210 Changed nick to: RIGHTINTHEKISSA
RIGHTINTHEKISSA departed
tight_skin:oatmealol2
tight_skin arrived.
tight_skin departed
guest-35440 arrived.
guest-35440 departed
muted:kuri
muted arrived.
muted is cam up
day:letmeseesome
day arrived.
day departed
drato arrived.
day:letmeseesome
day arrived.
sasha:sashafloyd
sasha arrived.
drato departed
sasha departed
day departed
1:faceheightframe5
1 arrived.
TonyMayoral arrived.
TonyMayoral departed
1 departed
1:faceheightframe5
1 arrived.
TatsuRCE arrived.
TatsuRCE departed
muted departed
muted cam down.
guest-35703 arrived.
Slitty_Muted:porterpotty
Slitty_Muted arrived.
Slitty_Muted departed
guest-35703 departed
muted:kuri
muted arrived.
muted is cam up
dc:dcg
dc arrived.
dc departed
yrrah:thebeach
yrrah arrived.
yrrah departed
day:letmeseesome
day arrived.
day is cam up
MYSTIC_TENEBRIS arrived.
day departed
day cam down.
MYSTIC_TENEBRIS departed
muted departed
muted cam down.
muted:kuri
muted arrived.
muted is cam up
guest-36101 arrived.
guest-36101 departed
2outOF10FaCe departed
theonlyone arrived.
theonlyone: https://jihadology.net/2022/05/13/new-video-message-from-the-islamic-state-a-message-to-the-infidel/https://jihadology.net/2022/05/13/new-video-message-from-the-islamic-state-a-message-to-the-infidel/https://jihadology.net/2022/05/13/new-video-message-from-the-islamic-state-a-message-to-the-infidel/https://jihadology.net/2022/05/13/new-video-message-from-the-islamic-state-a-message-to-the-infidel/
theonlyone departed
camsforadrenaline arrived.
camsforadrenaline departed
sasha:sashafloyd
sasha arrived.
yeah:pathfinder
yeah arrived.
sasha departed
sasha:sashafloyd
sasha arrived.
yeah: This room is so dead.
yeah: The most interesting thing on cam right now. Is watching Maori's character run around in a loin cloth.
yeah: Fuck my life!
yeah departed
yeah:pathfinder
yeah arrived.
yeah is cam up
yeah departed
yeah cam down.
yeah:pathfinder
yeah arrived.
chromehearted:chr0mehearted
chromehearted arrived.
chromehearted departed
yeah departed
guest-36483:hiitsnick1
guest-36483 arrived.
guest-36483:1050626 Changed nick to: HIITSNICK1
yeah:pathfinder
yeah arrived.
guest-36492 arrived.
guest-36492 departed
TonyMayoral arrived.
TonyMayoral departed
yeah departed
TonyMayoral arrived.
TonyMayoral departed
yeah:pathfinder
yeah arrived.
yeah departed
yeah:pathfinder
yeah arrived.
yeah departed
yeah:pathfinder
yeah arrived.
yeah departed
yeah:pathfinder
yeah arrived.
yeah departed
day:letmeseesome
day arrived.
day departed
yeah:pathfinder
yeah arrived.
day:letmeseesome
day arrived.
day: !urb7 jungle
ChanServ: jungle is a type of music that emerged circa '94, it is characterised 
day: !urb7 foreast
ChanServ: Could not find a definition for: foreast
day: !urb7 forest
ChanServ: A large group of [trees], [common] to awesome [areas].
day: !urb7 rainforest
ChanServ: [Something] that [nobody] [gives a fuck] about.
yeah departed
yrrah:thebeach
yrrah arrived.
yrrah departed
HIITSNICK1 departed
day departed
yeah:pathfinder
yeah arrived.
Arretium arrived.
Arretium departed
Arretium arrived.
Arretium departed
Arretium arrived.
Arretium departed
Arretium arrived.
Arretium departed
bermingxx:bermingxx
bermingxx arrived.
bermingxx departed
MeKLiN cam down.
guest cam down.
muted departed
muted cam down.
muted:kuri
muted arrived.
muted is cam up
guest departed
TonyMayoral arrived.
TonyMayoral departed
day:letmeseesome
day arrived.
day: https://img-9gag-fun.9cache.com/photo/a71GZZe_460svav1.mp4
TonyMayoral arrived.
TonyMayoral departed
TonyMayoral arrived.
TonyMayoral departed
BigBootyPowder arrived.
BigBootyPowder is cam up
BigBootyPowder departed
BigBootyPowder cam down.
day departed
bullying_victim:allex
bullying_victim arrived.
bullying_victim is cam up
bullying_victim departed
bullying_victim cam down.
nohabloingles arrived.
nohabloingles: Wuzzup
day:letmeseesome
day arrived.
day: https://img-9gag-fun.9cache.com/photo/aNPqdA6_460svav1.mp4
nohabloingles: Can't
nohabloingles: What is it
day: song
day: with lyrics
day: https://9gag.com/gag/aNPqdA6
day: try this
nohabloingles: Can't
day: why
day: you on mobile
nohabloingles: On mobile
day: dman
day: ya on mobile you need app for this shitty website
day: maybe you can
day: even on mobile
day: but forget it
day: it's big job on mobile
day: man
nohabloingles: One sec 
day: ok
nohabloingles: I'm going to listen and come back
day: lol
day: hahah
day: okay
nohabloingles departed
harrison:unicorns93
harrison arrived.
harrison: !whoisbot 
harrison is cam up
day: uni this all morons
harrison: !bot 
day: run
day: i think somone was talking about vote
day: in mental support chat
day: noo
bullying_victim:allex
bullying_victim arrived.
day: it's website i used to go
bullying_victim is cam up
yrrah:thebeach
yrrah arrived.
day: i give you link for mental suport
guest arrived.
day: i used to go there
day: http://www.healthfulchat.org/all-chat-rooms.html
yrrah: bruh i think i do have a headache from that
nohabloingles arrived.
yrrah: chat rebirth?
day: i have one old discored
day: i give you linik
day: qwait let meload
nohabloingles: Rasputin
day: yes its rasputin
harrison: c
nohabloingles: Lol
yrrah: Lol
day: tahnks man you go theren you even hear it for me
harrison: https://www.youtube.com/watch?v=vOTiJkg1voo
guest: Good thank God gtfo NOW leave NOW QUIT NOW you cringe fuck
nohabloingles: Yw
day: it's laoding
day: dicored server
day: i send you invite
day: when it laod
nohabloingles: Harrison can you play the song over your stream for me
guest departed
nohabloingles: Cuz i can't click it
harrison: don't know how sorry
nohabloingles: Do you not have manycam?
yrrah departed
harrison: no
harrison: I have OBS
harrison: hold on
nohabloingles: You can get manycam free
guest arrived.
guest departed
nohabloingles: But it might not be worth the effort
watching_incest_porn:calebmcnamara
watching_incest_porn arrived.
watching_incest_porn is cam up
guest arrived.
guest is cam up
nohabloingles departed
day: uni did you got link
harrison cam down.
day: invite
nohabloingles arrived.
harrison is cam up
harrison: can u guys hear that?
nohabloingles: No
harrison: idk how to make you hear it
harrison: but this is the victory speech
harrison: live
nohabloingles: Aw for what
day: i send you freind requeist
day: it say you can't send anything
harrison: winning the elecetion
nohabloingles: Which election
day: uni can i past here on discored i am not able to send you link
day: you have to add me
harrison: australian federal
harrison: pm it day
nohabloingles: Oh wow. Is it a good speech
harrison: so far its nice yeah
day: degen
nohabloingles departed
day: how you doing
day: how is your dollars
day: n everything
nohabloingles arrived.
guest: not good day
day: degen you know 1 dollar is now 200 pakis
guest: my pound is low
day: degen dollars got more expnsive in pakis
day: rupies
day: last time when i told you it was 176
day: now it's 200
day: for 1
day: 250 = 1 gbp
day: caleb can you find me ocd help
nohabloingles departed
isses arrived.
nohabloingles arrived.
isses: yo
harrison: renewable energy superpower
day: O.O
day: bullying i saw very shit dream
harrison: australias future
day: about you
harrison: confirmed
day: i saw very dirty nude drem about you buyllly
day: you was showing asshole
day: n you got wired type of pussy
day: or dick
day: i not even understand
isses departed
watching_incest_porn: he had a super fucked dick
watching_incest_porn: it was a snake hole
isses arrived.
watching_incest_porn: day
day: but you open asshole with some pusssy device
watching_incest_porn: u seen snake hole
day: n you blue up like gayser
day: something
day: you was gapeing your asshole
day: in my dream
isses departed
day: i don't know why
day: i saw this dream
harrison: lmao in any other country this guy would be written off as socialist for this speech
yrrah:thebeach
yrrah arrived.
harrison: glad I live in a country where things just make sense
day: bulllying i dont' know man why i got this dream
day: i never even think shit about you
day: why i got this dream
nohabloingles: Hey day do you get kicked out of the app when you're on mobile?
yrrah is cam up
guest: Aus Labour won?
day: my mobile crash
day: when i am in mobile
yrrah: bye bye Scomo
nohabloingles: Yeah
guest: mad that the tories will rule england forever now
day: i think its make you log out
day: if you minimize
day: tinychat in mobile
watching_incest_porn cam down.
guest: >Labor
day: bullying don't get upset
day: man
harrison: yeah aus labor won
day: i don't know why i saw this shit dream about you
guest: It's labour
CalvinGoldman arrived.
guest: wtf australia
CalvinGoldman is cam up
day: i have alwasy shit dreams even about my own freinds
harrison: https://www.abc.net.au/news/2022-02-07/why-the-australian-labor-party-is-not-spelled-labour/100789310
watching_incest_porn departed
watching_incest_porn:calebmcnamara
watching_incest_porn arrived.
day: goldman nooo don't show something pp or shit
day: o you on feild
watching_incest_porn is cam up
day: dman this machine
day: work
CalvinGoldman: Lmao
day: i wish i know some job like this
CalvinGoldman: No pp
guest: interesting uni
CalvinGoldman cam down.
CalvinGoldman departed
CalvinGoldman arrived.
yrrah cam down.
CalvinGoldman is cam up
CalvinGoldman departed
CalvinGoldman cam down.
day: i wish paki land go bankcrup
nohabloingles departed
CalvinGoldman arrived.
day: they bann all impronat things
day: dollar is no on 200
nohabloingles arrived.
day: they bann mobiles
CalvinGoldman: Damn I got kicked 
day: food
day: all form outside country
JetPackTechnician arrived.
day: i wish paki land go full cuttpietd
CalvinGoldman is cam up
harrison: it's been so long since these guys have been in and i've voted for them every election
harrison: 07 was the last time they got elected
JetPackTechnician: YALL DIGGGIN FOR THORIUM?
JetPackTechnician: thorium will be worth more than gold btw
JetPackTechnician: BEcause of me
day: how long it take to work with this machine
yrrah is cam up
harrison: he just thanked union members
day: to learn
harrison: based as fuck
JetPackTechnician: Also they've been findind new deposits of palladium
JetPackTechnician: Platinum mixed with iron, copper and other trace elements
dbunny3:dbunny3
dbunny3 arrived.
guest: https://i.4cdn.org/pol/1653089343059.jpg
JetPackTechnician: that's how we make the arc reactor in suits
dbunny3 is cam up
guest: ALARMING
day: dbunny send me dolla
JetPackTechnician: You also charge it with a cube of plutonium, uranium, element 151, and thorium
harrison: they should have just said covid was gay
harrison: then it would have never been an issue
dbunny3: Relationships suck so much 
JetPackTechnician: Still trying to remain relevant?
dbunny3: Im never loving again 
yrrah cam down.
JetPackTechnician: Can you find a real job dbunny?
dbunny3: Srs 
dbunny3: Duh 
JetPackTechnician: Instead of running money under the table?
dbunny3: But what job , im a jon 
JetPackTechnician: The IRS will come for you btw
dbunny3: Job 
JetPackTechnician: As they all with these only fans women
dbunny3: Why i pay my taxes …..
JetPackTechnician: Not you don't
day: do you have air color in this diging machine
day: digging machine
dbunny3: Yes i do?
day: calvingodlman
JetPackTechnician: Are you claiming taxes on donations over 10k?
JetPackTechnician: You can only make 10k in donations, and then you have to file dumbass
nohabloingles departed
day: dman givbe me 10k donatoin
dbunny3: Boy i pay my taxes ! 
dbunny3: Period !
JetPackTechnician: LIAR
JetPackTechnician: LIAR
JetPackTechnician: LIAR
JetPackTechnician: You have men pay for your shit
day: who you dnoate 10k to
day: ?dubnny
JetPackTechnician: Because you get fucked in the ass
nohabloingles arrived.
JetPackTechnician: Yeah
JetPackTechnician: The only thing you own is a plastic body
JetPackTechnician: Not made for procreating
Khameleon arrived.
JetPackTechnician: Also illegal darknet drugs
harrison: damn his son is taller than him
harrison: based
JetPackTechnician: Yellow school buses?
JetPackTechnician: Green hulks?
JetPackTechnician: Yeah you run drugs with your tranny friends
yrrah is cam up
JetPackTechnician: I've had your file for awhile now
dbunny3: Rofl
yrrah: baby mamma's in the audience
day: i wanna work in this machine   too
JetPackTechnician: God I hate tranny's
JetPackTechnician: Especially pretentious dudes that carry that V card
JetPackTechnician: ACting like they're owed the world when they can't even get hard half of the time
dbunny3: The lag. Omg 
nohabloingles departed
JetPackTechnician: Ever pop a viagra and tried to cut your dick off?
nohabloingles arrived.
Khameleon departed
JetPackTechnician: I hate transient people
JetPackTechnician: They don't deserve the rights they were given
Logged in as: terran
Client joined the room: Railgun_bot:1059390
Joins moderator: muted:kuri
Joins: MeKLiN:meklin
Joins: Cuck:donnyquackers
Joins: 1:faceheightframe5
Joins moderator: ChanServ:raise
muted is cam up
Cuck is cam up
ChanServ: !:! 
MeKLiN is cam up
guest arrived.
guest departed
P_S_I_P_O_G_Z_P_Z_A arrived.
P_S_I_P_O_G_Z_P_Z_A: Who's the giant cuck of them all?
P_S_I_P_O_G_Z_P_Z_A departed
goodkid16 arrived.
goodkid16 departed
guest:oorgle
guest arrived.
guest is cam up
guest departed
guest cam down.
guest:oorgle
guest arrived.
guest:1061315 Changed nick to: MeKLiN2
MeKLiN2 departed
MeKLiN2:oorgle
MeKLiN2 arrived.
MeKLiN2 is cam up
guest-38017 arrived.
guest-38017 departed
BLAZEY:blazzzzey
BLAZEY arrived.
BLAZEY departed
Iceurflophalf arrived.
Iceurflophalf departed
guest-38084 arrived.
guest-38084 departed
guest-38102 arrived.
guest-38102 departed
guest-38104 arrived.
guest-38104 departed
guest-38112 arrived.
guest-38112 departed
P_S_I_P_O_G_Z_P_Z_A arrived.
P_S_I_P_O_G_Z_P_Z_A: I guess this is my safespace
guest-38121 arrived.
guest-38121 departed
P_S_I_P_O_G_Z_P_Z_A: I'ma buy meklin some beard balm
P_S_I_P_O_G_Z_P_Z_A: And one of those straighteners for xmas
P_S_I_P_O_G_Z_P_Z_A departed
opdm arrived.
edoZ:edos9
edoZ arrived.
edoZ departed
marciel:soyasauce
marciel arrived.
marciel departed
mellobab arrived.
mellobab departed
mellobab arrived.
mellobab departed
tight_skin:oatmealol2
tight_skin arrived.
tight_skin departed
God:godlyneckbeard
God arrived.
God departed
DMCA arrived.
DMCA: Meklin
DMCA: I have an i7 920
DMCA: and an i7 975
DMCA: You gotta find the right peripherals to put them all in work
DMCA: I have 24gb of ddr3 ram if you can  be reverent with me
DMCA: It's all in a box ready to be shipped out, and it's heavy as fuck
DMCA:1063339 Changed nick to: pegasusplayersclub
opdm departed
pegasusplayersclub departed
guest-38281 arrived.
Euli:eulalia621
Euli arrived.
guest-38281 departed
Euli departed
guest-38367 arrived.
guest-38367 departed
peachesncream arrived.
peachesncream departed
guest-38378 arrived.
guest-38378 departed
guest arrived.
guest is cam up
guest cam down.
guest departed
muted departed
muted cam down.
muted:kuri
muted arrived.
jane:janed0e
jane arrived.
jane departed
muted is cam up
dbunny3:dbunny3
dbunny3 arrived.
dbunny3 departed
wavellite arrived.
guest:pathfinder
guest arrived.
wavellite departed
jedi:adultvideogames
jedi arrived.
jedi departed
guest-38444 arrived.
guest-38444 departed
pegasusplayersclub arrived.
pegasusplayersclub: surf's up
pegasusplayersclub departed
Monkey_POX:jewdolan9000
Monkey_POX arrived.
Monkey_POX departed
paxil arrived.
paxil departed
day:letmeseesome
day arrived.
day departed
Pigger arrived.
Pigger departed
guest-38569 arrived.
guest-38569 departed
edoZ:edos9
edoZ arrived.
edoZ departed
little_brayne arrived.
little_brayne departed
guest-38612 arrived.
guest-38612 is cam up
MeKLiN: lol
muted cam down.
muted departed
guest-38612: Tnak yopu to invite me
guest-38612: I lovwe Irony
MeKLiN: i see
guest-38612: In fact I hate it
guest-38612: im not sure
guest-38612: may I ask what all this about?
MeKLiN: EVERYONE WHO lived here
MeKLiN: went to the chat room tinychat.com/robot9000
MeKLiN: they still come and pester us though
guest-38612: oh I see3...I need to pay shit
MeKLiN: no, you just have to leave here
guest-38612: no problem
guest-38612: Thanks anyway
guest-38612 departed
guest-38612 cam down.
muted:kuri
muted arrived.
guest departed
muted is cam up
Slitty_Muted:porterpotty
Slitty_Muted arrived.
Slitty_Muted departed
tight_skin:oatmealol2
tight_skin arrived.
tight_skin departed
guest:pathfinder
guest arrived.
guest:1066451 Changed nick to: IIIO_OIII
IIIO_OIII departed
IIIO_OIII:pathfinder
IIIO_OIII arrived.
tism_the_hedgehog:tism
tism_the_hedgehog arrived.
edoZ:edos9
edoZ arrived.
edoZ departed
m2 arrived.
edoZ:edos9
edoZ arrived.
edoZ departed
m2 departed
guest-38780 arrived.
guest-38780 departed
guest:cryoscope
guest arrived.
guest departed
edoZ:edos9
edoZ arrived.
edoZ departed
BounceIt arrived.
BounceIt departed
angora:angora
angora arrived.
angora departed
Logged in as: terran
Client joined the room: Railgun_bot:1071166
Joins moderator: ChanServ:raise
Joins: 1:faceheightframe5
MeKLiN:meklin
MeKLiN arrived.
MeKLiN departed
MeKLiN:meklin
MeKLiN arrived.
MeKLiN departed
MeKLiN:meklin
MeKLiN arrived.
MeKLiN is cam up
guest:oorgle
guest arrived.
guest departed
guest:oorgle
guest arrived.
guest is cam up
guest departed
guest cam down.
guest:oorgle
guest arrived.
guest is cam up
guest departed
guest cam down.
guest:oorgle
guest arrived.
guest is cam up
IIIO_OIII:pathfinder
IIIO_OIII arrived.
IIIO_OIII departed
tight_skin:oatmealol2
tight_skin arrived.
tight_skin departed
edoZ:edos9
edoZ arrived.
edoZ departed
guest-39493 arrived.
guest-39493 departed
guest-39511 arrived.
guest-39511 departed
guest-39523 arrived.
guest-39523 departed
guest-39526 arrived.
guest-39526 departed
Christ_Farts_Too arrived.
Christ_Farts_Too departed
edoZ:edos9
edoZ arrived.
day:letmeseesome
day arrived.
edoZ departed
day departed
edoZ:edos9
edoZ arrived.
edoZ departed
MeKLiN: !acc ban edos9
ChanServ: edos9 was eliminated
IIIO_OIII:pathfinder
IIIO_OIII arrived.
IIIO_OIII departed
edoZ:edos9
edoZ arrived.
edoZ departed
1 departed
fyrebawl arrived.
fyrebawl departed
skye:bitch
skye arrived.
WEENIE:weenie
WEENIE arrived.
skye is cam up
MeKLiN: lol
skye: morning
MeKLiN: hawdy
MeKLiN: weed
MeKLiN: bong
MeKLiN: dab
IIIO_OIII:pathfinder
IIIO_OIII arrived.
skye: packed, chrs
MeKLiN: tokes777
IIIO_OIII is cam up
IIIO_OIII cam down.
IIIO_OIII is cam up
traystm:traystm
traystm arrived.
traystm: What’s gud yall
traystm departed
Thoth arrived.
WEENIE: 212.8
Thoth: HEya
Thoth: BEcause you drink more liquids that aren't sugary
Thoth: Non-caloric intake
Thoth: More liquids, less sugar
Thoth: Hello skye
Thoth: Hello Meklin
Thoth: Hello yeah
Thoth: Greetings Andromedan's
guest-39665 arrived.
Thoth: Everyone is hiding on discord
Thoth: Losers
guest-39665 departed
Thoth: get chaz on tc
Thoth:1073247 Changed nick to: JayRod
JayRod: nice
JayRod: I can't smoke weed anymore
JayRod: It's for my job
fyrebawl arrived.
MeKLiN: ohio
fyrebawl departed
JayRod: I'll get you a job away from your family meklin
JayRod: If you can afford it
JayRod: We're both victims
JayRod: Just remember that
JayRod: We're both vulnerable people
JayRod: Remember that, too
JayRod: I see two people from the Pensione here
JayRod: Literally
JayRod: Barbara
JayRod: And Tiana
JayRod: Tiana was the one that tried to rape me
JayRod: Not even joking
JayRod: I'm not that kind of person to antagonize people irl when they're recovering from mental health stress factors
JayRod: She forced herself into my motel room and cried profusely because she wanted sex and weed
JayRod: She was basically about to undress before the management saw her enter my room
DogsandCats arrived.
DogsandCats departed
MeKLiN: im very busy
JayRod: I can see that
JayRod: What are you up to?
JayRod: Managing your libraries?
JayRod: On regedit?
JayRod: I'm literally so bored I'm listening to music and doing the same thing I was doing at the other motel I was at
MeKLiN: i have 200 dota games to play by the first
JayRod: Except free food and drugs
guest-39698 arrived.
guest-39699 arrived.
JayRod: Right on
guest-39698 is cam up
JayRod: Hello guest
guest-39699 departed
JayRod:1073247 Changed nick to: Jaytizzle_Forizzle_Muted
Jaytizzle_Forizzle_Muted: I was showering and missed that phone call
Jaytizzle_Forizzle_Muted: big reep
admin: closed guest-39698
guest-39698 cam down.
guest-39698 departed
MeKLiN: owned
Jaytizzle_Forizzle_Muted: lol
Jaytizzle_Forizzle_Muted: r9k keeps autobanning me for using martial's name lol
Jaytizzle_Forizzle_Muted: idgaf
guest-39715 arrived.
guest-39715 is cam up
MeKLiN: i forgot they even existed
Jaytizzle_Forizzle_Muted: hello guest
Jaytizzle_Forizzle_Muted: meklin
Jaytizzle_Forizzle_Muted: Check out oprekin
Jaytizzle_Forizzle_Muted: You'll have a much better time stripping windows down
fyrebawl arrived.
fyrebawl departed
Jaytizzle_Forizzle_Muted: It's only 20 bucks
MeKLiN: u dont know shit
Jaytizzle_Forizzle_Muted: I do actually
Jaytizzle_Forizzle_Muted: A lot more than you'd think
Jaytizzle_Forizzle_Muted: You're way too aggro my dude
MeKLiN: im literally the admin of my pc something you will never be of yours
Jaytizzle_Forizzle_Muted: I don't needto have all of that strippeddown
Jaytizzle_Forizzle_Muted: I'm not a conspiracy tard like you
Jaytizzle_Forizzle_Muted: I like Bill Gatges
Jaytizzle_Forizzle_Muted: I worked for him too
Jaytizzle_Forizzle_Muted: I've been on windows since before you even had a chance to play on ms-dos
MeKLiN: wrong
Jaytizzle_Forizzle_Muted: How do you know?
Jaytizzle_Forizzle_Muted: Were you on IBM?
Jaytizzle_Forizzle_Muted: Stop competing with people
Jaytizzle_Forizzle_Muted: IT only shows your true colors and you have a hard time backing up your statements
MALE_ESCORT arrived.
Jaytizzle_Forizzle_Muted: hello
MALE_ESCORT is cam up
Jaytizzle_Forizzle_Muted: lmfao
MALE_ESCORT: ahhhhhhhhh
Jaytizzle_Forizzle_Muted: I love that name
Jaytizzle_Forizzle_Muted: I'm a male escort
Jaytizzle_Forizzle_Muted: I just don't want sex, because I have bacterial infection
guest-39715 departed
guest-39715 cam down.
MeKLiN: its the guy from lurkchat
Jaytizzle_Forizzle_Muted: Meh
MeKLiN: 33m
MALE_ESCORT: yo what up melk u hooked me up on rust nigga
MALE_ESCORT: i got like 4khours now
Jaytizzle_Forizzle_Muted: lol
MeKLiN: i have 10k
MALE_ESCORT: shitttttttt
MALE_ESCORT: they going to change recoil soon dunno when
2ruan2 arrived.
MeKLiN: i am always under rank 30 for downed players
MeKLiN: https://rust-stats.com/user/76561198010344048
MeKLiN: there is 300k players
Jaytizzle_Forizzle_Muted: Have you made money?
MALE_ESCORT: cant build on roads ...
MeKLiN: it doesnt say top 50 right now
Jaytizzle_Forizzle_Muted: Or do you just boast about your skillz?
MALE_ESCORT: ye i seen u in action
MeKLiN: but that page says i am top 50 usuall
Jaytizzle_Forizzle_Muted: That's kinda lame if you ask me
MALE_ESCORT: u used to stream it
skye: tokes
Jaytizzle_Forizzle_Muted: cheers
MeKLiN: i am working on a windows version for rust gamers
2ruan2 departed
MALE_ESCORT: i liked older rust version
MALE_ESCORT: its getting too modernised with outpost and all that stuff
Jaytizzle_Forizzle_Muted: That's pretty nifty
skye: cheers
Jaytizzle_Forizzle_Muted: Cheers skye
MALE_ESCORT: i liked rust 2017 is was nice
Jaytizzle_Forizzle_Muted: Can you ask them to unban me in r9k skye?
Jaytizzle_Forizzle_Muted: So I can chat with others and not be bored?
Jaytizzle_Forizzle_Muted: Would you do that for me?
Jaytizzle_Forizzle_Muted: Please?
MeKLiN: my windows isos are faster than oprekin archiev.org/details/@meklin
skye: i don't even go there anymore
skye: they hate me
Jaytizzle_Forizzle_Muted: FAir enough
Jaytizzle_Forizzle_Muted: I feel yah
Jaytizzle_Forizzle_Muted: Everyone in there is a circus freak
Jaytizzle_Forizzle_Muted: That's not to say I'm not one either
Jaytizzle_Forizzle_Muted: Since I'm a psychic phreak
MeKLiN: he doesnt even know how to remvoe the default apps
MeKLiN: no one does but me
MeKLiN: script
Jaytizzle_Forizzle_Muted: lmfao it's not about that
IIIO_OIII: Who are you, Jay?
Jaytizzle_Forizzle_Muted: It's about the ease of access
Jaytizzle_Forizzle_Muted: ....
IIIO_OIII: I could ask, martial.
Jaytizzle_Forizzle_Muted: Not about rust
IIIO_OIII: Though, I don't know who you are.
Jaytizzle_Forizzle_Muted: LOL
Jaytizzle_Forizzle_Muted: It's Jrod
Jaytizzle_Forizzle_Muted: And idc man
IIIO_OIII: Okay, I'll see what martial says.
Jaytizzle_Forizzle_Muted: It's just an autoban
Jaytizzle_Forizzle_Muted: Idc what that halfbreed says
IIIO_OIII departed
IIIO_OIII cam down.
Jaytizzle_Forizzle_Muted: Fucking cuck cage
Jaytizzle_Forizzle_Muted: If I had my phone I'd be all over the place
MeKLiN: lol i renamed dwm.exe to sihost.exe
MeKLiN: that didnt work
Jaytizzle_Forizzle_Muted: How's your day going skye?
Jaytizzle_Forizzle_Muted: I hate r9k fags
Jaytizzle_Forizzle_Muted: Literally all of them are going to go to jail for selling child porn
Jaytizzle_Forizzle_Muted: And reselling snuff films
MeKLiN: thats why im done with them
Jaytizzle_Forizzle_Muted: #elsagate #pedogate
MeKLiN: they are online criminals
Jaytizzle_Forizzle_Muted: YEp
guest-39780 arrived.
MeKLiN: theres not a single true gamer in there
MeKLiN: me maori and weenie are true gamers
Jaytizzle_Forizzle_Muted: Yeah I know
Jaytizzle_Forizzle_Muted: I mean
Jaytizzle_Forizzle_Muted: I spent 25k on games
MeKLiN: !secret 
MeKLiN: !banish 
ChanServ: Call the shot.
MeKLiN: u guys just saw me type a hidden comamnd
Jaytizzle_Forizzle_Muted: I'm out by thursday
MeKLiN: dont tell anyone what u saw
MeKLiN: and only pm the bot if u need to that command
guest-39780 departed
MeKLiN: it works like this
MeKLiN: !holden nigger
ChanServ: Nickname?
Jaytizzle_Forizzle_Muted: That's enough time for me to get my shit together again and vamanos off to Ohio where I have a house of my own
MeKLiN: its called !banish
MeKLiN: its hidden and unknown to all users
MeKLiN: but if u know it
fyrebawl arrived.
MeKLiN: use it by pm to my bot
Jaytizzle_Forizzle_Muted: Gotcha
MeKLiN: or ill changei t
Jaytizzle_Forizzle_Muted: Word
MeKLiN: only maori has it
IIIO_OIII:pathfinder
IIIO_OIII arrived.
IIIO_OIII: What's your name...
IIIO_OIII: in there jrod?
fyrebawl: how much, escort?
MeKLiN: i also made a cool comand
MeKLiN: !allowcam7 
ChanServ: Allow Cams: False
MeKLiN: ok so acms are off
MeKLiN: if u are a mod u can type this
MeKLiN: it opens them for 30 seconds
MeKLiN: !z123 
ChanServ: Allow Cams: True
MeKLiN: tokes777
fyrebawl departed
ChanServ: Allow Cams: False
Jaytizzle_Forizzle_Muted: I'm not worried about mod
Jaytizzle_Forizzle_Muted: I just want to chat
IIIO_OIII: Yes
Jaytizzle_Forizzle_Muted:1073247 Changed nick to: pastormack
IIIO_OIII: What's your name jrod
MeKLiN: isnt that neat
IIIO_OIII: in r9k
1:faceheightframe5
1 arrived.
MeKLiN: !z123 
IIIO_OIII: when they banned you
ChanServ: Allow Cams: True
skye: he used martials name
skye: he said that
MeKLiN: ive never been banned from there sincei dont cam up
skye: he's been using martials name
ChanServ: Allow Cams: False
MeKLiN: !allowcam7 
ChanServ: Allow Cams: True
IIIO_OIII: I can't get him to unban everyone.
IIIO_OIII: Okay, martials name,
fyrebawl arrived.
IIIO_OIII: I'll ask him to look for the name similar martial.
fyrebawl departed
IIIO_OIII: If you get unbans another thing altogether.
IIIO_OIII: Considering you don't know what name it is.
IIIO_OIII departed
pastormack departed
edoZ:edos9
edoZ arrived.
edoZ departed
pastormack arrived.
pastormack: Meh
IIIO_OIII:pathfinder
IIIO_OIII arrived.
IIIO_OIII: The guy who was going to unban you, just left :D.
IIIO_OIII: Bad luck
pastormack: Meh
IIIO_OIII is cam up
pastormack: I'm not goingto get my jimmies rustled because martial has his name on autoban
pastormack: It's a cuck cage
MeKLiN: u want the hidden command
MeKLiN: bald guy
MeKLiN: u can be a mod
IIIO_OIII: A mod at r9k?
IIIO_OIII: Or here?
MeKLiN: this is th3psychward now
MeKLiN: until august
IIIO_OIII: Yeah, what's the hidden command?
pastormack: it's just a chatroom
IIIO_OIII: Just in case I need to do something.
MeKLiN: its !banish but its usuable by anyone
MeKLiN: usable*
MeKLiN: so if u see some niger on cam
MeKLiN: or fapper
MeKLiN: i want u to pm chanserv
MeKLiN: chanserv will accept !banish command from anyone
IIIO_OIII: Wait, I'll ban myself. I want to see if it works.
MeKLiN: uu just type their name after it
MeKLiN: case senstivive
pastormack: SKye looks mad
MeKLiN: it will just drop ur cam
MeKLiN: go ahead
pastormack: I have to get off anyways
IIIO_OIII: !banish IIIO_OIII
ChanServ: the secret police have taken away IIIO_OIII
MeKLiN: u are immune
MeKLiN: u have _ in your name
IIIO_OIII: Okay
MeKLiN: !banish https://rust-stats.com/user/76561198010344048
pastormack: I'm abandoning all love for my career
ChanServ: Call the shot.
pastormack: LAdies need to play keeup
pastormack: Keep up
MeKLiN: !banish IIIO_OIII
pastormack: Or play tag
ChanServ: IIIO_OIII's was dropped off by a black van.
pastormack: I'm not it
MeKLiN: ok so i typed it again
MeKLiN: that turns it off for that name
pastormack: LDR's can kiss my fuckin' ass
MeKLiN: so like if i did !banish guest
MeKLiN: it would make sure no one can cam up as that name
MeKLiN: so if someone is useing sydneys name and gets banished
MeKLiN: sydney could get banned later
pastormack: Good
MeKLiN: it also doesnt work for guest- hyphen names i think
pastormack: They're all a bunch of pedobait elsagaters
MeKLiN: the guy who made this bot comes in here sometimes
MeKLiN: he will help
IIIO_OIII: Okay
pastormack: skye?
pastormack: Are we dating?
LouisCK:headmoderator
LouisCK arrived.
pastormack: NIGGER
LouisCK departed
pastormack: NIGGER
pastormack: NIGGER
pastormack: NIGGER
MeKLiN: man scripting would be so easy if people understood how to modify windows install themselves
pastormack: God this website is so contrived
pastormack: I can't wait to drop this place like a bad habit
MeKLiN: shut up niger
word arrived.
pastormack: You live here
word departed
pastormack: I guess nobody's getting a free ride to jet pack town today
Hippo arrived.
pastormack: Hippo
pastormack: Are we dating?
pastormack: I'm turning gay
Hippo: not yet
pastormack: I have to
pastormack: All these TC women take their sweet ass time
pastormack: The whole "worry about yourself" card
pastormack: That just means they're dating someone else
IIIO_OIII: Jrod, I'll marry you.
pastormack: Good
pastormack: You'll get insurance
pastormack: Really good insurance
IIIO_OIII: Does this include US citizenship?
pastormack: Yes
IIIO_OIII: Great!
pastormack: Oregon is full of gays
pastormack: WE just have to kiss once
pastormack: And then it's over
pastormack: First of all, if you call me a pet name, you better back up the lingo continually
pastormack: Or stop calling other people pet names
pastormack: Like you're in high school
pastormack: SKYYYYYYYYYYYE
pastormack: SPY
guest-39861 arrived.
skye: ?
pastormack: The fact that I can't even call anyone and have to wait on people pisses me the fuck off
guest-39861 departed
pastormack: My time is everything, and people can waste away while I'm working
IIIO_OIII cam down.
skye: i'm in discord lol
pastormack: I know you are
pastormack: You're chatting with my bf
pastormack: Gasman
skye: no lol
pastormack: LOL
pastormack: I'm just kidding
pastormack: Literally
skye: i'm in discord with my friends lel
skye: oik good
pastormack: I know you are
pastormack: You just look pissed off
skye: i was
pastormack: XD
pastormack: lmfao
skye: someone is pissing me off
Hippo: brute, do you know about the other room?
pastormack: Ah, pardon me t hen
pastormack: Which one?
skye: stupid people talking about abortion rights with a cock between their legs
pastormack: oh god
pastormack: Tell them to stfu
skye: you want to ban abortions? start allowing manslaughter
pastormack: They don't make babies
pastormack: It's your god ddamn choice
pastormack: Not theirs
pastormack: They're the ones dumb enough to cum inside of a woman multiple times
skye: the only way i'd ever accept it
skye: is if we were to scrap a few laws
skye: or make exceptions
pastormack: YEah it's sad
pastormack: We liquify fetuses
pastormack: Literally
pastormack: For stem cell research
skye: allow me to KILL cunts for hurting others
pastormack: How else are body parts going to be made?
pastormack: I'd happily make babies to kill them for science
LouisCK:headmoderator
LouisCK arrived.
Hippo: we have capital punishment in america already
pastormack: It's the other side of the farm that needs to agree
LouisCK departed
pastormack: For sure, but why does that matter?
guest-39887 arrived.
guest-39887 departed
skye: because if they're in a place of power
skye: and they allow others to do that
skye: surely they'll go to hell aswell right?
pastormack: Idk your country laws
pastormack: AUS is fucked
pastormack: I really hate how the crown fucks your country up
BigDaddyChill arrived.
pastormack: Russia could fuck you up from the inside out
pastormack: Fascism exists
guest-39895 arrived.
guest-39895 is cam up
guest-39895 departed
guest-39895 cam down.
skye departed
skye cam down.
Hippo departed
BigDaddyChill departed
pastormack:1074402 Changed nick to: nwordx100
edoZ:edos9
edoZ arrived.
edoZ departed
edoZ:edos9
edoZ arrived.
edoZ departed
nwordx100:1074402 Changed nick to: n1993r9000000000
n1993r9000000000:1074402 Changed nick to: ni99er900000000
ni99er900000000: I'm gonna hop on discord soon
ni99er900000000: I found out to make a new account but I need my phone number
ni99er900000000 departed
IIIO_OIII departed
troncat arrived.
troncat departed
macrocephallic:bongdemon420
macrocephallic arrived.
macrocephallic: !whoisbot 
macrocephallic departed
IIIO_OIII:pathfinder
IIIO_OIII arrived.
teri arrived.
teri departed
IIIO_OIII departed
IIIO_OIII:pathfinder
IIIO_OIII arrived.
IIIO_OIII is cam up
IIIO_OIII cam down.
IIIO_OIII is cam up
bermingxx:bermingxx
bermingxx arrived.
IIIO_OIII cam down.
IIIO_OIII is cam up
bermingxx departed
normieP arrived.
normieP is cam up
normieP: i dig the glasses
Gypsy arrived.
MeKLiN: they block nigger cam blue wave light
Gypsy departed
bermingxx:bermingxx
bermingxx arrived.
IIIO_OIII departed
IIIO_OIII cam down.
bermingxx departed
IIIO_OIII:pathfinder
IIIO_OIII arrived.
IIIO_OIII is cam up
guest-40068 arrived.
guest-40068:1076004 Changed nick to: SHITSANDWICH
SHITSANDWICH departed
IIIO_OIII departed
IIIO_OIII cam down.
sc4r arrived.
sc4r departed
SexBeast12 arrived.
SexBeast12 departed
opdm arrived.
IIIO_OIII:pathfinder
IIIO_OIII arrived.
IIIO_OIII is cam up
MeKLiN: weed
MeKLiN: bong
MeKLiN: dab
edoZ:edos9
edoZ arrived.
edoZ departed
opdm departed
bermingxx:bermingxx
bermingxx arrived.
bermingxx departed
MALE_ESCORT cam down.
Stanford_Graduate:pussyman
Stanford_Graduate arrived.
Stanford_Graduate departed
IIIO_OIII departed
IIIO_OIII cam down.
imakegob00m911 arrived.
imakegob00m911 departed
batzmaruisbetter arrived.
batzmaruisbetter: another failed attempt by shitty online friends to procure any kind of help
Slitty_Muted:porterpotty
Slitty_Muted arrived.
Slitty_Muted departed
traystm:traystm
traystm arrived.
traystm departed
IIIO_OIII:pathfinder
IIIO_OIII arrived.
guest-40179 arrived.
guest-40179 departed
IIIO_OIII is cam up
MALE_ESCORT is cam up
Hannah:hannah1555
Hannah arrived.
bermingxx:bermingxx
bermingxx arrived.
batzmaruisbetter departed
bermingxx departed
KoreanRapper arrived.
KoreanRapper is cam up
KoreanRapper cam down.
KoreanRapper departed
Hannah departed
MeKLiN: i can remove all appx
MeKLiN: i am master win10
MeKLiN: we need to hack rust with python
MeKLiN: and make the guy walk around and hit trees and come back
MeKLiN: machine auto
MeKLiN: ok guys im assigning u to agents
MeKLiN: there is no othersh ere
MeKLiN: do u know which user is my bot
MeKLiN: trick question, theres two
MeKLiN: one is the brain
MeKLiN: the brains name is chanserv
MeKLiN: it will accept a command that i only give to agents
MeKLiN: so u cannot type it in the main chat
MeKLiN: it is called !banish
MeKLiN: watch
MeKLiN: !banish negro123
ChanServ: Call the shot.
MeKLiN: but also
MeKLiN: i go in private mesasge to chanserv
MeKLiN: watch read chat
ChanServ: Call the shot.
ChanServ: Call the shot.
MeKLiN: see
MeKLiN: no one knows i typed it
MeKLiN: u are now an agent
fyrebawl arrived.
MeKLiN: do not type !banish in the main chat
fyrebawl: !banish 
ChanServ: Call the shot.
MeKLiN: !acc ban fyrebawl
ChanServ: fyrebawl was eliminated
MeKLiN: try that
LouisCK:headmoderator
LouisCK arrived.
guest-40318 arrived.
LouisCK departed
fyrebawl: what kind of sorcery are you pulling?
MeKLiN: who are u weirdo
MeKLiN: this is a private party
MeKLiN: !vip7 
ChanServ: VIPs only: True
fyrebawl: i work for vice
MeKLiN: good for u
guest-40318 departed
fyrebawl: i'm doing a report on the incel movement
ChanServ: fyrebawl was eliminated
MeKLiN: !nigger fyrebawl
MeKLiN: script
KoreanRapper arrived.
fyrebawl departed
bermingxx:bermingxx
bermingxx arrived.
MeKLiN: ignoreadd
KoreanRapper departed
bermingxx departed
guest-40341 arrived.
MeKLiN: ok so these niggers saw us type the command
ChanServ banned guest-40341
guest-40341 departed
ChanServ: sevencor is banned account, only known accounts allowed in VIP Mode.
MeKLiN: im going to change the commands name
MeKLiN: ok agents
MeKLiN: tha komand will be called
MeKLiN: !evict 
MeKLiN: and only secret agents can know it
MeKLiN: because it will be public
MeKLiN: that guy joined right wen i typed it
MeKLiN: we were compromsied
Logged in as: terran
Client joined the room: Railgun_bot:1078118
Joins: MeKLiN:meklin
Joins: normieP:petepete
Joins: 1:faceheightframe5
Joins moderator: ChanServ:raise
Joins: MALE_ESCORT:mikhail
Joins: guest:oorgle
Joins: IIIO_OIII:pathfinder
Joins: WEENIE:weenie
MeKLiN is cam up
IIIO_OIII is cam up
normieP is cam up
guest is cam up
MALE_ESCORT is cam up
traystm:traystm
traystm arrived.
traystm: Wats gud yall
guest-40435 arrived.
guest-40435:1078270 Changed nick to: Jrod
traystm departed
MeKLiN: amadeus amadeus
Jrod: lol
MeKLiN: rekt
Jrod: wdym?
MeKLiN: ears\
Jrod: I can barely hear music
Jrod: These mental ward headphones suck
MeKLiN: u need the jvc $20 from amazon
Jrod: I'm gonna jam out
Jrod: ttyl
Jrod departed
skye:bitch
skye arrived.
skye is cam up
niceguy:notagoodperson
niceguy arrived.
niceguy departed
1 departed
MeKLiN: u just missed jrod
guest-40509 arrived.
guest-40509 is cam up
admin: closed guest-40509
guest-40509 cam down.
guest-40509 departed
guest-40525 arrived.
guest-40525 departed
guest-40584 arrived.
THEBODEGA arrived.
guest-40584 departed
THEBODEGA: DID YOU KNOW PETE USED TO BEAT HIS WIFE?
THEBODEGA: YEAH WHAT A SHITDAD
THEBODEGA departed
wutang:jaywalk
wutang arrived.
wutang departed
ToLGa1453 arrived.
ToLGa1453 is cam up
ToLGa1453 departed
ToLGa1453 cam down.
KoreanRapper arrived.
KoreanRapper is cam up
skye: do highly suggest against having your kid on cam at all tbH
skye: far too many weirdos on tinychat
skye: everyone here atm is trustworthy but if u pop up in directory they will probably start trickling in
Cosmicwaves arrived.
Cosmicwaves departed
WEENIE: skye? deleted
fyrebawl arrived.
WEENIE is cam up
fyrebawl departed
WEENIE: no one ban the korean rapper this is my friend mr kim
Euli:eulalia621
Euli arrived.
Euli departed
WEENIE: we don't speak korean so it doesn't even matter if u rap the same words over and over LOL
KoreanRapper cam down.
WEENIE: HE COUNTING IN SPANISH
KoreanRapper: yessirrr
WEENIE: 🔥🔥🔥🔥🔥🔥🔥🔥🔥🔥🔥🔥🔥🔥🔥🔥🔥🔥🔥🔥🔥🔥🔥🔥🔥🔥🔥🔥🔥🔥🔥🔥🔥🔥🔥🔥🔥🔥🔥🔥🔥
edoZ:edos9
edoZ arrived.
edoZ departed
KoreanRapper: that shit was fire fosho
WEENIE: im glad i made it back in time for that
KoreanRapper: all luv baby
KoreanRapper departed
edoZ:edos9
edoZ arrived.
WEENIE: best performance i've seen in 2022
edoZ departed
guest-40682 arrived.
guest-40682 is cam up
guest-40682 departed
guest-40682 cam down.
WEENIE departed
WEENIE cam down.
guest-40692 arrived.
guest-40692 is cam up
YourBoyBrad arrived.
YourBoyBrad: hi
skye departed
skye cam down.
guest-40692 cam down.
guest-40692 departed
IIIO_OIII: !evict YourBoyBrad
ChanServ: the secret police have taken away YourBoyBrad
YourBoyBrad departed
YourBoyBrad arrived.
YourBoyBrad: how yall doin
IIIO_OIII: I'm doing, okay.
sereniteax_ arrived.
sereniteax_ departed
IIIO_OIII: How about yourself, brad?
YourBoyBrad: good man good just chilling enjoying life
Advantageous_M:advan
Advantageous_M arrived.
YourBoyBrad: do yall like beer. ive been drinking a lot of basic domestic shit but kinda wanna change it up
YourBoyBrad: any recommendations?
IIIO_OIII: I can't seem I'm a connoisseur myself. I don't tend to drink that much.
IrishAsFuck arrived.
Advantageous_M departed
IrishAsFuck departed
ToLGa1453 arrived.
ToLGa1453 is cam up
ChanServ: closed ToLGa1453
ToLGa1453 cam down.
ChanServ: the secret police have taken away ToLGa1453
ToLGa1453 departed
ToLGa1453 arrived.
ToLGa1453 departed
YourBoyBrad: fair enough
yrrah:thebeach
yrrah arrived.
Legend arrived.
yrrah departed
normieP: long week
Zephyr arrived.
normieP: flu, dog died, other stuff
YourBoyBrad: sorry to hear that man
normieP: getting through it one millisecond at a
YourBoyBrad: thats the way brother
normieP: if you want to live forever simple have kids then go to prison
normieP: your life will last a long time
Zephyr departed
KoreanRapper arrived.
KoreanRapper departed
Annie arrived.
Annie is cam up
YourBoyBrad: i love this music man. super great to just chill out to
dj1 arrived.
dj1 departed
normieP: give that lady better counters
JaneDope arrived.
JaneDope departed
JaneDope arrived.
JaneDope departed
normieP: !urb <3
normieP: i need a handyman
normieP: ok hired
Euli:eulalia621
Euli arrived.
normieP: ehh nvm ill get to it
YourBoyBrad: i got you bro what do you need
YourBoyBrad: some drywall?
normieP: stringers
normieP: 4
normieP: 2 for basement 2 for playset
normieP: you got me doggy
tight_skin:oatmealol2
tight_skin arrived.
YourBoyBrad: ye man ill hook that up in the morning for u
normieP: niceeeeeeeeeeeeeeee
YourBoyBrad: have yall seen that show hootles before i cant remember what channel its on
tight_skin departed
normieP: i dont watch
YourBoyBrad: funny as shit tho been around for a bit watching it rn dying
YourBoyBrad: ah shit i got ya
normieP: oh :)
normieP: do it up
normieP: g funk
ChanServ: YourBoyBrad's was dropped off by a black van.
mini arrived.
normieP: i guess thats better than bein picked up by a white van
mini departed
normieP: pine cheaper than cedar
YourBoyBrad: thats true at least in certain areas
normieP: cedar rare ah
normieP: interesting
normieP: not to be a female about it but i want it to match
YourBoyBrad: lasts longer tho so depending what u need it for its a better investment
normieP: and the playset is already cedar
MALE_ESCORT departed
MALE_ESCORT cam down.
YourBoyBrad: stick with cedar if its outdoors
normieP: stringers 30$$ pine $$60 cedar
normieP: ahhhhhh
normieP: i need 5 ft height
jedi:adultvideogames
jedi arrived.
jedi departed
normieP: 75 in heigh is $70 cedar
MeKLiN: i wonder do i have the xwing dos game soundtrack
MeKLiN: man that game was cool for its time
YourBoyBrad: another option is pressure treated pine thats made to look like cedar with a finish
YourBoyBrad: check out lowes
MeKLiN: every time u lost u get captured by darth vader and he comes up with a orb and needle for ur brain
YourBoyBrad: they got options
MeKLiN: and he goes now u will tell us the location of the secret rebel base
MeKLiN: and the game would crash to dos with a tsr memory error
MeKLiN: it weas cool
YourBoyBrad: bro if u do throw that shit up
YourBoyBrad: i wanna hear it
cboog arrived.
cboog: im scared
normieP: i put steps to replace this pipe ladder
YourBoyBrad is cam up
normieP: toodark
YourBoyBrad: ya kinda hard to see but thats cool tho
Slickback arrived.
Slickback departed
guest-40928 arrived.
guest-40928 departed
LouisCK:headmoderator
LouisCK arrived.
LouisCK departed
Euli departed
Euli:eulalia621
Euli arrived.
guest-40972 arrived.
guest-40972 departed
Euli is cam up
YourBoyBrad: im about to boot up a new oblivion plauthrough
YourBoyBrad: play
guest-40999 arrived.
muted:kuri
muted arrived.
guest-40999 is cam up
Euli cam down.
admin: closed guest-40999
guest-40999 cam down.
guest-41008:szabii86
guest-41008 arrived.
muted banned guest-40999
guest-40999 departed
guest-41008 departed
Euli departed
muted is cam up
MeKLiN: lol wittman did what i sid before he left
MeKLiN: churs
MeKLiN: congrats
muted: i repoertersd tha fag
muted: then deleted him
YourBoyBrad: was that like a fake cam or something
muted: how to mod
muted: !ignoreadd YOURBOYBRAD
muted: stfu faggot
ChanServ: szabii86 was eliminated
muted: is that a fake cam? who asks that
YourBoyBrad: bro im just tryna keep up with the conversation
YourBoyBrad: i thought u were saying something about the person u banned nvm
normieP departed
normieP cam down.
IIIO_OIII: Boybrad, don't worry about Maori's friendly greeting.
IIIO_OIII: He's like that with everyone.
YourBoyBrad: nah its cool bro
IIIO_OIII: He literally has 75% of the room hidden.
Nina arrived.
YourBoyBrad: thats fucking funny
guest-41059 arrived.
guest-41059 departed
Nina departed
MeKLiN: weed
MeKLiN: bong
MeKLiN: dab
MeKLiN: script
muted departed
muted cam down.
muted:kuri
muted arrived.
muted is cam up
Slickback arrived.
Slickback departed
gorillafinger arrived.
gorillafinger departed
birdman73 arrived.
birdman73 is cam up
birdman73 cam down.
birdman73 departed
MeKLiN: haha
MeKLiN: and just like that my preinstallation windowsapps and systemapps removal kit works
guest-41143 arrived.
guest-41143 departed
YourBoyBrad: niiiiice
Randy:pablo70
Randy arrived.
Randy:1083236 Changed nick to: Harold
Harold departed
normieP arrived.
CheXMix arrived.
rurt arrived.
CheXMix departed
rurt departed
guest-41181 arrived.
guest-41181 departed
yrrah:thebeach
yrrah arrived.
yrrah departed
fyrebawl arrived.
fyrebawl departed
Tinychat arrived.
Tinychat departed
Annie departed
Annie cam down.
edoZ:edos9
edoZ arrived.
edoZ departed
GASMAN arrived.
GASMAN departed
IIIO_OIII cam down.
yrrah:thebeach
yrrah arrived.
IIIO_OIII is cam up
yrrah departed
IIIO_OIII departed
IIIO_OIII cam down.
bugman8000:bugmann
bugman8000 arrived.
bugman8000 departed
YourBoyBrad departed
YourBoyBrad cam down.
IIIO_OIII:pathfinder
IIIO_OIII arrived.
IIIO_OIII departed
muted departed
muted cam down.
muted:kuri
muted arrived.
muted is cam up
wavellite arrived.
wavellite departed
IIIO_OIII:pathfinder
IIIO_OIII arrived.
IIIO_OIII departed
snoh_ arrived.
snoh_ departed
edoZ:edos9
edoZ arrived.
edoZ departed
fyrebawl arrived.
fyrebawl departed
sophiaflowia arrived.
sophiaflowia departed
guest-41338 arrived.
guest-41338 is cam up
guest-41338 departed
guest-41338 cam down.
skye:bitch
skye arrived.
skye departed
muted departed
muted cam down.
WEENIE:weenie
WEENIE arrived.
newname arrived.
newname is cam up
cboog departed
newname departed
newname cam down.
atypical arrived.
atypical departed
WEENIE departed
fyrebawl arrived.
fyrebawl departed
muted arrived.
muted is cam up
muted: never give  me mod
muted: people get scared to hang when i have the M next to my name
Patriarchal_Blessing arrived.
Euli:eulalia621
Euli arrived.
Euli departed
Patriarchal_Blessing: welp
Patriarchal_Blessing: I guess it's another boring night wasting away on TC
Patriarchal_Blessing departed
skye:bitch
skye arrived.
skye departed
IIIO_OIII:pathfinder
IIIO_OIII arrived.
IIIO_OIII is cam up
sophiaflowia arrived.
sophiaflowia departed
normieP departed
IIIO_OIII departed
IIIO_OIII cam down.
fred arrived.
fred is cam up
silver_muted arrived.
silver_muted is cam up
silver_muted: yo
fred departed
fred cam down.
MeKLiN: hi
silver_muted: holla
MeKLiN: i am hiring agents for this room
MeKLiN: chanserv's agents
silver_muted: lol for what
MeKLiN: see the guy on cam named muted he owns the secret police of this room
MeKLiN: but we need people who will protect it only
MeKLiN: if we sleep
silver_muted: ic, whats the task?
MeKLiN: you know like make the naked people goa way
MeKLiN: u just have to learn how to send commands to the bot via pm
MeKLiN: you know the bots name?
silver_muted: chanserv?
MeKLiN: yes theres twot hough
silver_muted: railgun
MeKLiN: chanserv is the main one since its a mod
IIIO_OIII:pathfinder
IIIO_OIII arrived.
MeKLiN: so you will pm chanserv a command
IIIO_OIII is cam up
GASMAN arrived.
MeKLiN: you can never type this command in public.. only pm
GASMAN departed
silver_muted: ic
MeKLiN: its !evict
MeKLiN: then you type their name after
MeKLiN: so... !evict nakedman123
silver_muted: to kick or ban?
MeKLiN: it closes cam forever on that name
IIIO_OIII: Yeah, we only target the darkies, silver.
MeKLiN: and u can type it again to turn it off
MeKLiN: yes black people u can use it on for free
MeKLiN: but whites be considerate
Legend departed
silver_muted: lol ok
MeKLiN: ok legend just read all that
IIIO_OIII: No squealing either.
MeKLiN: so if i gets abused we know its him
MeKLiN: i know legend tho he wont abusei t
MeKLiN: so the command can be used by anyone
silver_muted: ok kool
MeKLiN: so this is why we cant type it in the chat
IIIO_OIII: How many people are you going to tell, Meklin?
silver_muted: got it
MeKLiN: only to private message
silver_muted: lol
IIIO_OIII: By the time you've told everyone.
MeKLiN: nah
IIIO_OIII: Pretty much everyone is going to end up knowing the commands.
MeKLiN: half the people who use these rooms are assholes the other half just chat
MeKLiN: so half would get to know it
wutang:jaywalk
wutang arrived.
MeKLiN: jaywalk
MeKLiN: he is my old agent
wutang is cam up
MeKLiN: wutang can know it
MeKLiN: !evict wutang
ChanServ: the secret police have taken away wutang
MeKLiN: see
wutang: lol
MeKLiN: !evict wutang
ChanServ: wutang's was dropped off by a black van.
MeKLiN: just dont type it in public
wutang: weenie has betrayed u
MeKLiN: also it may not be working right now, but it usually does
wutang: he was in other room for 2 hrs sperging out
MeKLiN: i dont care man
MeKLiN: im not 5 years old
MeKLiN: weenie is like special man
MeKLiN: don u know
IIIO_OIII departed
IIIO_OIII cam down.
wutang: meklin there was 5 chatters in there saying they wish u would join
wutang: n they miss u
MeKLiN: u guys should all get alongi n there
IIIO_OIII:pathfinder
IIIO_OIII arrived.
MeKLiN: i have my owen room now
IIIO_OIII departed
wutang: nah i dont want weenie in there
MeKLiN: i like peacefulness
MeKLiN: they like him
MeKLiN: gasman is probably a shadow mod
wutang: i really dont want weenie in that room
MeKLiN: and he protectsh im
wutang: what gonna happen when gasman stops paying for room?
MeKLiN: he is not fit for solitary confinement chtting
MeKLiN: chattnig
MeKLiN: he has to be where its happening
MeKLiN: maybe he deserves what people do to him
MeKLiN: because he messes with girls
MeKLiN: anywa, im workking
wutang: i dont like weenie
silver_muted: lol
wutang: i just dont like him
silver_muted: so many ppl hate me
wutang: hi silver
silver_muted: hi wit
silver_muted: wut
wutang: no1 hates u
silver_muted: but i enjoy it
silver_muted: lol ikr
Salute arrived.
Salute is cam up
wutang: play a song n sing silver
wutang: aj i didnt know how big ur nose was till now
wutang: u could make a girl cum with that
Salute: its over
Salute: ccp is going start ww3
Salute: its over
Salute: ccp vs the usa
Salute: and world ends
wutang: usa wins
Salute: its over
Salute: usa fails
Salute: bigtime
MeKLiN: there has to be two chat rooms with all the retards that go in these rooms that we know
Salute: u know that
MeKLiN: and there has to be one that they can go to when they are banned, that is this room
Salute: just be like me eat more food and fuck more pussy
MeKLiN: so the chatting never ends
MeKLiN: you cant be banned
wutang: yea but what happens when gasman stops paying for this room?
MeKLiN: it diesi n august
Salute: more news
Salute: for me
wutang: oh damn he paid that far?
MeKLiN: i have 3 months of fre tinychat
MeKLiN: i think plusvat did
MeKLiN: then people gifted it
silver_muted: how much to pay
wutang: ah
silver_muted: for a room
Salute: silver
Salute: ur great for my dork
silver_muted: lol
silver_muted: you too
YourBoyBrad arrived.
wutang cam down.
wutang departed
wutang:jaywalk
wutang arrived.
wutang departed
Salute: silver 💦  💦   💦 💦
guest-41589 arrived.
YourBoyBrad departed
skyemuted:bitch
skyemuted arrived.
skyemuted is cam up
skyemuted departed
skyemuted cam down.
BLAZEY:blazzzzey
BLAZEY arrived.
guest-41589 departed
BLAZEY departed
BroVan arrived.
silver_muted: yo
BroVan departed
silver_muted: imma get a massage for a while
silver_muted: bbl
silver_muted departed
silver_muted cam down.
tism_the_hedgehog:tism
tism_the_hedgehog arrived.
tism_the_hedgehog departed
Salute departed
Salute cam down.
MeKLiN: weed
MeKLiN: lol
yrrah:thebeach
yrrah arrived.
MeKLiN: weed
yrrah departed
edoZ:edos9
edoZ arrived.
edoZ departed
Jedi:contentsafari
Jedi arrived.
Jedi departed
edoZ:edos9
edoZ arrived.
muted cam down.
muted departed
edoZ departed
newname arrived.
newname departed
TillamookCheese arrived.
TillamookCheese departed
LivSop arrived.
LivSop departed
edoZ:edos9
edoZ arrived.
edoZ departed
jedi:adultvideogames
jedi arrived.
jedi departed
yrrah:thebeach
yrrah arrived.
yrrah departed
Yeah:pathfinder
Yeah arrived.
Yeah departed
edoZ:edos9
edoZ arrived.
edoZ departed
M_uchLove_Radio:wretchedegen
M_uchLove_Radio arrived.
M_uchLove_Radio: !nickban meklin
M_uchLove_Radio departed
MeKLiN: !acc ban wretchedegen
ChanServ: wretchedegen was eliminated
KoreanRapper arrived.
KoreanRapper departed
edoZ:edos9
edoZ arrived.
edoZ departed
Lola_Dela_Zeus arrived.
Lola_Dela_Zeus departed
