Logged in as: terran
Client joined the room: Railgun_bot:190308
Joins: Snake:hashbash
Joins: 1:faceheightframe5
Joins moderator: Wittmann:cancers
Joins: MeKLiN:meklin
Joins moderator: ChanServ:raise
Joins: goiga:roonscape
Joins: annexed_webcam_slot:tism
Joins: bad_nigger_slave:shaolinmental
Joins: jane:janed0e
MeKLiN is cam up
annexed_webcam_slot is cam up
bad_nigger_slave is cam up
Snake: Theyre going to all join me in court for the best reward ever
Snake: Gasman chowder meklin
Snake: Everyone's going to prison
MeKLiN: sure we are
MeKLiN: before or after u suck our cocks
MeKLiN: FAg
Snake: You don't have protection
Snake: Nah
Snake: Lb and oda are my gf
Snake: I have two GF
ChanServ: No user named: Snaek
Snake: You have none
Snake: Nah
Snake: Your life is over being 187ci
Snake: Sprry buddy
Snake: I'm not caming up
Snake: Lb and oda are moving in with me
Snake: They're my potential wives
Snake: Still deciding
Snake: She's Mormon
Snake: Not Jewish
Snake: Youre just the one that raped your baby momma
Snake: And you project your autismo
Snake: Chowder is just another snake in the grass
Snake: Same with all of radical
MeKLiN: ignoreadd hashbash
Snake: That's why it never mattered
Snake: Gasman abuses your intellect
Snake: And you let him because you're a beta fag
Snake: Financial domms make me laugh
Snake: You cant buy me out
Snake: You are all working for the kgb
Snake: I know this
Snake: Everyone is always jealous of my family
Snake: They should be
Snake: I'm the most eligible bachelor in town
Snake departed
Mystify arrived.
Mystify: You never had a chance meklin
victor arrived.
Mystify: You're a fag
Mystify: God hates fags
victor departed
Mystify: Projection
Mystify: Classic autismo
Mystify: Yeah and your babies are going to die
Mystify: Lb is not yours you sister fucker
ChanServ: Account: canttouchthis was added to banned accounts.
ChanServ banned Mystify
Mystify departed
ChanServ: (0) Mystify:canttouchthis [9314]
ChanServ: No banlist matches.
SMILE arrived.
SMILE departed
SMILE arrived.
SMILE departed
MeKLiN: Then Peter came to himself and said, “Now I know without a doubt that the Lord has sent his angel and rescued me from Herod’s clutches and from everything the Jewish people were hoping would happen." Acts 12:11
Slacker arrived.
Slacker departed
nerdrage arrived.
nerdrage: hai meklin
nerdrage departed
guest arrived.
yrrah arrived.
yrrah departed
miscfuck arrived.
guest departed
miscfuck departed
baldbritney arrived.
baldbritney departed
SMILE arrived.
SMILE departed
Small_Dick_Energy arrived.
Small_Dick_Energy departed
irony arrived.
irony departed
SMILE arrived.
SMILE departed
MeKLiN: yes
strok3d313 arrived.
strok3d313 departed
goiga departed
yeah arrived.
yeah departed
dc arrived.
dc departed
Bugcollector arrived.
Bugcollector departed
lol arrived.
lol departed
strok3d313 arrived.
strok3d313 departed
edos arrived.
edos departed
SMILE arrived.
SMILE departed
victor arrived.
victor departed
caf arrived.
caf departed
lady arrived.
lady departed
lol arrived.
lol departed
SMILE arrived.
SMILE departed
guest arrived.
guest departed
SMILE arrived.
SMILE departed
guest arrived.
guest is cam up
guest departed
guest cam down.
Jedi arrived.
Jedi departed
Jedi arrived.
Jedi: Very busy day today for me
Jedi: Hope I get the work done
MeKLiN: every day is a busy day
Jedi departed
chromehearted arrived.
chromehearted departed
lol arrived.
lol is cam up
Oakwise arrived.
Oakwise departed
edos arrived.
edos departed
lol departed
lol cam down.
dbunny3 arrived.
dbunny3 is cam up
dbunny3: Im gonna do shrooms again (:
dbunny3: Fun time !(:::::
dbunny3 departed
dbunny3 cam down.
Bixnood arrived.
Bixnood departed
guest arrived.
guest:194235 Changed nick to: KMS20
KMS20 departed
directionality arrived.
directionality departed
chromehearted arrived.
chromehearted departed
lol arrived.
lol departed
yeah arrived.
yeah departed
einstein2 arrived.
einstein2 departed
guest arrived.
guest departed
edos arrived.
edos departed
edos arrived.
edos departed
jane departed
Jedi arrived.
Jedi departed
Bugcollector arrived.
Bugcollector departed
einstein2 arrived.
einstein2 departed
GASMAN arrived.
GASMAN departed
GASMAN arrived.
GASMAN departed
chromehearted arrived.
chromehearted departed
lol arrived.
lol departed
edos arrived.
edos departed
Slacker arrived.
Slacker departed
wutang arrived.
wutang departed
itsokaytolikefeet arrived.
Peace_and_Love arrived.
Peace_and_Love departed
JROD arrived.
JROD is cam up
itsokaytolikefeet: annexed webcam slot
wutang arrived.
wutang is cam up
MeKLiN cam down.
itsokaytolikefeet departed
edos arrived.
edos departed
wutang: sup meklin
MeKLiN departed
MeKLiN arrived.
MeKLiN is cam up
MeKLiN cam down.
MeKLiN is cam up
wutang: room was dead all nnight
wutang: gasman where r u
directionality arrived.
directionality departed
nacho arrived.
edos arrived.
edos departed
day arrived.
day departed
nacho is cam up
Bixnood arrived.
Bixnood departed
Slitty arrived.
Slitty departed
JROD: wutang shut up
wutang departed
wutang cam down.
JetPackTechnician arrived.
JetPackTechnician: Gm 
JetPackTechnician departed
asleep_at_the_wheel arrived.
asleep_at_the_wheel departed
guest arrived.
kendon33 arrived.
kendon33 departed
guest departed
nacho departed
nacho cam down.
Mystify arrived.
Mystify: I'm free all day
Mystify: Where are my two love birds?
Mystify departed
Mystify arrived.
incelrage arrived.
Mystify departed
incelrage: Good morning
incelrage departed
guest arrived.
guest departed
goiga arrived.
warp arrived.
jedi arrived.
warp departed
jedi: ive got 2 hours before i have to fuck off and flee the country
jedi is cam up
MeKLiN: lol
jedi: unironicaly thinking of not coming back to america after i cross the boarder
jedi: the president is deleting the bill of rights
jedi: not a joke
MeKLiN: we just have to form groups
MeKLiN: and occupy land
MeKLiN: then there will be no one left in cities to pay their tax
jedi: we need to remind these people that the bill of right protected themselves far me then it protected us
jedi: *rights ^far more
jedi: who will be the voice of reason when there is no law or morality to compare ourselves against
jedi: violence until God himself humbles us
annexed_webcam_slot cam down.
MeKLiN: so what did biden do
jedi: building a ministry of truth to combat online disinformation
jedi: which means arresting anyone they accused of anything
jedi: this is the government i have been fighting against my entire life online you know- i mean fighting people who accuse others for fun
jedi: the government is the will of the people always
jedi: i have failed to change the minds of the people who thought this tyranny was hilarious
jedi: and now the government for real represents those people
jedi: who will be left laughing now i wonder
jedi: when anyone accused of anything is thrown away for ever
annexed_webcam_slot:186200 Changed nick to: tism_the_hedgehog
tism_the_hedgehog departed
MeKLiN: i think u are indoctrinated by commies
MeKLiN: a lot in california are
MeKLiN: what specifically is the problem
jedi: you'll see in time
jedi: i cant explain it any better than i already have
guest arrived.
MeKLiN: you dont understand why we need covid vaccines so you arent prioritizing the problem in our country which is niggers
MeKLiN: niggers are ruining america
MeKLiN: not some free speech shit from facebook
jedi: has nothing to do with vaccines
MeKLiN: do u know what happens when the police station is burned down
MeKLiN: niggers happen x10
guest:199215 Changed nick to: tonymartin
jedi: has everything to do with opposition to any narrative
MeKLiN: when that happens in YOUR city, you will know  a true problem
jedi: this has little to do with blacks or police
MeKLiN: u are basically speaking in tongues to me
goiga departed
jedi: God prevents me from making sense
jedi departed
jedi cam down.
tonymartin: meklin, jedi is the guy in the sanctuary state for illegals
tonymartin: of course he wont get it
tonymartin: hes in cali-kosovo
tonymartin: the balkanized nigger shit hole
tonymartin: the place every whitey has made hastened exodus from if they are Xtian
madmax679 arrived.
madmax679 departed
tonymartin: or just plain hate the commiefornia high costs of dievershitty
tonymartin: The robot room is very sad btw will regret losing this room over it now
MeKLiN: well not all the whites can get out
tonymartin departed
MeKLiN: the bay area is a good place to test biological air weapons and has been used to do so in the past
MeKLiN: maybe they want to get all the niggers there by 2050 and gas em
day arrived.
Zydney arrived.
Zydney departed
Zydney arrived.
Zydney departed
guest arrived.
guest departed
SMILE arrived.
SMILE departed
lol arrived.
lol is cam up
SMILE arrived.
SMILE departed
Slacker arrived.
Slacker departed
Slitty arrived.
Slitty departed
JROD: https://www.youtube.com/watch?v=4IKddfxkDWk
liquid arrived.
funboy1983 arrived.
funboy1983 departed
Slacker arrived.
guest arrived.
guest:200547 Changed nick to: JORDUMBS
MyEmpressSOS arrived.
MyEmpressSOS is cam up
ChanServ: closed MyEmpressSOS
MyEmpressSOS cam down.
ChanServ: MyEmpressSOS is being abused by mods
ChanServ kicked MyEmpressSOS
MyEmpressSOS departed
Slacker departed
JORDUMBS departed
guest arrived.
guest:200574 Changed nick to: JORDUMBS
JORDUMBS: Oda
JORDUMBS: I downloaded the thing for u
day: wht thing
day: jordumb
JORDUMBS departed
DylanDeveaux arrived.
guest arrived.
guest:200601 Changed nick to: JORDUMBS
JORDUMBS departed
Brainybeard arrived.
DylanDeveaux: .
Brainybeard departed
day: O.O
DylanDeveaux: lol
day: :)
DylanDeveaux departed
SMILE arrived.
SMILE departed
lady arrived.
lady departed
wutang arrived.
wutang departed
guest arrived.
guest:200903 Changed nick to: JORDUMBS
JORDUMBS is cam up
JORDUMBS cam down.
JORDUMBS: hmmmm
lol departed
lol cam down.
JROD: hi
day departed
bugman8000 arrived.
bugman8000 departed
SMILE arrived.
SMILE departed
liquid departed
pluZvat arrived.
edos arrived.
guest arrived.
guest:201445 Changed nick to: REDABACUS
edos departed
edos arrived.
edos departed
REDABACUS departed
edos arrived.
edos departed
Slitty arrived.
Slitty departed
edos arrived.
edos departed
MeKLiN cam down.
SMILE arrived.
SMILE departed
MeKLiN departed
MeKLiN arrived.
MeKLiN is cam up
edos arrived.
edos departed
bad_nigger_slave: what ting?
bad_nigger_slave: thing*
JORDUMBS: the uh
JORDUMBS: filter thing
JORDUMBS: but idk how to work it
JORDUMBS departed
bad_nigger_slave: oh the snapchat filter
guest arrived.
guest:202239 Changed nick to: JORDUMBS
bad_nigger_slave: https://snapcamera.snapchat.com
JORDUMBS departed
einstein2 arrived.
einstein2 departed
guest arrived.
guest:202449 Changed nick to: JORDUMBS
day arrived.
incelrage arrived.
incelrage departed
day departed
Slacker arrived.
Slacker departed
PO_PO_MASTER arrived.
PO_PO_MASTER: waddup yo
JORDUMBS departed
PO_PO_MASTER departed
bermingxx arrived.
bermingxx departed
wutang arrived.
wutang departed
1: need to get a car asap
wutang arrived.
wutang is cam up
guest arrived.
guest:203686 Changed nick to: JORDUMBS
wutang: gm jordy
JORDUMBS: Goodmorning :]
JORDUMBS: howd you sleep
wutang: i woke up at 4am-540 slept again
wutang: woke up n fell right back asleep
JORDUMBS is cam up
edos arrived.
JORDUMBS: I tried to download and work the filter thing but no luck
JORDUMBS: :[
wutang: aw
edos departed
JORDUMBS: I went to be around 3 am and woke up at like 10:30 am
wutang: thats some good hours
JORDUMBS: Yeah not too bad
JORDUMBS: I have my performance thing tongiht and Im so nervoussss
edos arrived.
wutang: what performance thing?
JORDUMBS: my dance class is having a performance
wutang: aw
JORDUMBS: my family n friends are coming to see me
wutang: nice
JORDUMBS: I hope someone buys me flowers
JORDUMBS: if no one buys me flowers I will never perform again
wutang: i hope u get lots of flowers
JORDUMBS: ty:3
wutang: is it a solo?
JORDUMBS: What are you doing today?
JORDUMBS: No I'll be dancing with my class
wutang: im going to ur dance performance with lots of flowers
JORDUMBS: 2 sweet
wutang: that tea reminds me of chachacha hometown
Bixnood arrived.
JORDUMBS: I love tea sm...reminds me of Uncle Iroh
JORDUMBS: from avatar the last airbender
wutang: it reminds me of when he was cutting up that wood thing for her disc in her neck
wutang: n gave it to her saying he was gonna throw it away
JORDUMBS: hmmmm
wutang: but he spent all night doing it for her
JORDUMBS: oh yeah
JORDUMBS: that was so cute
JORDUMBS: okie one sec
JORDUMBS cam down.
edos departed
Bixnood departed
JORDUMBS departed
ActiveShooterDrip arrived.
ActiveShooterDrip departed
guest arrived.
guest:204060 Changed nick to: JORDUMBS
victor arrived.
victor departed
JORDUMBS departed
guest arrived.
guest:204182 Changed nick to: JORDUMBS
JORDUMBS: I cant do the stupid stinky dang filterrrrr
JORDUMBS: aaaaaaaaaaaaaaaah
wutang: aw
JORDUMBS is cam up
wutang: u dont needs it
Hippo arrived.
wutang: am i lagging or u?
Hippo: no?
wutang: is her cam laggy hippo?
JORDUMBS: me cos Im trying to do this fuck shit for oda
Hippo: yeah, her cam is 0.5 fps
wutang: what fuck sht for oda?
JORDUMBS: I just want oda to be happy
wutang: lol
JORDUMBS: the filter! she asked to see me in the gap filter!
wutang: maybe restart computer?
JORDUMBS: I have been lol
wutang: lol
Hippo: this is like indian tech support with a white woman
BLAZEY arrived.
JORDUMBS: ugh ok I give up Im gonna go eat some lunch this made me hangry
BLAZEY is cam up
wutang: whats for lunch
Hippo: blazey is probably bottomless
JORDUMBS: dick, wutang, now get over here
wutang: oh damnnn
Logged in as: terran
Client joined the room: Railgun_bot:205653
Joins: Bixnood:bombaclaat
Joins moderator: ChanServ:raise
Joins: day:letmeseesome
Joins: Hippo:spacehippo
Joins: JORDUMBS:jordumbs
Joins: wutang:jaywalk
Joins moderator: pluZvat:plusvat
Joins moderator: JROD:ruin
Joins: 1:faceheightframe5
Joins moderator: Wittmann:cancers
Joins: bad_nigger_slave:shaolinmental
JORDUMBS is cam up
wutang is cam up
JROD is cam up
bad_nigger_slave is cam up
Bixnood departed
MeKLiN arrived.
day: jordumb how old are you
JORDUMBS: its p healthy, and itll be nice because while its spring, there is still a chill in the wind today
JORDUMBS: I'm old tbh
day: tell me in numbers
day: jordumb
MeKLiN departed
MeKLiN arrived.
JORDUMBS: 27
day: jordumb you leanring this form book
day: n cooking
day: this greeen
SMILE arrived.
day: dish
JORDUMBS: I am getting inspired by this book
SMILE departed
MeKLiN departed
MeKLiN arrived.
JORDUMBS: to eat better and live better
MeKLiN departed
MeKLiN arrived.
day: do you have choies to eat  what you want
day: ?
JORDUMBS: yes
wutang: nice
day: that cool
wutang: i should learn from that
MeKLiN departed
MeKLiN arrived.
JORDUMBS: its called something dumb like "eat pretty every day"
MeKLiN departed
MeKLiN arrived.
day: when i see you guys i feel my life is doom
JORDUMBS: but every day there is a new tip or encouraging passage as well as the science behind why a certain food is good
day: n when i see this pakis
day: i see my self in better palce
MeKLiN departed
wutang: cute title
MeKLiN arrived.
day: waht you say about paki food
day: jordumb
JORDUMBS: I should check the soup one sec
day: there is very tasty food
day: wutang do you trimm your head yourself
day: or you go to shop
wutang: shave myself
day: your head not look bad
day: trimmed
day: i look super ugly
day: if i do it
wutang: oh
day: you look cool
wutang: my head
wutang: no i go shop
day: ya
day: i trimm my self
day: in 6 months
day: but i look extreamy shit
wutang: id jjust shave it all if i did myself
day: wutang how much people change
day: in your life time
day: n this religous people
day: n there views
day: or they all same
day: as before
day: i saw big change in my view
wutang: my views changed big too
wutang: but it also depends
wutang: if u make it ur life, surround by religious  people
wutang: it would be hard to change
day: ya my family is stupid n religous
day: nonsense
day: n we all live tother
day: like fucking monkies
day: not just we entire pakis are like this
day: i am lucky i am not marreid
edos arrived.
day: wutang what happen to people in amrica
day: who have more than 5 kids
day: ?
edos departed
day: how they affored good life
Hippo: they get free money for each kid
Hippo: if they're poor
wutang: either they r on foodstamps or working hard
day: dman even govement pay for kids
MeKLiN departed
day: that sound heven
guest arrived.
day: my brother freind came form UK
day: he gon to him
guest:206087 Changed nick to: MeKLiN
day: yeaster day n today
day: his freind work in UK
day: n study
guest arrived.
guest departed
MeKLiN departed
MeKLiN arrived.
MeKLiN departed
MeKLiN arrived.
JORDUMBS: its almost done!
day: how is your cook
day: jordumb
chromehearted arrived.
day: try some paki food
day: n rice
JORDUMBS: Im a great cook
day: you must cook some paki bufflo rice
JORDUMBS: I just have to blend it up and it is p much finished!
JORDUMBS: Day I dont wanna cook paki food rn
JORDUMBS: thanks tho
BENJI4LIFEX arrived.
BENJI4LIFEX departed
goiga arrived.
sydney arrived.
goiga is cam up
Hippo is cam up
goiga: i am upset i died in runescape
goiga: lol
day: !urb runescape
goiga: u dont know day?
day: like runing form jail
day: ?
goiga: lol no its a game
sydney: run escape
Midea arrived.
sydney is cam up
chromehearted: why
chromehearted: do u llook liekthat
wutang: hi chromey
Hippo: you on a doll filter or is that irl make up, syd?
sydney: filter lol
chromehearted: lmfao
chromehearted: i wutanggg
chromehearted: hih
day: what is this pills for
Hippo: giga, send it to me
chromehearted departed
Hippo: why don't you like it, giga?
Midea departed
day: sydney what food is this
day: tell me when you finsh eating
sydney: turkey sandwich
Hippo: just don't take so often
MeKLiN departed
MeKLiN arrived.
sydney cam down.
MeKLiN departed
post_ironic_stress_disorder arrived.
day: wutang i saw your name in this sfotware
day: you invted me
day: to
post_ironic_stress_disorder departed
day: giga when you get your package form darknet
day: how they pack it
day: ?
day: like if i order meth form dark web
day: ?
day: how would they pack it
day: sending drugs internaotnlay is
day: not easy
day: if i elarn it
day: i will send tons of hash
day: ya here they even check it
sydney departed
day: i not worry abotu lsoeing money
day: i worry what if cops come with drugs
day: ya they check internetional things
SMILE arrived.
day: sending soemthing form here
day: what pakis send
SMILE departed
Snake arrived.
day: i used to write reviews
Snake: Michael Strom
Snake: You're fucking done kid
Snake: Good luck finding a hospital
Snake: I hope your heart is racing
day: when you send package they said they use scanerners
Snake is cam up
day: on airpoart
day: that can see thorw stufff
day: jrod
day: he is in cafe
day: eating some food
Snake: I can't wait to hug these women
Snake: Lmfao
day: his one phone audio is vry low
Bixnood arrived.
Bixnood: Giga so ugly
goiga: lol?
Bixnood: Can't believe jrod is allowed outside
Bixnood is cam up
Bixnood cam down.
Bixnood departed
Hippo cam down.
isthisflutetuned arrived.
isthisflutetuned is cam up
isthisflutetuned cam down.
isthisflutetuned departed
einstein2 arrived.
einstein2 departed
Snake: They teleported my change out of my pants
Snake: Not even kidding
guest arrived.
Snake: There wasn't a single soul around
Snake: I'm at your mom's place
guest:206919 Changed nick to: MeKLiN
Smorrg arrived.
Smorrg departed
Snake: What If we traded Mom's?
isthisflutetuned arrived.
isthisflutetuned is cam up
bad_nigger_slave: jrod where are you at
goiga: https://puu.sh/IXBuX/6b734ca282.png
bad_nigger_slave: i got mcdonalds
bad_nigger_slave: going to feel bad later
Snake: Good
Snake: Good
Snake: Great
Snake: Awesome
isthisflutetuned cam down.
Bricked_up_for_judy arrived.
Snake: Glad to hear you women are feeling well
isthisflutetuned is cam up
Bricked_up_for_judy is cam up
Snake: She is happy but not
goiga: what that oda
goiga: wtf ur fat
God arrived.
Bricked_up_for_judy cam down.
goiga: ice cream on the side
Bricked_up_for_judy departed
bad_nigger_slave: mmmit is tasty'
God departed
goiga: fromw here
bad_nigger_slave: can you guys go back to d2
Snake: I think we can arrange something
Alabasta_Jones arrived.
Snake: Its my mom that is poor
bad_nigger_slave: i have to mute these freaks
Snake: Not the other family
Alabasta_Jones departed
Snake: My family is stupid rich
bad_nigger_slave: pls respect mothers
Snake: But not my Mom and I
Snake: She's legally retarded...
goiga departed
goiga cam down.
bad_nigger_slave: https://www.youtube.com/watch?v=RO6JiFztJdg
isthisflutetuned cam down.
isthisflutetuned is cam up
post_ironic_stress_disorder arrived.
post_ironic_stress_disorder is cam up
bad_nigger_slave: hey nigra
post_ironic_stress_disorder: ? whoa re you
bad_nigger_slave: a good nigger slave
bad_nigger_slave:185602 Changed nick to: good_nigger_slave
day departed
good_nigger_slave: jrod i havea plan for ultimate revenge on these nerds
Snake: Good
Snake: They won't survive Vegas
Snake: Not with my real uncle
guest arrived.
Snake: I mean oda
Snake: My brother is hotter than I am
Snake: Lmfao
guest departed
post_ironic_stress_disorder: hows that possible?
post_ironic_stress_disorder: you look good
Snake: Im intimidatingly handsome
Snake: Girls hit on my dad in HS
Snake: He just shook his head
good_nigger_slave: wow
Snake: We knew the Jackson's
post_ironic_stress_disorder: how do they know what your dad looks likew
Snake: Well see rapist
Snake: Im not one
Snake: I consent to rape
post_ironic_stress_disorder departed
post_ironic_stress_disorder cam down.
Snake: Women can't handle me
post_ironic_stress_disorder arrived.
post_ironic_stress_disorder: im in iceland with erla
Snake: I know how to kill
post_ironic_stress_disorder is cam up
post_ironic_stress_disorder: she removed me from snapchat
post_ironic_stress_disorder: did she add you?
Snake: Yeah I'm in Japan with all my bunny honeys
