guest-82629 arrived.
guest-82629 departed
herro arrived.
herro departed
CHEN:gatsby
CHEN arrived.
CHEN is cam up
gettingbetter: hi chen
CHEN: Whos it?
gettingbetter: oda
gettingbetter: hru
CHEN: NOW
gettingbetter: chen have you ever tried to be nice to people on this site?
CHEN: I SAID NOW
gettingbetter: i dont speak hindi
gettingbetter: now what?
Herman cam down.
gettingbetter: chen just try to be nice for once
CHEN departed
CHEN cam down.
Herman: what did you send me yesterday
gettingbetter: ?
Herman: yes
no_guest arrived.
Pooer arrived.
no_guest departed
Pooer departed
tism_the_hedgehog departed
M_uchLove:wretchedegen
M_uchLove arrived.
M_uchLove departed
bullying_victim:allex
bullying_victim arrived.
bullying_victim departed
Herman departed
MeKLiN: 4444
MeKLiN: if action == "add":
                message = ''

                #if self.active_user.user_level < level:
                    #allowed = 1

                #if level < 6:
                    #message = note
                    #note = self.active_user.account

                #if allowed:
                    #self.buddy_db.add_user(account, level, note, message)
                    #self.handle_msg('Account: %s was added!' % account)

                    #_user = self.users.search_b
MeKLiN: ZEBIE
CHEN:gatsby
CHEN arrived.
CHEN is cam up
CHEN: Meklin YUCK
CHEN: Meklin lilbunny says you are retarded
CHEN: Is it true?
CHEN: I mean it wont be a surprise to me.. to be honest
CHEN: jst trying to get a confirmation from the horse mouth
CHEN departed
CHEN cam down.
gettingbetter: meklin do you really hate me?
crimson arrived.
crimson departed
MeKLiN: i dont know u
gettingbetter departed
gettingbetter cam down.
wer arrived.
wer departed
Pooer arrived.
Pooer departed
gettingbetter:gettingbetter
gettingbetter arrived.
gettingbetter is cam up
soimu:soimu
soimu arrived.
soimu departed
silver_muted arrived.
silver_muted is cam up
silver_muted: morning
gettingbetter: hiya
legin arrived.
legin departed
legin arrived.
silver_muted: lol
legin: silver
legin: you messaged me the other day
silver_muted: who?
legin departed
legin arrived.
legin departed
legin arrived.
legin departed
legin arrived.
legin: hmm video doesn't load in this room
gettingbetter: legin
legin: oh there it goes
legin: yea silver you dmd me the other day
legin: i wondered what it was about
silver_muted: lol you were dreaming
gettingbetter cam down.
legin: ok
gettingbetter is cam up
legin: maybe it was the other silver
legin: the nickname was silverb
silver_muted: yea maybe the gay one
silver_muted: with the blonde hair
gettingbetter: who are you
legin: ...
legin: i, legend?
gettingbetter: why the new account
legin: not that new
legin: mobile shitter acc
legin is cam up
legin cam down.
gettingbetter: oh whats up
gettingbetter: why arent you in the other room
legin: because bored
gettingbetter: i hate ortho
legin departed
silver_muted: who is ortho?
gettingbetter: the admin of robot9000
silver_muted: ahh ic
edoZ:edos9
edoZ arrived.
edoZ departed
silver_muted departed
silver_muted cam down.
GASMAN:destroyer
GASMAN arrived.
gettingbetter: hi gasman
MeKLiN: so does the bot
edoZ:edos9
edoZ arrived.
edoZ departed
Cockosaurusflex arrived.
Cockosaurusflex departed
negativereality:bitch
negativereality arrived.
negativereality departed
RealKillersDontChat arrived.
RealKillersDontChat departed
Mathildis arrived.
Making_Money arrived.
Mathildis: helloo
Making_Money departed
Mathildis is cam up
Mathildis departed
Mathildis cam down.
deletedAccount:petepete
deletedAccount arrived.
deletedAccount is cam up
SirScott arrived.
SirScott departed
dbunny3:dbunny3
dbunny3 arrived.
dbunny3 is cam up
dbunny3: 5 hours down 8 to go
dbunny3: Coming home to dota
dbunny3: Heueueue
dbunny3: Paid some gook months ago to fix my conduct while im gone 
dbunny3: Gg invoker
dbunny3 departed
dbunny3 cam down.
guest-83427 arrived.
guest-83427 departed
froza arrived.
deletedAccount departed
deletedAccount cam down.
froza departed
guest-83444 arrived.
Euli:eulalia621
Euli arrived.
guest-83444 is cam up
admin: closed guest-83444
guest-83444 cam down.
guest-83444 departed
Euli departed
guest-83459 arrived.
guest-83459 departed
gettingbetter: dbunny3
Paid some gook months ago to fix my conduct while im gone
gettingbetter: lmao
soimu:soimu
soimu arrived.
gettingbetter cam down.
gettingbetter departed
guest-83474 arrived.
guest-83474 is cam up
guest-83474 departed
guest-83474 cam down.
soimu departed
NotSure arrived.
NotSure departed
guest-83485 arrived.
guest-83485 departed
guest-83489 arrived.
guest-83489 departed
GASMAN departed
GASMAN:destroyer
GASMAN arrived.
Hashbash arrived.
Hashbash is cam up
Hashbash cam down.
Hashbash departed
gettingbetter:gettingbetter
gettingbetter arrived.
gettingbetter departed
gettingbetter:gettingbetter
gettingbetter arrived.
guest-83525 arrived.
guest-83525 departed
gettingbetter departed
guest-83529:gettingbetter
guest-83529 arrived.
puss:puss
puss arrived.
puss departed
GASMAN departed
guest-83529 is cam up
GASMAN:destroyer
GASMAN arrived.
guest-83529:181070 Changed nick to: cossack
GASMAN departed
cossack:181070 Changed nick to: why_am_i_here
johnnyBgood arrived.
johnnyBgood: hi
johnnyBgood departed
why_am_i_here cam down.
why_am_i_here is cam up
why_am_i_here departed
why_am_i_here cam down.
Flowergirlx arrived.
Flowergirlx departed
gary:trololololol
gary arrived.
gary departed
guest-83729 arrived.
guest-83729 departed
johnnyBgood arrived.
post_ironic_stress_disorder arrived.
post_ironic_stress_disorder is cam up
why_am_i_here:gettingbetter
why_am_i_here arrived.
why_am_i_here: i am going to bring more ppl here
why_am_i_here: brb
why_am_i_here departed
why_am_i_here:gettingbetter
why_am_i_here arrived.
why_am_i_here is cam up
feelio arrived.
feelio departed
feelio arrived.
coolguy26 arrived.
post_ironic_stress_disorder: hey feelio
feelio: hi \
why_am_i_here: i want to go here but i dk if its pozzed
why_am_i_here: it's probably infested with africans
why_am_i_here: malta
post_ironic_stress_disorder: nah its good
post_ironic_stress_disorder: not many niggers
post_ironic_stress_disorder: me and mb went
why_am_i_here: how long ago
post_ironic_stress_disorder: 2 years ago
post_ironic_stress_disorder: let me check
why_am_i_here: how many nigs
why_am_i_here: it cant be entirely nig free
post_ironic_stress_disorder: i didnt see any
why_am_i_here: nice
post_ironic_stress_disorder: but it was during january
post_ironic_stress_disorder: so not during the holiday season
why_am_i_here: it looks so nice
post_ironic_stress_disorder: jan 2020
Snakethemolester arrived.
Snakethemolester is cam up
Snakethemolester: CHIRSTIANS
Snakethemolester: are not WELCOME HERE
Snakethemolester: WE WILL KILL THEIR CHILDREN
Snakethemolester: and slaughter their babies
why_am_i_here: sick of violence
why_am_i_here: ignored
Snakethemolester: IF You kill the children
Snakethemolester cam down.
Snakethemolester: they ahve no future
Snakethemolester: the children are hte future
feelio departed
Snakethemolester: elimiante the children
Snakethemolester: eliiante hteir future
Snakethemolester departed
feelio arrived.
post_ironic_stress_disorder cam down.
guest-83826 arrived.
post_ironic_stress_disorder is cam up
why_am_i_here: hey dog
guest-83826: Site blows
why_am_i_here: nigra what was travelling abroad like
why_am_i_here: are they still requiring negative tests?
post_ironic_stress_disorder: no, thats just america
post_ironic_stress_disorder: you guys are mentally ill
why_am_i_here: yes
post_ironic_stress_disorder: nowhere else cares anymore
post_ironic_stress_disorder: and hasnt for a long time
why_am_i_here: yeah we are traumatized
guest-83826: In euro you gotta get a shot every 90 days
post_ironic_stress_disorder: americans are so deluded lol
guest-83826: Pv is bitching about this right now
post_ironic_stress_disorder: i only got 2 shots and that was for the USA
why_am_i_here: is that true?
guest-83826: Or is this just a France thing
why_am_i_here: you guys are forced to get boosters?
post_ironic_stress_disorder: since you dont let people who arent fully vaxxed into USA
post_ironic_stress_disorder: NO IT ISNT A USA THING EITHER
johnnyBgood departed
post_ironic_stress_disorder: ive never had a booster
why_am_i_here: we are not forcing boosters here either
post_ironic_stress_disorder: i never jneeded to take the vax either, other than to visit usa
why_am_i_here: 2 shots= fully vaxxed
guest-83826: Like if you got a shot euro will deem it invalid after 90 days
post_ironic_stress_disorder: you cant even visit usa unless youre fully vaxxed as a tourist
post_ironic_stress_disorder: and take a test lol
why_am_i_here: that is not true guest...
post_ironic_stress_disorder: hes lying
guest-83826: Pv is freaking out about it right now
post_ironic_stress_disorder: on ignore
guest-83826: Ask him he's livid
post_ironic_stress_disorder: why would i ask him if ive travelled everywhere
post_ironic_stress_disorder: in the last 2 years
why_am_i_here: that might be Switzerland only ,.,, not the entire eu
post_ironic_stress_disorder: and i was in france a few months ago lol
why_am_i_here: probably just an amazon thing tbh
post_ironic_stress_disorder: and switzerland isnt even in the EU
post_ironic_stress_disorder: and amazon is a us company
guest-83826: Let me Google brb
post_ironic_stress_disorder: probably us policy cuckoldry
post_ironic_stress_disorder: >let me google
why_am_i_here: yes it is most likely his job requiring that bs
post_ironic_stress_disorder: All travellers
You can see what rules apply to you when entering Switzerland using the online Travelcheck service.

It is no longer necessary to provide proof of vaccination, recovery or a negative test or complete an entry form to enter Switzerland.
post_ironic_stress_disorder: lol
post_ironic_stress_disorder: took a second
post_ironic_stress_disorder: now look at USA
why_am_i_here: wow
post_ironic_stress_disorder: UK nationals do not need a visa to enter Switzerland. At passport control, UK nationals should use the ‘ALL PASSPORTS’ lane, irrespective of their residence status.

If you’re fully vaccinated
Entry requirements for Switzerland are the same for all travellers, regardless of COVID-19 vaccination status.
why_am_i_here: why are we still requiring negative tests
post_ironic_stress_disorder: you guys require it for US citizens too
post_ironic_stress_disorder: and you guys think youre so free and prosperous
guest-83826: Wtf I just looked it up it's real
post_ironic_stress_disorder: its insane how mentally ill the US is
why_am_i_here: yes
post_ironic_stress_disorder: no shit its real retard
why_am_i_here: I want to leave so badly
post_ironic_stress_disorder: i would have never taken the clot shot either
guest-83826: One guy already collected 90 shots in Europe cuz he travels so frequently wtf..
post_ironic_stress_disorder: if it wasnt required for the US
post_ironic_stress_disorder: youre lying
post_ironic_stress_disorder: ok this is a low iq troll
guest-83826: I swear
post_ironic_stress_disorder: i havent heard the word 'covid' in the UK for 2 years
post_ironic_stress_disorder: in USA they talk about it daily alongside abortion
post_ironic_stress_disorder: literal sodom on earth
why_am_i_here: dogmeat why are you acting like this LOL
guest-83826: I live in the south we never had mask mandate
post_ironic_stress_disorder: is that dogmeat
guest-83826: Nothing
why_am_i_here: yes
guest-83826: It didn't exist here
post_ironic_stress_disorder: weird bastard lol
why_am_i_here: yeah the usa is so pozzed
guest-83826: Unless you want to get on public transport
why_am_i_here: everything about the us is terrible
why_am_i_here: i dont even leave my house anymore
guest-83826: South East is fine
why_am_i_here: i should go on international marriage site lol
post_ironic_stress_disorder: you cant even walk out at night if youre a woman
post_ironic_stress_disorder: or even during the say
post_ironic_stress_disorder: day
post_ironic_stress_disorder: everyone is sp fucking mentally ill
post_ironic_stress_disorder: how are you guys OK with this
why_am_i_here: well here it is safe in the day since it is not full of niggers
post_ironic_stress_disorder: do you realise how insane it is compared to other countries
post_ironic_stress_disorder: but there arent many niggers in norcal either, but there were so many mntally ill spics and white peopke
why_am_i_here: i went out for a night walk a couple of months ago and almost died
guest-83826: I can't even ask for an FFL on the internet
guest-83826: It's gotten really bad I suppose
why_am_i_here: yeah so many untreated mentally ill people just roaming the streets
why_am_i_here: we allow tent cities
guest-83826: Austin has tent cities
guest-83826: It's bad in all of the college towns typically
post_ironic_stress_disorder: you voted for this so i dont feel sorry for you guys
why_am_i_here: all usa cities have tent cities now
post_ironic_stress_disorder: its going to get worse
guest-83826: Knoxville was terrible
why_am_i_here: the west coast is the worst for it
why_am_i_here: seattle and san fran
johnnyBgood arrived.
guest-83826: I don't believe that's true anymore
why_am_i_here: la too
why_am_i_here: it is
johnnyBgood departed
guest-83826: Lot of exports from that side coming into the mid
guest-83826: Very annoying actually
why_am_i_here: i want to move to iceland and have a farm
guest-83826: ???
why_am_i_here: i just want to escape the globohomo and live n peace
guest-83826: Iceland is perfect
guest-83826: Estonia would be okay for me
guest-83882 arrived.
why_am_i_here: i want an island
post_ironic_stress_disorder: iceland is globohomo retard
guest-83882 departed
post_ironic_stress_disorder: literally ran by fucking female slags
why_am_i_here: lol
why_am_i_here: i want an island
post_ironic_stress_disorder: theres no where to go
why_am_i_here: that is far from everything
why_am_i_here: free of globohomo
why_am_i_here: guess i have to suicide and go to heaven
why_am_i_here: or hell
why_am_i_here: i really want to leave the usa
guest-83826: Iceland is my goal idc about your globo whatever
why_am_i_here: my old friend moved there
why_am_i_here: her life seems nice
why_am_i_here: all of my irl friend are married
why_am_i_here: and have been for awhile
why_am_i_here: wow feasting like a king
guest-83826: I have a friend who lives there right now and she is the happiest person I've met lives in paradise
guest-83826: Nice to hear meklin possums are funny creatures
guest-83911 arrived.
guest-83826: They hiss
guest-83911 is cam up
why_am_i_here: yellow insect lands seem better
post_ironic_stress_disorder: is this a loop lol
why_am_i_here: i need tropical environment
guest-83826: Almost moved to Belize
guest-83911 departed
guest-83911 cam down.
why_am_i_here: why?
Bing arrived.
why_am_i_here: and when?
Bing departed
guest-83826: McAfee lifestyle
guest-83826: During the covid peak
guest-83826: Issue was my dogs
why_am_i_here: what steps did you take to move there other than just thinking about it?
guest-83826: Once I leave they can't come back
why_am_i_here: yes that is why i dont have any pets
why_am_i_here: we can legally move to this shitty usland guam
guest-83826: Thinking? I was there as a tourist and looking for property however all I left with was the food
why_am_i_here: it's just an shithole used for a military base
negativereality:bitch
negativereality arrived.
why_am_i_here: when did you go there?
guest-83826: Two years ago July
why_am_i_here: nice
why_am_i_here: show passport
negativereality departed
why_am_i_here: out of all the us territories what one is the best to move to
Bing arrived.
Bing departed
post_ironic_stress_disorder: bbl
post_ironic_stress_disorder departed
post_ironic_stress_disorder cam down.
guest-83826: I'd say TN Gatlinburg
why_am_i_here: dogmeat mic up
guest-83826: Can't
guest-83826: Sleeping beauty don't want to wake her
guest-83826: She is a light sleeper
why_am_i_here: no i meant like the islands
why_am_i_here: territories '
why_am_i_here: not states
guest-83826: Mmm
guest-83826: Moai island in Hawaii
why_am_i_here: LOL
feelio departed
why_am_i_here departed
why_am_i_here cam down.
guest-83826 departed
guest-83979 arrived.
coolguy26 departed
guest-83979 departed
coolguy26 arrived.
coolguy26 departed
johnnyBgood arrived.
johnnyBgood departed
guest-84083 arrived.
guest-84083 departed
TheRealKingMufasa arrived.
TheRealKingMufasa is cam up
TheRealKingMufasa cam down.
TheRealKingMufasa departed
tommyy arrived.
tommyy is cam up
tommyy departed
tommyy cam down.
SHINIGAMI:headmoderator
SHINIGAMI arrived.
johnnyBgood arrived.
SHINIGAMI departed
johnnyBgood departed
MeKLiN cam down.
MeKLiN is cam up
guest cam down.
1:faceheightframe5
1 arrived.
Lia_:gettingbetter
Lia_ arrived.
Lia_:185545 Changed nick to: why_am_i_here
why_am_i_here is cam up
Lia arrived.
Lia is cam up
why_am_i_here: 😜
day:letmeseesome
day arrived.
day departed
guest-84230 arrived.
guest-84230 departed
guest-84236 arrived.
guest-84236 departed
guest-84242 arrived.
Lia cam down.
NotCory arrived.
NotCory departed
guest-84242 is cam up
guest-84242 departed
guest-84242 cam down.
Lia departed
guest-84245 arrived.
guest-84245:186217 Changed nick to: FALSE
FALSE:186217 Changed nick to: Chipndale
why_am_i_here departed
why_am_i_here cam down.
Chipndale departed
Lia arrived.
PunchinUnits arrived.
PunchinUnits departed
Lia departed
johnnyBgood arrived.
guest-84252 arrived.
guest-84252 departed
johnnyBgood departed
Flowergirlx arrived.
Flowergirlx departed
guest-84276 arrived.
guest-84276 departed
post_ironic_stress_disorder arrived.
N arrived.
N departed
post_ironic_stress_disorder departed
You_Got_aids arrived.
You_Got_aids departed
easya:easya
easya arrived.
easya departed
post_ironic_stress_disorder arrived.
post_ironic_stress_disorder is cam up
post_ironic_stress_disorder departed
post_ironic_stress_disorder cam down.
YAMANIKNAYAMA arrived.
YAMANIKNAYAMA departed
SHINIGAMI:headmoderator
SHINIGAMI arrived.
SHINIGAMI departed
Slitty_Muted:porterpotty
Slitty_Muted arrived.
Slitty_Muted departed
SHINIGAMI:headmoderator
SHINIGAMI arrived.
SHINIGAMI departed
post_ironic_stress_disorder arrived.
post_ironic_stress_disorder departed
Smolpp arrived.
Smolpp: Dead
Smolpp departed
why_am_i_here:gettingbetter
why_am_i_here arrived.
why_am_i_here is cam up
technowitchs arrived.
technowitchs departed
no_guest arrived.
no_guest departed
mrfivepoppn302 arrived.
mrfivepoppn302 departed
easya:easya
easya arrived.
easya departed
easya:easya
easya arrived.
easya departed
easya:easya
easya arrived.
easya departed
guest-84849:alphamale96
guest-84849 arrived.
guest-84849 is cam up
ChanServ: closed guest-84849
guest-84849 cam down.
ChanServ: guest-84849 is being abused by mods
ChanServ kicked guest-84849
guest-84849 departed
easya:easya
easya arrived.
easya departed
why_am_i_here departed
why_am_i_here cam down.
1 departed
1:faceheightframe5
1 arrived.
CONQUEST arrived.
CONQUEST departed
guest-84914 arrived.
guest-84914 departed
negativereality:bitch
negativereality arrived.
negativereality departed
wutang:jaywalk
wutang arrived.
wutang departed
negativereality:bitch
negativereality arrived.
negativereality departed
wutang:jaywalk
wutang arrived.
wutang is cam up
wutang cam down.
CONQUEST arrived.
wutang is cam up
CONQUEST is cam up
guest-84988 arrived.
guest-84988 departed
Degeneracy arrived.
Degeneracy departed
post_ironic_stress_disorder arrived.
romantic_vampyre:redditor
romantic_vampyre arrived.
post_ironic_stress_disorder is cam up
romantic_vampyre is cam up
Degeneracy arrived.
Degeneracy is cam up
why_am_i_here:gettingbetter
why_am_i_here arrived.
why_am_i_here is cam up
Racism arrived.
yrrah:thebeach
yrrah arrived.
Racism is cam up
Degeneracy: worldstar!
Degeneracy cam down.
Degeneracy is cam up
jedi:adultvideogames
jedi arrived.
why_am_i_here: dylan is the devil
why_am_i_here: what is degen watching
Degeneracy: dont you get it ?
jedi is cam up
Degeneracy: This is my favourite meme currently
jedi: "you were" wutang not "you wuz"
Degeneracy: No one gets it so far
Degeneracy: Maybe Nigra will ?
post_ironic_stress_disorder: no i dont, other than that weirdo with the crown screaming
post_ironic_stress_disorder: obscenities
Degeneracy: thats it
why_am_i_here: ORTHO MOD TENE NOW
post_ironic_stress_disorder: on the plane
Degeneracy: yes
jedi: because you're lolcows and we're here to watch you
Degeneracy: GET THAT NIGGER BITCH OFF THE PLANE
why_am_i_here: MOD TENEBRIS
goiga_not_working arrived.
why_am_i_here: MOD TENEBRIS
Degeneracy: We are being gaslighted by people that were not even there
Degeneracy: This is cringe now
Degeneracy: I'm outta here!
Degeneracy departed
Degeneracy cam down.
why_am_i_here: wutang and tenebris are right tbh'
jedi: because we're here to watch the lolcows
romantic_vampyre departed
romantic_vampyre cam down.
Racism departed
Racism cam down.
jedi departed
jedi cam down.
post_ironic_stress_disorder departed
post_ironic_stress_disorder cam down.
why_am_i_here: bye losers!
yrrah departed
why_am_i_here: *talkign to dylan btw
why_am_i_here: irony revival
Jrodded arrived.
goiga_not_working departed
Jrodded is cam up
Jrodded: I got your back soldier
CONQUEST: Hell yeah
feelio arrived.
why_am_i_here: pic of me sitting down
why_am_i_here: side view
wutang: stop lying lol
CONQUEST: Degeneracy7:04:02 AM
We are being gaslighted by people that were not even there
This is cringe now
7:04:09 AMI'm outta here!
why_am_i_here: front view
feelio: oda im cumming
why_am_i_here: lol
CONQUEST: Lmao
CONQUEST: Joey era chatters
CONQUEST: are still around
CONQUEST: Like dylan
CONQUEST: lol so sad
feelio: in this era i am f**k9ing all the chtaatrter e girl pu$y
CONQUEST: Based Feelio
why_am_i_here: wait
feelio: ty
why_am_i_here: gasman is a convicted rapist?
CONQUEST: Yw
why_am_i_here: yeah you cant make these claims without proof
why_am_i_here: show proof
why_am_i_here: ???
why_am_i_here: he is being crazy
feelio: oda please have sex with me
why_am_i_here: feelio
why_am_i_here: we could lose our virginities together but i sort of want to be a virgin until i die
oda arrived.
oda is cam up
feelio: im blushing
post_ironic_stress_disorder arrived.
feelio: my cock is blushing
Molestorsnake arrived.
Molestorsnake is cam up
Molestorsnake cam down.
Molestorsnake is cam up
Molestorsnake cam down.
Molestorsnake is cam up
feelio: LMAOO Wutang
feelio: leave oda alone i will kill u
post_ironic_stress_disorder departed
feelio: LMAOOO
Molestorsnake cam down.
wutang: lol feelio thats what i said earlier right? lol
Molestorsnake is cam up
Molestorsnake cam down.
Molestorsnake: you want war
Molestorsnake: nazi
Molestorsnake: now we in war
feelio: we shud give oda our penis
Molestorsnake departed
feelio: i casually watch porn nw
feelio: like patrick bateman on american psycho
feelio: -puts blacked.com playing while cleaning theh ouse
germ arrived.
germ departed
why_am_i_here departed
why_am_i_here cam down.
oda cam down.
oda departed
Jrodded cam down.
SirScott arrived.
SirScott: Sorry
SirScott is cam up
Jrodded departed
feelio: LMAOO
feelio: holy f**k
feelio: i have to be high for this
feelio: wel higherr
CONQUEST: Same
feelio: do u  guys think lb wud suck my cokc
CONQUEST: Yeah
CONQUEST: Lol
feelio: basedd
SirScott departed
SirScott cam down.
feelio: we shud f**k her togethtrr LMAOO
feelio: i dont care
tism_the_hedgehog:tism
tism_the_hedgehog arrived.
tism_the_hedgehog: thanks
easya:easya
easya arrived.
easya departed
easya:easya
easya arrived.
easya departed
tism_the_hedgehog: yall niggers need irl friends
feelio: i need 2 cum inside an egirl
tism_the_hedgehog: ac is dead?
guest-85162 arrived.
guest-85162 departed
feelio: been dead
guest-85170 arrived.
guest-85170 departed
guest-85183 arrived.
guest-85183 departed
Molestorsnake arrived.
Molestorsnake is cam up
Molestorsnake: christians are scums of the earth
day:letmeseesome
day arrived.
Molestorsnake: demon worshippers
Molestorsnake: anyone who follow white jewsus
Molestorsnake: or jew teachings
Molestorsnake: is sheytan
Molestorsnake: thats why YELLLOW man
Molestorsnake: is emabrrased by his own name
Molestorsnake: he has to use a white mans name
day is cam up
Molestorsnake: thats why this race is mebarrased of themsleves
Molestorsnake: they have been taught to hate themselves
easya:easya
easya arrived.
Molestorsnake: Its all about bloodlines
easya departed
day: 0.0
Molestorsnake cam down.
Molestorsnake is cam up
Molestorsnake cam down.
Molestorsnake is cam up
day departed
day cam down.
epicdreamz arrived.
Molestorsnake cam down.
Molestorsnake is cam up
day:letmeseesome
day arrived.
day: O.O
epicdreamz: hi
Molestorsnake cam down.
day: hi dreams
epicdreamz is cam up
Molestorsnake is cam up
Molestorsnake: GIVE ME DYLAN Home adress
Molestorsnake: lets get him raped
Molestorsnake: we wil orde from DARK WEB
Molestorsnake: his rape
Molestorsnake: of his mother father
Molestorsnake: lets take his honor in life
Molestorsnake: lets take his manhood
Molestorsnake: give me his home adress
Molestorsnake: lets get his family raped
day: tism
day: O>O
Jrodded arrived.
Jrodded: Yo
day: jrod
Jrodded is cam up
day: frojd
Jrodded: 😂
day: :)
day: dont' show pp please
day: i have now power
Molestorsnake departed
Molestorsnake cam down.
Jrodded cam down.
Jrodded is cam up
Jrodded: Plenty of
Underground porn stars wanted to fuck me
Jrodded: Did I though? Nope
Jrodded: Gasman
Jrodded: For sure
Jrodded: I'm still going to attack Dylan
day: feeilo O.O
Jrodded: That's why they're supremely jealous
CONQUEST: Based Jrod
CONQUEST: Attack Dyl
Jrodded: He's a giant pathological liar
Jrodded: That's psychotic
CONQUEST: True
Jrodded: Literally
Jrodded departed
Jrodded cam down.
Molestorsnake arrived.
Molestorsnake is cam up
Molestorsnake cam down.
Molestorsnake is cam up
Molestorsnake cam down.
Molestorsnake is cam up
day: molestorsnake you have paki network
Molestorsnake: day you have jew network
Molestorsnake: and i hate fucking jews like you
day: i am not fan of jews too
Molestorsnake: you are shit
day: dman
Molestorsnake: no matter waht yo uare fan of or not
Molestorsnake: you are still shit
Molestorsnake: a coward
day: i will sell you to gays
Molestorsnake: no gays excist around me
Molestorsnake departed
Molestorsnake cam down.
day: where is rara dreamz
day: ?
guest-85283 arrived.
guest-85283 departed
stu33 arrived.
stu33 departed
day departed
day:letmeseesome
day arrived.
day is cam up
day departed
day cam down.
day:letmeseesome
day arrived.
stu33 arrived.
stu33 departed
guest-85370 arrived.
guest-85370 departed
why_am_i_here:gettingbetter
why_am_i_here arrived.
feelio departed
why_am_i_here departed
Euli:eulalia621
Euli arrived.
Euli departed
yrrah:thebeach
yrrah arrived.
yrrah is cam up
CorzaLenko arrived.
CorzaLenko is cam up
CorzaLenko departed
CorzaLenko cam down.
day: O.O
day: yrrah
day: where is this plsuvate moron
day: my 200 dollar
day: yrrah i find one person in dankmark
day: i make facebook account with jhon note name
day: n they fucking want now id
yrrah: 0.0
day: yrrah i try to cam you down
day: for test
yrrah: :9
yrrah: MORON
day: dont' get mad
ChanServ: closed yrrah
yrrah cam down.
ChanServ: the secret police have taken away yrrah
tism_the_hedgehog: you can tell if someone makes money when they stream -- and their tinychat fps is high
day: lol
day: it work
yrrah: wow
day: cam up back man
yrrah: Your video was rejected by moderator, you can try to broadcast again in 36 seconds
yrrah: i have to wait 1 min
yrrah is cam up
ChanServ: closed yrrah
yrrah cam down.
ChanServ: yrrah is being abused by mods
ChanServ kicked yrrah
yrrah departed
yrrah:thebeach
yrrah arrived.
yrrah is cam up
ChanServ: closed yrrah
yrrah cam down.
ChanServ: yrrah is being abused by mods
ChanServ kicked yrrah
yrrah departed
yrrah:thebeach
yrrah arrived.
day: dman
day: how to fix it
yrrah: day you MORON
day: i dont' know how to fix it
yrrah: maybe i am not on whitelist when you reject camera
day: dman
day: i am sorry
day: yrrah
day: MekliN we need help
day: with yrrah cam
yrrah: no day... it is okay
yrrah: this is how things will be now
ChanServ: The playlist is empty, nothing to delete.
yrrah is cam up
ChanServ: closed yrrah
yrrah cam down.
ChanServ: yrrah is being abused by mods
ChanServ kicked yrrah
yrrah departed
yrrah:thebeach
yrrah arrived.
dj1 arrived.
dj1 departed
yrrah: day = big moron
ChanServ: Give me a time in minutes, between 1 and 10, until cheers...
ChanServ: The playlist is empty.
day: he not able to cam up
CONQUEST: Lol
CONQUEST: Day
day: i only know how to close cam
day: i don't know how ot fix it back
day: i don't know how to fix it back
day: i thought it's gonna only cam down for once
day: but now he is gon
day: MeKlin you here
dj1 arrived.
dj1 departed
ChanServ: The playlist is empty, nothing to delete.
triple arrived.
triple departed
day: you both come to pakistan
day: n get marreid
day: n then
day: you can go
day: to usa
day: yrrah
day: i don't know man how to fix it
day: i try all commands
yrrah: fuck you day
yrrah: Mega Moron
day: i really didn't know it's gonan make it
day: like this
guest-85557 arrived.
day: i thought it's gonan only cam down
guest-85557 departed
day: @MeKLin
day: need help
yrrah: Day... you are now my enemy
day: no man
day: it's was not intesional
day: it was mistake
day: yrrah
yrrah: Day
day: you know why i try this command
yrrah: the British are coming...
day: yeasterday dude was showing me pp
day: n i try this commnad
day: n it's nto work on him
yrrah: 0.0
day: but it's work on you
day: yrrah i saw like for more than hour UK emmbeccy website
day: n i find 0 way
goiga_not_working arrived.
snoh_ arrived.
snoh_ departed
guest-85568 arrived.
guest-85568 departed
goiga_not_working: tfw my ear hurts, went to doctor
goiga_not_working: said its all fine?
edoZ:edos9
edoZ arrived.
edoZ departed
goiga_not_working: hi
goiga_not_working: im here
goiga_not_working: in da chatbox
goiga_not_working: no wutang
goiga_not_working: its friday night
goiga_not_working: time to party
yrrah: i will have my revenge Day
day: dude
goiga_not_working: tene it will be just us left here
day: i am still working
day: i dont' know
goiga_not_working: when they go bed
goiga_not_working: im not quiet im spamming?
knuckleshuffle313 arrived.
goiga_not_working: no i cant i have tow ork
knuckleshuffle313 departed
goiga_not_working: im just listening
ArchieDixon arrived.
ArchieDixon departed
knuckleshuffle313 arrived.
knuckleshuffle313 departed
ChanServ: The playlist is empty.
ChanServ: The playlist is empty.
day: yrrah
day: i try everyhrint
day: try now
day: if it fix
CONQUEST: !yt play bictor
ChanServ: Could not find video: play bictor
yrrah departed
day: mdan
goiga_not_working: what did u do to her tenebris?
CONQUEST: Nuffin
CONQUEST: Dindu
day: wutang your good person
day: i am obssed with my freind wife
day: n i feel like shit
goiga_not_working: tenebris r u ok buddy
goiga_not_working: rely on tenebris
yrrah:thebeach
yrrah arrived.
goiga_not_working: he is reliable
goiga_not_working: lol
day: dman i gaped yrrah
day: n i don't know how ot fix it
yrrah: day? FUCK him
goiga_not_working: wutgang did u drink?
day: :)
day: fk who yrrah
yrrah: YOU
day: dude MeKliN cam is here
day: but hen ot reply
day: i thought he is here
day: wait i show you how many commnads
day: check out yrrah
day: !c yrrah
7:17:36 PM!C yrrah
!c yrrah
!cn yrrah
!cn yrrah
!cn thebeach
!cn thebeach
!c thebeach
!del yrrah
!del thebeach
!admit yrrah
!admit thebeach
!unleash yrrah
!yrrah allowed
!allowd yrrah
!access yrrah
!fix yrrah
!clean yrrah
day: !c yrrah
7:17:36 PM!C yrrah
!c yrrah
!cn yrrah
!cn yrrah
!cn thebeach
!cn thebeach
!c thebeach
!del yrrah
!del thebeach
!admit yrrah
!admit thebeach
!unleash yrrah
!yrrah allowed
!allowd yrrah
!access yrrah
!fix yrrah
!clean yrrah
day: commands
day: not show up
day: in chat
goiga_not_working: are u guys banned?
goiga_not_working: i am trying tow ork
goiga_not_working: i was about ot mute the room
goiga_not_working: i dont know i actually just came back and accidentally joined here
goiga_not_working: and then saw ppl were actually here lol
Marcus arrived.
Marcus departed
goiga_not_working: if i had pro i'd be in both rooms
day: i sleep 12 hoursa
day: 12 hours a day
day: or `0
goiga_not_working: day why didnt u ever join robot
day: or 10 atlest
day: jew told me to he regret toleave me there
day: so i told him dont' worry
day: n then i not go  there
goiga_not_working: goodnight wutang
goiga_not_working: drink water
day: O.O
wutang cam down.
goiga_not_working: HYDRATE
CONQUEST cam down.
wutang departed
yrrah: the end.
goiga_not_working: tenebris? come back lol
CONQUEST: Nahhh
day: i will fix it back yrrah
day: when MeKLin came
CONQUEST: I need to get food
CONQUEST: Hungry boy
CONQUEST: Sleepy boy
yrrah departed
CONQUEST: I'll be back
CONQUEST departed
epicdreamz cam down.
epicdreamz departed
yrrah:thebeach
yrrah arrived.
yrrah departed
goiga_not_working departed
day departed
day:letmeseesome
day arrived.
1 departed
1:faceheightframe5
1 arrived.
IIIO_OIII:pathfinder
IIIO_OIII arrived.
day departed
yrrah:thebeach
yrrah arrived.
yrrah is cam up
ChanServ: closed yrrah
yrrah cam down.
ChanServ: yrrah is being abused by mods
ChanServ kicked yrrah
yrrah departed
day:letmeseesome
day arrived.
edoZ:edos9
edoZ arrived.
edoZ departed
SirScott arrived.
SirScott departed
edoZ:edos9
edoZ arrived.
edoZ departed
IIIO_OIII departed
day departed
day:letmeseesome
day arrived.
guest-85947 arrived.
guest-85947 departed
CONQUEST arrived.
CONQUEST is cam up
mOrBiUs:oatmealol2
mOrBiUs arrived.
mOrBiUs: morbed
mOrBiUs departed
CONQUEST: Fuck you OAT
IIIO_OIII:pathfinder
IIIO_OIII arrived.
IIIO_OIII: Tene, why are you in here?
IIIO_OIII: Did they banish you?
vincentamsterdam arrived.
vincentamsterdam is cam up
CONQUEST: Fuck that other room
IIIO_OIII: What did they do to you now?
CONQUEST: They worship Dylan
CONQUEST: Lol
IIIO_OIII: Well, at least we have tits on cam.
CONQUEST: True
IIIO_OIII: I guess that's one plus about this room.
CONQUEST: Jack Black
vincentamsterdam cam down.
vincentamsterdam departed
CONQUEST: Wtf Jack Black left
day: i start some studys
day: my plusvate 200 dolla plan
CONQUEST: Nice day
day: not work out
day: i am lenaring now days
CorzaLenko arrived.
day: i will learn this time full stack
yrrah:thebeach
yrrah arrived.
yrrah departed
CorzaLenko departed
day: i don't know why MeKLiN is not here today
day: he is alwasy here
day: maybe sleeping
day: if elon mask send some vidoe live setialte  with his star link
day: project
day: it would be amazing
day: live cams
day: for earth
day: like google map
CONQUEST cam down.
CONQUEST departed
IIIO_OIII departed
tender arrived.
tender departed
edoZ:edos9
edoZ arrived.
edoZ departed
bard arrived.
bard: faggot
day: O.O
bard:200087 Changed nick to: breh
breh:200087 Changed nick to: brah
brah departed
edoZ:edos9
edoZ arrived.
edoZ departed
Slitty_Muted:porterpotty
Slitty_Muted arrived.
Slitty_Muted departed
M_uchLove:wretchedegen
M_uchLove arrived.
M_uchLove departed
tism_the_hedgehog departed
chromehearted:chr0mehearted
chromehearted arrived.
chromehearted departed
willlllll000 arrived.
willlllll000 departed
BLAZEY:blazzzzey
BLAZEY arrived.
BLAZEY departed
day: MeKLiN i try command on yrrrah
day: he was not able to come back on cam
TatsuRCE arrived.
TatsuRCE departed
day: can you fix him
ChanServ: Nickname?
day: thebeach
ChanServ: Call the shot.
day: no i did this command
day: ya i did this command
day: evcit yrrah
day: n he was not able to come back
day: okay
ChanServ: yrrah's was dropped off by a black van.
day: okay
day: i not gonan try on anyone again
day: i thought perosn can come back on cam
day: he try alot
day: no they change mind
day: i think
day: wutang
day: tenburs
day: yrrah
day: dreams
day: was here
day: n they said they not going back
day: lol
day: i dont' know
day: dreamz said she not gonan go back
guest: o
day: o.O
day: i am learning css
day: html
day: i give nice time last 2 days
day: i go tnice idea about css n html now
day: when this finish
day: i will go for javascript
day: in imgur this girl look like qwerty older sisiter
day: or qwerty
day departed
day:letmeseesome
day arrived.
day: https://imgur.com/a/ejxj4ql
guest-86747 arrived.
guest-86747 departed
jackt1983 arrived.
vincentamsterdam arrived.
vincentamsterdam departed
jackt1983 departed
jackt1983 arrived.
jackt1983: meklin how bad did the tooth pain get that one time before you pulled the fucker out yourself
jackt1983: im gettin ready to do it
jackt1983: oh this one aint rotten
jackt1983: looks like im fucked
jackt1983 departed
GASMAN:ruin
GASMAN arrived.
GASMAN departed
vincentamsterdam arrived.
vincentamsterdam departed
wutang:jaywalk
wutang arrived.
wutang departed
benji4life arrived.
benji4life departed
guest is cam up
Slitty_Muted:porterpotty
Slitty_Muted arrived.
Slitty_Muted departed
GASMAN:ruin
GASMAN arrived.
GASMAN departed
M_uchLove:wretchedegen
M_uchLove arrived.
M_uchLove is cam up
M_uchLove departed
M_uchLove cam down.
MeKLiN: i dont use greasemonkey script anymore
MeKLiN: just ublock
ChanServ: CAMERAS OPENED FOR 30 SECONDS False
MeKLiN cam down.
MeKLiN is cam up
MeKLiN cam down.
MeKLiN is cam up
ChanServ: C True
vincentamsterdam arrived.
vincentamsterdam is cam up
vincentamsterdam cam down.
vincentamsterdam departed
day departed
day:letmeseesome
day arrived.
day departed
day:letmeseesome
day arrived.
edoZ:edos9
edoZ arrived.
edoZ departed
wutang:jaywalk
wutang arrived.
wutang departed
k80 arrived.
k80 departed
Terminus arrived.
Terminus departed
vincentamsterdam arrived.
vincentamsterdam departed
1 departed
God:godlyneckbeard
God arrived.
God departed
God:godlyneckbeard
God arrived.
God departed
edoZ:edos9
edoZ arrived.
edoZ departed
guest-87815 arrived.
guest-87815 departed
Yeah:pathfinder
Yeah arrived.
Yeah departed
edoZ:edos9
edoZ arrived.
edoZ departed
vincentamsterdam arrived.
vincentamsterdam departed
Slaveboy arrived.
Slaveboy departed
ImBaby arrived.
ImBaby departed
monke:oatmealol2
monke arrived.
monke departed
lovemymum:pussyman
lovemymum arrived.
lovemymum departed
Jrodded arrived.
Jrodded departed
GASMAN:destroyer
GASMAN arrived.
GASMAN departed
Legend arrived.
Legend departed
edoZ:edos9
edoZ arrived.
edoZ departed
tism_the_hedgehog:tism
tism_the_hedgehog arrived.
tism_the_hedgehog departed
Madoblivion arrived.
quail_eggs:fagolini
quail_eggs arrived.
Madoblivion departed
quail_eggs departed
Legend arrived.
Legend departed
1:faceheightframe5
1 arrived.
Advantageous_M:advan
Advantageous_M arrived.
Advantageous_M departed
easya:easya
easya arrived.
easya departed
guest-88532 arrived.
guest-88532 is cam up
day: O.O
day: sahke thatbooty
day: shake that booty
guest-88532 cam down.
day: O.O
day: ;)
guest-88532 departed
vincentamsterdam arrived.
vincentamsterdam is cam up
vincentamsterdam cam down.
vincentamsterdam departed
negativereality:bitch
negativereality arrived.
negativereality departed
vincentamsterdam arrived.
vincentamsterdam departed
norway arrived.
norway departed
Maxxx arrived.
Maxxx departed
ChanServ departed
negativereality:bitch
negativereality arrived.
negativereality is cam up
guest: hawdy
guest-88744:raise
guest-88744 arrived.
guest-88744 departed
feelio arrived.
negativereality: mernin
feelio departed
ChanServ:raise
ChanServ arrived.
guest: !acc 
ChanServ: !:! 
guest: tha secret komand is
guest: !erase 
ChanServ: Who?
negativereality: cheers
guest: mmm grape jucie
guest: mwaha
Slaveboy arrived.
Slaveboy departed
guest departed
guest cam down.
Logged in as: terran
Client joined the room: Railgun_bot:217223
Joins moderator: ChanServ:raise
Joins: 1:faceheightframe5
Joins: MeKLiN:meklin
Joins: day:letmeseesome
MeKLiN is cam up
edoZ:edos9
edoZ arrived.
edoZ departed
Slitty_Muted:porterpotty
Slitty_Muted arrived.
Slitty_Muted departed
1 departed
1:faceheightframe5
1 arrived.
1 departed
edoZ:edos9
edoZ arrived.
edoZ departed
Yeah:pathfinder
Yeah arrived.
Yeah departed
MeKLiN departed
MeKLiN cam down.
wutang:jaywalk
wutang arrived.
wutang departed
vincentamsterdam arrived.
vincentamsterdam departed
edoZ:edos9
edoZ arrived.
edoZ departed
GASMAN:destroyer
GASMAN arrived.
GASMAN departed
vincentamsterdam arrived.
God:godlyneckbeard
God arrived.
vincentamsterdam departed
God departed
guest arrived.
guest departed
cowherd arrived.
cowherd: Day 
cowherd: Why are you here and not robot9000
cowherd: You realise there are two rooms now?
cowherd departed
Advantageous_M:advan
Advantageous_M arrived.
Advantageous_M departed
benji4life arrived.
benji4life departed
negativereality:bitch
negativereality arrived.
negativereality departed
netsekt arrived.
netsekt departed
day departed
negativereality:bitch
negativereality arrived.
negativereality departed
CosmicRyder:cosmicryder
CosmicRyder arrived.
CosmicRyder is cam up
CosmicRyder cam down.
CosmicRyder departed
Maori arrived.
Maori departed
willywonka03 arrived.
willywonka03 departed
edoZ:edos9
edoZ arrived.
edoZ departed
edoZ:edos9
edoZ arrived.
edoZ departed
gap arrived.
gap departed
vincentamsterdam arrived.
vincentamsterdam departed
Ape:hitier
Ape arrived.
Ape departed
nabua arrived.
nabua departed
guest-90223 arrived.
guest-90223 departed
CHEN:gatsby
CHEN arrived.
CHEN departed
goober arrived.
goober departed
guest-90345 arrived.
guest-90345 departed
guest-90348 arrived.
guest-90348 departed
tism_the_hedgehog:tism
tism_the_hedgehog arrived.
tism_the_hedgehog departed
bIacklivesdontmatter arrived.
bIacklivesdontmatter departed
CosmicRyder:cosmicryder
CosmicRyder arrived.
CosmicRyder is cam up
CosmicRyder cam down.
CosmicRyder departed
guest-90417 arrived.
guest-90417 departed
guest:anymooselol
guest arrived.
guest departed
why_am_i_here:gettingbetter
why_am_i_here arrived.
why_am_i_here is cam up
OMGstillfaded arrived.
OMGstillfaded is cam up
OMGstillfaded cam down.
OMGstillfaded departed
SHINIGAMI:headmoderator
SHINIGAMI arrived.
SHINIGAMI departed
gap arrived.
gap departed
