003n arrived.
003n is cam up
sydney arrived.
sydney departed
HIITSNICK1 departed
003n cam down.
jedi departed
Loki1488IsaPed arrived.
muted departed
muted cam down.
Loki1488IsaPed departed
jedi arrived.
003n departed
muted arrived.
muted is cam up
guest arrived.
guest:66996 Changed nick to: HIITSNICK1
HIITSNICK1 departed
hungdude5000 arrived.
hungdude5000 departed
Ethereal arrived.
Ethereal departed
jedi: cheers!
khanMotobikerepair arrived.
khanMotobikerepair departed
4206969696969696969696969696969 arrived.
4206969696969696969696969696969 departed
jedi departed
jedi arrived.
lactobacillus departed
lactobacillus cam down.
Hellbender arrived.
Hellbender departed
latinmami69 arrived.
latinmami69 departed
Slitty arrived.
Slitty departed
Slitty arrived.
Slitty departed
4206969696969696969696969696969 arrived.
4206969696969696969696969696969 departed
warp arrived.
warp departed
gollum arrived.
Ethereal arrived.
Ethereal departed
gollum is cam up
retroboominseer arrived.
retroboominseer departed
Seth arrived.
Seth departed
ChowderAKAMikeAKATroon arrived.
ChowderAKAMikeAKATroon: lmfao
ChowderAKAMikeAKATroon: they cant touch shit tism
ChowderAKAMikeAKATroon: They tried to say that they "own" me
ChowderAKAMikeAKATroon: lmfao
ChowderAKAMikeAKATroon: Like they're some kind of fin domm's in my life
ChowderAKAMikeAKATroon: lmfao
ChowderAKAMikeAKATroon: I'm a switch
ChowderAKAMikeAKATroon: I will act how I fucking feel like
ChowderAKAMikeAKATroon: oda?
ChowderAKAMikeAKATroon: Is LB okay?
jedi: https://youtu.be/dr-YKpQ_r1s
ChowderAKAMikeAKATroon: Does she know I'm still working hard here?
jedi: lb died dude
jedi: let go
ChowderAKAMikeAKATroon: wait what?
ChowderAKAMikeAKATroon: liar
ChowderAKAMikeAKATroon: prove it
ChowderAKAMikeAKATroon: you can't lie to me sith
ChowderAKAMikeAKATroon: I am a grey kedi
ChowderAKAMikeAKATroon: Jedi
ChowderAKAMikeAKATroon: I am grey
ChowderAKAMikeAKATroon: Nigger
jedi: star wars is gay
ChowderAKAMikeAKATroon: Yeah and you suck cock
ChowderAKAMikeAKATroon: What else is new
ChowderAKAMikeAKATroon: Fuck around and find out how hard I'll beat your ass
jedi: no amount of hard work will bring her back
ChowderAKAMikeAKATroon: For lying about loving LB
ChowderAKAMikeAKATroon: She's deeply in love with me
jedi: she's dead and gone
jedi: its over
ChowderAKAMikeAKATroon: Liar
ChowderAKAMikeAKATroon: Prove it
ChowderAKAMikeAKATroon: Prove that shit
jedi: it's OVER
oliver arrived.
jedi: WAKE THE FUCK UP
ChowderAKAMikeAKATroon: Or you're just a whore of babylon
jedi: TOSSED TO THE WIND
gollum: am i hot?
oliver: https://tinychat.com/room/robot9000
ChowderAKAMikeAKATroon: Yes
oliver: we are in here tonight
oliver: WE ARE ALL CAMED IN HERE
ChowderAKAMikeAKATroon: FOR BEING
tism_the_hedgehog: the supreme gentlewoman
ChowderAKAMikeAKATroon: A MK ULTRA
oliver: ROBOT WINS AGAIN!
ChowderAKAMikeAKATroon: CHILD KILLER
ChowderAKAMikeAKATroon: I SEE YOU NOW
ChowderAKAMikeAKATroon: TRANNY
oliver departed
jedi: fuck off wanna-be chatroom
ChowderAKAMikeAKATroon: I know what you did
ChowderAKAMikeAKATroon: And I'll come for you
jedi: you job havers will never be NEETs
ChowderAKAMikeAKATroon: You will be slain
ChowderAKAMikeAKATroon: Todd David Reese
ChowderAKAMikeAKATroon: Aka olliver
jedi: you can kill the whole world jrod you will never see LB again
ChowderAKAMikeAKATroon: Oliver Reese
ChowderAKAMikeAKATroon: Is stil alive
ChowderAKAMikeAKATroon: Running around in Cananda
gollum: i bought a giant jawbreaker
ChowderAKAMikeAKATroon: Canada
ChowderAKAMikeAKATroon: oh cool
jedi: i love jawbreakers
ChowderAKAMikeAKATroon: Can I have some?
gollum: opening it now
ChowderAKAMikeAKATroon: word
ChowderAKAMikeAKATroon: I ant bite into them
ChowderAKAMikeAKATroon: I'll literally break my teeth
ChowderAKAMikeAKATroon: lmfao
ChowderAKAMikeAKATroon: crack teeth
ChowderAKAMikeAKATroon: riddled with cavities
ChowderAKAMikeAKATroon: It's okay though
ChowderAKAMikeAKATroon: It's not my best of qualities
ChowderAKAMikeAKATroon: At least I can smile with my mouth closed though
gollum: daisy dental will help you
ChowderAKAMikeAKATroon: For sure
ChowderAKAMikeAKATroon: It's not going to be made yet
gollum: make an appointment
ChowderAKAMikeAKATroon: We're doing survey's with drones
ChowderAKAMikeAKATroon: I'd think you'd really like that
ChowderAKAMikeAKATroon: So would LB
ChowderAKAMikeAKATroon: Just like
ChowderAKAMikeAKATroon: Playing games in the air
ChowderAKAMikeAKATroon: Surveying land in Utah
gollum: you need to make dental appointment
ChowderAKAMikeAKATroon: Yeah I nkow
ChowderAKAMikeAKATroon: There's one down the street
ChowderAKAMikeAKATroon: I just have procrastinated everything
ChowderAKAMikeAKATroon: All for one woman
gollum: you have your insurance info?
jedi: who is dead
ChowderAKAMikeAKATroon: Yeah
ChowderAKAMikeAKATroon: I need to get my cards from my Mom
ChowderAKAMikeAKATroon: I dont have anymore money to buy anything
ChowderAKAMikeAKATroon: I'm broke until the 3rd
ChowderAKAMikeAKATroon: I'm basically starving now
jedi: manage your resources better
ChowderAKAMikeAKATroon: Yeah I have always been bad at that
ChowderAKAMikeAKATroon: My Mom was a spender
ChowderAKAMikeAKATroon: Had a lot of debt taking care of me and Cody
ChowderAKAMikeAKATroon: SHe's still paying that off man
ChowderAKAMikeAKATroon: After like what?
ChowderAKAMikeAKATroon: 25 years?
ChowderAKAMikeAKATroon: So yeah
jedi: learn by starving or see LB by dying of starvation
ChowderAKAMikeAKATroon: I was well taken care of by my Mother who did everything for her two little boys
ChowderAKAMikeAKATroon: Enough to make men rape her
ChowderAKAMikeAKATroon: So yeah
ChowderAKAMikeAKATroon: She's more fucked in the headthan I am
ChowderAKAMikeAKATroon: And if you all think you can harass her like this?
ChowderAKAMikeAKATroon: I'll find you and choot yah
jedi: do you just trama dump on everyone who talks to you?
ChowderAKAMikeAKATroon: XD
jedi: "xd"
ChowderAKAMikeAKATroon: I have to
ChowderAKAMikeAKATroon: CX
ChowderAKAMikeAKATroon: lol
jedi: like i give a flying fuck about your pain
ChowderAKAMikeAKATroon: My bad man
ChowderAKAMikeAKATroon: It's not easy being in my family
ChowderAKAMikeAKATroon: We've had it hard
ChowderAKAMikeAKATroon: Many financial problems and health problems
ChowderAKAMikeAKATroon: But at least we still had that home that I was raised up in
ChowderAKAMikeAKATroon: It's not going anywhere
ChowderAKAMikeAKATroon: My Mom had a beautiful day today
ChowderAKAMikeAKATroon: I spent the morning feeling great and had to calm down and napo
ChowderAKAMikeAKATroon: I'm good now
ChowderAKAMikeAKATroon: Just no games
ChowderAKAMikeAKATroon: veggin'
ChowderAKAMikeAKATroon: ima get on cam though
guest arrived.
ChowderAKAMikeAKATroon: and watch some tv
guest is cam up
ChowderAKAMikeAKATroon: sup mohindur
gollum departed
gollum cam down.
guest: hiii
ChowderAKAMikeAKATroon: how's your day?
guest: goood
ChowderAKAMikeAKATroon: HAve you ever read the Book of Mormon?
guest: nooo.
Deck_cowboy arrived.
ChowderAKAMikeAKATroon: I know about the rig vega's
ChowderAKAMikeAKATroon: veda's
ChowderAKAMikeAKATroon: There's still more to read, y'know?
ChowderAKAMikeAKATroon: Krishna was Christ before his time
ChowderAKAMikeAKATroon: He rebirths
Deck_cowboy is cam up
ChowderAKAMikeAKATroon: Into many lives
guest departed
guest cam down.
ChowderAKAMikeAKATroon: oooh
ChowderAKAMikeAKATroon: candy?
jedi: jrod you're mixing marvel and DC
ChowderAKAMikeAKATroon: mine
ChowderAKAMikeAKATroon: So what
ChowderAKAMikeAKATroon: I know the creator
jedi: what do you mean so what
ChowderAKAMikeAKATroon: He worked on my mouth
Deck_cowboy cam down.
ChowderAKAMikeAKATroon: He's in Lake Oswego
Deck_cowboy departed
jedi departed
ChowderAKAMikeAKATroon: He ventures health care
ChowderAKAMikeAKATroon departed
jedi arrived.
jedi is cam up
oliver arrived.
oliver: looks like ur rooms has failed
oliver: irony is dead
oliver: just shut it down
oliver: and call it a night
oliver departed
gollum arrived.
jedi: better than eating grass and bugs, the scraps from the table
jedi: somehow more palatable alone than served fresh and face to face
4206969696969696969696969696969 arrived.
4206969696969696969696969696969 departed
gollum is cam up
jedi: https://www.youtube.com/watch?v=G6TI9BLIb4Q
sydney arrived.
sydney departed
jedi: you ever hear about something really cool that you had no part in
jedi: and that the show is over when you show up
MichelinMan arrived.
jedi: la nouba is uniquely painful for the bird clown is the seeker from the future looking into the past
MichelinMan departed
JoachimVonTittentrop arrived.
JoachimVonTittentrop: hot
JoachimVonTittentrop departed
NiXieSaVaGe arrived.
NiXieSaVaGe departed
guest arrived.
guest is cam up
guest cam down.
guest departed
rarawantstobeacheerleader arrived.
rarawantstobeacheerleader departed
tism_the_hedgehog departed
Maggots arrived.
Maggots: Yeah Olli changed his name
Maggots: From Todd to Olli
Maggots: And he's in radicals discord
Maggots: They're all MK Ultra nerds
Maggots: Wannabe thugs
Maggots: Assassins
guest arrived.
Maggots: They're nothing
Maggots: Once they realize who I am
Maggots: Then we can be friends
Maggots: Until then?
Maggots: I'm not joining that idiotic server
MichelinMan arrived.
guest is cam up
Maggots: It's filled with degenerate scum
gollum: jrod
Maggots: ?
Maggots: How's your gaming going?
Maggots: Wanna watch some plex?
Maggots: I'm bored
gollum: hey pv
Maggots: Yeah word
Maggots: radical is gay
gollum: how is your german? non-existent ?
Maggots: Nothing but bisexuals
MichelinMan is cam up
Maggots: I'm not bi
Maggots: hello super pedo
gollum: Good morning Victor
Maggots: I have all of your recordings
Maggots: And I know the crown
Maggots: I'm a double 0
Maggots: Victah
Maggots: And your'e finished
MichelinMan cam down.
Maggots: As one of the largest pedophiles in the UK
easya arrived.
Maggots: You raped Jamie
guest cam down.
Maggots: When he was like what, 14?
guest is cam up
easya departed
Maggots: Sold his nudes?
MichelinMan departed
Maggots: Made a fuck ton of cash?
Maggots: So pluscat is really a tranny?
Maggots: Didn't realize that
BLAZEY arrived.
Maggots: until now
Maggots: No wonder Victor wanted to fuck them so bad
BLAZEY departed
gollum departed
gollum cam down.
guest cam down.
guest departed
Deck_cowboy arrived.
Deck_cowboy departed
jedi: i smell fire
4206969696969696969696969696969 arrived.
4206969696969696969696969696969 departed
Maggots: Meh
Maggots: RAdical is burning
Maggots: alive
Maggots: and I'm loving every second of it
Maggots departed
Ethereal arrived.
Ethereal departed
peace_of_mind arrived.
peace_of_mind: robot900
peace_of_mind departed
jedi departed
jedi cam down.
jedi arrived.
jedi is cam up
easya arrived.
easya departed
4206969696969696969696969696969 arrived.
4206969696969696969696969696969: https://discord.gg/VBFcs82R
4206969696969696969696969696969 departed
sydney arrived.
sydney departed
Banks318 arrived.
Banks318 departed
guest arrived.
guest departed
BrodyC arrived.
BrodyC departed
Maggots arrived.
easya arrived.
Maggots: I'm gonna chill out
Maggots: If they want me back
Maggots: They can pay me
Maggots: Otherwise i'll just wait for you to turn 18 and become your guardian angel
easya departed
Maggots departed
BLAZEY arrived.
BLAZEY departed
BLAZEY arrived.
BLAZEY departed
Jenny arrived.
Jenny departed
Hippo arrived.
Hippo departed
NiXieSaVaGe arrived.
NiXieSaVaGe departed
Slitty arrived.
Slitty departed
Slitty arrived.
Slitty departed
Maggots arrived.
Maggots:72701 Changed nick to: PedophileRingdone
PedophileRingdone departed
003n arrived.
003n departed
TRUCE_GET_A_JOB arrived.
VONHELTON arrived.
Jenny arrived.
VONHELTON departed
TRUCE_GET_A_JOB:72868 Changed nick to: i_want_your_seed_so_badly
i_want_your_seed_so_badly departed
life_on_speedrun arrived.
life_on_speedrun: fuck this
life_on_speedrun departed
Jenny: fuck everything
jedi: like
jedi: oh well
Jenny: this room is way better
muted departed
muted cam down.
muted arrived.
muted is cam up
jedi: jenny
easya arrived.
easya departed
jedi: what's the best flavor of donuts
Jenny: i like old fashioned sour cream donuts
guest arrived.
guest departed
guest arrived.
guest departed
peace_of_mind arrived.
peace_of_mind: hai
jedi: go fuck yourself
easya arrived.
easya departed
BLAZEY arrived.
BLAZEY departed
Jenny departed
guest arrived.
guest is cam up
guest: sigh
guest-90438 arrived.
guest-90438:74026 Changed nick to: JORDUMBS
JORDUMBS: hi chat^_^
guest cam down.
guest is cam up
gary arrived.
gary departed
guest: chute
guest: churr
guest: fug
JORDUMBS departed
guest-90451 arrived.
guest-90451:74135 Changed nick to: JORDUMBS
easya arrived.
guest cam down.
guest departed
easya departed
JORDUMBS departed
johnnyBgood arrived.
johnnyBgood departed
jedi: yea
jedi: faith str is dogshit
peace_of_mind: gave truce a no kick list
God arrived.
peace_of_mind: if he breaks it he i banned for 2 days
peace_of_mind: as a timeout
peace_of_mind: youre on it jedi
God departed
wutang arrived.
jedi: cheers
jedi: couldnt have said it better myself
kodakblack arrived.
kodakblack departed
Apollyon arrived.
MichelinMan arrived.
MichelinMan departed
wutang departed
sydney arrived.
sydney departed
Apollyon departed
steve2123 arrived.
steve2123 departed
neb arrived.
neb: so this is how it ends
neb: 2 gaymer cams
neb departed
sasha arrived.
MichelinMan arrived.
MichelinMan departed
perfect_100_iq arrived.
perfect_100_iq departed
vincentamsterdam arrived.
vincentamsterdam departed
i_need_gasmans_seed_so_badly arrived.
i_need_gasmans_seed_so_badly:75654 Changed nick to: gollum
gollum is cam up
gollum departed
gollum cam down.
wutang arrived.
wutang departed
guest arrived.
guest departed
guest arrived.
guest departed
Joe arrived.
Joe departed
ted arrived.
ted departed
Uzui_Tengen arrived.
Uzui_Tengen departed
Slitty arrived.
Slitty departed
wutang arrived.
wutang is cam up
sasha: listening
sasha: oh god
sasha: > at the end of the week
sasha: have u seen the one with the woman who cooks a lasagna in her dishwasher
wutang: hi sasha
wutang: wtf
wutang: how do u do thatttt
sasha: she wrapped it up in plastic
sasha: i guess its like sous vide
wutang: these people r funny
wutang: ive never heard of extreme cheapskates but ima be watching a few episodes now
jedi departed
jedi cam down.
wutang: what r u up to sasha
wutang: everyone in other room rn
rarawantstobeacheerleader arrived.
rarawantstobeacheerleader departed
sasha: i dont like those shows bc they skimp on cleanliness
sasha: im just chillin
sasha: peaceful here..
wutang: do u ever watch kdramas?..........
sydney arrived.
sydney is cam up
wutang: hi sydney
wutang: yd u leave other room?
sydney: annoying randos
wutang: u ever hear of the show extreme cheapskates?
sasha: wutang the last kdrama i watched was epic high
wutang: this guy pulled the most funniest sht i ever seen
wutang: some incel sht
sasha: idk any good ones
wutang: try watching  business proposal first
wutang: its on netflix
sasha: i dont have netflix
wutang: ah im using my homegirls nextflix i forgot her pw
sasha: lol
sasha: i heard they are cracking down on that
guest arrived.
guest departed
wutang: netflix saved my life for 8 months of injury
sasha: https://www.cnbc.com/2022/04/23/how-netflixs-password-sharing-crackdown-is-likely-to-work.html
sasha: lol i read that as 'meklin saved my life'
sydney departed
sydney cam down.
guest arrived.
guest:76429 Changed nick to: REDABACUS
wutang: this is bullllsht
sasha: what is that maori
sasha: a hot glue gun?
life_on_speedrun arrived.
wutang: what if u got laptop and u travel to another state
wutang: thats some bullllsht
life_on_speedrun: lads
wutang: cant even use netflix acct
sasha: idk  man
sasha: ok i go to other room
life_on_speedrun: kk
sasha departed
life_on_speedrun departed
wutang cam down.
wutang departed
REDABACUS departed
lactobacillus arrived.
lactobacillus departed
muted departed
muted cam down.
Uzui_Tengen arrived.
Uzui_Tengen departed
jedi arrived.
jedi departed
johnnyBgood arrived.
johnnyBgood departed
Moonwing arrived.
Moonwing departed
TheALaMenthe arrived.
TheALaMenthe departed
homeless arrived.
homeless: .
homeless departed
guest arrived.
guest:76889 Changed nick to: RIGHTINTHEKISSA
RIGHTINTHEKISSA departed
sasha arrived.
sasha departed
Apollyon arrived.
Apollyon departed
einstein2 arrived.
einstein2 departed
einstein2 arrived.
einstein2 departed
life_on_speedrun arrived.
life_on_speedrun departed
easya arrived.
easya departed
wutang arrived.
wutang departed
wutang arrived.
wutang is cam up
peace_of_mind departed
wutang cam down.
wutang departed
day arrived.
day departed
einstein2 arrived.
einstein2 departed
muted arrived.
muted departed
muted arrived.
muted is cam up
muted departed
muted cam down.
easya arrived.
easya departed
gollum arrived.
gollum is cam up
Bugcollector arrived.
Bugcollector: This room dead now or something
Bugcollector: Where is the people
lady arrived.
lady departed
rarawantstobeacheerleader arrived.
rarawantstobeacheerleader departed
Bugcollector departed
BLAZEY arrived.
BLAZEY departed
vaporwave arrived.
vaporwave departed
yrrah arrived.
yrrah departed
yrrah arrived.
yrrah departed
epicdreamz arrived.
epicdreamz departed
rarawantstobeacheerleader arrived.
rarawantstobeacheerleader departed
Bugcollector arrived.
Bugcollector departed
easya arrived.
easya departed
yrrah arrived.
guest arrived.
guest departed
johnnyBgood arrived.
johnnyBgood departed
peace_of_mind arrived.
peace_of_mind departed
guest arrived.
guest: Dead
guest departed
einstein2 arrived.
einstein2 departed
tom93 arrived.
tom93 departed
yrrah departed
easya arrived.
easya departed
ocean_man arrived.
ocean_man: !whoisbot 
ocean_man departed
BLAZEY arrived.
BLAZEY departed
guest arrived.
guest departed
1 arrived.
Uzui_Tengen arrived.
Uzui_Tengen departed
Uzui_Tengen arrived.
Uzui_Tengen departed
guest arrived.
guest departed
guest arrived.
guest departed
sasha arrived.
sasha departed
guest arrived.
guest:80389 Changed nick to: RIGHTINTHEKISSA
RIGHTINTHEKISSA departed
easya arrived.
easya departed
vincentamsterdam arrived.
vincentamsterdam departed
easya arrived.
easya departed
Sandra arrived.
Sandra departed
MeKLiN departed
MeKLiN cam down.
Sasha arrived.
Sasha departed
BLAZEY arrived.
BLAZEY departed
Slitty arrived.
Slitty departed
AllahTralla arrived.
AllahTralla departed
easya arrived.
easya departed
peace_of_mind arrived.
peace_of_mind departed
easya arrived.
easya departed
Mme_Jean_Ivre arrived.
Mme_Jean_Ivre departed
MichelinMan arrived.
MichelinMan departed
jim arrived.
jim is cam up
jim: go look at the other room
jim: its like 5 pakis where white regs used to be
day arrived.
day departed
jim: what a bunch of weird fags
jim: im glad they left
jim: wittman is a race traitor
jim: i knew someone saying nigger as much as he did was actually a white cuck irl
guest arrived.
guest is cam up
guest-91945:unicorns93
guest-91945 arrived.
yrrah arrived.
yrrah is cam up
jim: go look at the race tratior room
jim: and simp cuck female modding admin team
jim: ur mic isnt on
jim: jk
guest-91945:82128 Changed nick to: harrison
jim: got em
yrrah cam down.
yrrah departed
guest departed
guest cam down.
harrison departed
guest arrived.
jim:82028 Changed nick to: GoPackToPaki9K
guest is cam up
guest departed
guest cam down.
GoPackToPaki9K:82028 Changed nick to: GoBackToPaki9K
vincentamsterdam arrived.
vincentamsterdam departed
Ethereal arrived.
Ethereal departed
GASMAN arrived.
GASMAN departed
GoBackToPaki9K cam down.
GoBackToPaki9K is cam up
guest arrived.
guest departed
GoBackToPaki9K departed
GoBackToPaki9K cam down.
guest arrived.
guest departed
guest arrived.
guest departed
yrrah arrived.
Slitty arrived.
yrrah departed
Slitty departed
guest arrived.
guest:82945 Changed nick to: RIGHTINTHEKISSA
RIGHTINTHEKISSA departed
Cybersurfer arrived.
edos arrived.
guest arrived.
edos departed
guest is cam up
Cybersurfer:83131 Changed nick to: HACKER
HACKER: Mainframe
HACKER: I'm in it
guest cam down.
HACKER departed
Slitty arrived.
Slitty is cam up
Slitty cam down.
Slitty departed
yrrah arrived.
yrrah departed
harrison arrived.
harrison departed
easya arrived.
easya departed
guest is cam up
gollum cam down.
guest cam down.
guest departed
gollum departed
guest arrived.
guest departed
guest arrived.
chromehearted arrived.
chromehearted departed
guest-92146 arrived.
guest-92146: ?
guest-92146 departed
guest-92149 arrived.
guest-92149: ?imabigslut
guest-92149: ?afk
guest-92149 departed
GASMAN arrived.
GASMAN departed
Bionicles arrived.
Bionicles: :(
Bionicles departed
sasha arrived.
sasha departed
easya arrived.
easya departed
TOPDOG arrived.
TOPDOG departed
easya arrived.
easya departed
guest departed
Slitty arrived.
Slitty: bro
guest arrived.
guest departed
guest arrived.
guest is cam up
guest departed
guest cam down.
guest arrived.
guest departed
yrrah arrived.
yrrah: heh
yrrah departed
Slitty departed
jedi arrived.
jedi departed
DONGFISH arrived.
DONGFISH departed
harrison arrived.
harrison departed
goiga arrived.
goiga departed
1 departed
guest arrived.
guest departed
GASMAN arrived.
GASMAN departed
guest arrived.
guest departed
yrrah arrived.
yrrah departed
life_on_speedrun arrived.
life_on_speedrun departed
guest arrived.
guest:84953 Changed nick to: REDABACUS
REDABACUS departed
WEENIE arrived.
caleb arrived.
WEENIE departed
WEENIE arrived.
WEENIE departed
caleb departed
yrrah arrived.
yrrah departed
guest arrived.
guest departed
chess arrived.
chess departed
Automation arrived.
Automation is cam up
Automation departed
Automation cam down.
Automation arrived.
Automation is cam up
Uzui_Tengen arrived.
Uzui_Tengen departed
Schwarzkopf arrived.
Schwarzkopf departed
chromehearted arrived.
edos arrived.
edos departed
chromehearted departed
chromehearted arrived.
chromehearted is cam up
chromehearted departed
chromehearted cam down.
TheBoogieMan3333 arrived.
TheBoogieMan3333 departed
chromehearted arrived.
chromehearted is cam up
Tay arrived.
Tay departed
Corza_Lenko arrived.
Corza_Lenko departed
yrrah arrived.
caleb arrived.
yrrah: ahahhahaa
caleb is cam up
yrrah is cam up
Checker arrived.
Hippo arrived.
caleb departed
caleb cam down.
yrrah departed
yrrah cam down.
Checker departed
Hippo departed
GoBackToPaki9K arrived.
GoBackToPaki9K is cam up
morningstar arrived.
morningstar: hey whats up gm
chromehearted: gm
morningstar: just chillin gettin ready to smoke down lol
morningstar: lmaoooo ohhh nooo
guest arrived.
morningstar: i would've threw it out the window lol
morningstar: jk it will land his feet lol
guest is cam up
morningstar: fuck i gotta go get papers brb
morningstar departed
guest cam down.
guest is cam up
guest: im in the metaverse vr
chromehearted: ur just a red face
chromehearted: noo definition
guest: do u know what vr is
chromehearted: yes
chromehearted: i have an oculus
guest: oh ok
guest: same
Automation: diz being obv
Automation: brb
chromehearted: ?
ROM_liquid arrived.
ROM_liquid departed
AssGaz arrived.
TattyBoJangles arrived.
TattyBoJangles departed
chromehearted:87104 Changed nick to: chrome_kindaworking
guest departed
guest cam down.
AssGaz departed
guest arrived.
guest is cam up
chrome_kindaworking departed
chrome_kindaworking cam down.
chrome_kindaworking arrived.
chrome_kindaworking is cam up
muthAFKer arrived.
muthAFKer departed
nacho arrived.
guest-92918 arrived.
guest-92922 arrived.
guest-92918 is cam up
guest-92918 departed
guest-92918 cam down.
guest-92922 departed
Thomas arrived.
Thomas departed
Thomas arrived.
Thomas departed
Thomas arrived.
Thomas: eat it!
Thomas is cam up
nacho is cam up
clear arrived.
clear departed
dc arrived.
dc: sup niggaz
Thomas: hiho
yrrah arrived.
yrrah departed
guest-93029 arrived.
KRON arrived.
guest-93029 departed
KRON departed
jane_chatmuted arrived.
Thomas departed
Thomas cam down.
jane_chatmuted is cam up
jane_chatmuted: good morning chatters
dbunny3 arrived.
dbunny3 is cam up
dc: good day jane
jane_chatmuted: how do you do
dc: I do well thank you and you
dbunny3 departed
dbunny3 cam down.
dc: my car is giving me a sore throat
jane_chatmuted: i am a bit anxious but otherwise content
dc: anxious about what
jane_chatmuted: being here i guess
guest-93053 arrived.
jane_chatmuted: i havent been around much lately
dc: in chat? or where you are now
jane_chatmuted: that plus getting high gives me anxiety
jane_chatmuted: in chat
jane_chatmuted: is what i meant
waldowaldo arrived.
guest-93053 departed
chrome_kindaworking: i dont like looking at the screen when high lol
waldowaldo departed
dc: yes well it's very important that you are received well by the chatters here, our opinions of you should be very concerning to you
jane_chatmuted: more like i shouldn't care
dc: yes
dc: weed does make me anxious in general too, even just thinking of getting high
angora arrived.
chrome_kindaworking: whyyy
chrome_kindaworking: it ddoes the opposite for me
dc: it just has that effect
guest-93063 arrived.
angora: I had some
angora: I couldnt tell if they worked or not
chrome_kindaworking: idk
chrome_kindaworking: i hhave yellow. tinted glasses
chrome_kindaworking: is it the same
jane_chatmuted: ice in bong is best
guest-93063 departed
dc: everyone's D deficient
dc: my D
jane_chatmuted: my arms are so sore from lifting
guest-93072 arrived.
guest-93077 arrived.
guest-93072 is cam up
guest-93079 arrived.
ChanServ: Account: kairs was trying to get our room closed by the tinychat admins!
ChanServ: Account: dongivashit was trying to get our room closed by the tinychat admins!
ChanServ: Account: ajaychakraborty was trying to get our room closed by the tinychat admins!
ChanServ: closed guest-93072
guest-93072 cam down.
dc: nice
guest-93079 departed
wutang arrived.
guest-93072 departed
wutang is cam up
wutang cam down.
wutang is cam up
guest-93100 arrived.
angora is cam up
jane_chatmuted departed
jane_chatmuted cam down.
guest-93100 departed
dc: soju is only like 20% no??
TCL arrived.
chrome_kindaworking:87927 Changed nick to: chromehearted
TCL: ayoooo what did i walk into lol
guest-93077 departed
felonychaser arrived.
dc: dude what
felonychaser is cam up
vincentamsterdam arrived.
dc departed
JustSomeDude arrived.
JustSomeDude is cam up
vincentamsterdam is cam up
vincentamsterdam departed
vincentamsterdam cam down.
TCL departed
JustSomeDude departed
JustSomeDude cam down.
guest-93124 arrived.
guest-93124 departed
wutang: chromey i heard u guys r hhaving another meetup
chromehearted: yes hopefully
chromehearted: in amsterdadm
wutang: nice
wutang: when u c sari
wutang: just keep talking about feet and ur toes
chromehearted: LOOLLL
chromehearted: no hell get bricked up
guest-93176 arrived.
guest-93176 departed
caleb arrived.
caleb is cam up
wutang: anybody else bricked up right now?..........
day arrived.
day: plusvate dont' forget your promise if you got promostion
day: you will get me nice money
caleb departed
caleb cam down.
day: wtf i not saw it's wutang i thought it's sexy girl
caleb arrived.
guest-93194 arrived.
guest-93194:89945 Changed nick to: RIGHTINTHEKISSA
day: i was seraching for booty
day: then i saw name
day: wutang
RIGHTINTHEKISSA is cam up
day: find me  8 hours job in some where house n get me to swiezerland
caleb: im coming
caleb: if i ncan fuck pv
chromehearted: lol
caleb: i wanna fuck epic dreams
caleb: she doesnt tho
caleb: chromes jealous
caleb: of epic wow
chromehearted: she ddoesnt?
chromehearted: nah im just madd coz the first thingshe said to me was a bunch of insults
chromehearted: idek her
caleb: did she
chromehearted: yeah lol
day: plusvate is good target to make him meth head then he will buy you alwasy meth
caleb: what a bitch
chromehearted: shes normal to me now
chromehearted: just that first time ever in chat i didnt even sayanything LOL
caleb is cam up
day departed
wutang: epic insulted u?
wutang: ill kill  her
chromehearted: LOOLL
wutang: what was she saying
PhiLiP arrived.
chromehearted: she said im not cute and have noo lips
angora: jesh
PhiLiP is cam up
wutang: lol
wutang: shes so jelly
chromehearted: nahh its fine lol
guest-93221 arrived.
guest-93221 departed
caleb: meth meetup
caleb: and u know im there
chromehearted: speedd meet
wutang: i did a fuckd up trade yesterday for those kith hawaii dunks
caleb: speed is meth
caleb: without a salt compoundLOL
caleb: its legit meth
chromehearted: oh
chromehearted: lol
wutang: yeezy bred and a 150 dunk low
wutang: the yeezy bred getting mass rereleased again
wutang: fking kanye
GotEm arrived.
caleb: we really are all methheads
caleb: aint we
caleb: junkies
GotEm departed
caleb: proper JUNKIES
chromehearted: ive. never done memth
caleb: ur gunna love it
caleb: u will be addicted first time
caleb: its amazing
caleb: u get so horny
caleb: and shit
goiga arrived.
RIGHTINTHEKISSA departed
RIGHTINTHEKISSA cam down.
wutang: i entered for 7 shoes today 1st come 1st serve and they didnt give me anything
caleb: meklin u dont own shit
caleb: ur sad as fuck
caleb: LOL
caleb: you cope so hard
caleb: so fuckin sad
caleb: meklin power cope
caleb: LOL
caleb: phillip raping meklin
angora: dont do meth
angora: not even once
caleb: LOLLL
chromehearted: dont
angora: dont
caleb: meklin is so sad
chromehearted: ban him :(
caleb: so saddd
ChanServ: Account: calebmcnamara was trying to get our room closed by the tinychat admins!
chromehearted: !popuptoggle 
ChanServ: caleb is being abused by mods
chromehearted departed
chromehearted cam down.
chromehearted arrived.
chromehearted: lag
PhiLiP: lame
chromehearted is cam up
chromehearted: i needa go get cash
PhiLiP: for the plug
PhiLiP: piff plug
Automation: meklin relax
chromehearted: yes
PhiLiP: i got u figured outtt
PhiLiP: stankyyyy
chromehearted: PLUG!!
chromehearted: lmfaoo
goiga is cam up
PhiLiP: im a legend
Thomas arrived.
Thomas is cam up
tism_the_hedgehog arrived.
dc arrived.
dc: on cam = nigger
goiga departed
goiga cam down.
Pickett arrived.
dc departed
Pickett: Team Johnny?
Pickett: Meklin has no idea what he's talking about ever... skitzo rants...
fantashy arrived.
IAMtheONE arrived.
IAMtheONE: AWWW POOR KISSA
IAMtheONE: WHO WON ELECTON KISSA
IAMtheONE: awwww pooro kisssa
IAMtheONE: poooor rance faggot
IAMtheONE is cam up
wutang cam down.
Automation banned IAMtheONE
IAMtheONE departed
IAMtheONE cam down.
Pickett: Yeah he is embarassing...
diggs arrived.
chromehearted cam down.
chromehearted: going to get cash
chromehearted departed
edos arrived.
diggs departed
LoSoRealOne arrived.
fantashy departed
LoSoRealOne departed
GoBackToPaki9K cam down.
GoBackToPaki9K is cam up
Thomas departed
Thomas cam down.
Pickett: LuL you made him mad Caleb.
angora departed
angora cam down.
diggs arrived.
diggs departed
edos departed
edos arrived.
Pickett: Holy shit he is talking to himself now, going back to the Johnny Depp trial.
Pickett departed
LoSoRealOne arrived.
guest cam down.
guest is cam up
LoSoRealOne departed
jj arrived.
jj departed
guest departed
guest cam down.
wutang is cam up
wutang cam down.
edos departed
godfinders arrived.
godfinders departed
TheALaMenthe arrived.
einstein2 arrived.
einstein2 departed
TheALaMenthe: I saw a picture of young meklin
TheALaMenthe: he looks completely different
TheALaMenthe: back inh is "mpaa" days
Momus arrived.
TheALaMenthe: this is autism
Momus is cam up
caleb: meklin thinks ive done steroids, so in his mind im above natural capabilities
caleb: LOL
caleb: best compliment
caleb: i love being so alpha
TheALaMenthe: when i turn 35 i will start steroids
caleb: i get called legit unnatural
caleb: my test levels are unnatural
caleb: in meklins tranny eyes
caleb: based
PhiLiP departed
PhiLiP cam down.
TheALaMenthe departed
felonychaser departed
felonychaser cam down.
Momus: Caleb’s a walking contradiction
marilyn arrived.
marilyn departed
easya arrived.
easya departed
vincentamsterdam arrived.
vincentamsterdam is cam up
felonychaser arrived.
vincentamsterdam departed
vincentamsterdam cam down.
guest arrived.
day arrived.
wutang is cam up
day departed
guest: I resent being called a piece of shit like every one else when I literally am holier than thou
chromehearted arrived.
goiga arrived.
goiga departed
guest departed
guest arrived.
guest: Let me cam up!!!!!!!!!
chromehearted: when did caleb dox lol
goiga arrived.
guest departed
Momus: Chrome I said he threatened to
felonychaser is cam up
chromehearted: oh ok
Momus: Stupid bitch
goiga: where is srai i ordered syrian food
goiga: enough for 2 days
chromehearted: relax
chromehearted: i was just. asking a question
goiga: no questions ALLOWED
chromehearted: sorry ill keep my mouth shut foreveer
felonychaser: giga
guest arrived.
goiga: no caleb momus has been around ffor ages
felonychaser: im going to the amsterdam meetup
chromehearted: pv ur shirt is nice
goiga: before that
felonychaser: thanks
felonychaser: norse projects
felonychaser: is the bran
chromehearted: nicee
goiga: wtf like 10 people are coming now
chromehearted: good brand
felonychaser: truuce reccomended it lol
felonychaser: i have 5 of them
goiga: ok this is getting scary lol
felonychaser: well giga only when its ocnfirmed
felonychaser: ill go for 2 nights
goiga: i agree the shirt is nice
felonychaser: or something
goiga: no homo
chromehearted: yes he has good taste if nly he wasnt such a shitty person
felonychaser: https://www.norseprojects.com
chromehearted: truuce i mean
guest departed
God arrived.
felonychaser: i think truuce was tyring to be condescending lol
felonychaser: because of the minimalism etc
felonychaser: he was saying its autistic or something
goiga: i have like 100 shirts
felonychaser: but i like it
chromehearted: hhes aiutsitic
goiga: and i never wear them anymore
chromehearted: he only has ONE SHIIRT
felonychaser: i have 5 of this exact shirt
chromehearted: OONE
goiga: i only wear tshirt / sweats these days
God departed
God arrived.
chromehearted: same giga
goiga: here i show u
felonychaser: https://www.norseprojects.com/store/men/shirting
goiga departed
guest arrived.
chromehearted: i only dress up on the weekend now
God departed
roonscape arrived.
guest-93402 arrived.
roonscape is cam up
easya arrived.
guest-93402 departed
roonscape departed
roonscape cam down.
easya departed
roonscape arrived.
roonscape is cam up
felonychaser: https://www.norseprojects.com/store/men/spring-summer-22/n25-0344-9999-aros-tech-performance
felonychaser: maybe ill buy 5 pairs
felonychaser: of these
guest departed
roonscape departed
roonscape cam down.
guest arrived.
felonychaser: https://www.norseprojects.com/store/men/trousers/n25-0367-9999-aros-slim-light-stretch
felonychaser: hmm
goiga arrived.
chromehearted: i like the tech performan e ones
felonychaser: im happy with the carharrt trousers
felonychaser: but they arent very good
felonychaser: in terms of durability
felonychaser: well
felonychaser: tbh the ones which are mostly synthetic
felonychaser: are good
felonychaser: the cototn ones get damaged too easy
chromehearted: yeah theyll last. long
felonychaser: cotton
chromehearted: cotton is eaten by motths and the dryer damages it
felonychaser: he breathable fabric is finished with a PFC free DWR to stay dry and comfortable.
felonychaser: they are water resistant
guest departed
chromehearted: nicee
guest arrived.
felonychaser: gotta stop wearing af1
felonychaser: for work
goiga: its kings day here today
felonychaser: but my "nice" sneakers are in ireland still
goiga: ppl partying
goiga: dressed in orange
einstein2 arrived.
chromehearted: lol
goiga: plusvat you need
goiga: i need that too
einstein2 departed
chromehearted: rip
chromehearted: ur hairline
goiga: plusvat shave ur hair short 1x
goiga: to see how it looks
goiga: if u wait till its all gone its too late
goiga: then u cant anymore
chromehearted: ^
goiga: if its thinning already u need it asap
chromehearted: you neeed to do it in the midddle of it
goiga: im thinning too i am consiering it
goiga: that is just as bad
GoBackToPaki9K departed
GoBackToPaki9K cam down.
goiga: in my opinion
GoBackToPaki9K arrived.
GoBackToPaki9K is cam up
guest departed
guest arrived.
felonychaser: closed Momus
Momus cam down.
chromehearted: how is wutang being toxxic T.T
goiga: lol
chromehearted: he was seriously advising hiim
goiga: u r all toxic
goiga: im hte only one thats not toxic
goiga: :angle:
chromehearted: sureeee giga
guest: Hair transplants are pathetic and cringe. Tenebris eats crayons.
goiga: how am i toxic im nice
chromehearted: yes ur nice :3
goiga: :3
goiga: tenebris did need a hair transplant i think
Momus: You’re autistic as fuck chrome and you misjudge literally every single person and situation
chromehearted: sure
chromehearted: ok
goiga: what is wrong with doing speed now and then
chromehearted: ive never rude to you
goiga: lol
Momus is cam up
chromehearted: and you always lash out
chromehearted: very strange
chromehearted: and uncalled for
goiga: lol
chromehearted: OFR NO REASON
guest: White people should look like monkeys pkusvat don't get a hair transplant to look like a monkey
goiga: chrome mic up
goiga: and defned urself on mic
chromehearted: nah for what?
chromehearted: why should i
goiga: :popcorn:
goiga: for our entertainment
guest: Fucking autocorrect should not
chromehearted: nah im ok i dont want to fight with momus
goiga: fair
guest: Lol
chromehearted: i wasnt misjudging i just asked ONE question!!
guest: Momus is a famous actor who plays as moonknight
guest: I see through your neet disguise
goiga: no tenebris did need the hair transplant
easya arrived.
goiga: his hairline was bad
goiga: yes, it was he was hiding it
guest: New rule: you're on cam you have to speak everyone 5 mi utes no less!
goiga: covering it
easya departed
guest: I'm using you as a radio show
chromehearted: lol jeddi
guest: I have a lot of work to do today
goiga: but tenebris actually looks good with short trimmed hair
goiga: so mayb ehe didnt need it
chromehearted: i think if it makes him happy
chromehearted: just allow it?
goiga: but tenebris was a norwood 3
goiga: so it was the righ titme to get teh transplant before its too late
Momus: Chrome you need to stop being a bystander and a enabler of shitty behavior
wutang: chrome is 1 of the nicest girls on here
wutang: kill urself
chromehearted: idk momus, i choose to be a bbystandder because tthis is the internet
chromehearted: i will not invlovee myself in others drama
chromehearted: when u. can justt close the screen and leave
Momus: She’s too nice she defends People like soya and dogmeat
wutang: momus got rejected by a homeless girl?
wutang: stop projecting ur hate on us
Momus: you only involve yourself to defend the bully in the situation chrome
chromehearted: i dont defend i just said i dont have any issues with people who donthave issues withme
chromehearted: i dont bback up claims
chromehearted: or add to the sttoryline
goiga: caleb do u have meklin muted?
goiga: he is talkign to u
chromehearted: its ok tobe neutral , idk why i have to pick siddes
goiga: i guess im also an enabler
goiga: it is what it is
goiga: plusvat how long u gonna stay in that country
chromehearted: and wen u got ur job and stuff i was defendding you when people said your jojb sucks momus
chromehearted: so iddk why you thiink im against you
chromehearted: im nont against anyone here except truuce
caleb: he is guilt tripping
caleb: its why sasha couldnt talk to gim
caleb: him
caleb: he cant realise this toxic shit tho
caleb: he copes
Momus: No I just don’t like malicious people or when people troll
guest-93502 arrived.
guest-93502 is cam up
Momus: It’s just annoying at this point
chromehearted: but momus... this is tinychat 99% of people on this sitte is a troll or malicious
caleb: wjhy do it
guest-93502: I will slit dengies throat
caleb: ur caught up on us trolling u weeks ago
guest-93502: HE comitted treason
caleb: u cant get over it
wutang: momus is very hypocritical
goiga: who are u guest
guest-93502: Actually
guest-93502: I was deemed a national security threat
guest-93502: By the brother and sister klara and dylan super peds
chromehearted: there are some people who will be nice and support you bbut also a shit ton of harrassment, you just ave to bbe able to detach yurself from it
guest-93502: They're spies
wutang: if u keep on trolling i will say something u wont like
easya arrived.
guest: If you don't like the peanuts from the peanut gallery get off the stage you not-clown! Get back to your seat in the audience! RIFFRAFF!!!!!!
chromehearted: like when cereal and iwere fighting after a bit i just left ccoz i knew i. ddidnt want to continue
guest-93506 arrived.
guest-93502: LB IS FUCKING HER NASTY BROTHER
chromehearted: so i removed myselff from the situattion, justt like you should if you ffeel overwhelmed
guest-93506 departed
caleb: i got cashhh
guest-93502: It's TREASON
guest-93502: ARE YOU FUCKING KIDDING ME
chromehearted: me tooooo caleb
guest-93502: TREASON
caleb: momus steals cause he lacks the cashsss
chromehearted: i got paid yesterdayy
easya departed
caleb: goood
chromehearted: yessirr
caleb: we all deserve them mbig buckss
chromehearted: !! 
guest-93502: I'm telling you all right now as fact
chromehearted: EVERYONE STOP ATTTACKING EACHOTHER
guest-93502: Klara will be extradited now
chromehearted: LOL
guest-93502: I FUCKING WARNED YOU
guest-93502: STUPID NIGGER BITCH
guest-93502: FUCK ME RUNNING
guest: Meklin deserves to be paid for his radio entertainment today, wish I had a spare 500$ no less
guest-93502: I hate waking up anxious
chromehearted: i ddiddnt invalidate it
chromehearted: momus please, i just asked u a question
guest-93502: DYLAN FUCKED HIS SISTER
chromehearted: i said "when did caleb doxx lol"
caleb: these toxic
caleb: angry
chromehearted: coz i. never saw it happen
guest-93502: FUCKING INCESTUAL PIECE OF SHIT
caleb: poor men
caleb: i pray for em
caleb: mashallah
chromehearted: plusvat saidd he wanted one
guest-93502: I'm glad I'm dating Oda now
chromehearted is cam up
guest-93502: This is fucking pathetic
caleb: oda? my muslim babe\
caleb: my sunni babe
guest-93502: Yee
guest-93502: My Dad is fine
chromehearted: who
guest-93502: Meklin
guest-93502: You fucking serial rapists
guest-93502: She is literally fine
goiga: dont cry
goiga: it ok
guest-93541 arrived.
guest-93541:92347 Changed nick to: RIGHTINTHEKISSA
HACKER arrived.
HACKER departed
RIGHTINTHEKISSA is cam up
chromehearted cam down.
goiga: lol
chromehearted: i need to work a bit
goiga: everyone is ANGRY
chromehearted: i think its easier
chromehearted: to be indfifferent
chromehearted: or nice
goiga: yes it is
chromehearted: because everyone is mean heree
goiga: actually
goiga: unless ur brain is broken
goiga: then its easier
chromehearted: and it actually counteracts
goiga: to be mean
chromehearted: the harrasment
goiga: because u feel good being an asshoel to someone
goiga: if ur brain is broken
Momus: Oh yeah that’s why people aren’t religious as will
Momus: well
guest departed
chromehearted: yeah meklin
chromehearted: like u call me a retard sometimes but yknow i am sometimes so whatever
chromehearted: i accept it lmfao
guest arrived.
chromehearted: im not religious momus, but i. belive in treatting people well
guest: Jarod the tinychatFCC is fining you 500$
guest: You called us literally fucking children
guest: No one is literally fucking children
guest: Fined.
chromehearted: yes to an extent
chromehearted: i agree
RIGHTINTHEKISSA cam down.
RIGHTINTHEKISSA departed
goiga: who are your women jrod i will make sure to stay far away
guest-93568 arrived.
guest-93568:92467 Changed nick to: RIGHTINTHEKISSA
RIGHTINTHEKISSA: sorry what
RIGHTINTHEKISSA: I was lagging
RIGHTINTHEKISSA is cam up
RIGHTINTHEKISSA: who did I ban
goiga: sorry what
goiga: i wa lagging
goiga: where did i cum
RIGHTINTHEKISSA cam down.
RIGHTINTHEKISSA is cam up
goiga: my favorite subject to talk about is fodo
goiga: i am boring
RIGHTINTHEKISSA cam down.
juice arrived.
goiga: but i love food i am fat
juice departed
edos arrived.
RIGHTINTHEKISSA departed
guest-93578 arrived.
guest-93578:92532 Changed nick to: RIGHTINTHEKISSA
RIGHTINTHEKISSA is cam up
goiga: my dick gets hard ty god
RIGHTINTHEKISSA: for me it depends really
goiga: unlucky kissa
RIGHTINTHEKISSA: if the girls is not very hot to my taste mmmmmeh
RIGHTINTHEKISSA departed
RIGHTINTHEKISSA cam down.
chromehearted: i love food too giga
chromehearted: its a diff type of tobacco
chromehearted: not cig tobacco
chromehearted: that they use for joints in netherlands
easya arrived.
easya departed
guest-93597 arrived.
guest-93601 arrived.
guest-93597 departed
guest-93601 departed
Momus: Chrome cam up and argue with me
chromehearted: nooo loll
chromehearted: what do u wanna argue. about lmfao
Momus: Fashion
chromehearted: ok sure lol
Momus: so you can win an argument for once
chromehearted: LMFFAOO
caleb departed
caleb cam down.
Momus: XD
chromehearted: lets argue whether ur glasses are /fa or not
caleb arrived.
goiga: i think momus glasses look really cool
chromehearted: tbh i fw them
Momus cam down.
goiga: lol
caleb departed
Momus is cam up
caleb arrived.
caleb is cam up
ChanServ: closed caleb
caleb cam down.
ChanServ: caleb is being abused by mods
ChanServ kicked caleb
caleb departed
goiga: damn momus it looks nice out
chromehearted: i need to work but my boss hasnt repliedd to give me the passwordd
chromehearted: to the typeform
Automation: stop bullying caleb
Automation: lol
GoBackToPaki9K: !holden caleb
ChanServ: caleb's torment has ended
fantashy arrived.
lol arrived.
lol is cam up
goiga: extreme cheapskates
chromehearted: lol that video wutang
goiga: good show wutang
goiga: lol
chromehearted: how do these people livee
edos departed
Momus cam down.
fantashy departed
Momus is cam up
goiga: wutang u should yhoutube
goiga: extreme cheapskates
goiga: theres many more
goiga: like that
wutang: lol
chromehearted: i like strangesrt addiction
easya arrived.
goiga: extreme cheapskates is by tlc
goiga: from 90 day fiance creators
goiga: so its good
easya departed
goiga: not afraid to admit i watched these
chromehearted: 90 dday. ffiance is also funny
goiga: i am easily entertained
wutang: he uses newspaper for toilet paper
wutang: lol
goiga: that is not even the worst one, wutang
goiga: im going to link u the worst one
goiga: fodo here brb
guest departed
guest arrived.
lol: meklins arms from the side
lol: is fucked
lol: they so skinny
wutang: wtf she drinkin gasoline
chromehearted: strangest addiction?
chromehearted: theres also someone who eats cat hair
chromehearted: and matresses
chromehearted: U CCAN HAVE WATER ULIKE
wutang: ew
Momus: Trading spouses
wutang: yea chrome
chromehearted: havent heard this song in 7 years maybbe
wutang: me2
chromehearted: nnedd yo body
easya arrived.
wutang: im feeling the vibes
chromehearted: throwback
day arrived.
chromehearted: show fauxhawk
chromehearted: :(
easya departed
chromehearted: do it lol
wutang: giga still waiting for the link
day departed
FBI_Is_Me arrived.
goiga: sorry got my fodo lol
FBI_Is_Me departed
goiga: watch this one
goiga: watch it all
FrodoDabbins arrived.
guest-93502 departed
guest-93502 cam down.
FrodoDabbins departed
tism_the_hedgehog departed
wutang: brb lag
wutang departed
wutang cam down.
HACKER arrived.
guest-93693 arrived.
guest-93694 arrived.
guest-93693 departed
guest-93694 departed
HACKER is cam up
chromehearted: she lick me like a lolipop
guest-93699 arrived.
guest-93699 departed
HACKER departed
HACKER cam down.
HACKER arrived.
HACKER is cam up
RegisteredFelon arrived.
Automation cam down.
RegisteredFelon departed
gary arrived.
gary departed
chromehearted: !niggerr 
HACKER: !nick truuce
chromehearted: !nigger 
chromehearted: no
GoBackToPaki9K: !nigger 
SODTAOE arrived.
chromehearted: will it ask the other questins too?
chromehearted: like the miles per hour one lol
GoBackToPaki9K: NOT ANYMORE
chromehearted: damn
GoBackToPaki9K: because its waiting for someone to type yes
GoBackToPaki9K: but i barely understand what its doing
GoBackToPaki9K: i havnmt worked on it since the day i made that change
Momus cam down.
Momus is cam up
SODTAOE departed
chromehearted is cam up
phronesis arrived.
chromehearted: oh okk
guest departed
goiga: damnt he syrian food i just had was pretty bad
goiga: cant wait for saris mom to invite me over again
chromehearted: why :(
goiga: it was just like
chromehearted: yeah itllnever be. like how a mum makes it
goiga: bad idk like bad quality turkish food
chromehearted: oh ok
chromehearted: weird
HACKER: ;(
wutang arrived.
whydowe arrived.
HACKER: Idk what that chain is
phronesis departed
HACKER: I go to crumbl
TheALaMenthe arrived.
wutang is cam up
chromehearted: idk crumbl
chromehearted: Famous Amos is worldwide
whydowe: chrome get in the new room and change out of that sweaty sports bra
HACKER: It's a newer chain
whydowe: in that order
TheALaMenthe: sugar should be taxxed
lol cam down.
whydowe departed
TheALaMenthe: there is no valid reasoning for the amount of sugar in certain products
HACKER: I agree
TheALaMenthe: just for the addiction capabilities of it
HACKER: But government shouldn't have a say
TheALaMenthe: they shoudl ahve a say because its killing people
TheALaMenthe: there are people who only drink soda
TheALaMenthe: for their water intake
HACKER: Yes FDA very corrupt
chromehearted: yes :/
HACKER: Not kill but make money via insulin
TheALaMenthe: I bought oat milk creamer and its 4g of sugar per tablespoon lmfao
HACKER: Yea it's big pharma tactic
HACKER: I need coffee brb
TheALaMenthe: why does oatmilk need sugar
chromehearted: wow 4g of sugar in creamer???
chromehearted: it doesnt!
TheALaMenthe: yeah its insane
TheALaMenthe: per tablespoon
wutang: how u liking ur new job
chromehearted: our oatmilk in france tastes like shit
chromehearted: because no sugar
TheALaMenthe: it should taste like shit
chromehearted: yeah lol
goiga: my dad will literally put 4 spoons of sugar in his tea or coffee
chromehearted: i like my job wutang
chromehearted: its chill
lol departed
wutang: nice
goiga: its so bad
TheALaMenthe: yeah people are addicted to sugar
goiga: i always tell him
goiga: but he wont stop
guest arrived.
goiga: :()
TheALaMenthe: i psyoped myself to hate anything sweet
guest is cam up
chromehearted: thats good
chromehearted: birdieee
TheALaMenthe: read hundreds of articles discussing the negative evffects of sugar intake
guest: What about the thousands of articles saying otherwise
guest: 90% of my diet is soy, sugar and the rest is additive-laden garbage
guest cam down.
HACKER cam down.
fantashy arrived.
wutang: try business proposal on netflix
wutang: its so cute
HACKER departed
chromehearted: idk if i ave all tatamerican netflichas
gollum arrived.
guest is cam up
goiga: i sent a voicenote to sari on snap saying ill fuck his moms pussy and he opened it while with friends
chromehearted: looollllll
goiga: lol
guest: Why yes I'm Jewish how did you guess
wutang: i thought nigra was that bird guy
wutang: u remember him?
chromehearted: yes
chromehearted: that bird guy
guest: PS?
goiga: 241?
goiga: LMAO
chromehearted: 241
guest: 241 fuck me
wutang: yeaaa lol
goiga: hahahhaha
guest: That guy was so pathetic
chromehearted: looll
guest: >talks to sari on Snapchat
guest: All that guy does is gossip like a woman
goiga: i ordred syrian food
goiga: and it was the worst
goiga: so i showed him
goiga: look lol
gollum is cam up
goiga: itw as like piza
goiga: pizza
goiga: like westernized syrian food
guest: What was it lol? Uranium depleted sand from Aleppo?
guest: Fucking retard
goiga: sec i show
goiga departed
roonscape arrived.
roonscape is cam up
chromehearted: lol nigra
roonscape departed
roonscape cam down.
chromehearted: show birb
roonscape arrived.
chromehearted: close up
roonscape is cam up
chromehearted: wow amazing
guest: It just shat in my mouth
roonscape cam down.
roonscape departed
roonscape arrived.
guest-93825 arrived.
roonscape is cam up
guest: Syrian And Lebanese food is so dry
gollum: lol
guest-93825: CHROMEHEARTED GET OUT OF THAT SWEATY SPORTS BRA AND INTO THE OTHER ROOM
Je5uis_Muted arrived.
gollum: still looks good
chromehearted: no truuce
guest: Wtf is that
roonscape departed
roonscape cam down.
guest-93828 arrived.
guest-93829 arrived.
guest: Literally eeveryone leaves when they see you there tuuce
goiga arrived.
goiga: idk man
chromehearted: ^guest
guest: I unironically instinctively leave when I see you on cam
guest-93825: NO ONE'S HERE
gollum: looks like manakish
guest-93829 departed
guest: There's more people here than there
guest-93828 is cam up
guest-93825: IDK ABOUT THEM
goiga: what tha
guest-93825: I NEED YOU
Wittmann banned guest-93828
guest-93828 departed
guest-93828 cam down.
guest-93825: AND YOUR SWEATY SPORTS BRA
guest: Wittman jealous
chromehearted: not sweaty
chromehearted: but yes i need to soweer
guest-93825: it is sweaty
guest: Nigra ?
goiga: https://puu.sh/IXb1z/5632bf3e13.png
guest-93825: no don't
guest: That's truuce lol
wutang: lol
goiga: https://puu.sh/IXb1z/5632bf3e13.png
goiga: LFMAO
guest-93825: I like you hot and sweaty and dirty
guest: Lol giga
goiga: hhahahaha
guest: What a fag
chromehearted: yew
goiga: it was so good
goiga: hahahah
wutang: ortho hows the room rn
chromehearted: im so hungryyy
goiga: fuck man
wutang: im hungry too
guest: I was obviously kidding
guest-93825: why does momus have better drip than chromeheared
Momus: Chrome bounie
guest: Imagine dressing up for cam lol
guest: So cringe
Momus: boujie
goiga: look at plusvats sad ikea living room lol
goiga: fuck that is sad
chromehearted: why. boujiie
gollum: lol nigra
guest: No one, that's my point
gollum: momus why are you dressing up for cam
guest-93825 departed
guest cam down.
Je5uis_Muted departed
guest: Most girls.dont go on cam without makeup
goiga: i do my makeup to cam
guest: Or good lighting
goiga: thats why i am nnot cammed atm
goiga: didnt do my makeup today
chromehearted: lol
guest: I like going on cam in bed with theigjt dimmed
guest: Giga I was specifically referring to stinky
guest: LMFAO
chromehearted cam down.
guest: Owned
guest: Retard
chromehearted: looll
goiga: wtf ? i am ownned
gollum: they are no longer dating nigra
gollum: you can have her
guest is cam up
guest: I don't find Asians attractive
girthking arrived.
guest: I'm probably the only person who didn't hit on stinky
goiga: i gotta get back to work
girthking departed
gollum: are you like victor baton....yellow insects
guest: No, I just don't find them attractive
guest: Mostly because of boyish figures
guest: Some of them can be cute sometimes
gollum: mb is very slender
gollum: no curves
guest: ?
guest: She has wide hips and big ass
gollum: nice
guest: And she weighs 115lbs, the average gook her size is 90lbs
guest: No hips
gollum: let him cope
guest: Ask boyaka
asleep_at_the_wheel arrived.
guest: He kept staring
guest: I had to tell him off irl
gollum: LOL
guest: Creepy bastard
gollum: i believe this
wutang departed
wutang cam down.
goiga: lmfao
asleep_at_the_wheel departed
whydowe arrived.
guest: I'm srs
goiga: is boyaka awk
gollum: i can see it now
wutang arrived.
gollum: LOL
guest: No
guest: He's normal
wutang is cam up
whydowe departed
goiga: suprising
gollum: he was prob ashamed im so sorry bro i wont do it again pls dont hurt me
guest: Only exodus isn't normal irl
fantashy departed
guest: Victor is normal
fantashy arrived.
guest: Spaft is normal
Momus departed
Momus cam down.
chromehearted: wutang
chromehearted: get tem for me
gollum: how was exo not normal
guest: LOL?
goiga: LOL
goiga: hahahah
guest: Im not telling the story again
gollum: i dont really know exo
goiga: tell the story
guest: I had to fight with him in the mall
wutang: theres 0 in ur size on stockx
gollum: LOL
guest: In Canada
guest: Fuck sake
chromehearted: ;;;((((
gollum: bs
mutedish_mystic arrived.
guest: Well I had to push the retard against the mall wall
gollum: why?
gollum: lol
guest: Long story
guest: But was funny
godfinders arrived.
goiga: peole who dont rest their head when they watch tv are psychopaths
chromehearted: exo is the guy obsessed with indian girls right?
guest: Yes
chromehearted: loll
guest: I made the mistake of visiting him with my then gf
guest: In Canada
godfinders: nigra congratulations are in order i hear
guest: Square one mall in his town of Mississauga
guest: Was fun though
chromehearted: what didhe do
chromehearted: toher?
goiga: didnt dylan meeet exo too?
goiga: lol
guest: He pretend to slip to try and touch her ass
guest: No he didn't
chromehearted: LOL
guest: And he kept staring at Indian women
guest cam down.
guest: At the mall
chromehearted: omg im dead
guest: Like psycho
guest: He also sneezed into my Thai food
guest: At the food court
chromehearted: gross
godfinders departed
goiga: looool
chromehearted: i wouldve. puked
guest: I still ate it
chromehearted: >.<
goiga: zzz
gollum: lmao
guest: I was hungry and it was expensive sigh..
guest: Swear to God I ate it
gollum: what is wrong with him
gollum: this is a lot for one outing
goiga: oda he is very mentally ill
guest: You should meet him
goiga: havent us seen him on cam?
gollum: no
guest: Oda that's nothing
guest: Much more happened
chromehearted: oda es insane
gollum: i cant remember him at all
guest: And bare in mind I only met him for an hour
chromehearted: he would pm me millions of messagesd
guest: He also has just had a stalking case
chromehearted: about ow i need to be withhim
goiga: i cant think of anymore more insane than exo tbh
gollum: LOL theres more??
gollum: LOL sounds like truuce
chromehearted: bbecause im indian and i need to marry. a white man
guest: Abd he would show me some court docket saying "she tried to ruin my life, but I won... She only got a restraining order"
chromehearted: to purify iddk
goiga: lol meklin
guest: Was some Muslim woman name
chromehearted: somethiing along those lines
guest: So obviously brown
goiga: exodus i think
guest: I couldn't stop laughing
gollum: show pic of exo
guest: Exodus is above smaejeff tier
guest: Samejeff
gollum: does he still come here
goiga: havent seen him in ages
chromehearted: not for a long time i think?
mutedish_mystic is cam up
guest: He doesn't come back anymore
guest: After that Indian Sikh in Canada called his sister
guest: The based funny Sikh
guest: What's his name
gollum: i think ik who you are talking about
guest: Telling his sister that he was still being a weird creep here
guest: And then told her he will kill him if he keeps aharassijg women lol
guest: His sister is sexy as fuck
goiga: dude this is the best picture of exodus https://puu.sh/IXb1z/5632bf3e13.png
guest: Lol
chromehearted: the sikh with the nife
chromehearted: big machete thing
guest: Idk
goiga: i hope he returns
goiga: exodus
guest: He will obsess over chrome
chromehearted: lol giga
chromehearted: yes hehas already
guest-93899 arrived.
guest-93899:94332 Changed nick to: RIGHTINTHEKISSA
chromehearted: he used to
RIGHTINTHEKISSA departed
guest-93903 arrived.
guest-93903:94350 Changed nick to: RIGHTINTHEKISSA
guest: Oh one sexlc he made a video about me
guest: Sec
guest: When I didn't add him on snap
wwk arrived.
guest: Its funny as fuck
goiga: LOL
guest: I think I sent it to youcgiga
goiga: yes u did
guest: I don't have it anymore
guest: Probably saved in our convos
guest: On snap
Automation is cam up
goiga: i foudn 1
mutedish_mystic departed
mutedish_mystic cam down.
mutedish_mystic arrived.
guest: Can you somehow upload it lol
mutedish_mystic is cam up
edos arrived.
rudename arrived.
edos departed
guest departed
edos arrived.
GoBackToPaki9K departed
GoBackToPaki9K cam down.
goiga: iuts one he sent to dylan
GoBackToPaki9K arrived.
rudename: holy fuck
rudename: so many funny memes
GoBackToPaki9K departed
GoBackToPaki9K arrived.
rudename: on our chat
rudename: LMFAO
goiga: lol i know
goiga: wait ill upload the one
goiga: where he is gaming
edos departed
rudename: fuck he used to send me so many funny ones
GoBackToPaki9K departed
GoBackToPaki9K arrived.
rudename: but he would message me every 10 minss
RIGHTINTHEKISSA: God i'm so fucking bored
rudename: o i had to block him
rudename: 2-3 years ago
RIGHTINTHEKISSA: Don't want to work
GoBackToPaki9K is cam up
gollum: wish i had job
goiga: fuck u have to unblock him
goiga: its uploading
rudename: no lol
microwave arrived.
rudename:94393 Changed nick to: putting_pussy_on_a_pedestal
RIGHTINTHEKISSA: Oda why don't you get another job you're a good wagie
guest-93921 arrived.
goiga: https://i.imgur.com/ydhHDmr.mp4
goiga: here is an exodus original
putting_pussy_on_a_pedestal: i sent you one
putting_pussy_on_a_pedestal: with his face
nacho departed
nacho cam down.
RIGHTINTHEKISSA is cam up
putting_pussy_on_a_pedestal: LMFAO
guest-93921 departed
putting_pussy_on_a_pedestal: thyat character looks more like him than me
putting_pussy_on_a_pedestal: weird bastard
goiga: he is so funny
RIGHTINTHEKISSA: wait who did that
goiga: that is exodus
putting_pussy_on_a_pedestal: if tort was still around he had thousands of hours of him lol
RIGHTINTHEKISSA: FUCK
RIGHTINTHEKISSA: 7pm...
goiga: i pray exodusx returns to chhat
putting_pussy_on_a_pedestal: https://www.youtube.com/watch?v=cZWRqZNBqX4
putting_pussy_on_a_pedestal: this guy kissa
goiga: https://i.imgur.com/RFABhNO.mp4
putting_pussy_on_a_pedestal: hes not memeing btw
putting_pussy_on_a_pedestal: https://www.youtube.com/watch?v=cZWRqZNBqX4
RIGHTINTHEKISSA: oh I see lmao
chromehearted: abdul hamza albanian betazoid
putting_pussy_on_a_pedestal: looool
chromehearted: lol
putting_pussy_on_a_pedestal: this video used to be number 1 on reddit
putting_pussy_on_a_pedestal: got 40k views in1 day
putting_pussy_on_a_pedestal: then tort had to delete
chromehearted: LMFAFO
putting_pussy_on_a_pedestal: i can still find the thread
goiga: hahahhaa
guest arrived.
RIGHTINTHEKISSA: god the weather is so nice
putting_pussy_on_a_pedestal: https://www.reddit.com/r/cringe/comments/19a28e/i_need_a_girlfriend_i_need_a_girlfriend/
RIGHTINTHEKISSA: yet I'm bored
gollum: omfg
putting_pussy_on_a_pedestal: sigh... so funny
guest: Smoking crack wanna play cam2cam
gollum: exo is so insane
mutedish_mystic departed
mutedish_mystic cam down.
putting_pussy_on_a_pedestal: i was stirring shit in the comments too lol
putting_pussy_on_a_pedestal: >9 years ago
liquid arrived.
putting_pussy_on_a_pedestal: PHEW
chromehearted: omg whyis he yelling so much
guest departed
goiga: he is very excited
liquid is cam up
goiga: i can undestand he is yelling
gollum: cos he needs arab tits
chromehearted: IINEEEDDAGIIRRRLLFRIENDDDd
goiga: why did u decide to meet him nigra lol
goiga: god
gollum: yeah nigra
putting_pussy_on_a_pedestal: https://www.reddit.com/r/cringe/comments/19a28e/i_need_a_girlfriend_i_need_a_girlfriend/c8ma3dx/
putting_pussy_on_a_pedestal: DAMN I GOT SO many upboots
goiga: im gonna read this
easya arrived.
RIGHTINTHEKISSA: yo sick LED's
easya departed
goiga: the guy that uploaded that also uploaded this
putting_pussy_on_a_pedestal: https://www.reddit.com/r/cringe/comments/19a28e/i_need_a_girlfriend_i_need_a_girlfriend/c8mboaj/?context=3  lol
goiga: The result of cumming on the same spot of the carpet for a year [NSFW] [NSFL]
Automation banned GoBackToPaki9K
GoBackToPaki9K departed
GoBackToPaki9K cam down.
Automation banned truuce
You have been banned from the room.
