[11:33:47:PM] Logged in as: trap
[11:33:48:PM] Client joined the room: BOTNAME:572745
[11:33:48:PM] Joins: Tenebris:572689:theanimal
[11:33:48:PM] Joins: Dimo2019:572559:dimoman
[11:33:48:PM] Joins: caf:571888:hitier
[11:33:48:PM] Joins: MeKLiN:571620:meklin
[11:33:48:PM] Joins: LoveU2Jodi:570775:ouebjjlub
[11:33:48:PM] Joins: BIG_DOINK_SWEDISH:570734:kitten
[11:33:48:PM] Joins: Strasserismus_sonnerad:570561:calebmcnamara
[11:33:48:PM] Joins: guest-297872:570515:thatbass2
[11:33:48:PM] Joins moderator: M_uchLove:570648:wretchedegen
[11:33:48:PM] Joins: gap:572100:gappy
[11:33:48:PM] Joins: Langley:570330:gonewildrep
[11:33:48:PM] Joins: sleepier_joe:567038:bongdemon420
[11:33:48:PM] Joins: sadman2000:566346:alcoholex
[11:33:48:PM] Joins: yrrah:565973:thebeach
[11:33:48:PM] Joins: sweet1993:561312:smurfcookie1993
[11:33:48:PM] Joins moderator: PEWPEW:559013:staff
[11:33:48:PM] Joins moderator: DEGENERACY:556335:degeneracy
[11:33:48:PM] Joins: angorarabbit:556310:angora
[11:33:48:PM] Joins: yugioh:552340:ilovemeth
[11:33:48:PM] Joins: smiggles:557607:smiggles
[11:33:48:PM] Joins: jedi:562520:adultvideogames
[11:33:48:PM] Joins moderator: HIITSNICK1:448591:hiitsnick1
[11:33:48:PM] jedi:562520 is broadcasting.
[11:33:48:PM] caf:571888 is broadcasting.
[11:33:48:PM] MeKLiN:571620 is broadcasting.
[11:33:48:PM] LoveU2Jodi:570775 is broadcasting.
[11:33:48:PM] M_uchLove:570648 is broadcasting.
[11:33:48:PM] sleepier_joe:567038 is broadcasting.
[11:33:48:PM] Dimo2019:572559 is broadcasting.
[11:33:48:PM] Strasserismus_sonnerad:570561 is broadcasting.
[11:33:48:PM] PEWPEW:559013 is broadcasting.
[11:33:48:PM] smiggles:557607 is broadcasting.
[11:33:48:PM] yugioh:552340 is broadcasting.
[11:33:48:PM] DEGENERACY:556335 is broadcasting.
[11:38:42:PM] Logged in as: trap
[11:38:43:PM] Client joined the room: Jura:572982
[11:38:43:PM] Joins: Tenebris:572689:theanimal
[11:38:43:PM] Joins: Dimo2019:572559:dimoman
[11:38:43:PM] Joins: caf:571888:hitier
[11:38:43:PM] Joins: MeKLiN:571620:meklin
[11:38:43:PM] Joins: LoveU2Jodi:570775:ouebjjlub
[11:38:43:PM] Joins: BIG_DOINK_SWEDISH:570734:kitten
[11:38:43:PM] Joins: Strasserismus_sonnerad:570561:calebmcnamara
[11:38:43:PM] Joins: guest-297872:570515:thatbass2
[11:38:43:PM] Joins moderator: M_uchLove:570648:wretchedegen
[11:38:43:PM] Joins: gap:572100:gappy
[11:38:43:PM] Joins: Langley:570330:gonewildrep
[11:38:43:PM] Joins: sleepier_joe:567038:bongdemon420
[11:38:43:PM] Joins: yrrah:565973:thebeach
[11:38:43:PM] Joins: sweet1993:561312:smurfcookie1993
[11:38:43:PM] Joins moderator: PEWPEW:559013:staff
[11:38:43:PM] Joins moderator: DEGENERACY:556335:degeneracy
[11:38:43:PM] Joins: big_guitar:572771:stonegaze
[11:38:43:PM] Joins: angorarabbit:556310:angora
[11:38:43:PM] Joins: yugioh:552340:ilovemeth
[11:38:43:PM] Joins: smiggles:557607:smiggles
[11:38:43:PM] Joins: jedi:562520:adultvideogames
[11:38:43:PM] Joins moderator: HIITSNICK1:448591:hiitsnick1
[11:38:43:PM] jedi:562520 is broadcasting.
[11:38:43:PM] MeKLiN:571620 is broadcasting.
[11:38:43:PM] LoveU2Jodi:570775 is broadcasting.
[11:38:43:PM] M_uchLove:570648 is broadcasting.
[11:38:43:PM] sleepier_joe:567038 is broadcasting.
[11:38:43:PM] Dimo2019:572559 is broadcasting.
[11:38:43:PM] Strasserismus_sonnerad:570561 is broadcasting.
[11:38:43:PM] PEWPEW:559013 is broadcasting.
[11:38:43:PM] smiggles:557607 is broadcasting.
[11:38:43:PM] yugioh:552340 is broadcasting.
[11:38:43:PM] DEGENERACY:556335 is broadcasting.
[11:38:53:PM] Dimo2019: almost max cams an no talking
[11:38:57:PM] Dimo2019: is chatting dead?
[11:39:00:PM] big_guitar: https://i.gyazo.com/b26654d8bfb0d4fc9809f944d2a7c0d7.png
[11:39:02:PM] big_guitar: Yes
[11:43:04:PM] Logged in as: trap
[11:43:05:PM] Client joined the room: Jura:573205
[11:43:05:PM] Joins: Advantageous_M:573166:advan
[11:43:05:PM] Joins: momus:573109:momus
[11:43:05:PM] Joins: Tenebris:572689:theanimal
[11:43:05:PM] Joins: Dimo2019:572559:dimoman
[11:43:05:PM] Joins: caf:571888:hitier
[11:43:05:PM] Joins: MeKLiN:571620:meklin
[11:43:05:PM] Joins: Tired:573194:porterpotty
[11:43:05:PM] Joins: LoveU2Jodi:570775:ouebjjlub
[11:43:05:PM] Joins: BIG_DOINK_SWEDISH:570734:kitten
[11:43:05:PM] Joins: Strasserismus_sonnerad:570561:calebmcnamara
[11:43:05:PM] Joins: guest-297872:570515:thatbass2
[11:43:05:PM] Joins moderator: M_uchLove:570648:wretchedegen
[11:43:05:PM] Joins: gap:572100:gappy
[11:43:05:PM] Joins: sleepier_joe:567038:bongdemon420
[11:43:05:PM] Joins: Kizzume:573053:kizzume
[11:43:05:PM] Joins: yrrah:565973:thebeach
[11:43:05:PM] Joins: sweet1993:561312:smurfcookie1993
[11:43:05:PM] Joins moderator: PEWPEW:559013:staff
[11:43:05:PM] Joins moderator: DEGENERACY:556335:degeneracy
[11:43:05:PM] Joins: big_guitar:572771:stonegaze
[11:43:05:PM] Joins: angorarabbit:556310:angora
[11:43:05:PM] Joins: yugioh:552340:ilovemeth
[11:43:05:PM] Joins: smiggles:557607:smiggles
[11:43:05:PM] Joins: jedi:562520:adultvideogames
[11:43:05:PM] Joins moderator: HIITSNICK1:448591:hiitsnick1
[11:43:05:PM] MeKLiN:571620 is broadcasting.
[11:43:05:PM] jedi:562520 is broadcasting.
[11:43:05:PM] Kizzume:573053 is broadcasting.
[11:43:05:PM] LoveU2Jodi:570775 is broadcasting.
[11:43:05:PM] M_uchLove:570648 is broadcasting.
[11:43:05:PM] sleepier_joe:567038 is broadcasting.
[11:43:05:PM] Dimo2019:572559 is broadcasting.
[11:43:05:PM] Strasserismus_sonnerad:570561 is broadcasting.
[11:43:05:PM] PEWPEW:559013 is broadcasting.
[11:43:05:PM] smiggles:557607 is broadcasting.
[11:43:05:PM] yugioh:552340 is broadcasting.
[11:43:05:PM] DEGENERACY:556335 is broadcasting.
[11:43:23:PM] MeKLiN: !tokes 
[11:43:38:PM] MeKLiN: !status 
[11:43:41:PM] momus:573109 Left the room.
[11:48:22:PM] Logged in as: raise
[11:48:23:PM] Client joined the room: Chaos:573453
[11:48:23:PM] Joins: JoachimVonTittentrop:573450:drgoebbels
[11:48:23:PM] Joins: UnderYourBed:573394:eternallydoomed
[11:48:23:PM] Joins: Langley:573342:gonewildrep
[11:48:23:PM] Joins: Advantageous_M:573166:advan
[11:48:23:PM] Joins: Tenebris:572689:theanimal
[11:48:23:PM] Joins: Dimo2019:572559:dimoman
[11:48:23:PM] Joins: caf:571888:hitier
[11:48:23:PM] Joins: MeKLiN:571620:meklin
[11:48:23:PM] Joins: Tired:573194:porterpotty
[11:48:23:PM] Joins: LoveU2Jodi:570775:ouebjjlub
[11:48:23:PM] Joins: BIG_DOINK_SWEDISH:570734:kitten
[11:48:23:PM] Joins: Strasserismus_sonnerad:570561:calebmcnamara
[11:48:23:PM] Joins: guest-297872:570515:thatbass2
[11:48:23:PM] Joins moderator: M_uchLove:570648:wretchedegen
[11:48:23:PM] Joins: momus:573398:momus
[11:48:23:PM] Joins: gap:572100:gappy
[11:48:23:PM] Joins: sleepier_joe:567038:bongdemon420
[11:48:23:PM] Joins: yrrah:565973:thebeach
[11:48:23:PM] Joins: sweet1993:561312:smurfcookie1993
[11:48:23:PM] Joins moderator: PEWPEW:559013:staff
[11:48:23:PM] Joins moderator: DEGENERACY:556335:degeneracy
[11:48:23:PM] Joins: big_guitar:572771:stonegaze
[11:48:23:PM] Joins: angorarabbit:556310:angora
[11:48:23:PM] Joins: yugioh:552340:ilovemeth
[11:48:23:PM] Joins: smiggles:557607:smiggles
[11:48:23:PM] Joins: jedi:562520:adultvideogames
[11:48:23:PM] Joins moderator: HIITSNICK1:448591:hiitsnick1
[11:48:23:PM] MeKLiN:571620 is broadcasting.
[11:48:23:PM] jedi:562520 is broadcasting.
[11:48:23:PM] LoveU2Jodi:570775 is broadcasting.
[11:48:23:PM] Advantageous_M:573166 is broadcasting.
[11:48:23:PM] M_uchLove:570648 is broadcasting.
[11:48:23:PM] sleepier_joe:567038 is broadcasting.
[11:48:23:PM] Dimo2019:572559 is broadcasting.
[11:48:23:PM] Strasserismus_sonnerad:570561 is broadcasting.
[11:48:23:PM] PEWPEW:559013 is broadcasting.
[11:48:23:PM] smiggles:557607 is broadcasting.
[11:48:23:PM] yugioh:552340 is broadcasting.
[11:48:23:PM] DEGENERACY:556335 is broadcasting.
[11:48:26:PM] Strasserismus_sonnerad: he does
[11:48:31:PM] Room Owner GASMAN:573463:irony
[11:48:31:PM] GASMAN:573463 joined the room.
[11:48:37:PM] UnderYourBed: Oh, grab that stick and whip him.
[11:48:37:PM] MeKLiN: !status 
[11:48:40:PM] Strasserismus_sonnerad: hes daffy duck the ninja outa that snes game
[11:48:40:PM] MeKLiN: !tokes 
[11:48:47:PM] Strasserismus_sonnerad: !tokes 1
[11:48:52:PM] UnderYourBed: Oh, give him the ole "Tom and Jerry" approach.
[11:48:54:PM] Tenebris:572689 Left the room.
[11:49:02:PM] MeKLiN: its a different bot
[11:49:17:PM] GASMAN:573463 Left the room.
[11:49:25:PM] JoachimVonTittentrop: botched boner
[11:49:33:PM] 2cold2h0ld:573505 has account: 2cold2h0ld
[11:49:33:PM] 2cold2h0ld:573505 joined the room.
[11:49:37:PM] UnderYourBed: Is Langley gay?
[11:49:39:PM] Rindaman:573510 has account: hikikamori
[11:49:39:PM] Rindaman:573510 joined the room.
[11:49:41:PM] alienized:573509 has account: aliendna
[11:49:41:PM] alienized:573509 joined the room.
[11:49:43:PM] 2cold2h0ld:573505 Left the room.
[11:49:43:PM] alienized:573509 Left the room.
[11:49:44:PM] alienized:573514 has account: aliendna
[11:49:45:PM] alienized:573514 joined the room.
[11:49:46:PM] UnderYourBed: I heard people say he was gay.
[11:49:50:PM] Rindaman:573510 Left the room.
[11:49:52:PM] gap:572100 Left the room.
[11:50:07:PM] UnderYourBed: People were talking about him liking it up the ass...
[11:50:13:PM] MeKLiN: !close LoveU2Jodi
[11:50:24:PM] JoachimVonTittentrop:573450 Left the room.
[11:50:33:PM] alienized:573514 Left the room.
[11:50:37:PM] JoachimVonTittentrop:573544 has account: drgoebbels
[11:50:38:PM] JoachimVonTittentrop:573544 joined the room.
[11:50:42:PM] ToLGa1453:573546 has account: 1940tolga
[11:50:42:PM] ToLGa1453:573546 joined the room.
[11:50:42:PM] UnderYourBed: Is LoveU2Jodi a friend of cherub?
[11:50:43:PM] DEGENERACY: First major boss
[11:50:47:PM] DEGENERACY: Time to get GAPED
[11:50:48:PM] guest-297872:570515 Left the room.
[11:50:49:PM] MeKLiN: ?
[11:50:50:PM] DEGENERACY: For 12+ hours
[11:50:50:PM] ToLGa1453:573546 Left the room.
[11:51:00:PM] UnderYourBed: I'm from Hell...
[11:51:19:PM] UnderYourBed: Is big_doink_swedish from Amish?
[11:51:20:PM] mountaincold:573566 has account: joshuastrunk
[11:51:20:PM] mountaincold:573566 joined the room.
[11:51:29:PM] UnderYourBed: Do they smoke big doinks with oinks in Amish?
[11:51:30:PM] mountaincold:573566 Left the room.
[11:51:38:PM] guest:573576 has account: trap
[11:51:38:PM] guest:573576 joined the room.
[11:51:39:PM] guest:573576 Left the room.
[11:51:40:PM] guest:573578 has account: trap
[11:51:40:PM] guest:573578 joined the room.
[11:51:41:PM] guest:573578 Left the room.
[11:51:42:PM] guest:573580 has account: trap
[11:51:42:PM] guest:573580 joined the room.
[11:51:43:PM] guest:573580 Left the room.
[11:51:49:PM] guest:573583 has account: trap
[11:51:49:PM] guest:573583 joined the room.
[11:51:50:PM] guest:573583 Left the room.
[11:52:05:PM] Jura:573596 has account: trap
[11:52:05:PM] Jura:573596 joined the room.
[11:52:05:PM] Jura: SpamFairy is Online!
VIP Status: False
[11:52:05:PM] Chaos banned Chaos
[11:52:05:PM] You have been banned from the room.
[11:54:50:PM] Logged in as: raise
[11:54:51:PM] Captcha required!
[11:54:51:PM] Captcha required! 6Lfg5x4UAAAAADk1zOokp1zPPFD-WtBvpT4HXa0U
