Logged in as: terran
Client joined the room: Railgun_bot:24020
Joins moderator: ChanServ:raise
Joins: 1:faceheightframe5
Joins: Legend:acidophilus
tism_the_hedgehog:tism
tism_the_hedgehog arrived.
tism_the_hedgehog departed
Kellogg:sickaf
Kellogg arrived.
Kellogg departed
MeKLiN:meklin
MeKLiN arrived.
MeKLiN departed
MeKLiN:meklin
MeKLiN arrived.
MeKLiN departed
mrfivepoppn302 arrived.
mrfivepoppn302 departed
mrfivepoppn302 arrived.
mrfivepoppn302 departed
Cwazey:blazzzzey
Cwazey arrived.
Cwazey departed
angora:angora
angora arrived.
angora departed
Slitty_Muted:porterpotty
Slitty_Muted arrived.
Slitty_Muted departed
MeKLiN:meklin
MeKLiN arrived.
MeKLiN departed
MeKLiN:meklin
MeKLiN arrived.
Slitty_Muted:porterpotty
Slitty_Muted arrived.
Slitty_Muted departed
erdingerab arrived.
erdingerab departed
muted arrived.
muted departed
erdingerab arrived.
erdingerab departed
robbothedoggo arrived.
robbothedoggo departed
erdingerab arrived.
erdingerab departed
MeKLiN is cam up
MeKLiN departed
MeKLiN cam down.
MeKLiN:meklin
MeKLiN arrived.
MeKLiN is cam up
MeKLiN departed
MeKLiN cam down.
MeKLiN:meklin
MeKLiN arrived.
MeKLiN departed
MeKLiN:meklin
MeKLiN arrived.
MeKLiN departed
MeKLiN:meklin
MeKLiN arrived.
MeKLiN is cam up
MeKLiN cam down.
MeKLiN is cam up
MeKLiN cam down.
MeKLiN is cam up
MeKLiN cam down.
MeKLiN is cam up
MeKLiN cam down.
MeKLiN is cam up
MeKLiN cam down.
MeKLiN is cam up
MeKLiN cam down.
MeKLiN is cam up
MeKLiN departed
MeKLiN cam down.
MeKLiN:meklin
MeKLiN arrived.
MeKLiN is cam up
MeKLiN cam down.
MeKLiN is cam up
MeKLiN departed
MeKLiN cam down.
MeKLiN:meklin
MeKLiN arrived.
MeKLiN is cam up
Cuck arrived.
MeKLiN: gotta go to court
Cuck departed
Cuck arrived.
Cuck is cam up
mrfivepoppn302 arrived.
mrfivepoppn302 departed
no_guest arrived.
no_guest departed
yrrah:thebeach
yrrah arrived.
yrrah departed
goiga_work arrived.
goiga_work departed
Cuck cam down.
erdingerab arrived.
erdingerab departed
MeKLiN departed
MeKLiN cam down.
Artnmotion86 arrived.
edoZ:edos9
edoZ arrived.
edoZ departed
Artnmotion86 departed
Artnmotion86 arrived.
Artnmotion86 departed
Actual_Person:rightinthekissa
Actual_Person arrived.
Actual_Person departed
guest-62056 arrived.
guest-62056 is cam up
guest-62056 cam down.
guest-62056 departed
erdingerab arrived.
erdingerab departed
BLAZEY:blazzzzey
BLAZEY arrived.
BLAZEY departed
Herman:staff
Herman arrived.
Herman departed
goiga_work arrived.
goiga_work departed
goiga_work arrived.
goiga_work departed
yrrah:thebeach
yrrah arrived.
yrrah departed
bedchatter arrived.
bedchatter is cam up
bedchatter cam down.
GASMAN:ruin
GASMAN arrived.
GASMAN departed
erdingerab arrived.
bedchatter departed
erdingerab departed
erdingerab arrived.
erdingerab departed
goiga_work arrived.
fudgedup arrived.
goiga_work departed
fudgedup departed
goiga_work arrived.
lady:swagmoneylmao
lady arrived.
lady: wow do you
lady departed
lady:swagmoneylmao
lady arrived.
lady departed
goiga_work departed
carlito arrived.
carlito departed
edoZ:edos9
edoZ arrived.
edoZ departed
PAPLO_PIGGASO:jewdolan9000
PAPLO_PIGGASO arrived.
PAPLO_PIGGASO departed
Cuck departed
guest-62532 arrived.
guest-62532 departed
arkon arrived.
arkon departed
Nig arrived.
Nig departed
guest-62703 arrived.
guest-62703 departed
edoZ:edos9
edoZ arrived.
edoZ departed
guest-62761 arrived.
guest-62761: Heyyy
guest-62761 departed
Cuck arrived.
Cuck departed
guest-62837 arrived.
guest-62837 departed
1 departed
1:faceheightframe5
1 arrived.
guest-62924 arrived.
guest-62924 departed
negativereality:bitch
negativereality arrived.
negativereality departed
MeKLiN:meklin
MeKLiN arrived.
MeKLiN departed
MeKLiN:meklin
MeKLiN arrived.
MeKLiN is cam up
greasycamera:swagmoneylmao
greasycamera arrived.
greasycamera departed
kazam arrived.
kazam departed
guest:oorgle
guest arrived.
MeKLiN departed
MeKLiN cam down.
MeKLiN:meklin
MeKLiN arrived.
MeKLiN departed
MeKLiN:meklin
MeKLiN arrived.
MeKLiN is cam up
day:letmeseesome
day arrived.
day departed
You_Got_aids arrived.
You_Got_aids: ahah pedo gene all alone like he should be
You_Got_aids: left behind rejected
You_Got_aids departed
guest departed
guest:oorgle
guest arrived.
MeKLiN: !acc ban pitiablenessesluminist
ChanServ: pitiablenessesluminist was eliminated
guest is cam up
guest departed
guest cam down.
guest:oorgle
guest arrived.
guest is cam up
kazam arrived.
kazam departed
Nig arrived.
Nig departed
DJSnowCasper arrived.
DJSnowCasper is cam up
DJSnowCasper cam down.
DJSnowCasper departed
guest-63197 arrived.
guest-63197 is cam up
guest-63197 departed
guest-63197 cam down.
muted arrived.
muted is cam up
bedchatter arrived.
bedchatter departed
Hippo arrived.
Hippo departed
Hippo arrived.
Hippo departed
Slitty_Muted:porterpotty
Slitty_Muted arrived.
Slitty_Muted departed
guest-63338 arrived.
guest-63338 departed
guest-63352 arrived.
guest-63352 departed
nuon arrived.
nuon departed
GASMAN:ruin
GASMAN arrived.
GASMAN departed
kazam arrived.
kazam departed
greasycamera:swagmoneylmao
greasycamera arrived.
greasycamera departed
edoZ:edos9
edoZ arrived.
edoZ departed
wutang:jaywalk
wutang arrived.
wutang departed
mrfivepoppn302 arrived.
mrfivepoppn302 departed
guest-63543 arrived.
guest-63543 is cam up
guest-63543 departed
guest-63543 cam down.
guest-63545 arrived.
guest-63545 is cam up
edoZ:edos9
edoZ arrived.
edoZ departed
edoZ:edos9
edoZ arrived.
guest-63545 departed
guest-63545 cam down.
edoZ departed
guest-63598 arrived.
guest-63598 departed
Slitty_Muted:porterpotty
Slitty_Muted arrived.
Slitty_Muted departed
altschwitz arrived.
altschwitz departed
guest-63693 arrived.
guest-63693 departed
edoZ:edos9
edoZ arrived.
edoZ departed
Marcus arrived.
Marcus departed
guest-63802 arrived.
guest-63802 departed
nu arrived.
nu departed
AuntieChrist arrived.
AuntieChrist departed
AuntieChrist arrived.
AuntieChrist departed
Slitty_Muted:porterpotty
Slitty_Muted arrived.
Slitty_Muted departed
mrfivepoppn302 arrived.
mrfivepoppn302 departed
Patricius_Vulpes:baronharkonnen
Patricius_Vulpes arrived.
Patricius_Vulpes departed
Cuck arrived.
day:letmeseesome
day arrived.
day departed
day:letmeseesome
day arrived.
day departed
day:letmeseesome
day arrived.
GASMAN:ruin
GASMAN arrived.
GASMAN departed
day: https://img-9gag-fun.9cache.com/photo/a21xDbw_460svav1.mp4
day: https://img-9gag-fun.9cache.com/photo/a0Zx1Yv_460svav1.mp4
day departed
WEENIE:weenie
WEENIE arrived.
WEENIE departed
guest-64170 arrived.
guest-64170 is cam up
guest-64170: Hello?
guest-64170 departed
guest-64170 cam down.
negativereality:bitch
negativereality arrived.
edoZ:edos9
edoZ arrived.
edoZ departed
negativereality departed
negativereality:bitch
negativereality arrived.
negativereality is cam up
negativereality departed
negativereality cam down.
day:letmeseesome
day arrived.
day departed
spunk4food:spunk4food
spunk4food arrived.
spunk4food departed
day:letmeseesome
day arrived.
day is cam up
erdingerab arrived.
erdingerab departed
day departed
day cam down.
GASMAN arrived.
GASMAN departed
day:letmeseesome
day arrived.
day departed
day:letmeseesome
day arrived.
day is cam up
day departed
day cam down.
edoZ:edos9
edoZ arrived.
edoZ departed
ohdame arrived.
ohdame is cam up
ohdame cam down.
ohdame departed
I_AM_THAT_BITCH arrived.
ChanServ: mikhail was eliminated
ChanServ banned I_AM_THAT_BITCH
I_AM_THAT_BITCH departed
MeKLiN: lol
muted: rekted
guest-64691 arrived.
guest-64691 departed
IIIO_OIII:pathfinder
IIIO_OIII arrived.
IIIO_OIII departed
day:letmeseesome
day arrived.
day departed
erdingerab arrived.
erdingerab departed
King arrived.
King departed
Legend departed
guest-64876 arrived.
guest-64876 departed
IIIO_OIII:pathfinder
IIIO_OIII arrived.
IIIO_OIII departed
Cuck is cam up
Cuck cam down.
Cuck is cam up
SupaStarr arrived.
telonday arrived.
telonday departed
SupaStarr departed
Cuck: OH DID  i wash my hair im' sorry time to die
Cuck: haahhaahaa
Cuck: let them lin eup
Cuck: let them LINE UP
Cuck: B ITCH
Cuck: smells like ganja in here
Cuck: whos smoking
MeKLiN: nigs
Cuck: wait for them to line up
Cuck: i wont
Cuck: CAM UP MICRO
Cuck: CAM UP
Cuck: hang on let me try for a week
erdingerab arrived.
erdingerab departed
Cuck cam down.
Cuck is cam up
Cuck cam down.
Cuck is cam up
N_I_S_M_O:nismopower240
N_I_S_M_O arrived.
N_I_S_M_O departed
soyasauce:soyasauce
soyasauce arrived.
soyasauce departed
Hippo arrived.
Hippo departed
Cuck: https://www.youtube.com/watch?v=tOPyNJig74w
Patricius_Vulpes:baronharkonnen
Patricius_Vulpes arrived.
Patricius_Vulpes departed
You_Got_aids:uremicpuckering
You_Got_aids arrived.
You_Got_aids departed
edoZ:edos9
edoZ arrived.
edoZ departed
Cuck: https://www.youtube.com/watch?v=2EIwkTsD3Go
Cuck cam down.
Advantageous_M:advan
Advantageous_M arrived.
Advantageous_M departed
Yeah:pathfinder
Yeah arrived.
Yeah departed
Cuck is cam up
Cuck: a
Cuck cam down.
Hippo arrived.
Hippo departed
Cuck is cam up
erdingerab arrived.
ilovegangs arrived.
erdingerab departed
ilovegangs departed
Cuck cam down.
Cuck is cam up
Cuck: let me try for a week
Cuck: hang on
Cuck: oh sorry you dont stand a chanc
guest-65402 arrived.
guest-65402 departed
Advantageous_M:advan
Advantageous_M arrived.
jedi:adultvideogames
jedi arrived.
guest-65430 arrived.
guest-65430 departed
Advantageous_M is cam up
Cuck: i would type something here but i cant for fbi reasons
jedi: just threaten to shoot a school you'll be given free riegn to do anyhting up until you carry out the shooting. the trick is to never actually carry out the shooting and the fbi will never ever bother you
Cuck: sup advan
Cuck: we play d2 soon
Cuck: tism only plays from like 5am-8am
jedi is cam up
Cuck: yeah
Cuck: same level we left offf at
Cuck: tism only plays 5am -9am
Cuck: and hes my barb buff
Cuck: soo u know
jedi: everyone is so stupid it actually hurts my feelings. we have the nsa, fbi, cia, all social media is tracked, everyone is tracked nothing is off grid and they still allow people to carry out terrorism
guest-65459 arrived.
Cuck: yeah hes a late sleeper
guest-65459 departed
Cuck: he sleeps lat
jedi: look at advan
Cuck: hangin g out with sljuts
jedi: losing his hair over working hard
Cuck: into the morning
jedi: thinking it makes him better
jedi: money is a fucking larp dude
jedi: just numbers they change on a computer
jedi: you're wasting your fucking life
jedi: i didnt call you a terrorist idiot
jedi: i called you a slave
jedi: i hjave no peers so i am not arrested
jedi: a jury requires an audience of your peers
jedi departed
jedi cam down.
Cuck cam down.
Cuck is cam up
erdingerab arrived.
erdingerab departed
1 departed
tenebris_stop_stalking_sydney arrived.
tenebris_stop_stalking_sydney: the top tier chatters are here
tenebris_stop_stalking_sydney: wassssuuup
tenebris_stop_stalking_sydney:52716 Changed nick to: it_doesnt_get_better
it_doesnt_get_better is cam up
it_doesnt_get_better departed
it_doesnt_get_better cam down.
Euli:eulalia621
Euli arrived.
kazam arrived.
kazam departed
GASMAN arrived.
GASMAN departed
birdman73 arrived.
birdman73 is cam up
birdman73 departed
birdman73 cam down.
guest-65637:alphamale96
guest-65637 arrived.
Advantageous_M departed
Advantageous_M cam down.
guest-65637 is cam up
ChanServ: closed guest-65637
guest-65637 cam down.
ChanServ: guest-65637 is being abused by mods
ChanServ kicked guest-65637
guest-65637 departed
Cuck cam down.
negativereality:bitch
negativereality arrived.
Cuck is cam up
God:godlyneckbeard
God arrived.
God departed
negativereality is cam up
negativereality: morning
Cuck cam down.
Cuck is cam up
Cuck cam down.
soyasauce:soyasauce
soyasauce arrived.
soyasauce departed
Cuck is cam up
Cuck cam down.
Cuck is cam up
Euli departed
Slitty_Muted:porterpotty
Slitty_Muted arrived.
Slitty_Muted departed
Karpax arrived.
Karpax is cam up
Karpax departed
Karpax cam down.
guest-65770 arrived.
damage arrived.
guest-65770 is cam up
chromehearted:chr0mehearted
chromehearted arrived.
ChanServ: damage was eliminated
ChanServ banned damage
damage departed
ChanServ: stonehorse was eliminated
Cuck cam down.
chromehearted departed
admin: closed guest-65770
guest-65770 cam down.
guest-65770 departed
guest-65776 arrived.
guest-65776 departed
Cuck is cam up
ArchieDixon arrived.
ArchieDixon is cam up
Karpax arrived.
Karpax is cam up
muted departed
muted cam down.
ArchieDixon departed
ArchieDixon cam down.
muted arrived.
muted is cam up
Karpax departed
Karpax cam down.
Cuck: like when i try its not even fun anymore
Cuck: lets go one more time
negativereality: cheers
ArchieDixon arrived.
MeKLiN: !k 
ChanServ: Missing username.
MeKLiN: !k guest-
ChanServ: No user named: guest-
MeKLiN: u guys have to use the bot
MeKLiN: !evict 
ChanServ: Call the shot.
negativereality: oh
MeKLiN: just do it thru pm
ArchieDixon is cam up
edoZ:edos9
edoZ arrived.
edoZ departed
ChanServ: archiedixon was eliminated
ChanServ banned ArchieDixon
ArchieDixon departed
ArchieDixon cam down.
AllYouNiggasMySons arrived.
AllYouNiggasMySons departed
MeKLiN: ill make that command public
guest-65800 arrived.
guest-65800 departed
MeKLiN: yeah im typing !acc ban accountma
MeKLiN: i just have o add you to the admin
guest-65805 arrived.
guest-65805 departed
wutang:jaywalk
wutang arrived.
wutang departed
Cuck cam down.
Cuck is cam up
muted cam down.
Cuck: lets count
Cuck: 1 2 3 4
Cuck: till this little bitch counts to 4
negativereality: !ignoreaddlist 
negativereality: !ignorelist 
muted is cam up
negativereality: !ignorelistclear 
Cuck: hang on i made her count to 4 already
negativereality: bbl
Cuck: counts to four again
B arrived.
B departed
Euli:eulalia621
Euli arrived.
Euli departed
FrodoDabbins arrived.
FrodoDabbins departed
MeKLiN departed
MeKLiN cam down.
MeKLiN:meklin
MeKLiN arrived.
MeKLiN departed
MeKLiN:meklin
MeKLiN arrived.
MeKLiN departed
MeKLiN:meklin
MeKLiN arrived.
MeKLiN departed
MeKLiN:meklin
MeKLiN arrived.
MeKLiN is cam up
guest departed
guest cam down.
guest:oorgle
guest arrived.
guest is cam up
guest cam down.
guest is cam up
Cuck cam down.
Pigger arrived.
Pigger departed
Cuck is cam up
Cuck cam down.
Advantageous_M:advan
Advantageous_M arrived.
Advantageous_M departed
it_doesnt_get_better arrived.
it_doesnt_get_better departed
it_doesnt_get_better arrived.
it_doesnt_get_better is cam up
GASMAN arrived.
GASMAN departed
it_doesnt_get_better departed
it_doesnt_get_better cam down.
Cuck is cam up
Cuck cam down.
Cuck is cam up
Cuck cam down.
Cuck departed
Cuck arrived.
Cuck is cam up
Cuck cam down.
Karpax arrived.
Karpax is cam up
Yeah:pathfinder
Yeah arrived.
Karpax departed
Karpax cam down.
Cuck departed
Yeah departed
Advantageous_M:advan
Advantageous_M arrived.
Advantageous_M departed
MeKLiN cam down.
guest cam down.
MeKLiN is cam up
chumle arrived.
chumle is cam up
chumle cam down.
chumle: sup mekkeles
chumle: suppleofoofppofelps
chumle: elk bullfrogs
chumle: hohohohoho
chumle: just like a faerie voy
MeKLiN: hi
guest departed
guest:oorgle
guest arrived.
guest is cam up
chumle is cam up
guest cam down.
guest is cam up
chumle departed
chumle cam down.
guest-66224 arrived.
guest-66224 departed
tism_the_hedgehog:tism
tism_the_hedgehog arrived.
muted departed
muted cam down.
Euli:eulalia621
Euli arrived.
Euli departed
Euli:eulalia621
Euli arrived.
Euli departed
guest-66356 arrived.
guest-66356 is cam up
guest-66356 departed
guest-66356 cam down.
kellogg arrived.
it_doesnt_get_better arrived.
it_doesnt_get_better: 1.0
kellogg departed
it_doesnt_get_better departed
muted arrived.
muted is cam up
guest-66420 arrived.
guest-66420 is cam up
guest-66420 departed
guest-66420 cam down.
guest-66492 arrived.
guest-66492 departed
SHINIGAMI:headmoderator
SHINIGAMI arrived.
SHINIGAMI departed
AQUILA arrived.
AQUILA departed
Euli:eulalia621
Euli arrived.
Euli departed
negativereality departed
negativereality cam down.
it_doesnt_get_better arrived.
Stanford_Graduate:pussyman
Stanford_Graduate arrived.
Stanford_Graduate departed
ArmedSuspect:cheseman
ArmedSuspect arrived.
ArmedSuspect departed
You_Got_aids arrived.
You_Got_aids: ahah mekgene the pedo all alone
You_Got_aids departed
JackMeloff arrived.
JackMeloff is cam up
it_doesnt_get_better is cam up
ChanServ: coateespoplin was eliminated
MeKLiN: hi
JackMeloff departed
JackMeloff cam down.
JackMeloff arrived.
JackMeloff departed
it_doesnt_get_better departed
it_doesnt_get_better cam down.
negativereality:bitch
negativereality arrived.
negativereality is cam up
negativereality departed
negativereality cam down.
Kamekura:tamotsu
Kamekura arrived.
Kamekura departed
Slitty_Muted:porterpotty
Slitty_Muted arrived.
Slitty_Muted departed
Ace arrived.
Ace departed
Dev arrived.
Dev departed
newname arrived.
newname departed
SHINIGAMI:headmoderator
SHINIGAMI arrived.
SHINIGAMI departed
tism_the_hedgehog departed
MeKLiN cam down.
guest cam down.
MeKLiN departed
guest departed
guest:oorgle
guest arrived.
ChanServ departed
guest departed
Logged in as: terran
Client joined the room: Railgun_bot:64075
Joins moderator: ChanServ:raise
Joins: muted:nzmaori
Joins: MeKLiN:meklin
muted is cam up
MeKLiN is cam up
guest:oorgle
guest arrived.
guest departed
guest:oorgle
guest arrived.
guest is cam up
sleeyjoe128845 arrived.
sleeyjoe128845 departed
