Logged in as: terran
Client joined the room: AccountNameGrabberBot:1093011
Joins: FUCK:fuck
Joins: sasha1488:sashafloyd
Joins: normal:normality
Joins moderator: M_uchLove:wretchedegen
Joins: takingTheEntireCommunity:donnyquackers
Joins: esex_haver:memes
Joins moderator: Wittmann:cancers
Joins moderator: ocean_man:bongdemon420
Joins: ANIMOSITY:animosity
Joins: herniation:signalmentspotions
sasha1488 is cam up
FUCK is cam up
M_uchLove is cam up
takingTheEntireCommunity is cam up
esex_haver is cam up
ANIMOSITY is cam up
FUCK: lol neuro
Logged in as: terran
Client joined the room: AccountNameGrabberBot:1093379
Joins: truuce:yellow7
Joins moderator: cslater:gogetan
Joins moderator: LIBERTYLURKER:libertylurker
Joins: FUCK:fuck
Joins: sasha1488:sashafloyd
Joins: th3psychward2:adultvideogames
Joins: normal:normality
Joins moderator: M_uchLove:wretchedegen
Joins: takingTheEntireCommunity:donnyquackers
Joins: sydney:sydneymobile
Joins: esex_haver:memes
Joins moderator: Wittmann:cancers
Joins moderator: ocean_man:bongdemon420
Joins: ANIMOSITY:animosity
Joins: herniation:signalmentspotions
truuce is cam up
cslater is cam up
th3psychward2 is cam up
sydney is cam up
LIBERTYLURKER is cam up
sasha1488 is cam up
FUCK is cam up
M_uchLove is cam up
takingTheEntireCommunity is cam up
esex_haver is cam up
ANIMOSITY is cam up
M_uchLove banned AccountNameGrabberBot
You have been banned from the room.
