Logged in as: terran
Client joined the room: Chaos_bot:261460
Joins: SMIRNOFF_MUTTTED:screenshot
Joins: MeKLiN:meklin
Joins: XOF:adultvideogames
Joins: dbunny:dbunny3
Joins: kellogg:flyhigher
Joins: muted:cheseman
Joins: stopfollowingme888:schizo888
Joins: Degeneracy:degeneracy
Joins: XANAXUSER:xanaxuser
Joins: international_capitalist:memes
Joins: wutang:jaywalk
Joins: germ:justafag
Joins: fatnea:chicoman
Joins room owner: Wittmann:cancers
Joins: jrod_is_a_jealous_queen:jrod
wutang is cam up
dbunny is cam up
kellogg is cam up
muted is cam up
Wittmann is cam up
international_capitalist is cam up
XOF is cam up
MeKLiN is cam up
jrod_is_a_jealous_queen is cam up
fatnea: rn it's playing nigger music
SMIRNOFF_MUTTTED: where is oda
fatnea: im pick heavy metal and hard rock
fatnea: odas prob in relaxmaxerz
fatnea: that's her and gigas room
fatnea: they're in love
SMIRNOFF_MUTTTED: oh
SMIRNOFF_MUTTTED departed
fatnea: Ok i picked NIN, Metallica, and Korn
Maga_owns_all_of_tinychat_and_mo arrived.
Wittmann kicked Maga_owns_all_of_tinychat_and_mo
Maga_owns_all_of_tinychat_and_mo departed
SMIRNOFF_MUTTTED arrived.
SMIRNOFF_MUTTTED: damn
kellogg cam down.
